[2021-12-08 19:30:21.841] [renderer1] [info] Starting extension host with pid 15000.
[2021-12-08 19:30:21.841] [renderer1] [info] [LocalProcessExtensionHost]: IExtensionHostStarter.start() took 12 ms.
[2021-12-08 19:30:22.412] [renderer1] [error] [Extension Host] (node:15000) [DEP0005] DeprecationWarning: Buffer() is deprecated due to security and usability issues. Please use the Buffer.alloc(), Buffer.allocUnsafe(), or Buffer.from() methods instead.
(Use `Code --trace-deprecation ...` to show where the warning was created)
[2021-12-08 19:34:36.521] [renderer1] [info] Starting extension host with pid 2392.
[2021-12-08 19:34:36.808] [renderer1] [info] [LocalProcessExtensionHost]: IExtensionHostStarter.start() took 26 ms.
[2021-12-08 19:34:36.909] [renderer1] [error] [Extension Host] (node:2392) [DEP0005] DeprecationWarning: Buffer() is deprecated due to security and usability issues. Please use the Buffer.alloc(), Buffer.allocUnsafe(), or Buffer.from() methods instead.
(Use `Code --trace-deprecation ...` to show where the warning was created)
[2021-12-08 19:35:35.655] [renderer1] [error] Bad progress location: platformio-ide.projectTasks: Error: Bad progress location: platformio-ide.projectTasks
    at s.withProgress (vscode-file://vscode-app/c:/Users/Racarla/Documents/Git/VSCode_Portable/VSCode-win32-x64-1.62.3/resources/app/out/vs/workbench/workbench.desktop.main.js:1734:1049)
    at C.$startProgress (vscode-file://vscode-app/c:/Users/Racarla/Documents/Git/VSCode_Portable/VSCode-win32-x64-1.62.3/resources/app/out/vs/workbench/workbench.desktop.main.js:1518:29160)
    at f._doInvokeHandler (vscode-file://vscode-app/c:/Users/Racarla/Documents/Git/VSCode_Portable/VSCode-win32-x64-1.62.3/resources/app/out/vs/workbench/workbench.desktop.main.js:1525:13095)
    at f._invokeHandler (vscode-file://vscode-app/c:/Users/Racarla/Documents/Git/VSCode_Portable/VSCode-win32-x64-1.62.3/resources/app/out/vs/workbench/workbench.desktop.main.js:1525:12779)
    at f._receiveRequest (vscode-file://vscode-app/c:/Users/Racarla/Documents/Git/VSCode_Portable/VSCode-win32-x64-1.62.3/resources/app/out/vs/workbench/workbench.desktop.main.js:1525:11441)
    at f._receiveOneMessage (vscode-file://vscode-app/c:/Users/Racarla/Documents/Git/VSCode_Portable/VSCode-win32-x64-1.62.3/resources/app/out/vs/workbench/workbench.desktop.main.js:1525:10119)
    at vscode-file://vscode-app/c:/Users/Racarla/Documents/Git/VSCode_Portable/VSCode-win32-x64-1.62.3/resources/app/out/vs/workbench/workbench.desktop.main.js:1525:8215
    at l.fire (vscode-file://vscode-app/c:/Users/Racarla/Documents/Git/VSCode_Portable/VSCode-win32-x64-1.62.3/resources/app/out/vs/workbench/workbench.desktop.main.js:69:1712)
    at o.fire (vscode-file://vscode-app/c:/Users/Racarla/Documents/Git/VSCode_Portable/VSCode-win32-x64-1.62.3/resources/app/out/vs/workbench/workbench.desktop.main.js:85:16680)
    at d._receiveMessage (vscode-file://vscode-app/c:/Users/Racarla/Documents/Git/VSCode_Portable/VSCode-win32-x64-1.62.3/resources/app/out/vs/workbench/workbench.desktop.main.js:85:21950)
    at vscode-file://vscode-app/c:/Users/Racarla/Documents/Git/VSCode_Portable/VSCode-win32-x64-1.62.3/resources/app/out/vs/workbench/workbench.desktop.main.js:85:18828
    at l.fire (vscode-file://vscode-app/c:/Users/Racarla/Documents/Git/VSCode_Portable/VSCode-win32-x64-1.62.3/resources/app/out/vs/workbench/workbench.desktop.main.js:69:1712)
    at m.acceptChunk (vscode-file://vscode-app/c:/Users/Racarla/Documents/Git/VSCode_Portable/VSCode-win32-x64-1.62.3/resources/app/out/vs/workbench/workbench.desktop.main.js:85:14041)
    at vscode-file://vscode-app/c:/Users/Racarla/Documents/Git/VSCode_Portable/VSCode-win32-x64-1.62.3/resources/app/out/vs/workbench/workbench.desktop.main.js:85:13389
    at Socket.k (vscode-file://vscode-app/c:/Users/Racarla/Documents/Git/VSCode_Portable/VSCode-win32-x64-1.62.3/resources/app/out/vs/workbench/workbench.desktop.main.js:2967:47116)
    at Socket.emit (events.js:315:20)
    at addChunk (internal/streams/readable.js:309:12)
    at readableAddChunk (internal/streams/readable.js:284:9)
    at Socket.Readable.push (internal/streams/readable.js:223:10)
    at Pipe.onStreamRead (internal/stream_base_commons.js:188:23)
