Info 2021-12-08 22:57:03: Experimentation service retrieved: [object Object]
User belongs to experiment group 'jupyterTest'
User belongs to experiment group 'jupyterEnhancedDataViewer'
Info 2021-12-08 22:57:03: ZMQ install verified.
Info 2021-12-08 22:57:03: Setting setActiveController for file:///c%3A/Users/Racarla/Documents/Git/VSCode_Portable/Projects/ButterworthFilter/Design/ButterworthFilter.ipynb
Info 2021-12-08 22:57:03: KernelProvider switched kernel to id = .jvsc74a57bd0ecf5722fdaf1897a315d257d89d94520bfcaa453217d5becf09b39e73618b0de.C:\ProgramData\Miniconda3\python.exe.C:\ProgramData\Miniconda3\python.exe.-m#ipykernel_launcher
Info 2021-12-08 22:57:03: Starting Notebook in kernel.ts id = .jvsc74a57bd0ecf5722fdaf1897a315d257d89d94520bfcaa453217d5becf09b39e73618b0de.C:\ProgramData\Miniconda3\python.exe.C:\ProgramData\Miniconda3\python.exe.-m#ipykernel_launcher
Info 2021-12-08 22:57:03: Creating raw notebook for file:///c%3A/Users/Racarla/Documents/Git/VSCode_Portable/Projects/ButterworthFilter/Design/ButterworthFilter.ipynb
Info 2021-12-08 22:57:03: Getting preferred kernel for file:///c%3A/Users/Racarla/Documents/Git/VSCode_Portable/Projects/ButterworthFilter/Design/ButterworthFilter.ipynb
Info 2021-12-08 22:57:03: Computing working directory file:///c%3A/Users/Racarla/Documents/Git/VSCode_Portable/Projects/ButterworthFilter/Design/ButterworthFilter.ipynb
Info 2021-12-08 22:57:03: Experiment status for python is {"enabled":true,"optInto":[],"optOutFrom":[]}
Info 2021-12-08 22:57:03: Connecting to raw session for file:///c%3A/Users/Racarla/Documents/Git/VSCode_Portable/Projects/ButterworthFilter/Design/ButterworthFilter.ipynb with connection {"kind":"startUsingPythonInterpreter","kernelSpec":{"specFile":"C:\\Users\\Racarla\\AppData\\Roaming\\jupyter\\kernels\\python395jvsc74a57bd0ecf5722fdaf1897a315d257d89d94520bfcaa453217d5becf09b39e73618b0de\\kernel.json","interpreterPath":"C:\\ProgramData\\Miniconda3\\python.exe","name":"python395jvsc74a57bd0ecf5722fdaf1897a315d257d89d94520bfcaa453217d5becf09b39e73618b0de","argv":["python","-m","ipykernel_launcher","-f","{connection_file}"],"language":"python","path":"python","display_name":"Python 3.9.5 64-bit ('base': conda)","metadata":{"interpreter":{"sysPrefix":"C:\\ProgramData\\Miniconda3","envType":"Conda","envName":"base","envPath":"C:\\ProgramData\\Miniconda3","path":"C:\\ProgramData\\Miniconda3\\python.exe","architecture":3,"sysVersion":"3.9.5 (default, May 18 2021, 14:42:02) [MSC v.1916 64 bit (AMD64)]","version":{"raw":"3.9.5","major":3,"minor":9,"patch":5,"build":[],"prerelease":["final","0"]},"companyDisplayName":"ContinuumAnalytics","displayName":"Python 3.9.5 64-bit ('base': conda)"}},"env":{}},"interpreter":{"sysPrefix":"C:\\ProgramData\\Miniconda3","envType":"Conda","envName":"base","envPath":"C:\\ProgramData\\Miniconda3","path":"C:\\ProgramData\\Miniconda3\\python.exe","architecture":3,"sysVersion":"3.9.5 (default, May 18 2021, 14:42:02) [MSC v.1916 64 bit (AMD64)]","version":{"raw":"3.9.5","major":3,"minor":9,"patch":5,"build":[],"prerelease":["final","0"]},"companyDisplayName":"ContinuumAnalytics","displayName":"Python 3.9.5 64-bit ('base': conda)"},"id":".jvsc74a57bd0ecf5722fdaf1897a315d257d89d94520bfcaa453217d5becf09b39e73618b0de.C:\\ProgramData\\Miniconda3\\python.exe.C:\\ProgramData\\Miniconda3\\python.exe.-m#ipykernel_launcher"}
Info 2021-12-08 22:57:03: Starting raw kernel Python 3.9.5 64-bit ('base': conda)
Info 2021-12-08 22:57:03: installMissingDependencies C:\ProgramData\Miniconda3\python.exe
Warn 2021-12-08 22:57:04: Unable to create a controller for jupyter-notebook without an active interpreter.
Info 2021-12-08 22:57:04: Find preferred kernel for file:///c%3A/Users/Racarla/Documents/Git/VSCode_Portable/Projects/ButterworthFilter/Design/ButterworthFilter.ipynb with metadata {"kernelspec":{"display_name":"Python 3","language":"python","name":"python3"},"language_info":{"codemirror_mode":{"name":"ipython","version":3},"file_extension":".py","mimetype":"text/x-python","name":"python","nbconvert_exporter":"python","pygments_lexer":"ipython3","version":"3.9.5"}} & preferred interpreter {}
Info 2021-12-08 22:57:04: findPreferredKernel score for speclanguage=python, Python 3.8.9 64-bit (system) is -1
Info 2021-12-08 22:57:04: findPreferredKernel score for Python3, Python 3.8.9 64-bit (system) is 2
Info 2021-12-08 22:57:04: findPreferredKernel score for Python 3.8.9 64-bit (system) is 2
Info 2021-12-08 22:57:04: findPreferredKernel score for speclanguage=python, Python 3.9.3 64-bit is -1
Info 2021-12-08 22:57:04: findPreferredKernel score for Python3, Python 3.9.3 64-bit is 2
Info 2021-12-08 22:57:04: findPreferredKernel score for Python 3.9.3 64-bit is 2
Info 2021-12-08 22:57:04: findPreferredKernel score for speclanguage=python, Python 3.9.5 64-bit ('base': conda) is -1
Info 2021-12-08 22:57:04: findPreferredKernel score for Python3, Python 3.9.5 64-bit ('base': conda) is 2
Info 2021-12-08 22:57:04: findPreferredKernel score for Python 3.9.5 64-bit ('base': conda) is 2
Info 2021-12-08 22:57:04: findKernel found Python 3.8.9 64-bit (system)
Info 2021-12-08 22:57:04: Find kernel spec, Class name = k, completed in 736ms, has a truthy return value, Arg 1: <Uri:c:\Users\Racarla\Documents\Git\VSCode_Portable\Projects\ButterworthFilter\Design\ButterworthFilter.ipynb>, Arg 2: {"kernelspec":{"display_name":"Python 3","language":"python","name":"python3"},"language_info":{"codemirror_mode":{"name":"ipython","version":3},"file_extension":".py","mimetype":"text/x-python","name":"python","nbconvert_exporter":"python","pygments_lexer":"ipython3","version":"3.9.5"}}, Arg 3: {"_isCancelled":false,"_emitter":{"_disposed":false,"_listeners":{"_first":{"next":{},"prev":{}},"_last":{"next":{},"prev":{}},"_size":1}}}, Return Value: {"kind":"startUsingPythonInterpreter","kernelSpec":{"specFile":"C:\\Users\\Racarla\\AppData\\Roaming\\jupyter\\kernels\\python389jvsc74a57bd044fbd7004c3016cd7534cf0f1edc719ec93b2873ebadbff0fa25fc2ae14dd33d\\kernel.json","interpreterPath":"C:\\Program Files\\Inkscape\\bin\\python.exe","name":"python389jvsc74a57bd044fbd7004c3016cd7534cf0f1edc719ec93b2873ebadbff0fa25fc2ae14dd33d","argv":["python","-m","ipykernel_launcher","-f","{connection_file}"],"language":"python","path":"python","display_name":"Python 3.8.9 64-bit (system)","metadata":{"interpreter":{"sysPrefix":"C:\\Program Files\\Inkscape","envType":"System","envName":"","envPath":"","path":"C:\\Program Files\\Inkscape\\bin\\python.exe","architecture":3,"sysVersion":"3.8.9 (default, Apr 13 2021, 15:54:59)  [GCC 10.2.0 64 bit (AMD64)]","version":{"raw":"3.8.9","major":3,"minor":8,"patch":9,"build":[],"prerelease":["final","0"]},"displayName":"Python 3.8.9 64-bit (system)"}},"env":{}},"interpreter":{"sysPrefix":"C:\\Program Files\\Inkscape","envType":"System","envName":"","envPath":"","path":"C:\\Program Files\\Inkscape\\bin\\python.exe","architecture":3,"sysVersion":"3.8.9 (default, Apr 13 2021, 15:54:59)  [GCC 10.2.0 64 bit (AMD64)]","version":{"raw":"3.8.9","major":3,"minor":8,"patch":9,"build":[],"prerelease":["final","0"]},"displayName":"Python 3.8.9 64-bit (system)"},"id":".jvsc74a57bd044fbd7004c3016cd7534cf0f1edc719ec93b2873ebadbff0fa25fc2ae14dd33d.C:\\Program Files\\Inkscape\\bin\\python.exe.C:\\Program Files\\Inkscape\\bin\\python.exe.-m#ipykernel_launcher"}
Info 2021-12-08 22:57:04: PreferredConnection: .jvsc74a57bd044fbd7004c3016cd7534cf0f1edc719ec93b2873ebadbff0fa25fc2ae14dd33d.C:\Program Files\Inkscape\bin\python.exe.C:\Program Files\Inkscape\bin\python.exe.-m#ipykernel_launcher found for NotebookDocument: file:///c%3A/Users/Racarla/Documents/Git/VSCode_Portable/Projects/ButterworthFilter/Design/ButterworthFilter.ipynb
Info 2021-12-08 22:57:04: TargetController found ID: .jvsc74a57bd044fbd7004c3016cd7534cf0f1edc719ec93b2873ebadbff0fa25fc2ae14dd33d.C:\Program Files\Inkscape\bin\python.exe.C:\Program Files\Inkscape\bin\python.exe.-m#ipykernel_launcher for document file:///c%3A/Users/Racarla/Documents/Git/VSCode_Portable/Projects/ButterworthFilter/Design/ButterworthFilter.ipynb
Info 2021-12-08 22:57:04: Setting controller affinity for file:///c%3A/Users/Racarla/Documents/Git/VSCode_Portable/Projects/ButterworthFilter/Design/ButterworthFilter.ipynb .jvsc74a57bd044fbd7004c3016cd7534cf0f1edc719ec93b2873ebadbff0fa25fc2ae14dd33d.C:\Program Files\Inkscape\bin\python.exe.C:\Program Files\Inkscape\bin\python.exe.-m#ipykernel_launcher
Info 2021-12-08 22:57:04: Execute Cells request 7 1, 3, 5, 6, 8, 10, 11
Info 2021-12-08 22:57:04: Execute Cell 1 file:///c%3A/Users/Racarla/Documents/Git/VSCode_Portable/Projects/ButterworthFilter/Design/ButterworthFilter.ipynb
Info 2021-12-08 22:57:04: Execute Cell 3 file:///c%3A/Users/Racarla/Documents/Git/VSCode_Portable/Projects/ButterworthFilter/Design/ButterworthFilter.ipynb
Info 2021-12-08 22:57:04: Execute Cell 5 file:///c%3A/Users/Racarla/Documents/Git/VSCode_Portable/Projects/ButterworthFilter/Design/ButterworthFilter.ipynb
Info 2021-12-08 22:57:04: Execute Cell 6 file:///c%3A/Users/Racarla/Documents/Git/VSCode_Portable/Projects/ButterworthFilter/Design/ButterworthFilter.ipynb
Info 2021-12-08 22:57:04: Execute Cell 8 file:///c%3A/Users/Racarla/Documents/Git/VSCode_Portable/Projects/ButterworthFilter/Design/ButterworthFilter.ipynb
Info 2021-12-08 22:57:04: Execute Cell 10 file:///c%3A/Users/Racarla/Documents/Git/VSCode_Portable/Projects/ButterworthFilter/Design/ButterworthFilter.ipynb
Info 2021-12-08 22:57:04: Execute Cell 11 file:///c%3A/Users/Racarla/Documents/Git/VSCode_Portable/Projects/ButterworthFilter/Design/ButterworthFilter.ipynb
Error 2021-12-08 22:57:05: Failed to get activated conda env variables for base: C:\ProgramData\Miniconda3\python.exe
Info 2021-12-08 22:57:05: Process Execution: > C:\ProgramData\Miniconda3\python.exe -m pip list
> C:\ProgramData\Miniconda3\python.exe -m pip list
Error 2021-12-08 22:57:05: Failed to get activated conda env variables for base: C:\ProgramData\Miniconda3\python.exe
Info 2021-12-08 22:57:05: Process Execution: > C:\ProgramData\Miniconda3\python.exe -c "import ipykernel"
> C:\ProgramData\Miniconda3\python.exe -c "import ipykernel"
Error 2021-12-08 22:57:05: Install Missing Dependencies, Class name = S, completed in 1814ms, has a falsy return value, Return Value: undefined [a [Error]: IPyKernel not installed into interpreter Python 3.9.5 64-bit ('base': conda):C:\ProgramData\Miniconda3\python.exe
	at S.handleKernelDependencyResponse (c:\Users\Racarla\Documents\Git\VSCode_Portable\VSCode-win32-x64-1.62.3\data\extensions\ms-toolsai.jupyter-2021.10.1101450599\out\client\extension.js:66:1226298)
	at S.installMissingDependencies (c:\Users\Racarla\Documents\Git\VSCode_Portable\VSCode-win32-x64-1.62.3\data\extensions\ms-toolsai.jupyter-2021.10.1101450599\out\client\extension.js:66:1225831)
	at processTicksAndRejections (internal/process/task_queues.js:93:5)] {
  category: 'noipykernel',
  reason: 1
}
Error 2021-12-08 22:57:05: Raw session failed to start because dependencies not installed
Info 2021-12-08 22:57:05: Shutdown session -- complete
Error 2021-12-08 22:57:05: failed to create INotebook in kernel, UI Disabled = true [a [Error]: IPyKernel not installed into interpreter Python 3.9.5 64-bit ('base': conda):C:\ProgramData\Miniconda3\python.exe
	at S.handleKernelDependencyResponse (c:\Users\Racarla\Documents\Git\VSCode_Portable\VSCode-win32-x64-1.62.3\data\extensions\ms-toolsai.jupyter-2021.10.1101450599\out\client\extension.js:66:1226298)
	at S.installMissingDependencies (c:\Users\Racarla\Documents\Git\VSCode_Portable\VSCode-win32-x64-1.62.3\data\extensions\ms-toolsai.jupyter-2021.10.1101450599\out\client\extension.js:66:1225831)
	at processTicksAndRejections (internal/process/task_queues.js:93:5)] {
  category: 'noipykernel',
  reason: 1
}
Error 2021-12-08 22:57:05: failed to start INotebook in kernel, UI Disabled = true [a [Error]: IPyKernel not installed into interpreter Python 3.9.5 64-bit ('base': conda):C:\ProgramData\Miniconda3\python.exe
	at S.handleKernelDependencyResponse (c:\Users\Racarla\Documents\Git\VSCode_Portable\VSCode-win32-x64-1.62.3\data\extensions\ms-toolsai.jupyter-2021.10.1101450599\out\client\extension.js:66:1226298)
	at S.installMissingDependencies (c:\Users\Racarla\Documents\Git\VSCode_Portable\VSCode-win32-x64-1.62.3\data\extensions\ms-toolsai.jupyter-2021.10.1101450599\out\client\extension.js:66:1225831)
	at processTicksAndRejections (internal/process/task_queues.js:93:5)] {
  category: 'noipykernel',
  reason: 1
}
Error 2021-12-08 22:57:05: Failed to execute cells in CellExecutionQueue [a [Error]: IPyKernel not installed into interpreter Python 3.9.5 64-bit ('base': conda):C:\ProgramData\Miniconda3\python.exe
	at S.handleKernelDependencyResponse (c:\Users\Racarla\Documents\Git\VSCode_Portable\VSCode-win32-x64-1.62.3\data\extensions\ms-toolsai.jupyter-2021.10.1101450599\out\client\extension.js:66:1226298)
	at S.installMissingDependencies (c:\Users\Racarla\Documents\Git\VSCode_Portable\VSCode-win32-x64-1.62.3\data\extensions\ms-toolsai.jupyter-2021.10.1101450599\out\client\extension.js:66:1225831)
	at processTicksAndRejections (internal/process/task_queues.js:93:5)] {
  category: 'noipykernel',
  reason: 1
}
Info 2021-12-08 22:57:05: Cancel pending cells
Info 2021-12-08 22:57:06: Registering dummy command feature
Error 2021-12-08 22:57:17: Failed to get activated conda env variables for base: C:\ProgramData\Miniconda3\python.exe
Info 2021-12-08 22:57:17: Process Execution: > C:\ProgramData\Miniconda3\python.exe -m pip list
> C:\ProgramData\Miniconda3\python.exe -m pip list
Info 2021-12-08 22:57:18: Execute Cells request 7 1, 3, 5, 6, 8, 10, 11
Info 2021-12-08 22:57:18: Execute Cell 1 file:///c%3A/Users/Racarla/Documents/Git/VSCode_Portable/Projects/ButterworthFilter/Design/ButterworthFilter.ipynb
Info 2021-12-08 22:57:18: Starting Notebook in kernel.ts id = .jvsc74a57bd0ecf5722fdaf1897a315d257d89d94520bfcaa453217d5becf09b39e73618b0de.C:\ProgramData\Miniconda3\python.exe.C:\ProgramData\Miniconda3\python.exe.-m#ipykernel_launcher
Info 2021-12-08 22:57:18: Execute Cell 3 file:///c%3A/Users/Racarla/Documents/Git/VSCode_Portable/Projects/ButterworthFilter/Design/ButterworthFilter.ipynb
Info 2021-12-08 22:57:18: Execute Cell 5 file:///c%3A/Users/Racarla/Documents/Git/VSCode_Portable/Projects/ButterworthFilter/Design/ButterworthFilter.ipynb
Info 2021-12-08 22:57:18: Execute Cell 6 file:///c%3A/Users/Racarla/Documents/Git/VSCode_Portable/Projects/ButterworthFilter/Design/ButterworthFilter.ipynb
Info 2021-12-08 22:57:18: Execute Cell 8 file:///c%3A/Users/Racarla/Documents/Git/VSCode_Portable/Projects/ButterworthFilter/Design/ButterworthFilter.ipynb
Info 2021-12-08 22:57:18: Execute Cell 10 file:///c%3A/Users/Racarla/Documents/Git/VSCode_Portable/Projects/ButterworthFilter/Design/ButterworthFilter.ipynb
Info 2021-12-08 22:57:18: Execute Cell 11 file:///c%3A/Users/Racarla/Documents/Git/VSCode_Portable/Projects/ButterworthFilter/Design/ButterworthFilter.ipynb
Info 2021-12-08 22:57:18: Creating raw notebook for file:///c%3A/Users/Racarla/Documents/Git/VSCode_Portable/Projects/ButterworthFilter/Design/ButterworthFilter.ipynb
Info 2021-12-08 22:57:18: Getting preferred kernel for file:///c%3A/Users/Racarla/Documents/Git/VSCode_Portable/Projects/ButterworthFilter/Design/ButterworthFilter.ipynb
Info 2021-12-08 22:57:18: Computing working directory file:///c%3A/Users/Racarla/Documents/Git/VSCode_Portable/Projects/ButterworthFilter/Design/ButterworthFilter.ipynb
Info 2021-12-08 22:57:18: Connecting to raw session for file:///c%3A/Users/Racarla/Documents/Git/VSCode_Portable/Projects/ButterworthFilter/Design/ButterworthFilter.ipynb with connection {"kind":"startUsingPythonInterpreter","kernelSpec":{"specFile":"C:\\Users\\Racarla\\AppData\\Roaming\\jupyter\\kernels\\python395jvsc74a57bd0ecf5722fdaf1897a315d257d89d94520bfcaa453217d5becf09b39e73618b0de\\kernel.json","interpreterPath":"C:\\ProgramData\\Miniconda3\\python.exe","name":"python395jvsc74a57bd0ecf5722fdaf1897a315d257d89d94520bfcaa453217d5becf09b39e73618b0de","argv":["python","-m","ipykernel_launcher","-f","{connection_file}"],"language":"python","path":"python","display_name":"Python 3.9.5 64-bit ('base': conda)","metadata":{"interpreter":{"sysPrefix":"C:\\ProgramData\\Miniconda3","envType":"Conda","envName":"base","envPath":"C:\\ProgramData\\Miniconda3","path":"C:\\ProgramData\\Miniconda3\\python.exe","architecture":3,"sysVersion":"3.9.5 (default, May 18 2021, 14:42:02) [MSC v.1916 64 bit (AMD64)]","version":{"raw":"3.9.5","major":3,"minor":9,"patch":5,"build":[],"prerelease":["final","0"]},"companyDisplayName":"ContinuumAnalytics","displayName":"Python 3.9.5 64-bit ('base': conda)"}},"env":{}},"interpreter":{"sysPrefix":"C:\\ProgramData\\Miniconda3","envType":"Conda","envName":"base","envPath":"C:\\ProgramData\\Miniconda3","path":"C:\\ProgramData\\Miniconda3\\python.exe","architecture":3,"sysVersion":"3.9.5 (default, May 18 2021, 14:42:02) [MSC v.1916 64 bit (AMD64)]","version":{"raw":"3.9.5","major":3,"minor":9,"patch":5,"build":[],"prerelease":["final","0"]},"companyDisplayName":"ContinuumAnalytics","displayName":"Python 3.9.5 64-bit ('base': conda)"},"id":".jvsc74a57bd0ecf5722fdaf1897a315d257d89d94520bfcaa453217d5becf09b39e73618b0de.C:\\ProgramData\\Miniconda3\\python.exe.C:\\ProgramData\\Miniconda3\\python.exe.-m#ipykernel_launcher"}
Info 2021-12-08 22:57:18: Starting raw kernel Python 3.9.5 64-bit ('base': conda)
Info 2021-12-08 22:57:18: installMissingDependencies C:\ProgramData\Miniconda3\python.exe
Error 2021-12-08 22:57:18: Failed to get activated conda env variables for base: C:\ProgramData\Miniconda3\python.exe
Info 2021-12-08 22:57:18: Process Execution: > C:\ProgramData\Miniconda3\python.exe -c "import ipykernel"
> C:\ProgramData\Miniconda3\python.exe -c "import ipykernel"
Error 2021-12-08 22:57:20: Failed to get activated conda env variables for base: C:\ProgramData\Miniconda3\python.exe
Info 2021-12-08 22:57:20: Process Execution: > C:\ProgramData\Miniconda3\python.exe -m pip list
> C:\ProgramData\Miniconda3\python.exe -m pip list
Error 2021-12-08 22:58:40: Failed to get activated conda env variables for base: C:\ProgramData\Miniconda3\python.exe
Error 2021-12-08 22:58:40: Failed to get activated conda env variables for base: C:\ProgramData\Miniconda3\python.exe
Info 2021-12-08 22:58:40: Process Execution: > C:\ProgramData\Miniconda3\python.exe -m pip list
> C:\ProgramData\Miniconda3\python.exe -m pip list
Info 2021-12-08 22:58:40: Process Execution: > C:\ProgramData\Miniconda3\python.exe -c "import ipykernel"
> C:\ProgramData\Miniconda3\python.exe -c "import ipykernel"
Info 2021-12-08 22:58:40: Install Missing Dependencies, Class name = S, completed in 82136ms, has a falsy return value, Return Value: undefined
Info 2021-12-08 22:58:40: Kernel launching with ports 9000,9001,9002,9003,9004. Start port is 9000
Info 2021-12-08 22:58:40: Launching kernel daemon for Python 3.9.5 64-bit ('base': conda) # C:\ProgramData\Miniconda3\python.exe
Error 2021-12-08 22:58:41: Failed to get activated conda env variables for base: C:\ProgramData\Miniconda3\python.exe
Error 2021-12-08 22:58:41: Failed to get activated conda env variables for base: C:\ProgramData\Miniconda3\python.exe
Info 2021-12-08 22:58:41: Creating daemon process for C:\ProgramData\Miniconda3\python.exe with env variables count 71
Info 2021-12-08 22:58:41: Process Execution: > C:\ProgramData\Miniconda3\python.exe -m vscode_datascience_helpers.daemon --daemon-module=vscode_datascience_helpers.kernel_launcher_daemon -v
> C:\ProgramData\Miniconda3\python.exe -m vscode_datascience_helpers.daemon --daemon-module=vscode_datascience_helpers.kernel_launcher_daemon -v
Error 2021-12-08 22:58:41: Failed to get activated conda env variables for base: C:\ProgramData\Miniconda3\python.exe
Error 2021-12-08 22:58:46: Failed to start the Daemon, StdErr:  Traceback (most recent call last):
  File "c:\Users\Racarla\Documents\Git\VSCode_Portable\VSCode-win32-x64-1.62.3\data\extensions\ms-toolsai.jupyter-2021.10.1101450599\pythonFiles\vscode_datascience_helpers\daemon\__main__.py", line 126, in main
    daemon_module = importlib.import_module(args.daemon_module)
  File "C:\ProgramData\Miniconda3\lib\importlib\__init__.py", line 127, in import_module
    return _bootstrap._gcd_import(name[level:], package, level)
  File "<frozen importlib._bootstrap>", line 1030, in _gcd_import
  File "<frozen importlib._bootstrap>", line 1007, in _find_and_load
  File "<frozen importlib._bootstrap>", line 986, in _find_and_load_unlocked
  File "<frozen importlib._bootstrap>", line 680, in _load_unlocked
  File "<frozen importlib._bootstrap_external>", line 850, in exec_module
  File "<frozen importlib._bootstrap>", line 228, in _call_with_frames_removed
  File "c:\Users\Racarla\Documents\Git\VSCode_Portable\VSCode-win32-x64-1.62.3\data\extensions\ms-toolsai.jupyter-2021.10.1101450599\pythonFiles\vscode_datascience_helpers\kernel_launcher_daemon.py", line 22, in <module>
    from vscode_datascience_helpers.kernel_launcher import launch_kernel
  File "c:\Users\Racarla\Documents\Git\VSCode_Portable\VSCode-win32-x64-1.62.3\data\extensions\ms-toolsai.jupyter-2021.10.1101450599\pythonFiles\vscode_datascience_helpers\kernel_launcher.py", line 14, in <module>
    from ipython_genutils.encoding import getdefaultencoding
ModuleNotFoundError: No module named 'ipython_genutils'

During handling of the above exception, another exception occurred:

Traceback (most recent call last):
  File "C:\ProgramData\Miniconda3\lib\runpy.py", line 197, in _run_module_as_main
    return _run_code(code, main_globals, None,
  File "C:\ProgramData\Miniconda3\lib\runpy.py", line 87, in _run_code
    exec(code, run_globals)
  File "c:\Users\Racarla\Documents\Git\VSCode_Portable\VSCode-win32-x64-1.62.3\data\extensions\ms-toolsai.jupyter-2021.10.1101450599\pythonFiles\vscode_datascience_helpers\daemon\__main__.py", line 137, in <module>
    main()
  File "c:\Users\Racarla\Documents\Git\VSCode_Portable\VSCode-win32-x64-1.62.3\data\extensions\ms-toolsai.jupyter-2021.10.1101450599\pythonFiles\vscode_datascience_helpers\daemon\__main__.py", line 133, in main
    raise Exception("Failed to start daemon")
Exception: Failed to start daemon

Error 2021-12-08 22:58:46: Failed to start the Daemon, ProcEndEx [Error: Timeout waiting for daemon to start
	at Timeout._onTimeout (c:\Users\Racarla\Documents\Git\VSCode_Portable\VSCode-win32-x64-1.62.3\data\extensions\ms-toolsai.jupyter-2021.10.1101450599\out\client\extension.js:51:203061)
	at listOnTimeout (internal/timers.js:554:17)
	at processTimers (internal/timers.js:497:7)]
Error 2021-12-08 22:58:46: Failed  to start the Daemon, Ex [Error: Timeout waiting for daemon to start
	at Timeout._onTimeout (c:\Users\Racarla\Documents\Git\VSCode_Portable\VSCode-win32-x64-1.62.3\data\extensions\ms-toolsai.jupyter-2021.10.1101450599\out\client\extension.js:51:203061)
	at listOnTimeout (internal/timers.js:554:17)
	at processTimers (internal/timers.js:497:7)]
Error 2021-12-08 22:58:46: Pinging Daemon Failed, Class name = d, completed in 5007ms, has a falsy return value, Arg 1: {}, Return Value: undefined [Error: Timeout waiting for daemon to start
	at Timeout._onTimeout (c:\Users\Racarla\Documents\Git\VSCode_Portable\VSCode-win32-x64-1.62.3\data\extensions\ms-toolsai.jupyter-2021.10.1101450599\out\client\extension.js:51:203061)
	at listOnTimeout (internal/timers.js:554:17)
	at processTimers (internal/timers.js:497:7)]
Error 2021-12-08 22:58:46: Failed to create daemon, Class name = d, completed in 5014ms, has a falsy return value, , Return Value: undefined [Error: Timeout waiting for daemon to start
	at Timeout._onTimeout (c:\Users\Racarla\Documents\Git\VSCode_Portable\VSCode-win32-x64-1.62.3\data\extensions\ms-toolsai.jupyter-2021.10.1101450599\out\client\extension.js:51:203061)
	at listOnTimeout (internal/timers.js:554:17)
	at processTimers (internal/timers.js:497:7)]
Error 2021-12-08 22:58:46: Failed to create the daemon service, defaulting to activated environment [Error: Timeout waiting for daemon to start
	at Timeout._onTimeout (c:\Users\Racarla\Documents\Git\VSCode_Portable\VSCode-win32-x64-1.62.3\data\extensions\ms-toolsai.jupyter-2021.10.1101450599\out\client\extension.js:51:203061)
	at listOnTimeout (internal/timers.js:554:17)
	at processTimers (internal/timers.js:497:7)]
Info 2021-12-08 22:58:46: Process Execution: > C:\ProgramData\Miniconda3\python.exe -m ipykernel_launcher --ip=127.0.0.1 --stdin=9003 --control=9001 --hb=9000 --Session.signature_scheme="hmac-sha256" --Session.key=b"f3f03d31-0ed7-4456-8ae3-2152ed6a6a20" --shell=9002 --transport="tcp" --iopub=9004 --f=C:\Users\Racarla\AppData\Local\Temp\tmp-14596tUV4EFMRRe4D.json
> C:\ProgramData\Miniconda3\python.exe -m ipykernel_launcher --ip=127.0.0.1 --stdin=9003 --control=9001 --hb=9000 --Session.signature_scheme="hmac-sha256" --Session.key=b"f3f03d31-0ed7-4456-8ae3-2152ed6a6a20" --shell=9002 --transport="tcp" --iopub=9004 --f=C:\Users\Racarla\AppData\Local\Temp\tmp-14596tUV4EFMRRe4D.json
Info 2021-12-08 22:58:46: Process Execution: cwd: c:\Users\Racarla\Documents\Git\VSCode_Portable\Projects\ButterworthFilter\Design
cwd: c:\Users\Racarla\Documents\Git\VSCode_Portable\Projects\ButterworthFilter\Design
Info 2021-12-08 22:58:46: Launching kernel daemon, Class name = p, completed in 5887ms, has a truthy return value, Arg 1: <Uri:c:\Users\Racarla\Documents\Git\VSCode_Portable\Projects\ButterworthFilter\Design\ButterworthFilter.ipynb>, Arg 2: "c:\\Users\\Racarla\\Documents\\Git\\VSCode_Portable\\Projects\\ButterworthFilter\\Design", Arg 3: {"specFile":"C:\\Users\\Racarla\\AppData\\Roaming\\jupyter\\kernels\\python395jvsc74a57bd0ecf5722fdaf1897a315d257d89d94520bfcaa453217d5becf09b39e73618b0de\\kernel.json","interpreterPath":"C:\\ProgramData\\Miniconda3\\python.exe","name":"python395jvsc74a57bd0ecf5722fdaf1897a315d257d89d94520bfcaa453217d5becf09b39e73618b0de","argv":["python","-m","ipykernel_launcher","--ip=127.0.0.1","--stdin=9003","--control=9001","--hb=9000","--Session.signature_scheme=\"hmac-sha256\"","--Session.key=b\"f3f03d31-0ed7-4456-8ae3-2152ed6a6a20\"","--shell=9002","--transport=\"tcp\"","--iopub=9004","--f=C:\\Users\\Racarla\\AppData\\Local\\Temp\\tmp-14596tUV4EFMRRe4D.json"],"language":"python","path":"python","display_name":"Python 3.9.5 64-bit ('base': conda)","metadata":{"interpreter":{"sysPrefix":"C:\\ProgramData\\Miniconda3","envType":"Conda","envName":"base","envPath":"C:\\ProgramData\\Miniconda3","path":"C:\\ProgramData\\Miniconda3\\python.exe","architecture":3,"sysVersion":"3.9.5 (default, May 18 2021, 14:42:02) [MSC v.1916 64 bit (AMD64)]","version":{"raw":"3.9.5","major":3,"minor":9,"patch":5,"build":[],"prerelease":["final","0"]},"companyDisplayName":"ContinuumAnalytics","displayName":"Python 3.9.5 64-bit ('base': conda)"}},"env":{}}, Arg 4: {"sysPrefix":"C:\\ProgramData\\Miniconda3","envType":"Conda","envName":"base","envPath":"C:\\ProgramData\\Miniconda3","path":"C:\\ProgramData\\Miniconda3\\python.exe","architecture":3,"sysVersion":"3.9.5 (default, May 18 2021, 14:42:02) [MSC v.1916 64 bit (AMD64)]","version":{"raw":"3.9.5","major":3,"minor":9,"patch":5,"build":[],"prerelease":["final","0"]},"companyDisplayName":"ContinuumAnalytics","displayName":"Python 3.9.5 64-bit ('base': conda)"}, Return Value: {"observableOutput":{"proc":{"_events":{},"_eventsCount":0,"_closesNeeded":3,"_closesGot":0,"connected":false,"signalCode":null,"exitCode":null,"killed":false,"spawnfile":"C:\\ProgramData\\Miniconda3\\python.exe","_handle":{"pid":10852},"spawnargs":["C:\\ProgramData\\Miniconda3\\python.exe","-m","ipykernel_launcher","--ip=127.0.0.1","--stdin=9003","--control=9001","--hb=9000","--Session.signature_scheme=\"hmac-sha256\"","--Session.key=b\"f3f03d31-0ed7-4456-8ae3-2152ed6a6a20\"","--shell=9002","--transport=\"tcp\"","--iopub=9004","--f=C:\\Users\\Racarla\\AppData\\Local\\Temp\\tmp-14596tUV4EFMRRe4D.json"],"pid":10852,"stdin":{"connecting":false,"_hadError":false,"_parent":null,"_host":null,"_readableState":{"objectMode":false,"highWaterMark":16384,"buffer":{"head":null,"tail":null,"length":0},"length":0,"pipes":[],"flowing":null,"ended":false,"endEmitted":false,"reading":false,"sync":true,"needReadable":false,"emittedReadable":false,"readableListening":false,"resumeScheduled":false,"errorEmitted":false,"emitClose":false,"autoDestroy":false,"destroyed":false,"errored":null,"closed":false,"closeEmitted":false,"defaultEncoding":"utf8","awaitDrainWriters":null,"multiAwaitDrain":false,"readingMore":false,"decoder":null,"encoding":null,"readable":false},"_events":{},"_eventsCount":1,"_writableState":{"objectMode":false,"highWaterMark":16384,"finalCalled":false,"needDrain":false,"ending":false,"ended":false,"finished":false,"destroyed":false,"decodeStrings":false,"defaultEncoding":"utf8","length":0,"writing":false,"corked":0,"sync":true,"bufferProcessing":false,"writecb":null,"writelen":0,"afterWriteTickInfo":null,"buffered":[],"bufferedIndex":0,"allBuffers":true,"allNoop":true,"pendingcb":0,"prefinished":false,"errorEmitted":false,"emitClose":false,"autoDestroy":false,"errored":null,"closed":false,"closeEmitted":false},"allowHalfOpen":false,"_sockname":null,"_pendingData":null,"_pendingEncoding":"","server":null,"_server":null},"stdout":{"connecting":false,"_hadError":false,"_parent":null,"_host":null,"_readableState":{"objectMode":false,"highWaterMark":16384,"buffer":{"head":null,"tail":null,"length":0},"length":0,"pipes":[],"flowing":null,"ended":false,"endEmitted":false,"reading":true,"sync":false,"needReadable":true,"emittedReadable":false,"readableListening":false,"resumeScheduled":false,"errorEmitted":false,"emitClose":false,"autoDestroy":false,"destroyed":false,"errored":null,"closed":false,"closeEmitted":false,"defaultEncoding":"utf8","awaitDrainWriters":null,"multiAwaitDrain":false,"readingMore":false,"decoder":null,"encoding":null},"_events":{},"_eventsCount":2,"_writableState":{"objectMode":false,"highWaterMark":16384,"finalCalled":false,"needDrain":false,"ending":false,"ended":false,"finished":false,"destroyed":false,"decodeStrings":false,"defaultEncoding":"utf8","length":0,"writing":false,"corked":0,"sync":true,"bufferProcessing":false,"writecb":null,"writelen":0,"afterWriteTickInfo":null,"buffered":[],"bufferedIndex":0,"allBuffers":true,"allNoop":true,"pendingcb":0,"prefinished":false,"errorEmitted":false,"emitClose":false,"autoDestroy":false,"errored":null,"closed":false,"writable":false,"closeEmitted":false},"allowHalfOpen":false,"_sockname":null,"_pendingData":null,"_pendingEncoding":"","server":null,"_server":null},"stderr":{"connecting":false,"_hadError":false,"_parent":null,"_host":null,"_readableState":{"objectMode":false,"highWaterMark":16384,"buffer":{"head":null,"tail":null,"length":0},"length":0,"pipes":[],"flowing":null,"ended":false,"endEmitted":false,"reading":true,"sync":false,"needReadable":true,"emittedReadable":false,"readableListening":false,"resumeScheduled":false,"errorEmitted":false,"emitClose":false,"autoDestroy":false,"destroyed":false,"errored":null,"closed":false,"closeEmitted":false,"defaultEncoding":"utf8","awaitDrainWriters":null,"multiAwaitDrain":false,"readingMore":false,"decoder":null,"encoding":null},"_events":{},"_eventsCount":2,"_writableState":{"objectMode":false,"highWaterMark":16384,"finalCalled":false,"needDrain":false,"ending":false,"ended":false,"finished":false,"destroyed":false,"decodeStrings":false,"defaultEncoding":"utf8","length":0,"writing":false,"corked":0,"sync":true,"bufferProcessing":false,"writecb":null,"writelen":0,"afterWriteTickInfo":null,"buffered":[],"bufferedIndex":0,"allBuffers":true,"allNoop":true,"pendingcb":0,"prefinished":false,"errorEmitted":false,"emitClose":false,"autoDestroy":false,"errored":null,"closed":false,"writable":false,"closeEmitted":false},"allowHalfOpen":false,"_sockname":null,"_pendingData":null,"_pendingEncoding":"","server":null,"_server":null},"stdio":[{"connecting":false,"_hadError":false,"_parent":null,"_host":null,"_readableState":{"objectMode":false,"highWaterMark":16384,"buffer":{"head":null,"tail":null,"length":0},"length":0,"pipes":[],"flowing":null,"ended":false,"endEmitted":false,"reading":false,"sync":true,"needReadable":false,"emittedReadable":false,"readableListening":false,"resumeScheduled":false,"errorEmitted":false,"emitClose":false,"autoDestroy":false,"destroyed":false,"errored":null,"closed":false,"closeEmitted":false,"defaultEncoding":"utf8","awaitDrainWriters":null,"multiAwaitDrain":false,"readingMore":false,"decoder":null,"encoding":null,"readable":false},"_events":{},"_eventsCount":1,"_writableState":{"objectMode":false,"highWaterMark":16384,"finalCalled":false,"needDrain":false,"ending":false,"ended":false,"finished":false,"destroyed":false,"decodeStrings":false,"defaultEncoding":"utf8","length":0,"writing":false,"corked":0,"sync":true,"bufferProcessing":false,"writecb":null,"writelen":0,"afterWriteTickInfo":null,"buffered":[],"bufferedIndex":0,"allBuffers":true,"allNoop":true,"pendingcb":0,"prefinished":false,"errorEmitted":false,"emitClose":false,"autoDestroy":false,"errored":null,"closed":false,"closeEmitted":false},"allowHalfOpen":false,"_sockname":null,"_pendingData":null,"_pendingEncoding":"","server":null,"_server":null},{"connecting":false,"_hadError":false,"_parent":null,"_host":null,"_readableState":{"objectMode":false,"highWaterMark":16384,"buffer":{"head":null,"tail":null,"length":0},"length":0,"pipes":[],"flowing":null,"ended":false,"endEmitted":false,"reading":true,"sync":false,"needReadable":true,"emittedReadable":false,"readableListening":false,"resumeScheduled":false,"errorEmitted":false,"emitClose":false,"autoDestroy":false,"destroyed":false,"errored":null,"closed":false,"closeEmitted":false,"defaultEncoding":"utf8","awaitDrainWriters":null,"multiAwaitDrain":false,"readingMore":false,"decoder":null,"encoding":null},"_events":{},"_eventsCount":2,"_writableState":{"objectMode":false,"highWaterMark":16384,"finalCalled":false,"needDrain":false,"ending":false,"ended":false,"finished":false,"destroyed":false,"decodeStrings":false,"defaultEncoding":"utf8","length":0,"writing":false,"corked":0,"sync":true,"bufferProcessing":false,"writecb":null,"writelen":0,"afterWriteTickInfo":null,"buffered":[],"bufferedIndex":0,"allBuffers":true,"allNoop":true,"pendingcb":0,"prefinished":false,"errorEmitted":false,"emitClose":false,"autoDestroy":false,"errored":null,"closed":false,"writable":false,"closeEmitted":false},"allowHalfOpen":false,"_sockname":null,"_pendingData":null,"_pendingEncoding":"","server":null,"_server":null},{"connecting":false,"_hadError":false,"_parent":null,"_host":null,"_readableState":{"objectMode":false,"highWaterMark":16384,"buffer":{"head":null,"tail":null,"length":0},"length":0,"pipes":[],"flowing":null,"ended":false,"endEmitted":false,"reading":true,"sync":false,"needReadable":true,"emittedReadable":false,"readableListening":false,"resumeScheduled":false,"errorEmitted":false,"emitClose":false,"autoDestroy":false,"destroyed":false,"errored":null,"closed":false,"closeEmitted":false,"defaultEncoding":"utf8","awaitDrainWriters":null,"multiAwaitDrain":false,"readingMore":false,"decoder":null,"encoding":null},"_events":{},"_eventsCount":2,"_writableState":{"objectMode":false,"highWaterMark":16384,"finalCalled":false,"needDrain":false,"ending":false,"ended":false,"finished":false,"destroyed":false,"decodeStrings":false,"defaultEncoding":"utf8","length":0,"writing":false,"corked":0,"sync":true,"bufferProcessing":false,"writecb":null,"writelen":0,"afterWriteTickInfo":null,"buffered":[],"bufferedIndex":0,"allBuffers":true,"allNoop":true,"pendingcb":0,"prefinished":false,"errorEmitted":false,"emitClose":false,"autoDestroy":false,"errored":null,"closed":false,"writable":false,"closeEmitted":false},"allowHalfOpen":false,"_sockname":null,"_pendingData":null,"_pendingEncoding":"","server":null,"_server":null}]},"out":{"_isScalar":false}}}
Info 2021-12-08 22:58:46: Launching kernel in kernelProcess.ts, Class name = y, completed in 5888ms, has a truthy return value, Arg 1: "c:\\Users\\Racarla\\Documents\\Git\\VSCode_Portable\\Projects\\ButterworthFilter\\Design", Return Value: {"proc":{"_events":{},"_eventsCount":0,"_closesNeeded":3,"_closesGot":0,"connected":false,"signalCode":null,"exitCode":null,"killed":false,"spawnfile":"C:\\ProgramData\\Miniconda3\\python.exe","_handle":{"pid":10852},"spawnargs":["C:\\ProgramData\\Miniconda3\\python.exe","-m","ipykernel_launcher","--ip=127.0.0.1","--stdin=9003","--control=9001","--hb=9000","--Session.signature_scheme=\"hmac-sha256\"","--Session.key=b\"f3f03d31-0ed7-4456-8ae3-2152ed6a6a20\"","--shell=9002","--transport=\"tcp\"","--iopub=9004","--f=C:\\Users\\Racarla\\AppData\\Local\\Temp\\tmp-14596tUV4EFMRRe4D.json"],"pid":10852,"stdin":{"connecting":false,"_hadError":false,"_parent":null,"_host":null,"_readableState":{"objectMode":false,"highWaterMark":16384,"buffer":{"head":null,"tail":null,"length":0},"length":0,"pipes":[],"flowing":null,"ended":false,"endEmitted":false,"reading":false,"sync":true,"needReadable":false,"emittedReadable":false,"readableListening":false,"resumeScheduled":false,"errorEmitted":false,"emitClose":false,"autoDestroy":false,"destroyed":false,"errored":null,"closed":false,"closeEmitted":false,"defaultEncoding":"utf8","awaitDrainWriters":null,"multiAwaitDrain":false,"readingMore":false,"decoder":null,"encoding":null,"readable":false},"_events":{},"_eventsCount":1,"_writableState":{"objectMode":false,"highWaterMark":16384,"finalCalled":false,"needDrain":false,"ending":false,"ended":false,"finished":false,"destroyed":false,"decodeStrings":false,"defaultEncoding":"utf8","length":0,"writing":false,"corked":0,"sync":true,"bufferProcessing":false,"writecb":null,"writelen":0,"afterWriteTickInfo":null,"buffered":[],"bufferedIndex":0,"allBuffers":true,"allNoop":true,"pendingcb":0,"prefinished":false,"errorEmitted":false,"emitClose":false,"autoDestroy":false,"errored":null,"closed":false,"closeEmitted":false},"allowHalfOpen":false,"_sockname":null,"_pendingData":null,"_pendingEncoding":"","server":null,"_server":null},"stdout":{"connecting":false,"_hadError":false,"_parent":null,"_host":null,"_readableState":{"objectMode":false,"highWaterMark":16384,"buffer":{"head":null,"tail":null,"length":0},"length":0,"pipes":[],"flowing":null,"ended":false,"endEmitted":false,"reading":true,"sync":false,"needReadable":true,"emittedReadable":false,"readableListening":false,"resumeScheduled":false,"errorEmitted":false,"emitClose":false,"autoDestroy":false,"destroyed":false,"errored":null,"closed":false,"closeEmitted":false,"defaultEncoding":"utf8","awaitDrainWriters":null,"multiAwaitDrain":false,"readingMore":false,"decoder":null,"encoding":null},"_events":{},"_eventsCount":2,"_writableState":{"objectMode":false,"highWaterMark":16384,"finalCalled":false,"needDrain":false,"ending":false,"ended":false,"finished":false,"destroyed":false,"decodeStrings":false,"defaultEncoding":"utf8","length":0,"writing":false,"corked":0,"sync":true,"bufferProcessing":false,"writecb":null,"writelen":0,"afterWriteTickInfo":null,"buffered":[],"bufferedIndex":0,"allBuffers":true,"allNoop":true,"pendingcb":0,"prefinished":false,"errorEmitted":false,"emitClose":false,"autoDestroy":false,"errored":null,"closed":false,"writable":false,"closeEmitted":false},"allowHalfOpen":false,"_sockname":null,"_pendingData":null,"_pendingEncoding":"","server":null,"_server":null},"stderr":{"connecting":false,"_hadError":false,"_parent":null,"_host":null,"_readableState":{"objectMode":false,"highWaterMark":16384,"buffer":{"head":null,"tail":null,"length":0},"length":0,"pipes":[],"flowing":null,"ended":false,"endEmitted":false,"reading":true,"sync":false,"needReadable":true,"emittedReadable":false,"readableListening":false,"resumeScheduled":false,"errorEmitted":false,"emitClose":false,"autoDestroy":false,"destroyed":false,"errored":null,"closed":false,"closeEmitted":false,"defaultEncoding":"utf8","awaitDrainWriters":null,"multiAwaitDrain":false,"readingMore":false,"decoder":null,"encoding":null},"_events":{},"_eventsCount":2,"_writableState":{"objectMode":false,"highWaterMark":16384,"finalCalled":false,"needDrain":false,"ending":false,"ended":false,"finished":false,"destroyed":false,"decodeStrings":false,"defaultEncoding":"utf8","length":0,"writing":false,"corked":0,"sync":true,"bufferProcessing":false,"writecb":null,"writelen":0,"afterWriteTickInfo":null,"buffered":[],"bufferedIndex":0,"allBuffers":true,"allNoop":true,"pendingcb":0,"prefinished":false,"errorEmitted":false,"emitClose":false,"autoDestroy":false,"errored":null,"closed":false,"writable":false,"closeEmitted":false},"allowHalfOpen":false,"_sockname":null,"_pendingData":null,"_pendingEncoding":"","server":null,"_server":null},"stdio":[{"connecting":false,"_hadError":false,"_parent":null,"_host":null,"_readableState":{"objectMode":false,"highWaterMark":16384,"buffer":{"head":null,"tail":null,"length":0},"length":0,"pipes":[],"flowing":null,"ended":false,"endEmitted":false,"reading":false,"sync":true,"needReadable":false,"emittedReadable":false,"readableListening":false,"resumeScheduled":false,"errorEmitted":false,"emitClose":false,"autoDestroy":false,"destroyed":false,"errored":null,"closed":false,"closeEmitted":false,"defaultEncoding":"utf8","awaitDrainWriters":null,"multiAwaitDrain":false,"readingMore":false,"decoder":null,"encoding":null,"readable":false},"_events":{},"_eventsCount":1,"_writableState":{"objectMode":false,"highWaterMark":16384,"finalCalled":false,"needDrain":false,"ending":false,"ended":false,"finished":false,"destroyed":false,"decodeStrings":false,"defaultEncoding":"utf8","length":0,"writing":false,"corked":0,"sync":true,"bufferProcessing":false,"writecb":null,"writelen":0,"afterWriteTickInfo":null,"buffered":[],"bufferedIndex":0,"allBuffers":true,"allNoop":true,"pendingcb":0,"prefinished":false,"errorEmitted":false,"emitClose":false,"autoDestroy":false,"errored":null,"closed":false,"closeEmitted":false},"allowHalfOpen":false,"_sockname":null,"_pendingData":null,"_pendingEncoding":"","server":null,"_server":null},{"connecting":false,"_hadError":false,"_parent":null,"_host":null,"_readableState":{"objectMode":false,"highWaterMark":16384,"buffer":{"head":null,"tail":null,"length":0},"length":0,"pipes":[],"flowing":null,"ended":false,"endEmitted":false,"reading":true,"sync":false,"needReadable":true,"emittedReadable":false,"readableListening":false,"resumeScheduled":false,"errorEmitted":false,"emitClose":false,"autoDestroy":false,"destroyed":false,"errored":null,"closed":false,"closeEmitted":false,"defaultEncoding":"utf8","awaitDrainWriters":null,"multiAwaitDrain":false,"readingMore":false,"decoder":null,"encoding":null},"_events":{},"_eventsCount":2,"_writableState":{"objectMode":false,"highWaterMark":16384,"finalCalled":false,"needDrain":false,"ending":false,"ended":false,"finished":false,"destroyed":false,"decodeStrings":false,"defaultEncoding":"utf8","length":0,"writing":false,"corked":0,"sync":true,"bufferProcessing":false,"writecb":null,"writelen":0,"afterWriteTickInfo":null,"buffered":[],"bufferedIndex":0,"allBuffers":true,"allNoop":true,"pendingcb":0,"prefinished":false,"errorEmitted":false,"emitClose":false,"autoDestroy":false,"errored":null,"closed":false,"writable":false,"closeEmitted":false},"allowHalfOpen":false,"_sockname":null,"_pendingData":null,"_pendingEncoding":"","server":null,"_server":null},{"connecting":false,"_hadError":false,"_parent":null,"_host":null,"_readableState":{"objectMode":false,"highWaterMark":16384,"buffer":{"head":null,"tail":null,"length":0},"length":0,"pipes":[],"flowing":null,"ended":false,"endEmitted":false,"reading":true,"sync":false,"needReadable":true,"emittedReadable":false,"readableListening":false,"resumeScheduled":false,"errorEmitted":false,"emitClose":false,"autoDestroy":false,"destroyed":false,"errored":null,"closed":false,"closeEmitted":false,"defaultEncoding":"utf8","awaitDrainWriters":null,"multiAwaitDrain":false,"readingMore":false,"decoder":null,"encoding":null},"_events":{},"_eventsCount":2,"_writableState":{"objectMode":false,"highWaterMark":16384,"finalCalled":false,"needDrain":false,"ending":false,"ended":false,"finished":false,"destroyed":false,"decodeStrings":false,"defaultEncoding":"utf8","length":0,"writing":false,"corked":0,"sync":true,"bufferProcessing":false,"writecb":null,"writelen":0,"afterWriteTickInfo":null,"buffered":[],"bufferedIndex":0,"allBuffers":true,"allNoop":true,"pendingcb":0,"prefinished":false,"errorEmitted":false,"emitClose":false,"autoDestroy":false,"errored":null,"closed":false,"writable":false,"closeEmitted":false},"allowHalfOpen":false,"_sockname":null,"_pendingData":null,"_pendingEncoding":"","server":null,"_server":null}]},"out":{"_isScalar":false}}
Info 2021-12-08 22:58:47: KernelProcess error: C:\ProgramData\Miniconda3\lib\site-packages\traitlets\traitlets.py:2202: FutureWarning: Supporting extra quotes around strings is deprecated in traitlets 5.0. You can use 'hmac-sha256' instead of '"hmac-sha256"' if you require traitlets >=5.
  warn(

Warn 2021-12-08 22:58:47: StdErr from Kernel Process C:\ProgramData\Miniconda3\lib\site-packages\traitlets\traitlets.py:2202: FutureWarning: Supporting extra quotes around strings is deprecated in traitlets 5.0. You can use 'hmac-sha256' instead of '"hmac-sha256"' if you require traitlets >=5.
  warn(

Info 2021-12-08 22:58:47: KernelProcess error: C:\ProgramData\Miniconda3\lib\site-packages\traitlets\traitlets.py:2157: FutureWarning: Supporting extra quotes around Bytes is deprecated in traitlets 5.0. Use 'f3f03d31-0ed7-4456-8ae3-2152ed6a6a20' instead of 'b"f3f03d31-0ed7-4456-8ae3-2152ed6a6a20"'.
  warn(

Warn 2021-12-08 22:58:47: StdErr from Kernel Process C:\ProgramData\Miniconda3\lib\site-packages\traitlets\traitlets.py:2157: FutureWarning: Supporting extra quotes around Bytes is deprecated in traitlets 5.0. Use 'f3f03d31-0ed7-4456-8ae3-2152ed6a6a20' instead of 'b"f3f03d31-0ed7-4456-8ae3-2152ed6a6a20"'.
  warn(

Info 2021-12-08 22:58:47: KernelProcess output: NOTE: When using the `ipython kernel` entry point, Ctrl-C will not work.

To exit, you will have to explicitly quit this process, by either sending
"quit" from a client, or using Ctrl-\ in UNIX-like environments.

To read more about this, see https://github.com/ipython/ipython/issues/2049


To connect another client to this kernel, use:
    --existing C:\Users\Racarla\AppData\Local\Temp\tmp-14596tUV4EFMRRe4D.json

Info 2021-12-08 22:58:47: Kernel Output: NOTE: When using the `ipython kernel` entry point, Ctrl-C will not work.

To exit, you will have to explicitly quit this process, by either sending
"quit" from a client, or using Ctrl-\ in UNIX-like environments.

To read more about this, see https://github.com/ipython/ipython/issues/2049


To connect another client to this kernel, use:
    --existing C:\Users\Racarla\AppData\Local\Temp\tmp-14596tUV4EFMRRe4D.json

Warn 2021-12-08 22:58:47: Didn't get response for requestKernelInfo
Warn 2021-12-08 22:58:47: Didn't get response for requestKernelInfo
Info 2021-12-08 22:58:47: Raw session started and connected
Started kernel Python 3.9.5 64-bit ('base': conda)
Info 2021-12-08 22:58:47: Finished connecting 054a3df1-a7b9-4dff-baa8-a953450a1aef
Info 2021-12-08 22:58:47: Updating preferred kernel for remote notebook f263257a-31a4-4dc0-981e-92f251e752ee
Info 2021-12-08 22:58:47: Preferred kernel for file:///c%3A/Users/Racarla/Documents/Git/VSCode_Portable/Projects/ButterworthFilter/Design/ButterworthFilter.ipynb is f263257a-31a4-4dc0-981e-92f251e752ee
Info 2021-12-08 22:58:47: UpdateWorkingDirectoryAndPath in Kernel
Info 2021-12-08 22:58:47: changeDirectoryIfPossible
Info 2021-12-08 22:58:47: Executing (status Idle) silently Code = import os\nimport sys\n%cd "c:\Users\Racarla\Documents\Git\VSCode_Portable\Projects\ButterworthFilter\
Info 2021-12-08 22:58:47: Executing silently Code (completed) = import os\nimport sys\n%cd "c:\Users\Racarla\Documents\Git\VSCode_Portable\Projects\ButterworthFilter\
Info 2021-12-08 22:58:47: Executing (status Idle) silently Code = %config Completer.use_jedi = False
Info 2021-12-08 22:58:47: Executing silently Code (completed) = %config Completer.use_jedi = False
Info 2021-12-08 22:58:47: Executing (status Idle) silently Code = %config InlineBackend.figure_formats = ['png']
Info 2021-12-08 22:58:47: Executing silently Code (completed) = %config InlineBackend.figure_formats = ['png']
Info 2021-12-08 22:58:47: Executing (status Idle) silently Code = import sys\nprint(sys.executable)
Info 2021-12-08 22:58:48: Executing silently Code (completed) = import sys\nprint(sys.executable)
Info 2021-12-08 22:58:48: Waiting for idle on (kernel): f263257a-31a4-4dc0-981e-92f251e752ee -> idle
Info 2021-12-08 22:58:48: Finished waiting for idle on (kernel): f263257a-31a4-4dc0-981e-92f251e752ee -> idle
Info 2021-12-08 22:58:48: IPyWidgetScriptSource.initialize
Info 2021-12-08 22:58:48: Cancel all remaining cells true || 4
Info 2021-12-08 22:58:48: Cancel pending cells
Info 2021-12-08 23:00:29: Execute Cells request 7 1, 3, 5, 6, 8, 10, 11
Info 2021-12-08 23:00:29: Execute Cell 1 file:///c%3A/Users/Racarla/Documents/Git/VSCode_Portable/Projects/ButterworthFilter/Design/ButterworthFilter.ipynb
Info 2021-12-08 23:00:29: Execute Cell 3 file:///c%3A/Users/Racarla/Documents/Git/VSCode_Portable/Projects/ButterworthFilter/Design/ButterworthFilter.ipynb
Info 2021-12-08 23:00:29: Execute Cell 5 file:///c%3A/Users/Racarla/Documents/Git/VSCode_Portable/Projects/ButterworthFilter/Design/ButterworthFilter.ipynb
Info 2021-12-08 23:00:29: Execute Cell 6 file:///c%3A/Users/Racarla/Documents/Git/VSCode_Portable/Projects/ButterworthFilter/Design/ButterworthFilter.ipynb
Info 2021-12-08 23:00:29: Execute Cell 8 file:///c%3A/Users/Racarla/Documents/Git/VSCode_Portable/Projects/ButterworthFilter/Design/ButterworthFilter.ipynb
Info 2021-12-08 23:00:29: Execute Cell 10 file:///c%3A/Users/Racarla/Documents/Git/VSCode_Portable/Projects/ButterworthFilter/Design/ButterworthFilter.ipynb
Info 2021-12-08 23:00:29: Execute Cell 11 file:///c%3A/Users/Racarla/Documents/Git/VSCode_Portable/Projects/ButterworthFilter/Design/ButterworthFilter.ipynb
Info 2021-12-08 23:00:29: Cancel all remaining cells true || 4
Info 2021-12-08 23:00:29: Cancel pending cells
Info 2021-12-08 23:03:19: Execute Cells request 7 1, 3, 5, 6, 8, 10, 11
Info 2021-12-08 23:03:19: Execute Cell 1 file:///c%3A/Users/Racarla/Documents/Git/VSCode_Portable/Projects/ButterworthFilter/Design/ButterworthFilter.ipynb
Info 2021-12-08 23:03:19: Execute Cell 3 file:///c%3A/Users/Racarla/Documents/Git/VSCode_Portable/Projects/ButterworthFilter/Design/ButterworthFilter.ipynb
Info 2021-12-08 23:03:19: Execute Cell 5 file:///c%3A/Users/Racarla/Documents/Git/VSCode_Portable/Projects/ButterworthFilter/Design/ButterworthFilter.ipynb
Info 2021-12-08 23:03:19: Execute Cell 6 file:///c%3A/Users/Racarla/Documents/Git/VSCode_Portable/Projects/ButterworthFilter/Design/ButterworthFilter.ipynb
Info 2021-12-08 23:03:19: Execute Cell 8 file:///c%3A/Users/Racarla/Documents/Git/VSCode_Portable/Projects/ButterworthFilter/Design/ButterworthFilter.ipynb
Info 2021-12-08 23:03:19: Execute Cell 10 file:///c%3A/Users/Racarla/Documents/Git/VSCode_Portable/Projects/ButterworthFilter/Design/ButterworthFilter.ipynb
Info 2021-12-08 23:03:19: Execute Cell 11 file:///c%3A/Users/Racarla/Documents/Git/VSCode_Portable/Projects/ButterworthFilter/Design/ButterworthFilter.ipynb
Info 2021-12-08 23:03:20: Cancel all remaining cells true || 4
Info 2021-12-08 23:03:20: Cancel pending cells
Info 2021-12-08 23:05:43: Execute Cells request 7 1, 3, 5, 6, 8, 10, 11
Info 2021-12-08 23:05:43: Execute Cell 1 file:///c%3A/Users/Racarla/Documents/Git/VSCode_Portable/Projects/ButterworthFilter/Design/ButterworthFilter.ipynb
Info 2021-12-08 23:05:43: Execute Cell 3 file:///c%3A/Users/Racarla/Documents/Git/VSCode_Portable/Projects/ButterworthFilter/Design/ButterworthFilter.ipynb
Info 2021-12-08 23:05:43: Execute Cell 5 file:///c%3A/Users/Racarla/Documents/Git/VSCode_Portable/Projects/ButterworthFilter/Design/ButterworthFilter.ipynb
Info 2021-12-08 23:05:43: Execute Cell 6 file:///c%3A/Users/Racarla/Documents/Git/VSCode_Portable/Projects/ButterworthFilter/Design/ButterworthFilter.ipynb
Info 2021-12-08 23:05:43: Execute Cell 8 file:///c%3A/Users/Racarla/Documents/Git/VSCode_Portable/Projects/ButterworthFilter/Design/ButterworthFilter.ipynb
Info 2021-12-08 23:05:43: Execute Cell 10 file:///c%3A/Users/Racarla/Documents/Git/VSCode_Portable/Projects/ButterworthFilter/Design/ButterworthFilter.ipynb
Info 2021-12-08 23:05:43: Execute Cell 11 file:///c%3A/Users/Racarla/Documents/Git/VSCode_Portable/Projects/ButterworthFilter/Design/ButterworthFilter.ipynb
Info 2021-12-08 23:05:50: KernelProcess error: luatex: security risk: running with elevated privileges

Warn 2021-12-08 23:05:50: StdErr from Kernel Process luatex: security risk: running with elevated privileges

Info 2021-12-08 23:20:32: Execute Cells request 7 1, 3, 5, 6, 8, 10, 11
Info 2021-12-08 23:20:32: Execute Cell 1 file:///c%3A/Users/Racarla/Documents/Git/VSCode_Portable/Projects/ButterworthFilter/Design/ButterworthFilter.ipynb
Info 2021-12-08 23:20:32: Execute Cell 3 file:///c%3A/Users/Racarla/Documents/Git/VSCode_Portable/Projects/ButterworthFilter/Design/ButterworthFilter.ipynb
Info 2021-12-08 23:20:32: Execute Cell 5 file:///c%3A/Users/Racarla/Documents/Git/VSCode_Portable/Projects/ButterworthFilter/Design/ButterworthFilter.ipynb
Info 2021-12-08 23:20:32: Execute Cell 6 file:///c%3A/Users/Racarla/Documents/Git/VSCode_Portable/Projects/ButterworthFilter/Design/ButterworthFilter.ipynb
Info 2021-12-08 23:20:32: Execute Cell 8 file:///c%3A/Users/Racarla/Documents/Git/VSCode_Portable/Projects/ButterworthFilter/Design/ButterworthFilter.ipynb
Info 2021-12-08 23:20:32: Execute Cell 10 file:///c%3A/Users/Racarla/Documents/Git/VSCode_Portable/Projects/ButterworthFilter/Design/ButterworthFilter.ipynb
Info 2021-12-08 23:20:32: Execute Cell 11 file:///c%3A/Users/Racarla/Documents/Git/VSCode_Portable/Projects/ButterworthFilter/Design/ButterworthFilter.ipynb
Info 2021-12-08 23:20:47: Execute Cells request 1 5
Info 2021-12-08 23:20:47: Execute Cell 5 file:///c%3A/Users/Racarla/Documents/Git/VSCode_Portable/Projects/ButterworthFilter/Design/ButterworthFilter.ipynb
Info 2021-12-08 23:20:49: Execute Cells request 1 6
Info 2021-12-08 23:20:49: Execute Cell 6 file:///c%3A/Users/Racarla/Documents/Git/VSCode_Portable/Projects/ButterworthFilter/Design/ButterworthFilter.ipynb
Info 2021-12-08 23:21:06: Execute Cells request 1 8
Info 2021-12-08 23:21:06: Execute Cell 8 file:///c%3A/Users/Racarla/Documents/Git/VSCode_Portable/Projects/ButterworthFilter/Design/ButterworthFilter.ipynb
Info 2021-12-08 23:21:11: Execute Cells request 1 10
Info 2021-12-08 23:21:11: Execute Cell 10 file:///c%3A/Users/Racarla/Documents/Git/VSCode_Portable/Projects/ButterworthFilter/Design/ButterworthFilter.ipynb
Info 2021-12-08 23:21:28: Execute Cells request 1 5
Info 2021-12-08 23:21:28: Execute Cell 5 file:///c%3A/Users/Racarla/Documents/Git/VSCode_Portable/Projects/ButterworthFilter/Design/ButterworthFilter.ipynb
Info 2021-12-08 23:21:30: Execute Cells request 1 6
Info 2021-12-08 23:21:30: Execute Cell 6 file:///c%3A/Users/Racarla/Documents/Git/VSCode_Portable/Projects/ButterworthFilter/Design/ButterworthFilter.ipynb
Info 2021-12-08 23:21:33: Execute Cells request 1 8
Info 2021-12-08 23:21:33: Execute Cell 8 file:///c%3A/Users/Racarla/Documents/Git/VSCode_Portable/Projects/ButterworthFilter/Design/ButterworthFilter.ipynb
Info 2021-12-08 23:21:36: Execute Cells request 1 10
Info 2021-12-08 23:21:36: Execute Cell 10 file:///c%3A/Users/Racarla/Documents/Git/VSCode_Portable/Projects/ButterworthFilter/Design/ButterworthFilter.ipynb
Info 2021-12-08 23:28:18: Shutting down notebooks for 054a3df1-a7b9-4dff-baa8-a953450a1aef
Info 2021-12-08 23:28:18: Disposing HostJupyterExecution ac78f71e-96d6-4712-b32c-f911e1e98353
Info 2021-12-08 23:28:18: Disposing super HostJupyterExecution ac78f71e-96d6-4712-b32c-f911e1e98353
Info 2021-12-08 23:28:18: Dispose kernel file:///c%3A/Users/Racarla/Documents/Git/VSCode_Portable/Projects/ButterworthFilter/Design/ButterworthFilter.ipynb
Info 2021-12-08 23:28:18: Kernel got disposed as a result of notebook.onDisposed file:///c%3A/Users/Racarla/Documents/Git/VSCode_Portable/Projects/ButterworthFilter/Design/ButterworthFilter.ipynb
Info 2021-12-08 23:28:18: Kernel got disposed, hence there is no longer a kernel associated with file:///c%3A/Users/Racarla/Documents/Git/VSCode_Portable/Projects/ButterworthFilter/Design/ButterworthFilter.ipynb file:///c%3A/Users/Racarla/Documents/Git/VSCode_Portable/Projects/ButterworthFilter/Design/ButterworthFilter.ipynb
Info 2021-12-08 23:28:18: Shutting down session file:///c%3A/Users/Racarla/Documents/Git/VSCode_Portable/Projects/ButterworthFilter/Design/ButterworthFilter.ipynb
Info 2021-12-08 23:28:18: Shutdown session - current session
Info 2021-12-08 23:28:18: shutdownSession f263257a-31a4-4dc0-981e-92f251e752ee, .jvsc74a57bd0ecf5722fdaf1897a315d257d89d94520bfcaa453217d5becf09b39e73618b0de.C:\ProgramData\Miniconda3\python.exe.C:\ProgramData\Miniconda3\python.exe.-m#ipykernel_launcher - start
Info 2021-12-08 23:28:18: Session can be shutdown .jvsc74a57bd0ecf5722fdaf1897a315d257d89d94520bfcaa453217d5becf09b39e73618b0de.C:\ProgramData\Miniconda3\python.exe.C:\ProgramData\Miniconda3\python.exe.-m#ipykernel_launcher
Info 2021-12-08 23:28:18: Dispose Kernel process
Info 2021-12-08 23:28:18: Disposing HostJupyterExecution ac78f71e-96d6-4712-b32c-f911e1e98353
Info 2021-12-08 23:28:18: Finished disposing HostJupyterExecution  ac78f71e-96d6-4712-b32c-f911e1e98353
Info 2021-12-08 23:28:18: Cleaning up server cache ac78f71e-96d6-4712-b32c-f911e1e98353
Info 2021-12-08 23:28:18: Dispose Kernel process
Info 2021-12-08 23:28:18: Finished disposing HostJupyterExecution  ac78f71e-96d6-4712-b32c-f911e1e98353
Info 2021-12-08 23:28:18: shutdownSession f263257a-31a4-4dc0-981e-92f251e752ee, .jvsc74a57bd0ecf5722fdaf1897a315d257d89d94520bfcaa453217d5becf09b39e73618b0de.C:\ProgramData\Miniconda3\python.exe.C:\ProgramData\Miniconda3\python.exe.-m#ipykernel_launcher - shutdown complete
Info 2021-12-08 23:28:18: Dispose Kernel process
Info 2021-12-08 23:28:18: Shutdown session - get restart session
Info 2021-12-08 23:28:18: Shutdown session -- complete
Info 2021-12-08 23:28:18: KernelProcess Exit Exit - undefined C:\ProgramData\Miniconda3\lib\site-packages\traitlets\traitlets.py:2202: FutureWarning: Supporting extra quotes around strings is deprecated in traitlets 5.0. You can use 'hmac-sha256' instead of '"hmac-sha256"' if you require traitlets >=5.
  warn(
C:\ProgramData\Miniconda3\lib\site-packages\traitlets\traitlets.py:2157: FutureWarning: Supporting extra quotes around Bytes is deprecated in traitlets 5.0. Use 'f3f03d31-0ed7-4456-8ae3-2152ed6a6a20' instead of 'b"f3f03d31-0ed7-4456-8ae3-2152ed6a6a20"'.
  warn(
luatex: security risk: running with elevated privileges

