Experiment 'pythonaa' is active
Experiment 'pythonTensorboardExperiment' is active
Experiment 'PythonPyTorchProfiler' is active
Experiment 'pythonDeprecatePythonPath' is active
Experiment 'pythonRunFailedTestsButtonDisplayed' is active
Experiment 'pythonRefreshTestsButtonDisplayed' is active
Experiment 'pythonRememberDebugConfig' is active
Error 2021-12-08 22:57:03: Failed to initialize source map support in extension
> conda info --json
> C:\ProgramData\Miniconda3\python.exe ~\Documents\Git\VSCode_Portable\VSCode-win32-x64-1.62.3\data\extensions\ms-python.python-2021.11.1422169775\pythonFiles\interpreterInfo.py
> "C:\Program Files\Inkscape\bin\python.exe" ~\Documents\Git\VSCode_Portable\VSCode-win32-x64-1.62.3\data\extensions\ms-python.python-2021.11.1422169775\pythonFiles\interpreterInfo.py
> ~\Documents\Git\VSCode_Portable\python-3.10.1-embed-amd64\python.exe -c "import sys;print(sys.executable)"
> ~\Documents\Git\VSCode_Portable\python-3.10.1-embed-amd64\python.exe -c "import sys;print(sys.executable)"
> ~\Documents\Git\VSCode_Portable\python-3.10.1-embed-amd64\python.exe -c "import sys;print(sys.executable)"
> ~\Documents\Git\VSCode_Portable\python-3.10.1-embed-amd64\python.exe -c "import sys;print(sys.executable)"
> ~\AppData\Local\Programs\Python\Python39\python.exe ~\Documents\Git\VSCode_Portable\VSCode-win32-x64-1.62.3\data\extensions\ms-python.python-2021.11.1422169775\pythonFiles\interpreterInfo.py
> "C:/ProgramData/Miniconda3/Scripts/activate && conda activate base && echo 'e8b39361-0157-4923-80e1-22d70d46dee6' && python c:/Users/Racarla/Documents/Git/VSCode_Portable/VSCode-win32-x64-1.62.3/data/extensions/ms-python.python-2021.11.1422169775/pythonFiles/printEnvVariables.py"
> "C:/ProgramData/Miniconda3/Scripts/activate && conda activate base && echo 'e8b39361-0157-4923-80e1-22d70d46dee6' && python c:/Users/Racarla/Documents/Git/VSCode_Portable/VSCode-win32-x64-1.62.3/data/extensions/ms-python.python-2021.11.1422169775/pythonFiles/printEnvVariables.py"
> ~\Documents\Git\VSCode_Portable\python-3.10.1-embed-amd64\python.exe -c "import sys;print(sys.executable)"
Starting Pylance language server.
> ~\Documents\Git\VSCode_Portable\python-3.10.1-embed-amd64\python.exe -c "import sys;print(sys.executable)"
Error 2021-12-08 22:57:05: Diagnostic Code: InvalidPythonInterpreterDiagnostic, Message: No Python interpreter is selected. You need to select a Python interpreter to enable features such as IntelliSense, linting, and debugging.
Diagnostic Code: InvalidPythonInterpreterDiagnostic, Message: No Python interpreter is selected. You need to select a Python interpreter to enable features such as IntelliSense, linting, and debugging.
> ~\Documents\Git\VSCode_Portable\python-3.10.1-embed-amd64\python.exe -c "import sys;print(sys.executable)"
> ~\Documents\Git\VSCode_Portable\python-3.10.1-embed-amd64\python.exe -c "import sys;print(sys.executable)"
Python interpreter path: C:\ProgramData\Miniconda3\python.exe
> "C:/ProgramData/Miniconda3/Scripts/activate && conda activate base && echo 'e8b39361-0157-4923-80e1-22d70d46dee6' && python c:/Users/Racarla/Documents/Git/VSCode_Portable/VSCode-win32-x64-1.62.3/data/extensions/ms-python.python-2021.11.1422169775/pythonFiles/printEnvVariables.py"
> C:\ProgramData\Miniconda3\python.exe -c "import pip"
> C:\ProgramData\Miniconda3\python.exe -c "import ipykernel"
> "C:/ProgramData/Miniconda3/Scripts/activate && conda activate base && echo 'e8b39361-0157-4923-80e1-22d70d46dee6' && python c:/Users/Racarla/Documents/Git/VSCode_Portable/VSCode-win32-x64-1.62.3/data/extensions/ms-python.python-2021.11.1422169775/pythonFiles/printEnvVariables.py"
> "C:/ProgramData/Miniconda3/Scripts/activate && conda activate base && echo 'e8b39361-0157-4923-80e1-22d70d46dee6' && python c:/Users/Racarla/Documents/Git/VSCode_Portable/VSCode-win32-x64-1.62.3/data/extensions/ms-python.python-2021.11.1422169775/pythonFiles/printEnvVariables.py"
> "C:/ProgramData/Miniconda3/Scripts/activate && conda activate base && echo 'e8b39361-0157-4923-80e1-22d70d46dee6' && python c:/Users/Racarla/Documents/Git/VSCode_Portable/VSCode-win32-x64-1.62.3/data/extensions/ms-python.python-2021.11.1422169775/pythonFiles/printEnvVariables.py"
Error 2021-12-08 23:28:18: Error while running worker[Worker 2]. undefined
Error 2021-12-08 23:28:18: Error while running worker[Worker 1]. undefined
