[2021-12-15 16:40:22.552] [exthost] [info] Extension host with pid 18084 started
[2021-12-15 16:40:22.611] [exthost] [info] ExtensionService#_doActivateExtension vscode.microsoft-authentication, startup: false, activationEvent: 'onAuthenticationRequest:microsoft'
[2021-12-15 16:40:22.619] [exthost] [info] ExtensionService#_doActivateExtension vscode.debug-auto-launch, startup: true, activationEvent: '*'
[2021-12-15 16:40:22.622] [exthost] [info] ExtensionService#_doActivateExtension vscode.git-base, startup: true, activationEvent: '*', root cause: vscode.github
[2021-12-15 16:40:22.625] [exthost] [info] ExtensionService#_doActivateExtension DanielLin.auto-header, startup: true, activationEvent: '*'
[2021-12-15 16:40:22.637] [exthost] [info] ExtensionService#_doActivateExtension ms-vscode.cpptools, startup: true, activationEvent: '*', root cause: platformio.platformio-ide
[2021-12-15 16:40:22.732] [exthost] [info] ExtensionService#_doActivateExtension vscode.git, startup: true, activationEvent: '*'
[2021-12-15 16:40:22.744] [exthost] [info] ExtensionService#_doActivateExtension vscode.github, startup: true, activationEvent: '*'
[2021-12-15 16:40:22.747] [exthost] [info] ExtensionService#_doActivateExtension platformio.platformio-ide, startup: true, activationEvent: '*'
[2021-12-15 16:40:23.008] [exthost] [info] ExtensionService#_doActivateExtension vscode.github-authentication, startup: false, activationEvent: 'onAuthenticationRequest:github'
[2021-12-15 16:40:23.051] [exthost] [info] Eager extensions activated
[2021-12-15 16:40:23.058] [exthost] [info] ExtensionService#_doActivateExtension vscode.emmet, startup: false, activationEvent: 'onStartupFinished'
[2021-12-15 16:40:23.063] [exthost] [info] ExtensionService#_doActivateExtension vscode.merge-conflict, startup: false, activationEvent: 'onStartupFinished'
[2021-12-15 16:40:23.065] [exthost] [info] ExtensionService#_doActivateExtension ms-vscode-remote.remote-wsl-recommender, startup: false, activationEvent: 'onStartupFinished'
[2021-12-15 16:40:30.708] [exthost] [info] extension host terminating: renderer closed the socket
[2021-12-15 16:40:30.712] [exthost] [info] Extension host with pid 18084 exiting with code 0
[2021-12-15 16:40:31.867] [exthost] [info] Extension host with pid 18524 started
[2021-12-15 16:40:31.867] [exthost] [info] Skipping acquiring lock for c:\Users\racarla1\Documents\Git\VSCode_Portable\Installation\VSCode-win32-x64-1.63.0\data\user-data\User\workspaceStorage\3925e85cc6f6a17a6cc3c141fb7950ef.
[2021-12-15 16:40:31.957] [exthost] [info] ExtensionService#_doActivateExtension vscode.microsoft-authentication, startup: false, activationEvent: 'onAuthenticationRequest:microsoft'
[2021-12-15 16:40:31.965] [exthost] [info] ExtensionService#_doActivateExtension cschlosser.doxdocgen, startup: false, activationEvent: 'onLanguage:cpp'
[2021-12-15 16:40:32.054] [exthost] [info] ExtensionService#_doActivateExtension ms-vscode.cpptools, startup: false, activationEvent: 'onLanguage:cpp'
[2021-12-15 16:40:32.081] [exthost] [info] ExtensionService#_doActivateExtension vscode.debug-auto-launch, startup: true, activationEvent: '*'
[2021-12-15 16:40:32.083] [exthost] [info] ExtensionService#_doActivateExtension vscode.git-base, startup: true, activationEvent: '*', root cause: vscode.github
[2021-12-15 16:40:32.086] [exthost] [info] ExtensionService#_doActivateExtension DanielLin.auto-header, startup: true, activationEvent: '*'
[2021-12-15 16:40:32.486] [exthost] [info] ExtensionService#_doActivateExtension vscode.configuration-editing, startup: false, activationEvent: 'onLanguage:json'
[2021-12-15 16:40:32.489] [exthost] [info] ExtensionService#_doActivateExtension vscode.extension-editing, startup: false, activationEvent: 'onLanguage:json'
[2021-12-15 16:40:32.494] [exthost] [info] ExtensionService#_doActivateExtension vscode.json-language-features, startup: false, activationEvent: 'onLanguage:json'
[2021-12-15 16:40:32.507] [exthost] [info] ExtensionService#_doActivateExtension vscode.npm, startup: false, activationEvent: 'onLanguage:json'
[2021-12-15 16:40:32.531] [exthost] [info] ExtensionService#_doActivateExtension vscode.git, startup: true, activationEvent: '*'
[2021-12-15 16:40:32.544] [exthost] [info] ExtensionService#_doActivateExtension vscode.github, startup: true, activationEvent: '*'
[2021-12-15 16:40:32.548] [exthost] [info] ExtensionService#_doActivateExtension platformio.platformio-ide, startup: true, activationEvent: '*'
[2021-12-15 16:40:32.819] [exthost] [info] ExtensionService#_doActivateExtension vscode.typescript-language-features, startup: false, activationEvent: 'onLanguage:jsonc'
[2021-12-15 16:40:32.826] [exthost] [info] ExtensionService#_doActivateExtension vscode.github-authentication, startup: false, activationEvent: 'onAuthenticationRequest:github'
[2021-12-15 16:40:32.877] [exthost] [info] Eager extensions activated
[2021-12-15 16:40:32.895] [exthost] [info] ExtensionService#_doActivateExtension vscode.emmet, startup: false, activationEvent: 'onStartupFinished'
[2021-12-15 16:40:32.900] [exthost] [info] ExtensionService#_doActivateExtension vscode.merge-conflict, startup: false, activationEvent: 'onStartupFinished'
[2021-12-15 16:40:32.902] [exthost] [info] ExtensionService#_doActivateExtension ms-vscode-remote.remote-wsl-recommender, startup: false, activationEvent: 'onStartupFinished'
[2021-12-15 16:40:33.385] [exthost] [warning] [Decorations] CAPPING events from decorations provider vscode.git 461
[2021-12-15 16:40:36.846] [exthost] [warning] [Decorations] CAPPING events from decorations provider vscode.git 471
[2021-12-15 16:41:57.095] [exthost] [warning] [Decorations] CAPPING events from decorations provider vscode.git 471
[2021-12-15 16:42:02.497] [exthost] [warning] [Decorations] CAPPING events from decorations provider vscode.git 471
[2021-12-15 16:42:18.830] [exthost] [warning] [Decorations] CAPPING events from decorations provider vscode.git 471
[2021-12-15 16:42:44.969] [exthost] [warning] [Decorations] CAPPING events from decorations provider vscode.git 472
[2021-12-15 16:48:12.009] [exthost] [warning] [Decorations] CAPPING events from decorations provider vscode.git 472
[2021-12-15 16:48:17.416] [exthost] [warning] [Decorations] CAPPING events from decorations provider vscode.git 471
[2021-12-15 16:51:09.372] [exthost] [warning] [Decorations] CAPPING events from decorations provider vscode.git 471
[2021-12-15 16:51:14.762] [exthost] [warning] [Decorations] CAPPING events from decorations provider vscode.git 471
[2021-12-15 16:51:47.952] [exthost] [warning] [Decorations] CAPPING events from decorations provider vscode.git 472
[2021-12-15 16:51:53.337] [exthost] [warning] [Decorations] CAPPING events from decorations provider vscode.git 472
[2021-12-15 16:52:57.647] [exthost] [warning] [Decorations] CAPPING events from decorations provider vscode.git 472
[2021-12-15 16:53:03.036] [exthost] [warning] [Decorations] CAPPING events from decorations provider vscode.git 472
[2021-12-15 16:54:18.589] [exthost] [warning] [Decorations] CAPPING events from decorations provider vscode.git 472
[2021-12-15 16:55:45.601] [exthost] [warning] [Decorations] CAPPING events from decorations provider vscode.git 472
[2021-12-15 16:56:13.422] [exthost] [warning] [Decorations] CAPPING events from decorations provider vscode.git 472
[2021-12-15 16:57:18.538] [exthost] [warning] [Decorations] CAPPING events from decorations provider vscode.git 472
[2021-12-15 16:59:53.649] [exthost] [warning] [Decorations] CAPPING events from decorations provider vscode.git 471
[2021-12-15 17:11:27.446] [exthost] [warning] [Decorations] CAPPING events from decorations provider vscode.git 471
[2021-12-15 17:11:32.836] [exthost] [warning] [Decorations] CAPPING events from decorations provider vscode.git 471
[2021-12-15 17:19:33.708] [exthost] [warning] [Decorations] CAPPING events from decorations provider vscode.git 613
[2021-12-15 17:31:49.267] [exthost] [warning] [Decorations] CAPPING events from decorations provider vscode.git 572
[2021-12-15 17:34:59.757] [exthost] [info] extension host terminating: renderer closed the socket
[2021-12-15 17:34:59.804] [exthost] [info] Extension host with pid 18524 exiting with code 0
