Jupyter Extension Version: 2021.11.1001550889.
Python Extension Verison: 2021.12.1559732655.
Info 11:53:32: Experimentation service retrieved: [object Object]
User belongs to experiment group 'jupyterTest'
User belongs to experiment group 'jupyterEnhancedDataViewer'
Info 11:53:32: ZMQ install verified.
Info 11:53:32: Experiment status for python is {"enabled":true,"optInto":[],"optOutFrom":[]}
Info 11:53:32: Setting setActiveController for c:\Users\racarla1\Documents\Git\VSCode_Portable\Projects\ButterworthFilter\Design\LowPassFilter_step.ipynb
Info 11:53:32: KernelProvider switched kernel to id = .jvsc74a57bd0ecf5722fdaf1897a315d257d89d94520bfcaa453217d5becf09b39e73618b0de.C:\ProgramData\Miniconda3\python.exe.C:\ProgramData\Miniconda3\python.exe.-m#ipykernel_launcher
Info 11:53:32: Starting Notebook in kernel.ts id = .jvsc74a57bd0ecf5722fdaf1897a315d257d89d94520bfcaa453217d5becf09b39e73618b0de.C:\ProgramData\Miniconda3\python.exe.C:\ProgramData\Miniconda3\python.exe.-m#ipykernel_launcher
Info 11:53:32: Creating raw notebook for c:\Users\racarla1\Documents\Git\VSCode_Portable\Projects\ButterworthFilter\Design\LowPassFilter_step.ipynb
Info 11:53:32: Getting preferred kernel for c:\Users\racarla1\Documents\Git\VSCode_Portable\Projects\ButterworthFilter\Design\LowPassFilter_step.ipynb
Info 11:53:32: Computing working directory c:\Users\racarla1\Documents\Git\VSCode_Portable\Projects\ButterworthFilter\Design\LowPassFilter_step.ipynb
Info 11:53:32: Starting raw kernel base (Python 3.9.7)
Info 11:53:32: installMissingDependencies C:\ProgramData\Miniconda3\python.exe
Info 11:53:32: IPykernel found previously in this enviornment C:\ProgramData\Miniconda3\python.exe
Info 11:53:32: Kernel launching with ports 9000,9001,9002,9003,9004. Start port is 9000
Info 11:53:32: Launching kernel daemon for Python 3.9.7 64-bit ('base': conda) # C:\ProgramData\Miniconda3\python.exe
Info 11:53:32: Creating controller for jupyter-notebook with interpreter C:\ProgramData\Miniconda3\python.exe
Info 11:53:32: Find preferred kernel for c:\Users\racarla1\Documents\Git\VSCode_Portable\Projects\ButterworthFilter\Design\LowPassFilter_step.ipynb with metadata {"kernelspec":{"display_name":"Python 3","language":"python","name":"python3"},"language_info":{"codemirror_mode":{"name":"ipython","version":3},"file_extension":".py","mimetype":"text/x-python","name":"python","nbconvert_exporter":"python","pygments_lexer":"ipython3","version":"3.9.7"}} & preferred interpreter C:\ProgramData\Miniconda3\python.exe
Info 11:53:32: findKernel found Python 3.9.7 64-bit
Info 11:53:32: PreferredConnection: .jvsc74a57bd055e6edab1a59ae4a97c66f3d6cfb332611812d02aad2a23f5e8043bbee13845b.C:\Users\racarla1\AppData\Local\Programs\Python\Python39\python.exe.C:\Users\racarla1\AppData\Local\Programs\Python\Python39\python.exe.-m#ipykernel_launcher found for NotebookDocument: c:\Users\racarla1\Documents\Git\VSCode_Portable\Projects\ButterworthFilter\Design\LowPassFilter_step.ipynb
Info 11:53:32: TargetController found ID: .jvsc74a57bd055e6edab1a59ae4a97c66f3d6cfb332611812d02aad2a23f5e8043bbee13845b.C:\Users\racarla1\AppData\Local\Programs\Python\Python39\python.exe.C:\Users\racarla1\AppData\Local\Programs\Python\Python39\python.exe.-m#ipykernel_launcher for document c:\Users\racarla1\Documents\Git\VSCode_Portable\Projects\ButterworthFilter\Design\LowPassFilter_step.ipynb
Info 11:53:32: Setting controller affinity for c:\Users\racarla1\Documents\Git\VSCode_Portable\Projects\ButterworthFilter\Design\LowPassFilter_step.ipynb .jvsc74a57bd055e6edab1a59ae4a97c66f3d6cfb332611812d02aad2a23f5e8043bbee13845b.C:\Users\racarla1\AppData\Local\Programs\Python\Python39\python.exe.C:\Users\racarla1\AppData\Local\Programs\Python\Python39\python.exe.-m#ipykernel_launcher
Info 11:53:33: Registering dummy command feature
Info 11:53:33: Process Execution: > C:\ProgramData\Miniconda3\python.exe -m pip list
> C:\ProgramData\Miniconda3\python.exe -m pip list
Info 11:53:33: Creating daemon process for C:\ProgramData\Miniconda3\python.exe with env variables count 79
Info 11:53:33: Process Execution: > C:\ProgramData\Miniconda3\python.exe -m vscode_datascience_helpers.daemon --daemon-module=vscode_datascience_helpers.kernel_launcher_daemon -v
> C:\ProgramData\Miniconda3\python.exe -m vscode_datascience_helpers.daemon --daemon-module=vscode_datascience_helpers.kernel_launcher_daemon -v
Info 11:53:33: Starting kernel from scratch
Warn 11:53:34: StdErr from Kernel Process C:\ProgramData\Miniconda3\lib\site-packages\traitlets\traitlets.py:2202: FutureWarning: Supporting extra quotes around strings is deprecated in traitlets 5.0. You can use 'hmac-sha256' instead of '"hmac-sha256"' if you require traitlets >=5.

Warn 11:53:34: StdErr from Kernel Process   warn(

Warn 11:53:34: StdErr from Kernel Process C:\ProgramData\Miniconda3\lib\site-packages\traitlets\traitlets.py:2157: FutureWarning: Supporting extra quotes around Bytes is deprecated in traitlets 5.0. Use 'fcf934a5-913d-4077-955c-e6ee2738e0e8' instead of 'b"fcf934a5-913d-4077-955c-e6ee2738e0e8"'.

Warn 11:53:34: StdErr from Kernel Process   warn(

Info 11:53:35: Raw session started and connected
Started kernel base (Python 3.9.7)
Info 11:53:35: Finished connecting 02ed7da8-7366-432f-ad44-bc92d9f1d50e
Info 11:53:35: UpdateWorkingDirectoryAndPath in Kernel
Info 11:53:35: changeDirectoryIfPossible
Info 11:53:35: Executing (status idle) silently Code = import os\nimport sys\n%cd "c:\Users\racarla1\Documents\Git\VSCode_Portable\Projects\ButterworthFilter
Info 11:53:35: Executing silently Code (completed) = import os\nimport sys\n%cd "c:\Users\racarla1\Documents\Git\VSCode_Portable\Projects\ButterworthFilter
Info 11:53:35: Executing (status idle) silently Code = %config Completer.use_jedi = False
Info 11:53:35: Executing silently Code (completed) = %config Completer.use_jedi = False
Info 11:53:35: Executing (status idle) silently Code = %config InlineBackend.figure_formats = ['png']
Info 11:53:35: Executing silently Code (completed) = %config InlineBackend.figure_formats = ['png']
Info 11:53:35: Executing (status idle) silently Code = import sys\nprint(sys.executable)
Info 11:53:35: Executing silently Code (completed) = import sys\nprint(sys.executable)
Info 11:53:35: Waiting for idle on (kernel): 6c423865-372e-4fd2-afae-11bcb627abd2 -> idle
Info 11:53:35: Finished waiting for idle on (kernel): 6c423865-372e-4fd2-afae-11bcb627abd2 -> idle
Info 11:53:35: IPyWidgetScriptSource.initialize
Info 17:01:06: Shutting down notebooks for 02ed7da8-7366-432f-ad44-bc92d9f1d50e
Info 17:01:06: Disposing HostJupyterExecution adbde2cc-80a7-45c5-9e48-dbf51ac431aa
Info 17:01:06: Disposing super HostJupyterExecution adbde2cc-80a7-45c5-9e48-dbf51ac431aa
Info 17:01:06: Dispose kernel file:///c%3A/Users/racarla1/Documents/Git/VSCode_Portable/Projects/ButterworthFilter/Design/LowPassFilter_step.ipynb
Info 17:01:06: Dispose Kernel process
Info 17:01:06: kill daemon
Info 17:01:06: Disposing HostJupyterExecution adbde2cc-80a7-45c5-9e48-dbf51ac431aa
Info 17:01:06: Finished disposing HostJupyterExecution  adbde2cc-80a7-45c5-9e48-dbf51ac431aa
Info 17:01:06: Cleaning up server cache adbde2cc-80a7-45c5-9e48-dbf51ac431aa
Info 17:01:06: Finished disposing HostJupyterExecution  adbde2cc-80a7-45c5-9e48-dbf51ac431aa
