[2021-12-08 22:36:54.499] [exthost] [info] Extension host with pid 7800 started
[2021-12-08 22:36:54.499] [exthost] [info] Skipping acquiring lock for c:\Users\Racarla\Documents\Git\VSCode_Portable\VSCode-win32-x64-1.62.3\data\user-data\User\workspaceStorage\7ff97993836afdab89a965b910251ee1.
[2021-12-08 22:36:54.632] [exthost] [info] ExtensionService#_doActivateExtension vscode.microsoft-authentication, startup: false, activationEvent: 'onAuthenticationRequest:microsoft'
[2021-12-08 22:36:54.759] [exthost] [info] ExtensionService#_doActivateExtension cschlosser.doxdocgen, startup: false, activationEvent: 'onLanguage:cpp'
[2021-12-08 22:36:55.981] [exthost] [info] ExtensionService#_doActivateExtension ms-vscode.cpptools, startup: false, activationEvent: 'onLanguage:cpp'
[2021-12-08 22:36:56.361] [exthost] [info] ExtensionService#_doActivateExtension vscode.debug-auto-launch, startup: true, activationEvent: '*'
[2021-12-08 22:36:56.389] [exthost] [info] ExtensionService#_doActivateExtension vscode.git, startup: true, activationEvent: '*', root cause: vscode.github
[2021-12-08 22:36:56.762] [exthost] [info] ExtensionService#_doActivateExtension vscode.github-authentication, startup: false, activationEvent: 'onAuthenticationRequest:github'
[2021-12-08 22:36:56.821] [exthost] [info] ExtensionService#_doActivateExtension vscode.configuration-editing, startup: false, activationEvent: 'onLanguage:json'
[2021-12-08 22:36:56.860] [exthost] [info] ExtensionService#_doActivateExtension vscode.extension-editing, startup: false, activationEvent: 'onLanguage:json'
[2021-12-08 22:36:56.940] [exthost] [info] ExtensionService#_doActivateExtension vscode.json-language-features, startup: false, activationEvent: 'onLanguage:json'
[2021-12-08 22:36:57.053] [exthost] [info] ExtensionService#_doActivateExtension vscode.npm, startup: false, activationEvent: 'onLanguage:json'
[2021-12-08 22:36:57.174] [exthost] [info] ExtensionService#_doActivateExtension vscode.typescript-language-features, startup: false, activationEvent: 'onLanguage:jsonc'
[2021-12-08 22:36:57.491] [exthost] [info] ExtensionService#_doActivateExtension vscode.github, startup: true, activationEvent: '*'
[2021-12-08 22:36:57.537] [exthost] [info] ExtensionService#_doActivateExtension platformio.platformio-ide, startup: true, activationEvent: '*'
[2021-12-08 22:37:01.644] [exthost] [info] Eager extensions activated
[2021-12-08 22:37:01.711] [exthost] [info] ExtensionService#_doActivateExtension vscode.merge-conflict, startup: false, activationEvent: 'onStartupFinished'
[2021-12-08 22:37:01.736] [exthost] [info] ExtensionService#_doActivateExtension ms-vscode-remote.remote-wsl-recommender, startup: false, activationEvent: 'onStartupFinished'
[2021-12-08 22:37:23.832] [exthost] [info] extension host terminating: renderer closed the socket
[2021-12-08 22:37:24.844] [exthost] [info] Extension host with pid 7800 exiting with code 0
[2021-12-08 22:37:25.538] [exthost] [info] Extension host with pid 17052 started
[2021-12-08 22:37:25.539] [exthost] [info] Skipping acquiring lock for c:\Users\Racarla\Documents\Git\VSCode_Portable\VSCode-win32-x64-1.62.3\data\user-data\User\workspaceStorage\1477bad2d70f40d1cddc8d8d10b3b643.
[2021-12-08 22:37:25.629] [exthost] [info] ExtensionService#_doActivateExtension vscode.microsoft-authentication, startup: false, activationEvent: 'onAuthenticationRequest:microsoft'
[2021-12-08 22:37:25.640] [exthost] [info] ExtensionService#_doActivateExtension vscode.debug-auto-launch, startup: true, activationEvent: '*'
[2021-12-08 22:37:25.644] [exthost] [info] ExtensionService#_doActivateExtension vscode.git, startup: true, activationEvent: '*', root cause: vscode.github
[2021-12-08 22:37:25.823] [exthost] [info] ExtensionService#_doActivateExtension vscode.github, startup: true, activationEvent: '*'
[2021-12-08 22:37:25.861] [exthost] [info] Eager extensions activated
[2021-12-08 22:37:25.867] [exthost] [info] ExtensionService#_doActivateExtension vscode.merge-conflict, startup: false, activationEvent: 'onStartupFinished'
[2021-12-08 22:37:25.872] [exthost] [info] ExtensionService#_doActivateExtension ms-vscode-remote.remote-wsl-recommender, startup: false, activationEvent: 'onStartupFinished'
[2021-12-08 22:37:25.886] [exthost] [info] ExtensionService#_doActivateExtension vscode.github-authentication, startup: false, activationEvent: 'onAuthenticationRequest:github'
[2021-12-08 22:37:26.122] [exthost] [info] ExtensionService#_doActivateExtension ms-vscode.cpptools, startup: false, activationEvent: '*', root cause: platformio.platformio-ide
[2021-12-08 22:37:26.279] [exthost] [info] ExtensionService#_doActivateExtension platformio.platformio-ide, startup: false, activationEvent: '*'
[2021-12-08 22:37:35.177] [exthost] [info] ExtensionService#_doActivateExtension vscode.ipynb, startup: false, activationEvent: 'onNotebook:jupyter-notebook}'
[2021-12-08 22:37:35.339] [exthost] [info] ExtensionService#_doActivateExtension ms-toolsai.jupyter, startup: false, activationEvent: 'onNotebook:jupyter-notebook'
[2021-12-08 22:37:35.861] [exthost] [info] ExtensionService#_doActivateExtension ms-toolsai.jupyter-renderers, startup: false, activationEvent: 'onNotebook:*'
[2021-12-08 22:37:36.323] [exthost] [info] ExtensionService#_doActivateExtension ms-python.python, startup: false, activationEvent: 'api', root cause: ms-toolsai.jupyter
[2021-12-08 22:37:36.882] [exthost] [info] ExtensionService#_doActivateExtension ms-python.vscode-pylance, startup: false, activationEvent: 'onLanguage:python'
[2021-12-08 22:38:07.735] [exthost] [error] [ms-toolsai.jupyter] provider FAILED
[2021-12-08 22:38:07.735] [exthost] [error] Canceled: Canceled
	at w.makeCancelError (c:\Users\Racarla\Documents\Git\VSCode_Portable\VSCode-win32-x64-1.62.3\data\extensions\ms-toolsai.jupyter-2021.10.1101450599\out\client\extension.js:16:170296)
	at w.handleFailedRequest (c:\Users\Racarla\Documents\Git\VSCode_Portable\VSCode-win32-x64-1.62.3\data\extensions\ms-toolsai.jupyter-2021.10.1101450599\out\client\extension.js:16:170147)
	at c:\Users\Racarla\Documents\Git\VSCode_Portable\VSCode-win32-x64-1.62.3\data\extensions\ms-toolsai.jupyter-2021.10.1101450599\out\client\extension.js:16:130489
	at async d.provideHover (c:\Users\Racarla\Documents\Git\VSCode_Portable\VSCode-win32-x64-1.62.3\resources\app\out\vs\workbench\services\extensions\node\extensionHostProcess.js:94:170516)
[2021-12-08 22:43:54.985] [exthost] [info] ExtensionService#_doActivateExtension vscode.configuration-editing, startup: false, activationEvent: 'onLanguage:jsonc'
[2021-12-08 22:43:54.990] [exthost] [info] ExtensionService#_doActivateExtension vscode.json-language-features, startup: false, activationEvent: 'onLanguage:jsonc'
[2021-12-08 22:43:55.008] [exthost] [info] ExtensionService#_doActivateExtension vscode.typescript-language-features, startup: false, activationEvent: 'onLanguage:jsonc'
[2021-12-08 22:46:24.563] [exthost] [error] [ms-toolsai.jupyter] provider FAILED
[2021-12-08 22:46:24.563] [exthost] [error] Canceled: Canceled
	at w.makeCancelError (c:\Users\Racarla\Documents\Git\VSCode_Portable\VSCode-win32-x64-1.62.3\data\extensions\ms-toolsai.jupyter-2021.10.1101450599\out\client\extension.js:16:170296)
	at w.handleFailedRequest (c:\Users\Racarla\Documents\Git\VSCode_Portable\VSCode-win32-x64-1.62.3\data\extensions\ms-toolsai.jupyter-2021.10.1101450599\out\client\extension.js:16:170147)
	at c:\Users\Racarla\Documents\Git\VSCode_Portable\VSCode-win32-x64-1.62.3\data\extensions\ms-toolsai.jupyter-2021.10.1101450599\out\client\extension.js:16:130489
	at async d.provideHover (c:\Users\Racarla\Documents\Git\VSCode_Portable\VSCode-win32-x64-1.62.3\resources\app\out\vs\workbench\services\extensions\node\extensionHostProcess.js:94:170516)
[2021-12-08 22:46:32.820] [exthost] [error] [ms-toolsai.jupyter] provider FAILED
[2021-12-08 22:46:32.820] [exthost] [error] Canceled: Canceled
	at w.makeCancelError (c:\Users\Racarla\Documents\Git\VSCode_Portable\VSCode-win32-x64-1.62.3\data\extensions\ms-toolsai.jupyter-2021.10.1101450599\out\client\extension.js:16:170296)
	at w.handleFailedRequest (c:\Users\Racarla\Documents\Git\VSCode_Portable\VSCode-win32-x64-1.62.3\data\extensions\ms-toolsai.jupyter-2021.10.1101450599\out\client\extension.js:16:170147)
	at c:\Users\Racarla\Documents\Git\VSCode_Portable\VSCode-win32-x64-1.62.3\data\extensions\ms-toolsai.jupyter-2021.10.1101450599\out\client\extension.js:16:130489
	at async d.provideHover (c:\Users\Racarla\Documents\Git\VSCode_Portable\VSCode-win32-x64-1.62.3\resources\app\out\vs\workbench\services\extensions\node\extensionHostProcess.js:94:170516)
[2021-12-08 22:49:51.421] [exthost] [info] extension host terminating: renderer closed the socket
[2021-12-08 22:49:51.438] [exthost] [error] TypeError: Cannot read property 'timeTelemetryCollector' of undefined
	at Object.deactivate (c:\Users\Racarla\Documents\Git\VSCode_Portable\VSCode-win32-x64-1.62.3\data\extensions\ms-vscode.cpptools-1.7.1\dist\main.js:49395:13)
	at Object.deactivate (c:\Users\Racarla\Documents\Git\VSCode_Portable\VSCode-win32-x64-1.62.3\data\extensions\ms-vscode.cpptools-1.7.1\dist\main.js:54453:27)
	at w._deactivate (c:\Users\Racarla\Documents\Git\VSCode_Portable\VSCode-win32-x64-1.62.3\resources\app\out\vs\workbench\services\extensions\node\extensionHostProcess.js:99:11449)
	at c:\Users\Racarla\Documents\Git\VSCode_Portable\VSCode-win32-x64-1.62.3\resources\app\out\vs\workbench\services\extensions\node\extensionHostProcess.js:99:9997
	at Array.map (<anonymous>)
	at w.deactivateAll (c:\Users\Racarla\Documents\Git\VSCode_Portable\VSCode-win32-x64-1.62.3\resources\app\out\vs\workbench\services\extensions\node\extensionHostProcess.js:99:9985)
	at b.terminate (c:\Users\Racarla\Documents\Git\VSCode_Portable\VSCode-win32-x64-1.62.3\resources\app\out\vs\workbench\services\extensions\node\extensionHostProcess.js:103:735)
	at o (c:\Users\Racarla\Documents\Git\VSCode_Portable\VSCode-win32-x64-1.62.3\resources\app\out\vs\workbench\services\extensions\node\extensionHostProcess.js:113:32681)
	at Socket.<anonymous> (c:\Users\Racarla\Documents\Git\VSCode_Portable\VSCode-win32-x64-1.62.3\resources\app\out\vs\workbench\services\extensions\node\extensionHostProcess.js:113:30296)
	at Socket.emit (events.js:327:22)
	at Socket.EventEmitter.emit (domain.js:467:12)
	at Pipe.<anonymous> (net.js:673:12)
[2021-12-08 22:49:51.443] [exthost] [error] Error: IPyKernel not installed into interpreter Python 3.9.3 64-bit:C:\Users\Racarla\AppData\Local\Programs\Python\Python39\python.exe
	at S.handleKernelDependencyResponse (c:\Users\Racarla\Documents\Git\VSCode_Portable\VSCode-win32-x64-1.62.3\data\extensions\ms-toolsai.jupyter-2021.10.1101450599\out\client\extension.js:66:1226298)
	at processTicksAndRejections (internal/process/task_queues.js:93:5)
	at async S.installMissingDependencies (c:\Users\Racarla\Documents\Git\VSCode_Portable\VSCode-win32-x64-1.62.3\data\extensions\ms-toolsai.jupyter-2021.10.1101450599\out\client\extension.js:66:1225820)
[2021-12-08 22:49:52.444] [exthost] [info] Extension host with pid 17052 exiting with code 0
