[2022-01-09 16:22:06.679] [exthost] [info] Extension host with pid 8704 started
[2022-01-09 16:22:06.679] [exthost] [info] Skipping acquiring lock for c:\Users\Racarla\Documents\Git\VSCode_Portable\Installation\VSCode-win32-x64-1.63.0\data\user-data\User\workspaceStorage\9a0a36592abf876bdcaa278495079214.
[2022-01-09 16:22:06.872] [exthost] [info] ExtensionService#_doActivateExtension vscode.microsoft-authentication, startup: false, activationEvent: 'onAuthenticationRequest:microsoft'
[2022-01-09 16:22:07.034] [exthost] [info] ExtensionService#_doActivateExtension cschlosser.doxdocgen, startup: false, activationEvent: 'onLanguage:cpp'
[2022-01-09 16:22:08.357] [exthost] [info] ExtensionService#_doActivateExtension ms-vscode.cpptools, startup: false, activationEvent: 'onLanguage:cpp'
[2022-01-09 16:22:08.668] [exthost] [info] ExtensionService#_doActivateExtension vscode.debug-auto-launch, startup: true, activationEvent: '*'
[2022-01-09 16:22:08.706] [exthost] [info] ExtensionService#_doActivateExtension vscode.git-base, startup: true, activationEvent: '*', root cause: vscode.github
[2022-01-09 16:22:08.739] [exthost] [info] ExtensionService#_doActivateExtension DanielLin.auto-header, startup: true, activationEvent: '*'
[2022-01-09 16:22:08.910] [exthost] [info] ExtensionService#_doActivateExtension ritwickdey.LiveServer, startup: true, activationEvent: '*'
[2022-01-09 16:22:14.120] [exthost] [info] Not activating extension 'ms-vscode.cmake-tools': Timed out while searching for 'workspaceContains' pattern */CMakeLists.txt,*/*/CMakeLists.txt,*/*/*/CMakeLists.txt
[2022-01-09 16:22:14.470] [exthost] [info] ExtensionService#_doActivateExtension vscode.github-authentication, startup: false, activationEvent: 'onAuthenticationRequest:github'
[2022-01-09 16:22:14.520] [exthost] [info] ExtensionService#_doActivateExtension vscode.git, startup: true, activationEvent: '*'
[2022-01-09 16:22:14.696] [exthost] [info] ExtensionService#_doActivateExtension vscode.github, startup: true, activationEvent: '*'
[2022-01-09 16:22:14.743] [exthost] [info] ExtensionService#_doActivateExtension platformio.platformio-ide, startup: true, activationEvent: '*'
[2022-01-09 16:22:18.489] [exthost] [info] ExtensionService#_doActivateExtension vscode.configuration-editing, startup: false, activationEvent: 'onLanguage:json'
[2022-01-09 16:22:18.524] [exthost] [info] ExtensionService#_doActivateExtension vscode.extension-editing, startup: false, activationEvent: 'onLanguage:json'
[2022-01-09 16:22:18.608] [exthost] [info] ExtensionService#_doActivateExtension vscode.json-language-features, startup: false, activationEvent: 'onLanguage:json'
[2022-01-09 16:22:18.727] [exthost] [info] ExtensionService#_doActivateExtension vscode.npm, startup: false, activationEvent: 'onLanguage:json'
[2022-01-09 16:22:18.978] [exthost] [info] ExtensionService#_doActivateExtension vscode.emmet, startup: false, activationEvent: 'onStartupFinished'
[2022-01-09 16:22:19.097] [exthost] [info] ExtensionService#_doActivateExtension vscode.merge-conflict, startup: false, activationEvent: 'onStartupFinished'
[2022-01-09 16:22:19.119] [exthost] [info] ExtensionService#_doActivateExtension ms-vscode-remote.remote-wsl-recommender, startup: false, activationEvent: 'onStartupFinished'
[2022-01-09 16:22:19.161] [exthost] [info] ExtensionService#_doActivateExtension vscode.typescript-language-features, startup: false, activationEvent: 'onLanguage:jsonc'
[2022-01-09 16:22:19.780] [exthost] [info] Eager extensions activated
[2022-01-09 16:24:29.059] [exthost] [info] extension host terminating: renderer closed the socket
[2022-01-09 16:24:29.126] [exthost] [info] Extension host with pid 8704 exiting with code 0
[2022-01-09 16:24:31.082] [exthost] [info] Extension host with pid 12548 started
[2022-01-09 16:24:31.082] [exthost] [info] Skipping acquiring lock for c:\Users\Racarla\Documents\Git\VSCode_Portable\Installation\VSCode-win32-x64-1.63.0\data\user-data\User\workspaceStorage\ce6b1537640c1e2138b02ac4bd5ef494.
[2022-01-09 16:24:31.175] [exthost] [info] ExtensionService#_doActivateExtension vscode.microsoft-authentication, startup: false, activationEvent: 'onAuthenticationRequest:microsoft'
[2022-01-09 16:24:31.187] [exthost] [info] ExtensionService#_doActivateExtension vscode.debug-auto-launch, startup: true, activationEvent: '*'
[2022-01-09 16:24:31.192] [exthost] [info] ExtensionService#_doActivateExtension vscode.git-base, startup: true, activationEvent: '*', root cause: vscode.github
[2022-01-09 16:24:31.232] [exthost] [info] ExtensionService#_doActivateExtension vscode.git, startup: true, activationEvent: '*'
[2022-01-09 16:24:31.250] [exthost] [info] ExtensionService#_doActivateExtension vscode.github, startup: true, activationEvent: '*'
[2022-01-09 16:24:31.308] [exthost] [info] ExtensionService#_doActivateExtension vscode.github-authentication, startup: false, activationEvent: 'onAuthenticationRequest:github'
[2022-01-09 16:24:31.378] [exthost] [info] Eager extensions activated
[2022-01-09 16:24:31.390] [exthost] [info] ExtensionService#_doActivateExtension vscode.emmet, startup: false, activationEvent: 'onStartupFinished'
[2022-01-09 16:24:31.399] [exthost] [info] ExtensionService#_doActivateExtension vscode.merge-conflict, startup: false, activationEvent: 'onStartupFinished'
[2022-01-09 16:24:31.403] [exthost] [info] ExtensionService#_doActivateExtension ms-vscode-remote.remote-wsl-recommender, startup: false, activationEvent: 'onStartupFinished'
[2022-01-09 16:24:33.981] [exthost] [info] ExtensionService#_doActivateExtension DanielLin.auto-header, startup: false, activationEvent: '*'
[2022-01-09 16:24:34.017] [exthost] [info] ExtensionService#_doActivateExtension ms-vscode.cpptools, startup: false, activationEvent: '*', root cause: platformio.platformio-ide
[2022-01-09 16:24:34.080] [exthost] [info] ExtensionService#_doActivateExtension ritwickdey.LiveServer, startup: false, activationEvent: '*'
[2022-01-09 16:24:34.789] [exthost] [info] ExtensionService#_doActivateExtension ms-vscode.cmake-tools, startup: false, activationEvent: 'workspaceContains:*/CMakeLists.txt,*/*/CMakeLists.txt,*/*/*/CMakeLists.txt'
[2022-01-09 16:24:35.231] [exthost] [info] ExtensionService#_doActivateExtension platformio.platformio-ide, startup: false, activationEvent: '*'
[2022-01-09 16:24:44.903] [exthost] [info] ExtensionService#_doActivateExtension marlinfirmware.auto-build, startup: false, activationEvent: '*'
[2022-01-09 16:25:10.214] [exthost] [info] ExtensionService#_doActivateExtension cschlosser.doxdocgen, startup: false, activationEvent: 'onLanguage:cpp'
[2022-01-09 16:25:46.854] [exthost] [info] ExtensionService#_doActivateExtension vscode.configuration-editing, startup: false, activationEvent: 'onLanguage:json'
[2022-01-09 16:25:46.860] [exthost] [info] ExtensionService#_doActivateExtension vscode.extension-editing, startup: false, activationEvent: 'onLanguage:json'
[2022-01-09 16:25:46.869] [exthost] [info] ExtensionService#_doActivateExtension vscode.json-language-features, startup: false, activationEvent: 'onLanguage:json'
[2022-01-09 16:25:46.890] [exthost] [info] ExtensionService#_doActivateExtension vscode.npm, startup: false, activationEvent: 'onLanguage:json'
[2022-01-09 16:37:54.718] [exthost] [info] extension host terminating: renderer closed the socket
[2022-01-09 16:37:54.786] [exthost] [error] [ms-vscode.cpptools] provider FAILED
[2022-01-09 16:37:54.786] [exthost] [error] Error: Connection got disposed.
	at Object.dispose (c:\Users\Racarla\Documents\Git\VSCode_Portable\Installation\VSCode-win32-x64-1.63.0\data\extensions\ms-vscode.cpptools-1.8.0-insiders2\dist\main.js:59131:25)
	at Object.dispose (c:\Users\Racarla\Documents\Git\VSCode_Portable\Installation\VSCode-win32-x64-1.63.0\data\extensions\ms-vscode.cpptools-1.8.0-insiders2\dist\main.js:60051:35)
	at c:\Users\Racarla\Documents\Git\VSCode_Portable\Installation\VSCode-win32-x64-1.63.0\data\extensions\ms-vscode.cpptools-1.8.0-insiders2\dist\main.js:62045:28
	at async Promise.all (index 17)
	at async v.deactivateAll (c:\Users\Racarla\Documents\Git\VSCode_Portable\Installation\VSCode-win32-x64-1.63.0\resources\app\out\vs\workbench\services\extensions\node\extensionHostProcess.js:100:10087)
[2022-01-09 16:37:54.786] [exthost] [error] [ms-vscode.cpptools] provider FAILED
[2022-01-09 16:37:54.786] [exthost] [error] Error: Connection got disposed.
	at Object.dispose (c:\Users\Racarla\Documents\Git\VSCode_Portable\Installation\VSCode-win32-x64-1.63.0\data\extensions\ms-vscode.cpptools-1.8.0-insiders2\dist\main.js:59131:25)
	at Object.dispose (c:\Users\Racarla\Documents\Git\VSCode_Portable\Installation\VSCode-win32-x64-1.63.0\data\extensions\ms-vscode.cpptools-1.8.0-insiders2\dist\main.js:60051:35)
	at c:\Users\Racarla\Documents\Git\VSCode_Portable\Installation\VSCode-win32-x64-1.63.0\data\extensions\ms-vscode.cpptools-1.8.0-insiders2\dist\main.js:62045:28
	at async Promise.all (index 17)
	at async v.deactivateAll (c:\Users\Racarla\Documents\Git\VSCode_Portable\Installation\VSCode-win32-x64-1.63.0\resources\app\out\vs\workbench\services\extensions\node\extensionHostProcess.js:100:10087)
[2022-01-09 16:37:54.786] [exthost] [info] Extension host with pid 12548 exiting with code 0
