La validación encontró Git en: C:\Program Files\Git\cmd\git.exe
Usando GIT 2.29.2.windows.3 desde C:\Program Files\Git\cmd\git.exe
> git rev-parse --git-dir
Open repository: c:\Users\racarla1\Documents\Git\VSCode_Portable
> git status -z -u
> git check-ignore -v -z --stdin
> git show --textconv :Projects/ESP32_FREERTOS_Example_1/platformio.ini
> git ls-files --stage -- C:\Users\racarla1\Documents\Git\VSCode_Portable\Projects\ESP32_FREERTOS_Example_1\platformio.ini
> git check-ignore -v -z --stdin
> git check-ignore -v -z --stdin
> git check-ignore -v -z --stdin
> git show --textconv :Projects/ESP32_FREERTOS_Example_1/lib/scheduler/example/test/xil_main.c
> git ls-files --stage -- C:\Users\racarla1\Documents\Git\VSCode_Portable\Projects\ESP32_FREERTOS_Example_1\lib\scheduler\example\test\xil_main.c
> git show --textconv :Projects/ESP32_FREERTOS_Example_1/lib/scheduler/example/test/main.c
> git ls-files --stage -- C:\Users\racarla1\Documents\Git\VSCode_Portable\Projects\ESP32_FREERTOS_Example_1\lib\scheduler\example\test\main.c
> git check-ignore -v -z --stdin
> git show --textconv :Projects/ESP32_FREERTOS_Example_1/lib/scheduler/src/scheduler.h
> git ls-files --stage -- C:\Users\racarla1\Documents\Git\VSCode_Portable\Projects\ESP32_FREERTOS_Example_1\lib\scheduler\src\scheduler.h
> git show --textconv :Projects/ESP32_FREERTOS_Example_1/src/CMakeLists.txt
> git ls-files --stage -- C:\Users\racarla1\Documents\Git\VSCode_Portable\Projects\ESP32_FREERTOS_Example_1\src\CMakeLists.txt
> git show --textconv :Projects/ESP32_FREERTOS_Example_1/src/main.c
> git ls-files --stage -- C:\Users\racarla1\Documents\Git\VSCode_Portable\Projects\ESP32_FREERTOS_Example_1\src\main.c
> git show --textconv :Projects/ESP32_FREERTOS_Example_1/lib/scheduler/example/test/main.c
> git ls-files --stage -- C:\Users\racarla1\Documents\Git\VSCode_Portable\Projects\ESP32_FREERTOS_Example_1\lib\scheduler\example\test\main.c
> git show --textconv :Projects/ESP32_FREERTOS_Example_1/lib/scheduler/src/scheduler.c
> git ls-files --stage -- C:\Users\racarla1\Documents\Git\VSCode_Portable\Projects\ESP32_FREERTOS_Example_1\lib\scheduler\src\scheduler.c
> git show --textconv :Projects/ESP32_FREERTOS_Example_1/src/main.c
> git ls-files --stage -- C:\Users\racarla1\Documents\Git\VSCode_Portable\Projects\ESP32_FREERTOS_Example_1\src\main.c
> git show --textconv :Projects/ESP32_FREERTOS_Example_1/lib/scheduler/src/scheduler.c
> git ls-files --stage -- C:\Users\racarla1\Documents\Git\VSCode_Portable\Projects\ESP32_FREERTOS_Example_1\lib\scheduler\src\scheduler.c
> git show --textconv :Projects/ESP32_FREERTOS_Example_1/lib/scheduler/example/test/main.c
> git ls-files --stage -- C:\Users\racarla1\Documents\Git\VSCode_Portable\Projects\ESP32_FREERTOS_Example_1\lib\scheduler\example\test\main.c
> git show --textconv :Projects/ESP32_FREERTOS_Example_1/lib/scheduler/src/scheduler.c
> git ls-files --stage -- C:\Users\racarla1\Documents\Git\VSCode_Portable\Projects\ESP32_FREERTOS_Example_1\lib\scheduler\src\scheduler.c
> git show --textconv :Projects/ESP32_FREERTOS_Example_1/src/main.c
> git ls-files --stage -- C:\Users\racarla1\Documents\Git\VSCode_Portable\Projects\ESP32_FREERTOS_Example_1\src\main.c
> git show --textconv :Projects/ESP32_FREERTOS_Example_1/src/CMakeLists.txt
> git ls-files --stage -- C:\Users\racarla1\Documents\Git\VSCode_Portable\Projects\ESP32_FREERTOS_Example_1\src\CMakeLists.txt
> git show --textconv :Projects/ESP32_FREERTOS_Example_1/CMakeLists.txt
> git ls-files --stage -- C:\Users\racarla1\Documents\Git\VSCode_Portable\Projects\ESP32_FREERTOS_Example_1\CMakeLists.txt
> git show --textconv :Projects/ESP32_FREERTOS_Example_1/src/CMakeLists.txt
> git ls-files --stage -- C:\Users\racarla1\Documents\Git\VSCode_Portable\Projects\ESP32_FREERTOS_Example_1\src\CMakeLists.txt
> git show --textconv :Projects/ESP32_FREERTOS_Example_1/src/main.c
> git ls-files --stage -- C:\Users\racarla1\Documents\Git\VSCode_Portable\Projects\ESP32_FREERTOS_Example_1\src\main.c
> git show --textconv :Projects/ESP32_FREERTOS_Example_1/src/CMakeLists.txt
> git ls-files --stage -- C:\Users\racarla1\Documents\Git\VSCode_Portable\Projects\ESP32_FREERTOS_Example_1\src\CMakeLists.txt
> git ls-files --stage -- C:\Users\racarla1\Documents\Git\VSCode_Portable\Projects\ESP32_FREERTOS_Example_1\src\CMakeLists.txt
> git show --textconv :Projects/ESP32_FREERTOS_Example_1/src/CMakeLists.txt
> git show --textconv :Projects/ESP32_FREERTOS_Example_1/platformio.ini
> git ls-files --stage -- C:\Users\racarla1\Documents\Git\VSCode_Portable\Projects\ESP32_FREERTOS_Example_1\platformio.ini
> git show --textconv :Projects/ESP32_FREERTOS_Example_1/sdkconfig.esp32dev
> git ls-files --stage -- C:\Users\racarla1\Documents\Git\VSCode_Portable\Projects\ESP32_FREERTOS_Example_1\sdkconfig.esp32dev
> git show --textconv :Projects/ESP32_FREERTOS_Example_1/platformio.ini
> git ls-files --stage -- C:\Users\racarla1\Documents\Git\VSCode_Portable\Projects\ESP32_FREERTOS_Example_1\platformio.ini
> git show --textconv :Projects/ESP32_FREERTOS_Example_1/README.MD
> git ls-files --stage -- C:\Users\racarla1\Documents\Git\VSCode_Portable\Projects\ESP32_FREERTOS_Example_1\README.MD
> git check-ignore -v -z --stdin
> git show --textconv :Projects/ESP32_FREERTOS_Example_1/src/CMakeLists.txt
> git ls-files --stage -- C:\Users\racarla1\Documents\Git\VSCode_Portable\Projects\ESP32_FREERTOS_Example_1\src\CMakeLists.txt
Opening repository for path='c:\Users\racarla1\.platformio\packages\framework-espidf\tools\cmake' failed; ex=Failed to execute git {
  "exitCode": 128,
  "gitErrorCode": "NotAGitRepository",
  "gitCommand": "rev-parse",
  "stdout": "",
  "stderr": "fatal: not a git repository (or any of the parent directories): .git\n"
}
> git show --textconv :Projects/ESP32_FREERTOS_Example_1/README.MD
> git ls-files --stage -- C:\Users\racarla1\Documents\Git\VSCode_Portable\Projects\ESP32_FREERTOS_Example_1\README.MD
> git show --textconv :Projects/ESP32_FREERTOS_Example_1/src/main.c
> git ls-files --stage -- C:\Users\racarla1\Documents\Git\VSCode_Portable\Projects\ESP32_FREERTOS_Example_1\src\main.c
> git show --textconv :Projects/ESP32_FREERTOS_Example_1/lib/scheduler/src/scheduler.c
> git ls-files --stage -- C:\Users\racarla1\Documents\Git\VSCode_Portable\Projects\ESP32_FREERTOS_Example_1\lib\scheduler\src\scheduler.c
> git show --textconv :Projects/ESP32_FREERTOS_Example_1/src/main.c
> git ls-files --stage -- C:\Users\racarla1\Documents\Git\VSCode_Portable\Projects\ESP32_FREERTOS_Example_1\src\main.c
> git show --textconv :Projects/ESP32_FREERTOS_Example_1/src/CMakeLists.txt
> git ls-files --stage -- C:\Users\racarla1\Documents\Git\VSCode_Portable\Projects\ESP32_FREERTOS_Example_1\src\CMakeLists.txt
> git show --textconv :Projects/ESP32_FREERTOS_Example_1/src/main.c
> git ls-files --stage -- C:\Users\racarla1\Documents\Git\VSCode_Portable\Projects\ESP32_FREERTOS_Example_1\src\main.c
> git show --textconv :Projects/ESP32_FREERTOS_Example_1/platformio.ini
> git ls-files --stage -- C:\Users\racarla1\Documents\Git\VSCode_Portable\Projects\ESP32_FREERTOS_Example_1\platformio.ini
> git show --textconv :Projects/ESP32_FREERTOS_Example_1/README.MD
> git ls-files --stage -- C:\Users\racarla1\Documents\Git\VSCode_Portable\Projects\ESP32_FREERTOS_Example_1\README.MD
> git show --textconv :Projects/ESP32_FREERTOS_Example_1/platformio.ini
> git ls-files --stage -- C:\Users\racarla1\Documents\Git\VSCode_Portable\Projects\ESP32_FREERTOS_Example_1\platformio.ini
> git show --textconv :Projects/ESP32_FREERTOS_Example_1/src/main.c
> git ls-files --stage -- C:\Users\racarla1\Documents\Git\VSCode_Portable\Projects\ESP32_FREERTOS_Example_1\src\main.c
