Info 2021-12-08 22:37:35: Experimentation service retrieved: [object Object]
Info 2021-12-08 22:37:36: ZMQ install verified.
Error 2021-12-08 22:37:36: Jupyter Extension (Error in Failed to update settings.json, method:fixSettingsFile): [EntryNotFound (FileSystemError): No se puede leer el archivo "c:\Users\Racarla\Documents\Git\VSCode_Portable\Projects\ButterworthFilter\.vscode\settings.json" (Error: No se puede resolver el archivo inexistente 'c:\Users\Racarla\Documents\Git\VSCode_Portable\Projects\ButterworthFilter\.vscode\settings.json')
	at _handleError (c:\Users\Racarla\Documents\Git\VSCode_Portable\VSCode-win32-x64-1.62.3\resources\app\out\vs\workbench\services\extensions\node\extensionHostProcess.js:94:164282)
	at processTicksAndRejections (internal/process/task_queues.js:93:5)
	at async m.readFile (c:\Users\Racarla\Documents\Git\VSCode_Portable\VSCode-win32-x64-1.62.3\data\extensions\ms-toolsai.jupyter-2021.10.1101450599\out\client\extension.js:102:789683)
	at async g.fixSettingsFile (c:\Users\Racarla\Documents\Git\VSCode_Portable\VSCode-win32-x64-1.62.3\data\extensions\ms-toolsai.jupyter-2021.10.1101450599\out\client\extension.js:66:322174)
	at async Promise.all (index 1)
	at async g.updateSettings (c:\Users\Racarla\Documents\Git\VSCode_Portable\VSCode-win32-x64-1.62.3\data\extensions\ms-toolsai.jupyter-2021.10.1101450599\out\client\extension.js:66:323924)] {
  code: 'FileNotFound'
}
Info 2021-12-08 22:37:36: Experiment status for python is {"enabled":true,"optInto":[],"optOutFrom":[]}
Info 2021-12-08 22:37:37: Creating controller for jupyter-notebook with interpreter C:\Users\Racarla\AppData\Local\Programs\Python\Python39\python.exe
Info 2021-12-08 22:37:37: Find preferred kernel for file:///c%3A/Users/Racarla/Documents/Git/VSCode_Portable/Projects/ButterworthFilter/Design/ButterworthFilter.ipynb with metadata {"kernelspec":{"display_name":"Python 3","language":"python","name":"python3"},"language_info":{"codemirror_mode":{"name":"ipython","version":3},"file_extension":".py","mimetype":"text/x-python","name":"python","nbconvert_exporter":"python","pygments_lexer":"ipython3","version":"3.9.5"}} & preferred interpreter {"sysPrefix":"C:\\Users\\Racarla\\AppData\\Local\\Programs\\Python\\Python39","envType":"Global","envName":"","envPath":"","path":"C:\\Users\\Racarla\\AppData\\Local\\Programs\\Python\\Python39\\python.exe","architecture":3,"sysVersion":"3.9.3 (tags/v3.9.3:e723086, Apr  2 2021, 11:35:20) [MSC v.1928 64 bit (AMD64)]","version":{"raw":"3.9.3","major":3,"minor":9,"patch":3,"build":[],"prerelease":["final","0"]},"companyDisplayName":"PythonCore","displayName":"Python 3.9.3 64-bit"}
Info 2021-12-08 22:37:37: findPreferredKernel score for speclanguage=python, Python 3.8.9 64-bit (system) is -1
Info 2021-12-08 22:37:37: findPreferredKernel score for Python3, Python 3.8.9 64-bit (system) is 2
Info 2021-12-08 22:37:37: findPreferredKernel score for Python 3.8.9 64-bit (system) is 2
Info 2021-12-08 22:37:37: findPreferredKernel score for speclanguage=python, Python 3.9.3 64-bit is -1
Info 2021-12-08 22:37:37: findPreferredKernel score for Python3, Python 3.9.3 64-bit is 2
Info 2021-12-08 22:37:37: findPreferredKernel score for Python 3.9.3 64-bit is 5
Info 2021-12-08 22:37:37: findKernel found Python 3.9.3 64-bit
Info 2021-12-08 22:37:37: Find kernel spec, Class name = k, completed in 1549ms, has a truthy return value, Arg 1: <Uri:c:\Users\Racarla\Documents\Git\VSCode_Portable\Projects\ButterworthFilter\Design\ButterworthFilter.ipynb>, Arg 2: {"kernelspec":{"display_name":"Python 3","language":"python","name":"python3"},"language_info":{"codemirror_mode":{"name":"ipython","version":3},"file_extension":".py","mimetype":"text/x-python","name":"python","nbconvert_exporter":"python","pygments_lexer":"ipython3","version":"3.9.5"}}, Arg 3: {"_isCancelled":false,"_emitter":{"_disposed":false,"_listeners":{"_first":{"next":{},"prev":{}},"_last":{"next":{},"prev":{}},"_size":1}}}, Return Value: {"kind":"startUsingPythonInterpreter","kernelSpec":{"specFile":"C:\\Users\\Racarla\\AppData\\Roaming\\jupyter\\kernels\\python393jvsc74a57bd03f177d953db2130419079651d39fee0f00705754b60983514250abbe93e63807\\kernel.json","interpreterPath":"C:\\Users\\Racarla\\AppData\\Local\\Programs\\Python\\Python39\\python.exe","name":"python393jvsc74a57bd03f177d953db2130419079651d39fee0f00705754b60983514250abbe93e63807","argv":["python","-m","ipykernel_launcher","-f","{connection_file}"],"language":"python","path":"python","display_name":"Python 3.9.3 64-bit","metadata":{"interpreter":{"sysPrefix":"C:\\Users\\Racarla\\AppData\\Local\\Programs\\Python\\Python39","envType":"Global","envName":"","envPath":"","path":"C:\\Users\\Racarla\\AppData\\Local\\Programs\\Python\\Python39\\python.exe","architecture":3,"sysVersion":"3.9.3 (tags/v3.9.3:e723086, Apr  2 2021, 11:35:20) [MSC v.1928 64 bit (AMD64)]","version":{"raw":"3.9.3","major":3,"minor":9,"patch":3,"build":[],"prerelease":["final","0"]},"companyDisplayName":"PythonCore","displayName":"Python 3.9.3 64-bit"}},"env":{}},"interpreter":{"sysPrefix":"C:\\Users\\Racarla\\AppData\\Local\\Programs\\Python\\Python39","envType":"Global","envName":"","envPath":"","path":"C:\\Users\\Racarla\\AppData\\Local\\Programs\\Python\\Python39\\python.exe","architecture":3,"sysVersion":"3.9.3 (tags/v3.9.3:e723086, Apr  2 2021, 11:35:20) [MSC v.1928 64 bit (AMD64)]","version":{"raw":"3.9.3","major":3,"minor":9,"patch":3,"build":[],"prerelease":["final","0"]},"companyDisplayName":"PythonCore","displayName":"Python 3.9.3 64-bit"},"id":".jvsc74a57bd03f177d953db2130419079651d39fee0f00705754b60983514250abbe93e63807.C:\\Users\\Racarla\\AppData\\Local\\Programs\\Python\\Python39\\python.exe.C:\\Users\\Racarla\\AppData\\Local\\Programs\\Python\\Python39\\python.exe.-m#ipykernel_launcher"}
Info 2021-12-08 22:37:37: PreferredConnection: .jvsc74a57bd03f177d953db2130419079651d39fee0f00705754b60983514250abbe93e63807.C:\Users\Racarla\AppData\Local\Programs\Python\Python39\python.exe.C:\Users\Racarla\AppData\Local\Programs\Python\Python39\python.exe.-m#ipykernel_launcher found for NotebookDocument: file:///c%3A/Users/Racarla/Documents/Git/VSCode_Portable/Projects/ButterworthFilter/Design/ButterworthFilter.ipynb
Info 2021-12-08 22:37:37: TargetController found ID: .jvsc74a57bd03f177d953db2130419079651d39fee0f00705754b60983514250abbe93e63807.C:\Users\Racarla\AppData\Local\Programs\Python\Python39\python.exe.C:\Users\Racarla\AppData\Local\Programs\Python\Python39\python.exe.-m#ipykernel_launcher for document file:///c%3A/Users/Racarla/Documents/Git/VSCode_Portable/Projects/ButterworthFilter/Design/ButterworthFilter.ipynb
Info 2021-12-08 22:37:37: Setting controller affinity for file:///c%3A/Users/Racarla/Documents/Git/VSCode_Portable/Projects/ButterworthFilter/Design/ButterworthFilter.ipynb .jvsc74a57bd03f177d953db2130419079651d39fee0f00705754b60983514250abbe93e63807.C:\Users\Racarla\AppData\Local\Programs\Python\Python39\python.exe.C:\Users\Racarla\AppData\Local\Programs\Python\Python39\python.exe.-m#ipykernel_launcher
Info 2021-12-08 22:37:37: Process Execution: > ~\AppData\Local\Programs\Python\Python39\python.exe -c "import notebook"
> ~\AppData\Local\Programs\Python\Python39\python.exe -c "import notebook"
Info 2021-12-08 22:37:37: Process Execution: > ~\AppData\Local\Programs\Python\Python39\python.exe -c "import notebook"
> ~\AppData\Local\Programs\Python\Python39\python.exe -c "import notebook"
Info 2021-12-08 22:37:37: Process Execution: > ~\AppData\Local\Programs\Python\Python39\python.exe -m pip list
> ~\AppData\Local\Programs\Python\Python39\python.exe -m pip list
Info 2021-12-08 22:37:37: Process Execution: > ~\AppData\Local\Programs\Python\Python39\python.exe -m pip list
> ~\AppData\Local\Programs\Python\Python39\python.exe -m pip list
Info 2021-12-08 22:37:37: Process Execution: > ~\AppData\Local\Programs\Python\Python39\python.exe -c "import jupyter"
> ~\AppData\Local\Programs\Python\Python39\python.exe -c "import jupyter"
Info 2021-12-08 22:37:37: Process Execution: > ~\AppData\Local\Programs\Python\Python39\python.exe -c "import jupyter"
> ~\AppData\Local\Programs\Python\Python39\python.exe -c "import jupyter"
Info 2021-12-08 22:37:38: Registering dummy command feature
Info 2021-12-08 22:37:59: Setting setActiveController for file:///c%3A/Users/Racarla/Documents/Git/VSCode_Portable/Projects/ButterworthFilter/Design/ButterworthFilter.ipynb
Info 2021-12-08 22:38:00: Execute Cells request 1 1
Info 2021-12-08 22:38:00: Execute Cell 1 file:///c%3A/Users/Racarla/Documents/Git/VSCode_Portable/Projects/ButterworthFilter/Design/ButterworthFilter.ipynb
Info 2021-12-08 22:38:00: Starting Notebook in kernel.ts id = .jvsc74a57bd03f177d953db2130419079651d39fee0f00705754b60983514250abbe93e63807.C:\Users\Racarla\AppData\Local\Programs\Python\Python39\python.exe.C:\Users\Racarla\AppData\Local\Programs\Python\Python39\python.exe.-m#ipykernel_launcher
Info 2021-12-08 22:38:00: Creating raw notebook for file:///c%3A/Users/Racarla/Documents/Git/VSCode_Portable/Projects/ButterworthFilter/Design/ButterworthFilter.ipynb
Info 2021-12-08 22:38:00: Getting preferred kernel for file:///c%3A/Users/Racarla/Documents/Git/VSCode_Portable/Projects/ButterworthFilter/Design/ButterworthFilter.ipynb
Info 2021-12-08 22:38:00: Computing working directory file:///c%3A/Users/Racarla/Documents/Git/VSCode_Portable/Projects/ButterworthFilter/Design/ButterworthFilter.ipynb
Info 2021-12-08 22:38:00: Connecting to raw session for file:///c%3A/Users/Racarla/Documents/Git/VSCode_Portable/Projects/ButterworthFilter/Design/ButterworthFilter.ipynb with connection {"kind":"startUsingPythonInterpreter","kernelSpec":{"interpreterPath":"C:\\Users\\Racarla\\AppData\\Local\\Programs\\Python\\Python39\\python.exe","name":"python393jvsc74a57bd03f177d953db2130419079651d39fee0f00705754b60983514250abbe93e63807","argv":["python","-m","ipykernel_launcher","-f","{connection_file}"],"language":"python","path":"python","display_name":"Python 3.9.3 64-bit","metadata":{"interpreter":{"sysPrefix":"C:\\Users\\Racarla\\AppData\\Local\\Programs\\Python\\Python39","envType":"Global","envName":"","envPath":"","path":"C:\\Users\\Racarla\\AppData\\Local\\Programs\\Python\\Python39\\python.exe","architecture":3,"sysVersion":"3.9.3 (tags/v3.9.3:e723086, Apr  2 2021, 11:35:20) [MSC v.1928 64 bit (AMD64)]","version":{"raw":"3.9.3","major":3,"minor":9,"patch":3,"build":[],"prerelease":["final","0"]},"companyDisplayName":"PythonCore","displayName":"Python 3.9.3 64-bit"}},"env":{}},"interpreter":{"sysPrefix":"C:\\Users\\Racarla\\AppData\\Local\\Programs\\Python\\Python39","envType":"Global","envName":"","envPath":"","path":"C:\\Users\\Racarla\\AppData\\Local\\Programs\\Python\\Python39\\python.exe","architecture":3,"sysVersion":"3.9.3 (tags/v3.9.3:e723086, Apr  2 2021, 11:35:20) [MSC v.1928 64 bit (AMD64)]","version":{"raw":"3.9.3","major":3,"minor":9,"patch":3,"build":[],"prerelease":["final","0"]},"companyDisplayName":"PythonCore","displayName":"Python 3.9.3 64-bit"},"id":".jvsc74a57bd03f177d953db2130419079651d39fee0f00705754b60983514250abbe93e63807.C:\\Users\\Racarla\\AppData\\Local\\Programs\\Python\\Python39\\python.exe.C:\\Users\\Racarla\\AppData\\Local\\Programs\\Python\\Python39\\python.exe.-m#ipykernel_launcher"}
Info 2021-12-08 22:38:00: Starting raw kernel Python 3.9.3 64-bit
Info 2021-12-08 22:38:00: installMissingDependencies C:\Users\Racarla\AppData\Local\Programs\Python\Python39\python.exe
Info 2021-12-08 22:38:00: KernelProvider switched kernel to id = .jvsc74a57bd03f177d953db2130419079651d39fee0f00705754b60983514250abbe93e63807.C:\Users\Racarla\AppData\Local\Programs\Python\Python39\python.exe.C:\Users\Racarla\AppData\Local\Programs\Python\Python39\python.exe.-m#ipykernel_launcher
Info 2021-12-08 22:38:00: Process Execution: > ~\AppData\Local\Programs\Python\Python39\python.exe -c "import ipykernel"
> ~\AppData\Local\Programs\Python\Python39\python.exe -c "import ipykernel"
Info 2021-12-08 22:38:00: Process Execution: > ~\AppData\Local\Programs\Python\Python39\python.exe -c "import ipykernel"
> ~\AppData\Local\Programs\Python\Python39\python.exe -c "import ipykernel"
Info 2021-12-08 22:38:00: Process Execution: > ~\AppData\Local\Programs\Python\Python39\python.exe -m pip list
> ~\AppData\Local\Programs\Python\Python39\python.exe -m pip list
Info 2021-12-08 22:38:00: Process Execution: > ~\AppData\Local\Programs\Python\Python39\python.exe -m pip list
> ~\AppData\Local\Programs\Python\Python39\python.exe -m pip list
Info 2021-12-08 22:38:05: Dispose kernel file:///c%3A/Users/Racarla/Documents/Git/VSCode_Portable/Projects/ButterworthFilter/Design/ButterworthFilter.ipynb
Info 2021-12-08 22:38:05: Setting setActiveController for file:///c%3A/Users/Racarla/Documents/Git/VSCode_Portable/Projects/ButterworthFilter/Design/ButterworthFilter.ipynb
Info 2021-12-08 22:38:05: IPyWidgetScriptSource.initialize
Error 2021-12-08 22:38:05: Install Missing Dependencies, Class name = S, completed in 5760ms, has a falsy return value, Return Value: undefined [a [Error]: IPyKernel not installed into interpreter Python 3.9.3 64-bit:C:\Users\Racarla\AppData\Local\Programs\Python\Python39\python.exe
	at S.handleKernelDependencyResponse (c:\Users\Racarla\Documents\Git\VSCode_Portable\VSCode-win32-x64-1.62.3\data\extensions\ms-toolsai.jupyter-2021.10.1101450599\out\client\extension.js:66:1226298)
	at processTicksAndRejections (internal/process/task_queues.js:93:5)
	at async S.installMissingDependencies (c:\Users\Racarla\Documents\Git\VSCode_Portable\VSCode-win32-x64-1.62.3\data\extensions\ms-toolsai.jupyter-2021.10.1101450599\out\client\extension.js:66:1225820)] {
  category: 'noipykernel',
  reason: 3
}
Error 2021-12-08 22:38:05: Raw session failed to start because dependencies not installed
Info 2021-12-08 22:38:05: Shutdown session -- complete
Error 2021-12-08 22:38:05: failed to create INotebook in kernel, UI Disabled = undefined [a [Error]: IPyKernel not installed into interpreter Python 3.9.3 64-bit:C:\Users\Racarla\AppData\Local\Programs\Python\Python39\python.exe
	at S.handleKernelDependencyResponse (c:\Users\Racarla\Documents\Git\VSCode_Portable\VSCode-win32-x64-1.62.3\data\extensions\ms-toolsai.jupyter-2021.10.1101450599\out\client\extension.js:66:1226298)
	at processTicksAndRejections (internal/process/task_queues.js:93:5)
	at async S.installMissingDependencies (c:\Users\Racarla\Documents\Git\VSCode_Portable\VSCode-win32-x64-1.62.3\data\extensions\ms-toolsai.jupyter-2021.10.1101450599\out\client\extension.js:66:1225820)] {
  category: 'noipykernel',
  reason: 3
}
Error 2021-12-08 22:38:05: DataScience Error [a [Error]: IPyKernel not installed into interpreter Python 3.9.3 64-bit:C:\Users\Racarla\AppData\Local\Programs\Python\Python39\python.exe
	at S.handleKernelDependencyResponse (c:\Users\Racarla\Documents\Git\VSCode_Portable\VSCode-win32-x64-1.62.3\data\extensions\ms-toolsai.jupyter-2021.10.1101450599\out\client\extension.js:66:1226298)
	at processTicksAndRejections (internal/process/task_queues.js:93:5)
	at async S.installMissingDependencies (c:\Users\Racarla\Documents\Git\VSCode_Portable\VSCode-win32-x64-1.62.3\data\extensions\ms-toolsai.jupyter-2021.10.1101450599\out\client\extension.js:66:1225820)] {
  category: 'noipykernel',
  reason: 3
}
Error 2021-12-08 22:38:05: failed to start INotebook in kernel, UI Disabled = undefined [a [Error]: IPyKernel not installed into interpreter Python 3.9.3 64-bit:C:\Users\Racarla\AppData\Local\Programs\Python\Python39\python.exe
	at S.handleKernelDependencyResponse (c:\Users\Racarla\Documents\Git\VSCode_Portable\VSCode-win32-x64-1.62.3\data\extensions\ms-toolsai.jupyter-2021.10.1101450599\out\client\extension.js:66:1226298)
	at processTicksAndRejections (internal/process/task_queues.js:93:5)
	at async S.installMissingDependencies (c:\Users\Racarla\Documents\Git\VSCode_Portable\VSCode-win32-x64-1.62.3\data\extensions\ms-toolsai.jupyter-2021.10.1101450599\out\client\extension.js:66:1225820)] {
  category: 'noipykernel',
  reason: 3
}
Error 2021-12-08 22:38:05: Failed to execute cells in CellExecutionQueue [a [Error]: IPyKernel not installed into interpreter Python 3.9.3 64-bit:C:\Users\Racarla\AppData\Local\Programs\Python\Python39\python.exe
	at S.handleKernelDependencyResponse (c:\Users\Racarla\Documents\Git\VSCode_Portable\VSCode-win32-x64-1.62.3\data\extensions\ms-toolsai.jupyter-2021.10.1101450599\out\client\extension.js:66:1226298)
	at processTicksAndRejections (internal/process/task_queues.js:93:5)
	at async S.installMissingDependencies (c:\Users\Racarla\Documents\Git\VSCode_Portable\VSCode-win32-x64-1.62.3\data\extensions\ms-toolsai.jupyter-2021.10.1101450599\out\client\extension.js:66:1225820)] {
  category: 'noipykernel',
  reason: 3
}
Info 2021-12-08 22:38:05: Cancel pending cells
Info 2021-12-08 22:38:05: KernelProvider switched kernel to id = .jvsc74a57bd044fbd7004c3016cd7534cf0f1edc719ec93b2873ebadbff0fa25fc2ae14dd33d.C:\Program Files\Inkscape\bin\python.exe.C:\Program Files\Inkscape\bin\python.exe.-m#ipykernel_launcher
Info 2021-12-08 22:38:05: Starting Notebook in kernel.ts id = .jvsc74a57bd044fbd7004c3016cd7534cf0f1edc719ec93b2873ebadbff0fa25fc2ae14dd33d.C:\Program Files\Inkscape\bin\python.exe.C:\Program Files\Inkscape\bin\python.exe.-m#ipykernel_launcher
Info 2021-12-08 22:38:05: Creating raw notebook for file:///c%3A/Users/Racarla/Documents/Git/VSCode_Portable/Projects/ButterworthFilter/Design/ButterworthFilter.ipynb
Info 2021-12-08 22:38:05: Getting preferred kernel for file:///c%3A/Users/Racarla/Documents/Git/VSCode_Portable/Projects/ButterworthFilter/Design/ButterworthFilter.ipynb
Info 2021-12-08 22:38:05: Computing working directory file:///c%3A/Users/Racarla/Documents/Git/VSCode_Portable/Projects/ButterworthFilter/Design/ButterworthFilter.ipynb
Warn 2021-12-08 22:38:05: Failed to dispose old kernel [a [Error]: IPyKernel not installed into interpreter Python 3.9.3 64-bit:C:\Users\Racarla\AppData\Local\Programs\Python\Python39\python.exe
	at S.handleKernelDependencyResponse (c:\Users\Racarla\Documents\Git\VSCode_Portable\VSCode-win32-x64-1.62.3\data\extensions\ms-toolsai.jupyter-2021.10.1101450599\out\client\extension.js:66:1226298)
	at processTicksAndRejections (internal/process/task_queues.js:93:5)
	at async S.installMissingDependencies (c:\Users\Racarla\Documents\Git\VSCode_Portable\VSCode-win32-x64-1.62.3\data\extensions\ms-toolsai.jupyter-2021.10.1101450599\out\client\extension.js:66:1225820)] {
  category: 'noipykernel',
  reason: 3
}
Info 2021-12-08 22:38:05: Connecting to raw session for file:///c%3A/Users/Racarla/Documents/Git/VSCode_Portable/Projects/ButterworthFilter/Design/ButterworthFilter.ipynb with connection {"kind":"startUsingPythonInterpreter","kernelSpec":{"specFile":"C:\\Users\\Racarla\\AppData\\Roaming\\jupyter\\kernels\\python389jvsc74a57bd044fbd7004c3016cd7534cf0f1edc719ec93b2873ebadbff0fa25fc2ae14dd33d\\kernel.json","interpreterPath":"C:\\Program Files\\Inkscape\\bin\\python.exe","name":"python389jvsc74a57bd044fbd7004c3016cd7534cf0f1edc719ec93b2873ebadbff0fa25fc2ae14dd33d","argv":["python","-m","ipykernel_launcher","-f","{connection_file}"],"language":"python","path":"python","display_name":"Python 3.8.9 64-bit (system)","metadata":{"interpreter":{"sysPrefix":"C:\\Program Files\\Inkscape","envType":"System","envName":"","envPath":"","path":"C:\\Program Files\\Inkscape\\bin\\python.exe","architecture":3,"sysVersion":"3.8.9 (default, Apr 13 2021, 15:54:59)  [GCC 10.2.0 64 bit (AMD64)]","version":{"raw":"3.8.9","major":3,"minor":8,"patch":9,"build":[],"prerelease":["final","0"]},"displayName":"Python 3.8.9 64-bit (system)"}},"env":{}},"interpreter":{"sysPrefix":"C:\\Program Files\\Inkscape","envType":"System","envName":"","envPath":"","path":"C:\\Program Files\\Inkscape\\bin\\python.exe","architecture":3,"sysVersion":"3.8.9 (default, Apr 13 2021, 15:54:59)  [GCC 10.2.0 64 bit (AMD64)]","version":{"raw":"3.8.9","major":3,"minor":8,"patch":9,"build":[],"prerelease":["final","0"]},"displayName":"Python 3.8.9 64-bit (system)"},"id":".jvsc74a57bd044fbd7004c3016cd7534cf0f1edc719ec93b2873ebadbff0fa25fc2ae14dd33d.C:\\Program Files\\Inkscape\\bin\\python.exe.C:\\Program Files\\Inkscape\\bin\\python.exe.-m#ipykernel_launcher"}
Info 2021-12-08 22:38:05: Starting raw kernel Python 3.8.9 64-bit (system)
Info 2021-12-08 22:38:05: installMissingDependencies C:\Program Files\Inkscape\bin\python.exe
Info 2021-12-08 22:38:05: Process Execution: > C:\Program Files\Inkscape\bin\python.exe -m pip list
> C:\Program Files\Inkscape\bin\python.exe -m pip list
Info 2021-12-08 22:38:05: Process Execution: > C:\Program Files\Inkscape\bin\python.exe -m pip list
> C:\Program Files\Inkscape\bin\python.exe -m pip list
Info 2021-12-08 22:38:05: Process Execution: > ~\AppData\Local\Programs\Python\Python39\python.exe -m pip list
> ~\AppData\Local\Programs\Python\Python39\python.exe -m pip list
Info 2021-12-08 22:38:05: Process Execution: > ~\AppData\Local\Programs\Python\Python39\python.exe -m pip list
> ~\AppData\Local\Programs\Python\Python39\python.exe -m pip list
Info 2021-12-08 22:38:05: Process Execution: > C:\Program Files\Inkscape\bin\python.exe -c "import ipykernel"
> C:\Program Files\Inkscape\bin\python.exe -c "import ipykernel"
Info 2021-12-08 22:38:05: Process Execution: > C:\Program Files\Inkscape\bin\python.exe -c "import ipykernel"
> C:\Program Files\Inkscape\bin\python.exe -c "import ipykernel"
Error 2021-12-08 22:38:06: Install Missing Dependencies, Class name = S, completed in 236ms, has a falsy return value, Return Value: undefined [a [Error]: IPyKernel not installed into interpreter Python 3.8.9 64-bit (system):C:\Program Files\Inkscape\bin\python.exe
	at S.handleKernelDependencyResponse (c:\Users\Racarla\Documents\Git\VSCode_Portable\VSCode-win32-x64-1.62.3\data\extensions\ms-toolsai.jupyter-2021.10.1101450599\out\client\extension.js:66:1226298)
	at S.installMissingDependencies (c:\Users\Racarla\Documents\Git\VSCode_Portable\VSCode-win32-x64-1.62.3\data\extensions\ms-toolsai.jupyter-2021.10.1101450599\out\client\extension.js:66:1225831)
	at processTicksAndRejections (internal/process/task_queues.js:93:5)] {
  category: 'noipykernel',
  reason: 1
}
Error 2021-12-08 22:38:06: Raw session failed to start because dependencies not installed
Info 2021-12-08 22:38:06: Shutdown session -- complete
Error 2021-12-08 22:38:06: failed to create INotebook in kernel, UI Disabled = true [a [Error]: IPyKernel not installed into interpreter Python 3.8.9 64-bit (system):C:\Program Files\Inkscape\bin\python.exe
	at S.handleKernelDependencyResponse (c:\Users\Racarla\Documents\Git\VSCode_Portable\VSCode-win32-x64-1.62.3\data\extensions\ms-toolsai.jupyter-2021.10.1101450599\out\client\extension.js:66:1226298)
	at S.installMissingDependencies (c:\Users\Racarla\Documents\Git\VSCode_Portable\VSCode-win32-x64-1.62.3\data\extensions\ms-toolsai.jupyter-2021.10.1101450599\out\client\extension.js:66:1225831)
	at processTicksAndRejections (internal/process/task_queues.js:93:5)] {
  category: 'noipykernel',
  reason: 1
}
Error 2021-12-08 22:38:06: failed to start INotebook in kernel, UI Disabled = true [a [Error]: IPyKernel not installed into interpreter Python 3.8.9 64-bit (system):C:\Program Files\Inkscape\bin\python.exe
	at S.handleKernelDependencyResponse (c:\Users\Racarla\Documents\Git\VSCode_Portable\VSCode-win32-x64-1.62.3\data\extensions\ms-toolsai.jupyter-2021.10.1101450599\out\client\extension.js:66:1226298)
	at S.installMissingDependencies (c:\Users\Racarla\Documents\Git\VSCode_Portable\VSCode-win32-x64-1.62.3\data\extensions\ms-toolsai.jupyter-2021.10.1101450599\out\client\extension.js:66:1225831)
	at processTicksAndRejections (internal/process/task_queues.js:93:5)] {
  category: 'noipykernel',
  reason: 1
}
Info 2021-12-08 22:38:06: Process Execution: > C:\Program Files\Inkscape\bin\python.exe -c "import pip"
> C:\Program Files\Inkscape\bin\python.exe -c "import pip"
Info 2021-12-08 22:38:06: Process Execution: > C:\Program Files\Inkscape\bin\python.exe -c "import pip"
> C:\Program Files\Inkscape\bin\python.exe -c "import pip"
Info 2021-12-08 22:38:06: Registering dummy command feature
Info 2021-12-08 22:38:13: Execute Cells request 1 1
Info 2021-12-08 22:38:13: Execute Cell 1 file:///c%3A/Users/Racarla/Documents/Git/VSCode_Portable/Projects/ButterworthFilter/Design/ButterworthFilter.ipynb
Info 2021-12-08 22:38:13: Starting Notebook in kernel.ts id = .jvsc74a57bd044fbd7004c3016cd7534cf0f1edc719ec93b2873ebadbff0fa25fc2ae14dd33d.C:\Program Files\Inkscape\bin\python.exe.C:\Program Files\Inkscape\bin\python.exe.-m#ipykernel_launcher
Info 2021-12-08 22:38:13: Creating raw notebook for file:///c%3A/Users/Racarla/Documents/Git/VSCode_Portable/Projects/ButterworthFilter/Design/ButterworthFilter.ipynb
Info 2021-12-08 22:38:13: Getting preferred kernel for file:///c%3A/Users/Racarla/Documents/Git/VSCode_Portable/Projects/ButterworthFilter/Design/ButterworthFilter.ipynb
Info 2021-12-08 22:38:13: Computing working directory file:///c%3A/Users/Racarla/Documents/Git/VSCode_Portable/Projects/ButterworthFilter/Design/ButterworthFilter.ipynb
Info 2021-12-08 22:38:13: Connecting to raw session for file:///c%3A/Users/Racarla/Documents/Git/VSCode_Portable/Projects/ButterworthFilter/Design/ButterworthFilter.ipynb with connection {"kind":"startUsingPythonInterpreter","kernelSpec":{"specFile":"C:\\Users\\Racarla\\AppData\\Roaming\\jupyter\\kernels\\python389jvsc74a57bd044fbd7004c3016cd7534cf0f1edc719ec93b2873ebadbff0fa25fc2ae14dd33d\\kernel.json","interpreterPath":"C:\\Program Files\\Inkscape\\bin\\python.exe","name":"python389jvsc74a57bd044fbd7004c3016cd7534cf0f1edc719ec93b2873ebadbff0fa25fc2ae14dd33d","argv":["python","-m","ipykernel_launcher","-f","{connection_file}"],"language":"python","path":"python","display_name":"Python 3.8.9 64-bit (system)","metadata":{"interpreter":{"sysPrefix":"C:\\Program Files\\Inkscape","envType":"System","envName":"","envPath":"","path":"C:\\Program Files\\Inkscape\\bin\\python.exe","architecture":3,"sysVersion":"3.8.9 (default, Apr 13 2021, 15:54:59)  [GCC 10.2.0 64 bit (AMD64)]","version":{"raw":"3.8.9","major":3,"minor":8,"patch":9,"build":[],"prerelease":["final","0"]},"displayName":"Python 3.8.9 64-bit (system)"}},"env":{}},"interpreter":{"sysPrefix":"C:\\Program Files\\Inkscape","envType":"System","envName":"","envPath":"","path":"C:\\Program Files\\Inkscape\\bin\\python.exe","architecture":3,"sysVersion":"3.8.9 (default, Apr 13 2021, 15:54:59)  [GCC 10.2.0 64 bit (AMD64)]","version":{"raw":"3.8.9","major":3,"minor":8,"patch":9,"build":[],"prerelease":["final","0"]},"displayName":"Python 3.8.9 64-bit (system)"},"id":".jvsc74a57bd044fbd7004c3016cd7534cf0f1edc719ec93b2873ebadbff0fa25fc2ae14dd33d.C:\\Program Files\\Inkscape\\bin\\python.exe.C:\\Program Files\\Inkscape\\bin\\python.exe.-m#ipykernel_launcher"}
Info 2021-12-08 22:38:13: Starting raw kernel Python 3.8.9 64-bit (system)
Info 2021-12-08 22:38:13: installMissingDependencies C:\Program Files\Inkscape\bin\python.exe
Info 2021-12-08 22:38:13: Process Execution: > C:\Program Files\Inkscape\bin\python.exe -c "import ipykernel"
> C:\Program Files\Inkscape\bin\python.exe -c "import ipykernel"
Info 2021-12-08 22:38:13: Process Execution: > C:\Program Files\Inkscape\bin\python.exe -c "import ipykernel"
> C:\Program Files\Inkscape\bin\python.exe -c "import ipykernel"
Info 2021-12-08 22:38:18: Process Execution: > C:\Program Files\Inkscape\bin\python.exe -m pip list
> C:\Program Files\Inkscape\bin\python.exe -m pip list
Info 2021-12-08 22:38:18: Process Execution: > C:\Program Files\Inkscape\bin\python.exe -m pip list
> C:\Program Files\Inkscape\bin\python.exe -m pip list
Error 2021-12-08 22:38:18: Install Missing Dependencies, Class name = S, completed in 5313ms, has a falsy return value, Return Value: undefined [a [Error]: IPyKernel not installed into interpreter Python 3.8.9 64-bit (system):C:\Program Files\Inkscape\bin\python.exe
	at S.handleKernelDependencyResponse (c:\Users\Racarla\Documents\Git\VSCode_Portable\VSCode-win32-x64-1.62.3\data\extensions\ms-toolsai.jupyter-2021.10.1101450599\out\client\extension.js:66:1226298)
	at S.installMissingDependencies (c:\Users\Racarla\Documents\Git\VSCode_Portable\VSCode-win32-x64-1.62.3\data\extensions\ms-toolsai.jupyter-2021.10.1101450599\out\client\extension.js:66:1225831)
	at processTicksAndRejections (internal/process/task_queues.js:93:5)] {
  category: 'noipykernel',
  reason: 2
}
Error 2021-12-08 22:38:18: Raw session failed to start because dependencies not installed
Info 2021-12-08 22:38:18: Shutdown session -- complete
Error 2021-12-08 22:38:18: failed to create INotebook in kernel, UI Disabled = undefined [a [Error]: IPyKernel not installed into interpreter Python 3.8.9 64-bit (system):C:\Program Files\Inkscape\bin\python.exe
	at S.handleKernelDependencyResponse (c:\Users\Racarla\Documents\Git\VSCode_Portable\VSCode-win32-x64-1.62.3\data\extensions\ms-toolsai.jupyter-2021.10.1101450599\out\client\extension.js:66:1226298)
	at S.installMissingDependencies (c:\Users\Racarla\Documents\Git\VSCode_Portable\VSCode-win32-x64-1.62.3\data\extensions\ms-toolsai.jupyter-2021.10.1101450599\out\client\extension.js:66:1225831)
	at processTicksAndRejections (internal/process/task_queues.js:93:5)] {
  category: 'noipykernel',
  reason: 2
}
Error 2021-12-08 22:38:18: DataScience Error [a [Error]: IPyKernel not installed into interpreter Python 3.8.9 64-bit (system):C:\Program Files\Inkscape\bin\python.exe
	at S.handleKernelDependencyResponse (c:\Users\Racarla\Documents\Git\VSCode_Portable\VSCode-win32-x64-1.62.3\data\extensions\ms-toolsai.jupyter-2021.10.1101450599\out\client\extension.js:66:1226298)
	at S.installMissingDependencies (c:\Users\Racarla\Documents\Git\VSCode_Portable\VSCode-win32-x64-1.62.3\data\extensions\ms-toolsai.jupyter-2021.10.1101450599\out\client\extension.js:66:1225831)
	at processTicksAndRejections (internal/process/task_queues.js:93:5)] {
  category: 'noipykernel',
  reason: 2
}
Error 2021-12-08 22:38:18: failed to start INotebook in kernel, UI Disabled = undefined [a [Error]: IPyKernel not installed into interpreter Python 3.8.9 64-bit (system):C:\Program Files\Inkscape\bin\python.exe
	at S.handleKernelDependencyResponse (c:\Users\Racarla\Documents\Git\VSCode_Portable\VSCode-win32-x64-1.62.3\data\extensions\ms-toolsai.jupyter-2021.10.1101450599\out\client\extension.js:66:1226298)
	at S.installMissingDependencies (c:\Users\Racarla\Documents\Git\VSCode_Portable\VSCode-win32-x64-1.62.3\data\extensions\ms-toolsai.jupyter-2021.10.1101450599\out\client\extension.js:66:1225831)
	at processTicksAndRejections (internal/process/task_queues.js:93:5)] {
  category: 'noipykernel',
  reason: 2
}
Error 2021-12-08 22:38:18: Failed to execute cells in CellExecutionQueue [a [Error]: IPyKernel not installed into interpreter Python 3.8.9 64-bit (system):C:\Program Files\Inkscape\bin\python.exe
	at S.handleKernelDependencyResponse (c:\Users\Racarla\Documents\Git\VSCode_Portable\VSCode-win32-x64-1.62.3\data\extensions\ms-toolsai.jupyter-2021.10.1101450599\out\client\extension.js:66:1226298)
	at S.installMissingDependencies (c:\Users\Racarla\Documents\Git\VSCode_Portable\VSCode-win32-x64-1.62.3\data\extensions\ms-toolsai.jupyter-2021.10.1101450599\out\client\extension.js:66:1225831)
	at processTicksAndRejections (internal/process/task_queues.js:93:5)] {
  category: 'noipykernel',
  reason: 2
}
Info 2021-12-08 22:38:18: Cancel pending cells
Info 2021-12-08 22:38:18: Process Execution: > C:\Program Files\Inkscape\bin\python.exe -c "import pip"
> C:\Program Files\Inkscape\bin\python.exe -c "import pip"
Info 2021-12-08 22:38:18: Process Execution: > C:\Program Files\Inkscape\bin\python.exe -c "import pip"
> C:\Program Files\Inkscape\bin\python.exe -c "import pip"
Info 2021-12-08 22:44:34: Execute Cells request 7 1, 3, 5, 6, 8, 10, 11
Info 2021-12-08 22:44:34: Execute Cell 1 file:///c%3A/Users/Racarla/Documents/Git/VSCode_Portable/Projects/ButterworthFilter/Design/ButterworthFilter.ipynb
Info 2021-12-08 22:44:34: Starting Notebook in kernel.ts id = .jvsc74a57bd044fbd7004c3016cd7534cf0f1edc719ec93b2873ebadbff0fa25fc2ae14dd33d.C:\Program Files\Inkscape\bin\python.exe.C:\Program Files\Inkscape\bin\python.exe.-m#ipykernel_launcher
Info 2021-12-08 22:44:34: Execute Cell 3 file:///c%3A/Users/Racarla/Documents/Git/VSCode_Portable/Projects/ButterworthFilter/Design/ButterworthFilter.ipynb
Info 2021-12-08 22:44:34: Execute Cell 5 file:///c%3A/Users/Racarla/Documents/Git/VSCode_Portable/Projects/ButterworthFilter/Design/ButterworthFilter.ipynb
Info 2021-12-08 22:44:34: Execute Cell 6 file:///c%3A/Users/Racarla/Documents/Git/VSCode_Portable/Projects/ButterworthFilter/Design/ButterworthFilter.ipynb
Info 2021-12-08 22:44:34: Execute Cell 8 file:///c%3A/Users/Racarla/Documents/Git/VSCode_Portable/Projects/ButterworthFilter/Design/ButterworthFilter.ipynb
Info 2021-12-08 22:44:34: Execute Cell 10 file:///c%3A/Users/Racarla/Documents/Git/VSCode_Portable/Projects/ButterworthFilter/Design/ButterworthFilter.ipynb
Info 2021-12-08 22:44:34: Execute Cell 11 file:///c%3A/Users/Racarla/Documents/Git/VSCode_Portable/Projects/ButterworthFilter/Design/ButterworthFilter.ipynb
Info 2021-12-08 22:44:34: Creating raw notebook for file:///c%3A/Users/Racarla/Documents/Git/VSCode_Portable/Projects/ButterworthFilter/Design/ButterworthFilter.ipynb
Info 2021-12-08 22:44:34: Getting preferred kernel for file:///c%3A/Users/Racarla/Documents/Git/VSCode_Portable/Projects/ButterworthFilter/Design/ButterworthFilter.ipynb
Info 2021-12-08 22:44:34: Computing working directory file:///c%3A/Users/Racarla/Documents/Git/VSCode_Portable/Projects/ButterworthFilter/Design/ButterworthFilter.ipynb
Info 2021-12-08 22:44:34: Connecting to raw session for file:///c%3A/Users/Racarla/Documents/Git/VSCode_Portable/Projects/ButterworthFilter/Design/ButterworthFilter.ipynb with connection {"kind":"startUsingPythonInterpreter","kernelSpec":{"specFile":"C:\\Users\\Racarla\\AppData\\Roaming\\jupyter\\kernels\\python389jvsc74a57bd044fbd7004c3016cd7534cf0f1edc719ec93b2873ebadbff0fa25fc2ae14dd33d\\kernel.json","interpreterPath":"C:\\Program Files\\Inkscape\\bin\\python.exe","name":"python389jvsc74a57bd044fbd7004c3016cd7534cf0f1edc719ec93b2873ebadbff0fa25fc2ae14dd33d","argv":["python","-m","ipykernel_launcher","-f","{connection_file}"],"language":"python","path":"python","display_name":"Python 3.8.9 64-bit (system)","metadata":{"interpreter":{"sysPrefix":"C:\\Program Files\\Inkscape","envType":"System","envName":"","envPath":"","path":"C:\\Program Files\\Inkscape\\bin\\python.exe","architecture":3,"sysVersion":"3.8.9 (default, Apr 13 2021, 15:54:59)  [GCC 10.2.0 64 bit (AMD64)]","version":{"raw":"3.8.9","major":3,"minor":8,"patch":9,"build":[],"prerelease":["final","0"]},"displayName":"Python 3.8.9 64-bit (system)"}},"env":{}},"interpreter":{"sysPrefix":"C:\\Program Files\\Inkscape","envType":"System","envName":"","envPath":"","path":"C:\\Program Files\\Inkscape\\bin\\python.exe","architecture":3,"sysVersion":"3.8.9 (default, Apr 13 2021, 15:54:59)  [GCC 10.2.0 64 bit (AMD64)]","version":{"raw":"3.8.9","major":3,"minor":8,"patch":9,"build":[],"prerelease":["final","0"]},"displayName":"Python 3.8.9 64-bit (system)"},"id":".jvsc74a57bd044fbd7004c3016cd7534cf0f1edc719ec93b2873ebadbff0fa25fc2ae14dd33d.C:\\Program Files\\Inkscape\\bin\\python.exe.C:\\Program Files\\Inkscape\\bin\\python.exe.-m#ipykernel_launcher"}
Info 2021-12-08 22:44:34: Starting raw kernel Python 3.8.9 64-bit (system)
Info 2021-12-08 22:44:34: installMissingDependencies C:\Program Files\Inkscape\bin\python.exe
Info 2021-12-08 22:44:34: Process Execution: > C:\Program Files\Inkscape\bin\python.exe -c "import ipykernel"
> C:\Program Files\Inkscape\bin\python.exe -c "import ipykernel"
Info 2021-12-08 22:44:34: Process Execution: > C:\Program Files\Inkscape\bin\python.exe -c "import ipykernel"
> C:\Program Files\Inkscape\bin\python.exe -c "import ipykernel"
Error 2021-12-08 22:44:47: Install Missing Dependencies, Class name = S, completed in 13009ms, has a falsy return value, Return Value: undefined [a [Error]: IPyKernel not installed into interpreter Python 3.8.9 64-bit (system):C:\Program Files\Inkscape\bin\python.exe
	at S.handleKernelDependencyResponse (c:\Users\Racarla\Documents\Git\VSCode_Portable\VSCode-win32-x64-1.62.3\data\extensions\ms-toolsai.jupyter-2021.10.1101450599\out\client\extension.js:66:1226298)
	at processTicksAndRejections (internal/process/task_queues.js:93:5)
	at async S.installMissingDependencies (c:\Users\Racarla\Documents\Git\VSCode_Portable\VSCode-win32-x64-1.62.3\data\extensions\ms-toolsai.jupyter-2021.10.1101450599\out\client\extension.js:66:1225820)] {
  category: 'noipykernel',
  reason: 3
}
Error 2021-12-08 22:44:47: Raw session failed to start because dependencies not installed
Info 2021-12-08 22:44:47: Shutdown session -- complete
Error 2021-12-08 22:44:47: failed to create INotebook in kernel, UI Disabled = undefined [a [Error]: IPyKernel not installed into interpreter Python 3.8.9 64-bit (system):C:\Program Files\Inkscape\bin\python.exe
	at S.handleKernelDependencyResponse (c:\Users\Racarla\Documents\Git\VSCode_Portable\VSCode-win32-x64-1.62.3\data\extensions\ms-toolsai.jupyter-2021.10.1101450599\out\client\extension.js:66:1226298)
	at processTicksAndRejections (internal/process/task_queues.js:93:5)
	at async S.installMissingDependencies (c:\Users\Racarla\Documents\Git\VSCode_Portable\VSCode-win32-x64-1.62.3\data\extensions\ms-toolsai.jupyter-2021.10.1101450599\out\client\extension.js:66:1225820)] {
  category: 'noipykernel',
  reason: 3
}
Error 2021-12-08 22:44:47: DataScience Error [a [Error]: IPyKernel not installed into interpreter Python 3.8.9 64-bit (system):C:\Program Files\Inkscape\bin\python.exe
	at S.handleKernelDependencyResponse (c:\Users\Racarla\Documents\Git\VSCode_Portable\VSCode-win32-x64-1.62.3\data\extensions\ms-toolsai.jupyter-2021.10.1101450599\out\client\extension.js:66:1226298)
	at processTicksAndRejections (internal/process/task_queues.js:93:5)
	at async S.installMissingDependencies (c:\Users\Racarla\Documents\Git\VSCode_Portable\VSCode-win32-x64-1.62.3\data\extensions\ms-toolsai.jupyter-2021.10.1101450599\out\client\extension.js:66:1225820)] {
  category: 'noipykernel',
  reason: 3
}
Error 2021-12-08 22:44:47: failed to start INotebook in kernel, UI Disabled = undefined [a [Error]: IPyKernel not installed into interpreter Python 3.8.9 64-bit (system):C:\Program Files\Inkscape\bin\python.exe
	at S.handleKernelDependencyResponse (c:\Users\Racarla\Documents\Git\VSCode_Portable\VSCode-win32-x64-1.62.3\data\extensions\ms-toolsai.jupyter-2021.10.1101450599\out\client\extension.js:66:1226298)
	at processTicksAndRejections (internal/process/task_queues.js:93:5)
	at async S.installMissingDependencies (c:\Users\Racarla\Documents\Git\VSCode_Portable\VSCode-win32-x64-1.62.3\data\extensions\ms-toolsai.jupyter-2021.10.1101450599\out\client\extension.js:66:1225820)] {
  category: 'noipykernel',
  reason: 3
}
Error 2021-12-08 22:44:47: Failed to execute cells in CellExecutionQueue [a [Error]: IPyKernel not installed into interpreter Python 3.8.9 64-bit (system):C:\Program Files\Inkscape\bin\python.exe
	at S.handleKernelDependencyResponse (c:\Users\Racarla\Documents\Git\VSCode_Portable\VSCode-win32-x64-1.62.3\data\extensions\ms-toolsai.jupyter-2021.10.1101450599\out\client\extension.js:66:1226298)
	at processTicksAndRejections (internal/process/task_queues.js:93:5)
	at async S.installMissingDependencies (c:\Users\Racarla\Documents\Git\VSCode_Portable\VSCode-win32-x64-1.62.3\data\extensions\ms-toolsai.jupyter-2021.10.1101450599\out\client\extension.js:66:1225820)] {
  category: 'noipykernel',
  reason: 3
}
Info 2021-12-08 22:44:47: Cancel pending cells
Info 2021-12-08 22:46:02: Execute Cells request 7 1, 3, 5, 6, 8, 10, 11
Info 2021-12-08 22:46:02: Execute Cell 1 file:///c%3A/Users/Racarla/Documents/Git/VSCode_Portable/Projects/ButterworthFilter/Design/ButterworthFilter.ipynb
Info 2021-12-08 22:46:02: Starting Notebook in kernel.ts id = .jvsc74a57bd044fbd7004c3016cd7534cf0f1edc719ec93b2873ebadbff0fa25fc2ae14dd33d.C:\Program Files\Inkscape\bin\python.exe.C:\Program Files\Inkscape\bin\python.exe.-m#ipykernel_launcher
Info 2021-12-08 22:46:02: Execute Cell 3 file:///c%3A/Users/Racarla/Documents/Git/VSCode_Portable/Projects/ButterworthFilter/Design/ButterworthFilter.ipynb
Info 2021-12-08 22:46:02: Execute Cell 5 file:///c%3A/Users/Racarla/Documents/Git/VSCode_Portable/Projects/ButterworthFilter/Design/ButterworthFilter.ipynb
Info 2021-12-08 22:46:02: Execute Cell 6 file:///c%3A/Users/Racarla/Documents/Git/VSCode_Portable/Projects/ButterworthFilter/Design/ButterworthFilter.ipynb
Info 2021-12-08 22:46:02: Execute Cell 8 file:///c%3A/Users/Racarla/Documents/Git/VSCode_Portable/Projects/ButterworthFilter/Design/ButterworthFilter.ipynb
Info 2021-12-08 22:46:02: Execute Cell 10 file:///c%3A/Users/Racarla/Documents/Git/VSCode_Portable/Projects/ButterworthFilter/Design/ButterworthFilter.ipynb
Info 2021-12-08 22:46:02: Execute Cell 11 file:///c%3A/Users/Racarla/Documents/Git/VSCode_Portable/Projects/ButterworthFilter/Design/ButterworthFilter.ipynb
Info 2021-12-08 22:46:02: Creating raw notebook for file:///c%3A/Users/Racarla/Documents/Git/VSCode_Portable/Projects/ButterworthFilter/Design/ButterworthFilter.ipynb
Info 2021-12-08 22:46:02: Getting preferred kernel for file:///c%3A/Users/Racarla/Documents/Git/VSCode_Portable/Projects/ButterworthFilter/Design/ButterworthFilter.ipynb
Info 2021-12-08 22:46:02: Computing working directory file:///c%3A/Users/Racarla/Documents/Git/VSCode_Portable/Projects/ButterworthFilter/Design/ButterworthFilter.ipynb
Info 2021-12-08 22:46:02: Connecting to raw session for file:///c%3A/Users/Racarla/Documents/Git/VSCode_Portable/Projects/ButterworthFilter/Design/ButterworthFilter.ipynb with connection {"kind":"startUsingPythonInterpreter","kernelSpec":{"specFile":"C:\\Users\\Racarla\\AppData\\Roaming\\jupyter\\kernels\\python389jvsc74a57bd044fbd7004c3016cd7534cf0f1edc719ec93b2873ebadbff0fa25fc2ae14dd33d\\kernel.json","interpreterPath":"C:\\Program Files\\Inkscape\\bin\\python.exe","name":"python389jvsc74a57bd044fbd7004c3016cd7534cf0f1edc719ec93b2873ebadbff0fa25fc2ae14dd33d","argv":["python","-m","ipykernel_launcher","-f","{connection_file}"],"language":"python","path":"python","display_name":"Python 3.8.9 64-bit (system)","metadata":{"interpreter":{"sysPrefix":"C:\\Program Files\\Inkscape","envType":"System","envName":"","envPath":"","path":"C:\\Program Files\\Inkscape\\bin\\python.exe","architecture":3,"sysVersion":"3.8.9 (default, Apr 13 2021, 15:54:59)  [GCC 10.2.0 64 bit (AMD64)]","version":{"raw":"3.8.9","major":3,"minor":8,"patch":9,"build":[],"prerelease":["final","0"]},"displayName":"Python 3.8.9 64-bit (system)"}},"env":{}},"interpreter":{"sysPrefix":"C:\\Program Files\\Inkscape","envType":"System","envName":"","envPath":"","path":"C:\\Program Files\\Inkscape\\bin\\python.exe","architecture":3,"sysVersion":"3.8.9 (default, Apr 13 2021, 15:54:59)  [GCC 10.2.0 64 bit (AMD64)]","version":{"raw":"3.8.9","major":3,"minor":8,"patch":9,"build":[],"prerelease":["final","0"]},"displayName":"Python 3.8.9 64-bit (system)"},"id":".jvsc74a57bd044fbd7004c3016cd7534cf0f1edc719ec93b2873ebadbff0fa25fc2ae14dd33d.C:\\Program Files\\Inkscape\\bin\\python.exe.C:\\Program Files\\Inkscape\\bin\\python.exe.-m#ipykernel_launcher"}
Info 2021-12-08 22:46:02: Starting raw kernel Python 3.8.9 64-bit (system)
Info 2021-12-08 22:46:02: installMissingDependencies C:\Program Files\Inkscape\bin\python.exe
Info 2021-12-08 22:46:02: Process Execution: > C:\Program Files\Inkscape\bin\python.exe -c "import ipykernel"
> C:\Program Files\Inkscape\bin\python.exe -c "import ipykernel"
Info 2021-12-08 22:46:02: Process Execution: > C:\Program Files\Inkscape\bin\python.exe -c "import ipykernel"
> C:\Program Files\Inkscape\bin\python.exe -c "import ipykernel"
Error 2021-12-08 22:46:06: Install Missing Dependencies, Class name = S, completed in 3634ms, has a falsy return value, Return Value: undefined [a [Error]: IPyKernel not installed into interpreter Python 3.8.9 64-bit (system):C:\Program Files\Inkscape\bin\python.exe
	at S.handleKernelDependencyResponse (c:\Users\Racarla\Documents\Git\VSCode_Portable\VSCode-win32-x64-1.62.3\data\extensions\ms-toolsai.jupyter-2021.10.1101450599\out\client\extension.js:66:1226298)
	at runMicrotasks (<anonymous>)
	at processTicksAndRejections (internal/process/task_queues.js:93:5)
	at async S.installMissingDependencies (c:\Users\Racarla\Documents\Git\VSCode_Portable\VSCode-win32-x64-1.62.3\data\extensions\ms-toolsai.jupyter-2021.10.1101450599\out\client\extension.js:66:1225820)] {
  category: 'noipykernel',
  reason: 3
}
Error 2021-12-08 22:46:06: Raw session failed to start because dependencies not installed
Info 2021-12-08 22:46:06: Shutdown session -- complete
Error 2021-12-08 22:46:06: failed to create INotebook in kernel, UI Disabled = undefined [a [Error]: IPyKernel not installed into interpreter Python 3.8.9 64-bit (system):C:\Program Files\Inkscape\bin\python.exe
	at S.handleKernelDependencyResponse (c:\Users\Racarla\Documents\Git\VSCode_Portable\VSCode-win32-x64-1.62.3\data\extensions\ms-toolsai.jupyter-2021.10.1101450599\out\client\extension.js:66:1226298)
	at runMicrotasks (<anonymous>)
	at processTicksAndRejections (internal/process/task_queues.js:93:5)
	at async S.installMissingDependencies (c:\Users\Racarla\Documents\Git\VSCode_Portable\VSCode-win32-x64-1.62.3\data\extensions\ms-toolsai.jupyter-2021.10.1101450599\out\client\extension.js:66:1225820)] {
  category: 'noipykernel',
  reason: 3
}
Error 2021-12-08 22:46:06: DataScience Error [a [Error]: IPyKernel not installed into interpreter Python 3.8.9 64-bit (system):C:\Program Files\Inkscape\bin\python.exe
	at S.handleKernelDependencyResponse (c:\Users\Racarla\Documents\Git\VSCode_Portable\VSCode-win32-x64-1.62.3\data\extensions\ms-toolsai.jupyter-2021.10.1101450599\out\client\extension.js:66:1226298)
	at runMicrotasks (<anonymous>)
	at processTicksAndRejections (internal/process/task_queues.js:93:5)
	at async S.installMissingDependencies (c:\Users\Racarla\Documents\Git\VSCode_Portable\VSCode-win32-x64-1.62.3\data\extensions\ms-toolsai.jupyter-2021.10.1101450599\out\client\extension.js:66:1225820)] {
  category: 'noipykernel',
  reason: 3
}
Error 2021-12-08 22:46:06: failed to start INotebook in kernel, UI Disabled = undefined [a [Error]: IPyKernel not installed into interpreter Python 3.8.9 64-bit (system):C:\Program Files\Inkscape\bin\python.exe
	at S.handleKernelDependencyResponse (c:\Users\Racarla\Documents\Git\VSCode_Portable\VSCode-win32-x64-1.62.3\data\extensions\ms-toolsai.jupyter-2021.10.1101450599\out\client\extension.js:66:1226298)
	at runMicrotasks (<anonymous>)
	at processTicksAndRejections (internal/process/task_queues.js:93:5)
	at async S.installMissingDependencies (c:\Users\Racarla\Documents\Git\VSCode_Portable\VSCode-win32-x64-1.62.3\data\extensions\ms-toolsai.jupyter-2021.10.1101450599\out\client\extension.js:66:1225820)] {
  category: 'noipykernel',
  reason: 3
}
Error 2021-12-08 22:46:06: Failed to execute cells in CellExecutionQueue [a [Error]: IPyKernel not installed into interpreter Python 3.8.9 64-bit (system):C:\Program Files\Inkscape\bin\python.exe
	at S.handleKernelDependencyResponse (c:\Users\Racarla\Documents\Git\VSCode_Portable\VSCode-win32-x64-1.62.3\data\extensions\ms-toolsai.jupyter-2021.10.1101450599\out\client\extension.js:66:1226298)
	at runMicrotasks (<anonymous>)
	at processTicksAndRejections (internal/process/task_queues.js:93:5)
	at async S.installMissingDependencies (c:\Users\Racarla\Documents\Git\VSCode_Portable\VSCode-win32-x64-1.62.3\data\extensions\ms-toolsai.jupyter-2021.10.1101450599\out\client\extension.js:66:1225820)] {
  category: 'noipykernel',
  reason: 3
}
Info 2021-12-08 22:46:06: Cancel pending cells
Info 2021-12-08 22:46:15: Process Execution: > ~\Documents\Git\VSCode_Portable\python-3.10.1-embed-amd64\python.exe -m pip list
> ~\Documents\Git\VSCode_Portable\python-3.10.1-embed-amd64\python.exe -m pip list
Info 2021-12-08 22:46:15: Process Execution: > ~\Documents\Git\VSCode_Portable\python-3.10.1-embed-amd64\python.exe -m pip list
> ~\Documents\Git\VSCode_Portable\python-3.10.1-embed-amd64\python.exe -m pip list
Info 2021-12-08 22:46:15: Process Execution: > ~\Documents\Git\VSCode_Portable\python-3.10.1-embed-amd64\python.exe -c "import pip"
> ~\Documents\Git\VSCode_Portable\python-3.10.1-embed-amd64\python.exe -c "import pip"
Info 2021-12-08 22:46:15: Process Execution: > ~\Documents\Git\VSCode_Portable\python-3.10.1-embed-amd64\python.exe -c "import pip"
> ~\Documents\Git\VSCode_Portable\python-3.10.1-embed-amd64\python.exe -c "import pip"
Info 2021-12-08 22:46:19: Execute Cells request 7 1, 3, 5, 6, 8, 10, 11
Info 2021-12-08 22:46:19: Execute Cell 1 file:///c%3A/Users/Racarla/Documents/Git/VSCode_Portable/Projects/ButterworthFilter/Design/ButterworthFilter.ipynb
Info 2021-12-08 22:46:19: Starting Notebook in kernel.ts id = .jvsc74a57bd044fbd7004c3016cd7534cf0f1edc719ec93b2873ebadbff0fa25fc2ae14dd33d.C:\Program Files\Inkscape\bin\python.exe.C:\Program Files\Inkscape\bin\python.exe.-m#ipykernel_launcher
Info 2021-12-08 22:46:19: Execute Cell 3 file:///c%3A/Users/Racarla/Documents/Git/VSCode_Portable/Projects/ButterworthFilter/Design/ButterworthFilter.ipynb
Info 2021-12-08 22:46:19: Execute Cell 5 file:///c%3A/Users/Racarla/Documents/Git/VSCode_Portable/Projects/ButterworthFilter/Design/ButterworthFilter.ipynb
Info 2021-12-08 22:46:19: Execute Cell 6 file:///c%3A/Users/Racarla/Documents/Git/VSCode_Portable/Projects/ButterworthFilter/Design/ButterworthFilter.ipynb
Info 2021-12-08 22:46:19: Execute Cell 8 file:///c%3A/Users/Racarla/Documents/Git/VSCode_Portable/Projects/ButterworthFilter/Design/ButterworthFilter.ipynb
Info 2021-12-08 22:46:19: Execute Cell 10 file:///c%3A/Users/Racarla/Documents/Git/VSCode_Portable/Projects/ButterworthFilter/Design/ButterworthFilter.ipynb
Info 2021-12-08 22:46:19: Execute Cell 11 file:///c%3A/Users/Racarla/Documents/Git/VSCode_Portable/Projects/ButterworthFilter/Design/ButterworthFilter.ipynb
Info 2021-12-08 22:46:19: Creating raw notebook for file:///c%3A/Users/Racarla/Documents/Git/VSCode_Portable/Projects/ButterworthFilter/Design/ButterworthFilter.ipynb
Info 2021-12-08 22:46:19: Getting preferred kernel for file:///c%3A/Users/Racarla/Documents/Git/VSCode_Portable/Projects/ButterworthFilter/Design/ButterworthFilter.ipynb
Info 2021-12-08 22:46:19: Computing working directory file:///c%3A/Users/Racarla/Documents/Git/VSCode_Portable/Projects/ButterworthFilter/Design/ButterworthFilter.ipynb
Info 2021-12-08 22:46:19: Connecting to raw session for file:///c%3A/Users/Racarla/Documents/Git/VSCode_Portable/Projects/ButterworthFilter/Design/ButterworthFilter.ipynb with connection {"kind":"startUsingPythonInterpreter","kernelSpec":{"specFile":"C:\\Users\\Racarla\\AppData\\Roaming\\jupyter\\kernels\\python389jvsc74a57bd044fbd7004c3016cd7534cf0f1edc719ec93b2873ebadbff0fa25fc2ae14dd33d\\kernel.json","interpreterPath":"C:\\Program Files\\Inkscape\\bin\\python.exe","name":"python389jvsc74a57bd044fbd7004c3016cd7534cf0f1edc719ec93b2873ebadbff0fa25fc2ae14dd33d","argv":["python","-m","ipykernel_launcher","-f","{connection_file}"],"language":"python","path":"python","display_name":"Python 3.8.9 64-bit (system)","metadata":{"interpreter":{"sysPrefix":"C:\\Program Files\\Inkscape","envType":"System","envName":"","envPath":"","path":"C:\\Program Files\\Inkscape\\bin\\python.exe","architecture":3,"sysVersion":"3.8.9 (default, Apr 13 2021, 15:54:59)  [GCC 10.2.0 64 bit (AMD64)]","version":{"raw":"3.8.9","major":3,"minor":8,"patch":9,"build":[],"prerelease":["final","0"]},"displayName":"Python 3.8.9 64-bit (system)"}},"env":{}},"interpreter":{"sysPrefix":"C:\\Program Files\\Inkscape","envType":"System","envName":"","envPath":"","path":"C:\\Program Files\\Inkscape\\bin\\python.exe","architecture":3,"sysVersion":"3.8.9 (default, Apr 13 2021, 15:54:59)  [GCC 10.2.0 64 bit (AMD64)]","version":{"raw":"3.8.9","major":3,"minor":8,"patch":9,"build":[],"prerelease":["final","0"]},"displayName":"Python 3.8.9 64-bit (system)"},"id":".jvsc74a57bd044fbd7004c3016cd7534cf0f1edc719ec93b2873ebadbff0fa25fc2ae14dd33d.C:\\Program Files\\Inkscape\\bin\\python.exe.C:\\Program Files\\Inkscape\\bin\\python.exe.-m#ipykernel_launcher"}
Info 2021-12-08 22:46:19: Starting raw kernel Python 3.8.9 64-bit (system)
Info 2021-12-08 22:46:19: installMissingDependencies C:\Program Files\Inkscape\bin\python.exe
Info 2021-12-08 22:46:19: Process Execution: > C:\Program Files\Inkscape\bin\python.exe -c "import ipykernel"
> C:\Program Files\Inkscape\bin\python.exe -c "import ipykernel"
Info 2021-12-08 22:46:19: Process Execution: > C:\Program Files\Inkscape\bin\python.exe -c "import ipykernel"
> C:\Program Files\Inkscape\bin\python.exe -c "import ipykernel"
Error 2021-12-08 22:46:21: Install Missing Dependencies, Class name = S, completed in 2178ms, has a falsy return value, Return Value: undefined [a [Error]: IPyKernel not installed into interpreter Python 3.8.9 64-bit (system):C:\Program Files\Inkscape\bin\python.exe
	at S.handleKernelDependencyResponse (c:\Users\Racarla\Documents\Git\VSCode_Portable\VSCode-win32-x64-1.62.3\data\extensions\ms-toolsai.jupyter-2021.10.1101450599\out\client\extension.js:66:1226298)
	at S.installMissingDependencies (c:\Users\Racarla\Documents\Git\VSCode_Portable\VSCode-win32-x64-1.62.3\data\extensions\ms-toolsai.jupyter-2021.10.1101450599\out\client\extension.js:66:1225831)
	at runMicrotasks (<anonymous>)
	at processTicksAndRejections (internal/process/task_queues.js:93:5)] {
  category: 'noipykernel',
  reason: 1
}
Error 2021-12-08 22:46:21: Raw session failed to start because dependencies not installed
Info 2021-12-08 22:46:21: Shutdown session -- complete
Error 2021-12-08 22:46:21: failed to create INotebook in kernel, UI Disabled = undefined [a [Error]: IPyKernel not installed into interpreter Python 3.8.9 64-bit (system):C:\Program Files\Inkscape\bin\python.exe
	at S.handleKernelDependencyResponse (c:\Users\Racarla\Documents\Git\VSCode_Portable\VSCode-win32-x64-1.62.3\data\extensions\ms-toolsai.jupyter-2021.10.1101450599\out\client\extension.js:66:1226298)
	at S.installMissingDependencies (c:\Users\Racarla\Documents\Git\VSCode_Portable\VSCode-win32-x64-1.62.3\data\extensions\ms-toolsai.jupyter-2021.10.1101450599\out\client\extension.js:66:1225831)
	at runMicrotasks (<anonymous>)
	at processTicksAndRejections (internal/process/task_queues.js:93:5)] {
  category: 'noipykernel',
  reason: 1
}
Error 2021-12-08 22:46:21: DataScience Error [a [Error]: IPyKernel not installed into interpreter Python 3.8.9 64-bit (system):C:\Program Files\Inkscape\bin\python.exe
	at S.handleKernelDependencyResponse (c:\Users\Racarla\Documents\Git\VSCode_Portable\VSCode-win32-x64-1.62.3\data\extensions\ms-toolsai.jupyter-2021.10.1101450599\out\client\extension.js:66:1226298)
	at S.installMissingDependencies (c:\Users\Racarla\Documents\Git\VSCode_Portable\VSCode-win32-x64-1.62.3\data\extensions\ms-toolsai.jupyter-2021.10.1101450599\out\client\extension.js:66:1225831)
	at runMicrotasks (<anonymous>)
	at processTicksAndRejections (internal/process/task_queues.js:93:5)] {
  category: 'noipykernel',
  reason: 1
}
Error 2021-12-08 22:46:21: failed to start INotebook in kernel, UI Disabled = undefined [a [Error]: IPyKernel not installed into interpreter Python 3.8.9 64-bit (system):C:\Program Files\Inkscape\bin\python.exe
	at S.handleKernelDependencyResponse (c:\Users\Racarla\Documents\Git\VSCode_Portable\VSCode-win32-x64-1.62.3\data\extensions\ms-toolsai.jupyter-2021.10.1101450599\out\client\extension.js:66:1226298)
	at S.installMissingDependencies (c:\Users\Racarla\Documents\Git\VSCode_Portable\VSCode-win32-x64-1.62.3\data\extensions\ms-toolsai.jupyter-2021.10.1101450599\out\client\extension.js:66:1225831)
	at runMicrotasks (<anonymous>)
	at processTicksAndRejections (internal/process/task_queues.js:93:5)] {
  category: 'noipykernel',
  reason: 1
}
Error 2021-12-08 22:46:21: Failed to execute cells in CellExecutionQueue [a [Error]: IPyKernel not installed into interpreter Python 3.8.9 64-bit (system):C:\Program Files\Inkscape\bin\python.exe
	at S.handleKernelDependencyResponse (c:\Users\Racarla\Documents\Git\VSCode_Portable\VSCode-win32-x64-1.62.3\data\extensions\ms-toolsai.jupyter-2021.10.1101450599\out\client\extension.js:66:1226298)
	at S.installMissingDependencies (c:\Users\Racarla\Documents\Git\VSCode_Portable\VSCode-win32-x64-1.62.3\data\extensions\ms-toolsai.jupyter-2021.10.1101450599\out\client\extension.js:66:1225831)
	at runMicrotasks (<anonymous>)
	at processTicksAndRejections (internal/process/task_queues.js:93:5)] {
  category: 'noipykernel',
  reason: 1
}
Info 2021-12-08 22:46:21: Cancel pending cells
Info 2021-12-08 22:46:30: Dispose kernel file:///c%3A/Users/Racarla/Documents/Git/VSCode_Portable/Projects/ButterworthFilter/Design/ButterworthFilter.ipynb
Info 2021-12-08 22:46:30: Setting setActiveController for file:///c%3A/Users/Racarla/Documents/Git/VSCode_Portable/Projects/ButterworthFilter/Design/ButterworthFilter.ipynb
Info 2021-12-08 22:46:30: IPyWidgetScriptSource.initialize
Info 2021-12-08 22:46:30: KernelProvider switched kernel to id = .jvsc74a57bd09d2122521ae83686adf948fbe5be040268d49333341a06c6cc27efa95eaad75a.C:\Users\Racarla\Documents\Git\VSCode_Portable\python-3.10.1-embed-amd64\python.exe.C:\Users\Racarla\Documents\Git\VSCode_Portable\python-3.10.1-embed-amd64\python.exe.-m#ipykernel_launcher
Info 2021-12-08 22:46:30: Starting Notebook in kernel.ts id = .jvsc74a57bd09d2122521ae83686adf948fbe5be040268d49333341a06c6cc27efa95eaad75a.C:\Users\Racarla\Documents\Git\VSCode_Portable\python-3.10.1-embed-amd64\python.exe.C:\Users\Racarla\Documents\Git\VSCode_Portable\python-3.10.1-embed-amd64\python.exe.-m#ipykernel_launcher
Info 2021-12-08 22:46:30: Creating raw notebook for file:///c%3A/Users/Racarla/Documents/Git/VSCode_Portable/Projects/ButterworthFilter/Design/ButterworthFilter.ipynb
Info 2021-12-08 22:46:30: Getting preferred kernel for file:///c%3A/Users/Racarla/Documents/Git/VSCode_Portable/Projects/ButterworthFilter/Design/ButterworthFilter.ipynb
Info 2021-12-08 22:46:30: Computing working directory file:///c%3A/Users/Racarla/Documents/Git/VSCode_Portable/Projects/ButterworthFilter/Design/ButterworthFilter.ipynb
Info 2021-12-08 22:46:30: Connecting to raw session for file:///c%3A/Users/Racarla/Documents/Git/VSCode_Portable/Projects/ButterworthFilter/Design/ButterworthFilter.ipynb with connection {"kind":"startUsingPythonInterpreter","kernelSpec":{"specFile":"C:\\Users\\Racarla\\AppData\\Roaming\\jupyter\\kernels\\python3101jvsc74a57bd09d2122521ae83686adf948fbe5be040268d49333341a06c6cc27efa95eaad75a\\kernel.json","interpreterPath":"C:\\Users\\Racarla\\Documents\\Git\\VSCode_Portable\\python-3.10.1-embed-amd64\\python.exe","name":"python3101jvsc74a57bd09d2122521ae83686adf948fbe5be040268d49333341a06c6cc27efa95eaad75a","argv":["python","-m","ipykernel_launcher","-f","{connection_file}"],"language":"python","path":"python","display_name":"Python 3.10.1 64-bit","metadata":{"interpreter":{"sysPrefix":"C:\\Users\\Racarla\\Documents\\Git\\VSCode_Portable\\python-3.10.1-embed-amd64","envType":"Unknown","envName":"","envPath":"","path":"C:\\Users\\Racarla\\Documents\\Git\\VSCode_Portable\\python-3.10.1-embed-amd64\\python.exe","architecture":3,"sysVersion":"3.10.1 (tags/v3.10.1:2cd268a, Dec  6 2021, 19:10:37) [MSC v.1929 64 bit (AMD64)]","version":{"raw":"3.10.1","major":3,"minor":10,"patch":1,"build":[],"prerelease":["final","0"]},"displayName":"Python 3.10.1 64-bit"}},"env":{}},"interpreter":{"sysPrefix":"C:\\Users\\Racarla\\Documents\\Git\\VSCode_Portable\\python-3.10.1-embed-amd64","envType":"Unknown","envName":"","envPath":"","path":"C:\\Users\\Racarla\\Documents\\Git\\VSCode_Portable\\python-3.10.1-embed-amd64\\python.exe","architecture":3,"sysVersion":"3.10.1 (tags/v3.10.1:2cd268a, Dec  6 2021, 19:10:37) [MSC v.1929 64 bit (AMD64)]","version":{"raw":"3.10.1","major":3,"minor":10,"patch":1,"build":[],"prerelease":["final","0"]},"displayName":"Python 3.10.1 64-bit"},"id":".jvsc74a57bd09d2122521ae83686adf948fbe5be040268d49333341a06c6cc27efa95eaad75a.C:\\Users\\Racarla\\Documents\\Git\\VSCode_Portable\\python-3.10.1-embed-amd64\\python.exe.C:\\Users\\Racarla\\Documents\\Git\\VSCode_Portable\\python-3.10.1-embed-amd64\\python.exe.-m#ipykernel_launcher"}
Info 2021-12-08 22:46:30: Starting raw kernel Python 3.10.1 64-bit
Info 2021-12-08 22:46:30: installMissingDependencies C:\Users\Racarla\Documents\Git\VSCode_Portable\python-3.10.1-embed-amd64\python.exe
Info 2021-12-08 22:46:30: Process Execution: > ~\Documents\Git\VSCode_Portable\python-3.10.1-embed-amd64\python.exe -m pip list
> ~\Documents\Git\VSCode_Portable\python-3.10.1-embed-amd64\python.exe -m pip list
Info 2021-12-08 22:46:30: Process Execution: > ~\Documents\Git\VSCode_Portable\python-3.10.1-embed-amd64\python.exe -m pip list
> ~\Documents\Git\VSCode_Portable\python-3.10.1-embed-amd64\python.exe -m pip list
Info 2021-12-08 22:46:30: Process Execution: > ~\Documents\Git\VSCode_Portable\python-3.10.1-embed-amd64\python.exe -c "import ipykernel"
> ~\Documents\Git\VSCode_Portable\python-3.10.1-embed-amd64\python.exe -c "import ipykernel"
Info 2021-12-08 22:46:30: Process Execution: > ~\Documents\Git\VSCode_Portable\python-3.10.1-embed-amd64\python.exe -c "import ipykernel"
> ~\Documents\Git\VSCode_Portable\python-3.10.1-embed-amd64\python.exe -c "import ipykernel"
Error 2021-12-08 22:46:30: Install Missing Dependencies, Class name = S, completed in 78ms, has a falsy return value, Return Value: undefined [a [Error]: IPyKernel not installed into interpreter Python 3.10.1 64-bit:C:\Users\Racarla\Documents\Git\VSCode_Portable\python-3.10.1-embed-amd64\python.exe
	at S.handleKernelDependencyResponse (c:\Users\Racarla\Documents\Git\VSCode_Portable\VSCode-win32-x64-1.62.3\data\extensions\ms-toolsai.jupyter-2021.10.1101450599\out\client\extension.js:66:1226298)
	at S.installMissingDependencies (c:\Users\Racarla\Documents\Git\VSCode_Portable\VSCode-win32-x64-1.62.3\data\extensions\ms-toolsai.jupyter-2021.10.1101450599\out\client\extension.js:66:1225831)
	at runMicrotasks (<anonymous>)
	at processTicksAndRejections (internal/process/task_queues.js:93:5)] {
  category: 'noipykernel',
  reason: 1
}
Error 2021-12-08 22:46:30: Raw session failed to start because dependencies not installed
Info 2021-12-08 22:46:30: Shutdown session -- complete
Error 2021-12-08 22:46:30: failed to create INotebook in kernel, UI Disabled = true [a [Error]: IPyKernel not installed into interpreter Python 3.10.1 64-bit:C:\Users\Racarla\Documents\Git\VSCode_Portable\python-3.10.1-embed-amd64\python.exe
	at S.handleKernelDependencyResponse (c:\Users\Racarla\Documents\Git\VSCode_Portable\VSCode-win32-x64-1.62.3\data\extensions\ms-toolsai.jupyter-2021.10.1101450599\out\client\extension.js:66:1226298)
	at S.installMissingDependencies (c:\Users\Racarla\Documents\Git\VSCode_Portable\VSCode-win32-x64-1.62.3\data\extensions\ms-toolsai.jupyter-2021.10.1101450599\out\client\extension.js:66:1225831)
	at runMicrotasks (<anonymous>)
	at processTicksAndRejections (internal/process/task_queues.js:93:5)] {
  category: 'noipykernel',
  reason: 1
}
Error 2021-12-08 22:46:30: failed to start INotebook in kernel, UI Disabled = true [a [Error]: IPyKernel not installed into interpreter Python 3.10.1 64-bit:C:\Users\Racarla\Documents\Git\VSCode_Portable\python-3.10.1-embed-amd64\python.exe
	at S.handleKernelDependencyResponse (c:\Users\Racarla\Documents\Git\VSCode_Portable\VSCode-win32-x64-1.62.3\data\extensions\ms-toolsai.jupyter-2021.10.1101450599\out\client\extension.js:66:1226298)
	at S.installMissingDependencies (c:\Users\Racarla\Documents\Git\VSCode_Portable\VSCode-win32-x64-1.62.3\data\extensions\ms-toolsai.jupyter-2021.10.1101450599\out\client\extension.js:66:1225831)
	at runMicrotasks (<anonymous>)
	at processTicksAndRejections (internal/process/task_queues.js:93:5)] {
  category: 'noipykernel',
  reason: 1
}
Info 2021-12-08 22:46:30: Process Execution: > ~\Documents\Git\VSCode_Portable\python-3.10.1-embed-amd64\python.exe -c "import pip"
> ~\Documents\Git\VSCode_Portable\python-3.10.1-embed-amd64\python.exe -c "import pip"
Info 2021-12-08 22:46:30: Process Execution: > ~\Documents\Git\VSCode_Portable\python-3.10.1-embed-amd64\python.exe -c "import pip"
> ~\Documents\Git\VSCode_Portable\python-3.10.1-embed-amd64\python.exe -c "import pip"
Info 2021-12-08 22:46:31: Registering dummy command feature
Info 2021-12-08 22:46:33: Execute Cells request 7 1, 3, 5, 6, 8, 10, 11
Info 2021-12-08 22:46:33: Execute Cell 1 file:///c%3A/Users/Racarla/Documents/Git/VSCode_Portable/Projects/ButterworthFilter/Design/ButterworthFilter.ipynb
Info 2021-12-08 22:46:33: Starting Notebook in kernel.ts id = .jvsc74a57bd09d2122521ae83686adf948fbe5be040268d49333341a06c6cc27efa95eaad75a.C:\Users\Racarla\Documents\Git\VSCode_Portable\python-3.10.1-embed-amd64\python.exe.C:\Users\Racarla\Documents\Git\VSCode_Portable\python-3.10.1-embed-amd64\python.exe.-m#ipykernel_launcher
Info 2021-12-08 22:46:33: Execute Cell 3 file:///c%3A/Users/Racarla/Documents/Git/VSCode_Portable/Projects/ButterworthFilter/Design/ButterworthFilter.ipynb
Info 2021-12-08 22:46:33: Execute Cell 5 file:///c%3A/Users/Racarla/Documents/Git/VSCode_Portable/Projects/ButterworthFilter/Design/ButterworthFilter.ipynb
Info 2021-12-08 22:46:33: Execute Cell 6 file:///c%3A/Users/Racarla/Documents/Git/VSCode_Portable/Projects/ButterworthFilter/Design/ButterworthFilter.ipynb
Info 2021-12-08 22:46:33: Execute Cell 8 file:///c%3A/Users/Racarla/Documents/Git/VSCode_Portable/Projects/ButterworthFilter/Design/ButterworthFilter.ipynb
Info 2021-12-08 22:46:33: Execute Cell 10 file:///c%3A/Users/Racarla/Documents/Git/VSCode_Portable/Projects/ButterworthFilter/Design/ButterworthFilter.ipynb
Info 2021-12-08 22:46:33: Execute Cell 11 file:///c%3A/Users/Racarla/Documents/Git/VSCode_Portable/Projects/ButterworthFilter/Design/ButterworthFilter.ipynb
Info 2021-12-08 22:46:33: Creating raw notebook for file:///c%3A/Users/Racarla/Documents/Git/VSCode_Portable/Projects/ButterworthFilter/Design/ButterworthFilter.ipynb
Info 2021-12-08 22:46:33: Getting preferred kernel for file:///c%3A/Users/Racarla/Documents/Git/VSCode_Portable/Projects/ButterworthFilter/Design/ButterworthFilter.ipynb
Info 2021-12-08 22:46:33: Computing working directory file:///c%3A/Users/Racarla/Documents/Git/VSCode_Portable/Projects/ButterworthFilter/Design/ButterworthFilter.ipynb
Info 2021-12-08 22:46:33: Connecting to raw session for file:///c%3A/Users/Racarla/Documents/Git/VSCode_Portable/Projects/ButterworthFilter/Design/ButterworthFilter.ipynb with connection {"kind":"startUsingPythonInterpreter","kernelSpec":{"specFile":"C:\\Users\\Racarla\\AppData\\Roaming\\jupyter\\kernels\\python3101jvsc74a57bd09d2122521ae83686adf948fbe5be040268d49333341a06c6cc27efa95eaad75a\\kernel.json","interpreterPath":"C:\\Users\\Racarla\\Documents\\Git\\VSCode_Portable\\python-3.10.1-embed-amd64\\python.exe","name":"python3101jvsc74a57bd09d2122521ae83686adf948fbe5be040268d49333341a06c6cc27efa95eaad75a","argv":["python","-m","ipykernel_launcher","-f","{connection_file}"],"language":"python","path":"python","display_name":"Python 3.10.1 64-bit","metadata":{"interpreter":{"sysPrefix":"C:\\Users\\Racarla\\Documents\\Git\\VSCode_Portable\\python-3.10.1-embed-amd64","envType":"Unknown","envName":"","envPath":"","path":"C:\\Users\\Racarla\\Documents\\Git\\VSCode_Portable\\python-3.10.1-embed-amd64\\python.exe","architecture":3,"sysVersion":"3.10.1 (tags/v3.10.1:2cd268a, Dec  6 2021, 19:10:37) [MSC v.1929 64 bit (AMD64)]","version":{"raw":"3.10.1","major":3,"minor":10,"patch":1,"build":[],"prerelease":["final","0"]},"displayName":"Python 3.10.1 64-bit"}},"env":{}},"interpreter":{"sysPrefix":"C:\\Users\\Racarla\\Documents\\Git\\VSCode_Portable\\python-3.10.1-embed-amd64","envType":"Unknown","envName":"","envPath":"","path":"C:\\Users\\Racarla\\Documents\\Git\\VSCode_Portable\\python-3.10.1-embed-amd64\\python.exe","architecture":3,"sysVersion":"3.10.1 (tags/v3.10.1:2cd268a, Dec  6 2021, 19:10:37) [MSC v.1929 64 bit (AMD64)]","version":{"raw":"3.10.1","major":3,"minor":10,"patch":1,"build":[],"prerelease":["final","0"]},"displayName":"Python 3.10.1 64-bit"},"id":".jvsc74a57bd09d2122521ae83686adf948fbe5be040268d49333341a06c6cc27efa95eaad75a.C:\\Users\\Racarla\\Documents\\Git\\VSCode_Portable\\python-3.10.1-embed-amd64\\python.exe.C:\\Users\\Racarla\\Documents\\Git\\VSCode_Portable\\python-3.10.1-embed-amd64\\python.exe.-m#ipykernel_launcher"}
Info 2021-12-08 22:46:33: Starting raw kernel Python 3.10.1 64-bit
Info 2021-12-08 22:46:33: installMissingDependencies C:\Users\Racarla\Documents\Git\VSCode_Portable\python-3.10.1-embed-amd64\python.exe
Info 2021-12-08 22:46:33: Process Execution: > ~\Documents\Git\VSCode_Portable\python-3.10.1-embed-amd64\python.exe -c "import ipykernel"
> ~\Documents\Git\VSCode_Portable\python-3.10.1-embed-amd64\python.exe -c "import ipykernel"
Info 2021-12-08 22:46:33: Process Execution: > ~\Documents\Git\VSCode_Portable\python-3.10.1-embed-amd64\python.exe -c "import ipykernel"
> ~\Documents\Git\VSCode_Portable\python-3.10.1-embed-amd64\python.exe -c "import ipykernel"
Error 2021-12-08 22:46:37: Install Missing Dependencies, Class name = S, completed in 3491ms, has a falsy return value, Return Value: undefined [a [Error]: IPyKernel not installed into interpreter Python 3.10.1 64-bit:C:\Users\Racarla\Documents\Git\VSCode_Portable\python-3.10.1-embed-amd64\python.exe
	at S.handleKernelDependencyResponse (c:\Users\Racarla\Documents\Git\VSCode_Portable\VSCode-win32-x64-1.62.3\data\extensions\ms-toolsai.jupyter-2021.10.1101450599\out\client\extension.js:66:1226298)
	at S.installMissingDependencies (c:\Users\Racarla\Documents\Git\VSCode_Portable\VSCode-win32-x64-1.62.3\data\extensions\ms-toolsai.jupyter-2021.10.1101450599\out\client\extension.js:66:1225831)
	at runMicrotasks (<anonymous>)
	at processTicksAndRejections (internal/process/task_queues.js:93:5)] {
  category: 'noipykernel',
  reason: 2
}
Error 2021-12-08 22:46:37: Raw session failed to start because dependencies not installed
Info 2021-12-08 22:46:37: Shutdown session -- complete
Error 2021-12-08 22:46:37: failed to create INotebook in kernel, UI Disabled = undefined [a [Error]: IPyKernel not installed into interpreter Python 3.10.1 64-bit:C:\Users\Racarla\Documents\Git\VSCode_Portable\python-3.10.1-embed-amd64\python.exe
	at S.handleKernelDependencyResponse (c:\Users\Racarla\Documents\Git\VSCode_Portable\VSCode-win32-x64-1.62.3\data\extensions\ms-toolsai.jupyter-2021.10.1101450599\out\client\extension.js:66:1226298)
	at S.installMissingDependencies (c:\Users\Racarla\Documents\Git\VSCode_Portable\VSCode-win32-x64-1.62.3\data\extensions\ms-toolsai.jupyter-2021.10.1101450599\out\client\extension.js:66:1225831)
	at runMicrotasks (<anonymous>)
	at processTicksAndRejections (internal/process/task_queues.js:93:5)] {
  category: 'noipykernel',
  reason: 2
}
Error 2021-12-08 22:46:37: DataScience Error [a [Error]: IPyKernel not installed into interpreter Python 3.10.1 64-bit:C:\Users\Racarla\Documents\Git\VSCode_Portable\python-3.10.1-embed-amd64\python.exe
	at S.handleKernelDependencyResponse (c:\Users\Racarla\Documents\Git\VSCode_Portable\VSCode-win32-x64-1.62.3\data\extensions\ms-toolsai.jupyter-2021.10.1101450599\out\client\extension.js:66:1226298)
	at S.installMissingDependencies (c:\Users\Racarla\Documents\Git\VSCode_Portable\VSCode-win32-x64-1.62.3\data\extensions\ms-toolsai.jupyter-2021.10.1101450599\out\client\extension.js:66:1225831)
	at runMicrotasks (<anonymous>)
	at processTicksAndRejections (internal/process/task_queues.js:93:5)] {
  category: 'noipykernel',
  reason: 2
}
Error 2021-12-08 22:46:37: failed to start INotebook in kernel, UI Disabled = undefined [a [Error]: IPyKernel not installed into interpreter Python 3.10.1 64-bit:C:\Users\Racarla\Documents\Git\VSCode_Portable\python-3.10.1-embed-amd64\python.exe
	at S.handleKernelDependencyResponse (c:\Users\Racarla\Documents\Git\VSCode_Portable\VSCode-win32-x64-1.62.3\data\extensions\ms-toolsai.jupyter-2021.10.1101450599\out\client\extension.js:66:1226298)
	at S.installMissingDependencies (c:\Users\Racarla\Documents\Git\VSCode_Portable\VSCode-win32-x64-1.62.3\data\extensions\ms-toolsai.jupyter-2021.10.1101450599\out\client\extension.js:66:1225831)
	at runMicrotasks (<anonymous>)
	at processTicksAndRejections (internal/process/task_queues.js:93:5)] {
  category: 'noipykernel',
  reason: 2
}
Error 2021-12-08 22:46:37: Failed to execute cells in CellExecutionQueue [a [Error]: IPyKernel not installed into interpreter Python 3.10.1 64-bit:C:\Users\Racarla\Documents\Git\VSCode_Portable\python-3.10.1-embed-amd64\python.exe
	at S.handleKernelDependencyResponse (c:\Users\Racarla\Documents\Git\VSCode_Portable\VSCode-win32-x64-1.62.3\data\extensions\ms-toolsai.jupyter-2021.10.1101450599\out\client\extension.js:66:1226298)
	at S.installMissingDependencies (c:\Users\Racarla\Documents\Git\VSCode_Portable\VSCode-win32-x64-1.62.3\data\extensions\ms-toolsai.jupyter-2021.10.1101450599\out\client\extension.js:66:1225831)
	at runMicrotasks (<anonymous>)
	at processTicksAndRejections (internal/process/task_queues.js:93:5)] {
  category: 'noipykernel',
  reason: 2
}
Info 2021-12-08 22:46:37: Cancel pending cells
Info 2021-12-08 22:46:37: Process Execution: > ~\Documents\Git\VSCode_Portable\python-3.10.1-embed-amd64\python.exe -m pip list
> ~\Documents\Git\VSCode_Portable\python-3.10.1-embed-amd64\python.exe -m pip list
Info 2021-12-08 22:46:37: Process Execution: > ~\Documents\Git\VSCode_Portable\python-3.10.1-embed-amd64\python.exe -m pip list
> ~\Documents\Git\VSCode_Portable\python-3.10.1-embed-amd64\python.exe -m pip list
Info 2021-12-08 22:46:37: Process Execution: > ~\Documents\Git\VSCode_Portable\python-3.10.1-embed-amd64\python.exe -c "import pip"
> ~\Documents\Git\VSCode_Portable\python-3.10.1-embed-amd64\python.exe -c "import pip"
Info 2021-12-08 22:46:37: Process Execution: > ~\Documents\Git\VSCode_Portable\python-3.10.1-embed-amd64\python.exe -c "import pip"
> ~\Documents\Git\VSCode_Portable\python-3.10.1-embed-amd64\python.exe -c "import pip"
Info 2021-12-08 22:49:51: Shutting down notebooks for 93b21d6d-a6a5-4796-906f-037c43ff578d
Info 2021-12-08 22:49:51: Disposing HostJupyterExecution 7eae1e00-ede2-4b3b-84f2-0ae9a3cb6b0a
Info 2021-12-08 22:49:51: Disposing super HostJupyterExecution 7eae1e00-ede2-4b3b-84f2-0ae9a3cb6b0a
Info 2021-12-08 22:49:51: Dispose kernel file:///c%3A/Users/Racarla/Documents/Git/VSCode_Portable/Projects/ButterworthFilter/Design/ButterworthFilter.ipynb
Info 2021-12-08 22:49:51: Disposing HostJupyterExecution 7eae1e00-ede2-4b3b-84f2-0ae9a3cb6b0a
Info 2021-12-08 22:49:51: Finished disposing HostJupyterExecution  7eae1e00-ede2-4b3b-84f2-0ae9a3cb6b0a
Info 2021-12-08 22:49:51: Cleaning up server cache 7eae1e00-ede2-4b3b-84f2-0ae9a3cb6b0a
Info 2021-12-08 22:49:51: Finished disposing HostJupyterExecution  7eae1e00-ede2-4b3b-84f2-0ae9a3cb6b0a
