[2021-12-10 11:48:57.936] [exthost] [info] Extension host with pid 8620 started
[2021-12-10 11:48:58.002] [exthost] [info] ExtensionService#_doActivateExtension vscode.microsoft-authentication, startup: false, activationEvent: 'onAuthenticationRequest:microsoft'
[2021-12-10 11:48:58.009] [exthost] [info] ExtensionService#_doActivateExtension vscode.debug-auto-launch, startup: true, activationEvent: '*'
[2021-12-10 11:48:58.012] [exthost] [info] ExtensionService#_doActivateExtension vscode.git-base, startup: true, activationEvent: '*', root cause: vscode.github
[2021-12-10 11:48:58.014] [exthost] [info] ExtensionService#_doActivateExtension ms-vscode.cpptools, startup: true, activationEvent: '*', root cause: platformio.platformio-ide
[2021-12-10 11:48:58.070] [exthost] [info] ExtensionService#_doActivateExtension vscode.git, startup: true, activationEvent: '*'
[2021-12-10 11:48:58.081] [exthost] [info] ExtensionService#_doActivateExtension vscode.github, startup: true, activationEvent: '*'
[2021-12-10 11:48:58.084] [exthost] [info] ExtensionService#_doActivateExtension platformio.platformio-ide, startup: true, activationEvent: '*'
[2021-12-10 11:48:58.390] [exthost] [info] ExtensionService#_doActivateExtension vscode.github-authentication, startup: false, activationEvent: 'onAuthenticationRequest:github'
[2021-12-10 11:48:58.465] [exthost] [info] Eager extensions activated
[2021-12-10 11:48:58.534] [exthost] [info] ExtensionService#_doActivateExtension vscode.emmet, startup: false, activationEvent: 'onStartupFinished'
[2021-12-10 11:48:58.538] [exthost] [info] ExtensionService#_doActivateExtension vscode.merge-conflict, startup: false, activationEvent: 'onStartupFinished'
[2021-12-10 11:48:58.540] [exthost] [info] ExtensionService#_doActivateExtension ms-vscode-remote.remote-wsl-recommender, startup: false, activationEvent: 'onStartupFinished'
[2021-12-10 11:49:14.835] [exthost] [info] extension host terminating: renderer closed the socket
[2021-12-10 11:49:14.838] [exthost] [error] TypeError: Cannot read property 'timeTelemetryCollector' of undefined
	at Object.deactivate (c:\Users\racarla1\Documents\Git\VSCode_Portable\VSCode-win32-x64-1.63.0\data\extensions\ms-vscode.cpptools-1.7.1\dist\main.js:49395:13)
	at Object.deactivate (c:\Users\racarla1\Documents\Git\VSCode_Portable\VSCode-win32-x64-1.63.0\data\extensions\ms-vscode.cpptools-1.7.1\dist\main.js:54453:27)
	at v._deactivate (c:\Users\racarla1\Documents\Git\VSCode_Portable\VSCode-win32-x64-1.63.0\resources\app\out\vs\workbench\services\extensions\node\extensionHostProcess.js:100:11513)
	at c:\Users\racarla1\Documents\Git\VSCode_Portable\VSCode-win32-x64-1.63.0\resources\app\out\vs\workbench\services\extensions\node\extensionHostProcess.js:100:10061
	at Array.map (<anonymous>)
	at v.deactivateAll (c:\Users\racarla1\Documents\Git\VSCode_Portable\VSCode-win32-x64-1.63.0\resources\app\out\vs\workbench\services\extensions\node\extensionHostProcess.js:100:10049)
	at p.terminate (c:\Users\racarla1\Documents\Git\VSCode_Portable\VSCode-win32-x64-1.63.0\resources\app\out\vs\workbench\services\extensions\node\extensionHostProcess.js:104:735)
	at r (c:\Users\racarla1\Documents\Git\VSCode_Portable\VSCode-win32-x64-1.63.0\resources\app\out\vs\workbench\services\extensions\node\extensionHostProcess.js:114:36400)
	at Socket.<anonymous> (c:\Users\racarla1\Documents\Git\VSCode_Portable\VSCode-win32-x64-1.63.0\resources\app\out\vs\workbench\services\extensions\node\extensionHostProcess.js:114:34012)
	at Socket.emit (events.js:327:22)
	at Socket.EventEmitter.emit (domain.js:467:12)
	at Pipe.<anonymous> (net.js:673:12)
[2021-12-10 11:49:14.838] [exthost] [info] Extension host with pid 8620 exiting with code 0
[2021-12-10 11:49:16.001] [exthost] [info] Extension host with pid 2080 started
[2021-12-10 11:49:16.001] [exthost] [info] Skipping acquiring lock for c:\Users\racarla1\Documents\Git\VSCode_Portable\VSCode-win32-x64-1.63.0\data\user-data\User\workspaceStorage\937243698313448d66d66ccb732b0d21.
[2021-12-10 11:49:16.043] [exthost] [info] ExtensionService#_doActivateExtension vscode.microsoft-authentication, startup: false, activationEvent: 'onAuthenticationRequest:microsoft'
[2021-12-10 11:49:16.049] [exthost] [info] ExtensionService#_doActivateExtension vscode.debug-auto-launch, startup: true, activationEvent: '*'
[2021-12-10 11:49:16.051] [exthost] [info] ExtensionService#_doActivateExtension vscode.git-base, startup: true, activationEvent: '*', root cause: vscode.github
[2021-12-10 11:49:16.073] [exthost] [info] ExtensionService#_doActivateExtension vscode.git, startup: true, activationEvent: '*'
[2021-12-10 11:49:16.084] [exthost] [info] ExtensionService#_doActivateExtension vscode.github, startup: true, activationEvent: '*'
[2021-12-10 11:49:16.123] [exthost] [info] ExtensionService#_doActivateExtension vscode.github-authentication, startup: false, activationEvent: 'onAuthenticationRequest:github'
[2021-12-10 11:49:16.145] [exthost] [info] Eager extensions activated
[2021-12-10 11:49:16.160] [exthost] [info] ExtensionService#_doActivateExtension vscode.emmet, startup: false, activationEvent: 'onStartupFinished'
[2021-12-10 11:49:16.166] [exthost] [info] ExtensionService#_doActivateExtension vscode.merge-conflict, startup: false, activationEvent: 'onStartupFinished'
[2021-12-10 11:49:16.168] [exthost] [info] ExtensionService#_doActivateExtension ms-vscode-remote.remote-wsl-recommender, startup: false, activationEvent: 'onStartupFinished'
[2021-12-10 11:49:16.399] [exthost] [info] ExtensionService#_doActivateExtension ms-vscode.cpptools, startup: false, activationEvent: '*', root cause: platformio.platformio-ide
[2021-12-10 11:49:16.428] [exthost] [info] ExtensionService#_doActivateExtension ms-vscode.cmake-tools, startup: false, activationEvent: 'workspaceContains:CMakeLists.txt'
[2021-12-10 11:49:16.481] [exthost] [info] ExtensionService#_doActivateExtension platformio.platformio-ide, startup: false, activationEvent: '*'
[2021-12-10 11:49:16.818] [exthost] [info] ExtensionService#_doActivateExtension vscode.configuration-editing, startup: false, activationEvent: 'onLanguage:json'
[2021-12-10 11:49:16.822] [exthost] [info] ExtensionService#_doActivateExtension vscode.extension-editing, startup: false, activationEvent: 'onLanguage:json'
[2021-12-10 11:49:16.832] [exthost] [info] ExtensionService#_doActivateExtension vscode.json-language-features, startup: false, activationEvent: 'onLanguage:json'
[2021-12-10 11:49:16.844] [exthost] [info] ExtensionService#_doActivateExtension vscode.npm, startup: false, activationEvent: 'onLanguage:json'
[2021-12-10 11:49:16.897] [exthost] [info] ExtensionService#_doActivateExtension vscode.typescript-language-features, startup: false, activationEvent: 'onLanguage:jsonc'
[2021-12-10 11:50:06.612] [exthost] [info] ExtensionService#_doActivateExtension cschlosser.doxdocgen, startup: false, activationEvent: 'onLanguage:c'
[2021-12-10 11:50:21.198] [exthost] [info] ExtensionService#_doActivateExtension twxs.cmake, startup: false, activationEvent: 'onLanguage:cmake'
[2021-12-10 11:57:11.661] [exthost] [info] ExtensionService#_doActivateExtension vscode.grunt, startup: false, activationEvent: 'onCommand:workbench.action.tasks.runTask'
[2021-12-10 11:57:11.668] [exthost] [info] ExtensionService#_doActivateExtension vscode.gulp, startup: false, activationEvent: 'onCommand:workbench.action.tasks.runTask'
[2021-12-10 11:57:11.672] [exthost] [info] ExtensionService#_doActivateExtension vscode.jake, startup: false, activationEvent: 'onCommand:workbench.action.tasks.runTask'
[2021-12-10 11:59:31.690] [exthost] [info] ExtensionService#_doActivateExtension vscode.markdown-language-features, startup: false, activationEvent: 'onLanguage:markdown'
[2021-12-10 11:59:31.839] [exthost] [info] ExtensionService#_doActivateExtension vscode.markdown-math, startup: false, activationEvent: 'api', root cause: vscode.markdown-language-features
[2021-12-10 12:04:29.893] [exthost] [info] extension host terminating: renderer closed the socket
[2021-12-10 12:04:29.926] [exthost] [info] Extension host with pid 2080 exiting with code 0
