Jupyter Extension Version: 2021.11.1001550889.
Python Extension Verison: 2021.12.1559732655.
Info 17:12:47: Experimentation service retrieved: [object Object]
User belongs to experiment group 'jupyterTest'
User belongs to experiment group 'jupyterEnhancedDataViewer'
Info 17:12:47: ZMQ install verified.
Info 17:12:48: Notebook Closed c:\Users\racarla1\Documents\Git\VSCode_Portable\Projects\ButterworthFilter\Design\ButterworthFilter.ipynb
Info 17:12:48: Experiment status for python is {"enabled":true,"optInto":[],"optOutFrom":[]}
Info 17:12:48: Creating controller for jupyter-notebook with interpreter C:\ProgramData\Miniconda3\python.exe
Info 17:12:48: Creating controller for jupyter-notebook with interpreter C:\ProgramData\Miniconda3\python.exe
Info 17:12:48: Find preferred kernel for c:\Users\racarla1\Documents\Git\VSCode_Portable\Projects\ButterworthFilter\Design\ButterworthFilter.ipynb with metadata {"kernelspec":{"display_name":"Python 3","language":"python","name":"python3"},"language_info":{"codemirror_mode":{"name":"ipython","version":3},"file_extension":".py","mimetype":"text/x-python","name":"python","nbconvert_exporter":"python","pygments_lexer":"ipython3","version":"3.10.1"}} & preferred interpreter C:\ProgramData\Miniconda3\python.exe
Info 17:12:48: findKernel found Python 3.9.7 64-bit
Info 17:12:48: Find preferred kernel for c:\Users\racarla1\Documents\Git\VSCode_Portable\Projects\ButterworthFilter\Design\LowPassFilter.ipynb with metadata {"kernelspec":{"display_name":"Python 3","language":"python","name":"python3"},"language_info":{"codemirror_mode":{"name":"ipython","version":3},"file_extension":".py","mimetype":"text/x-python","name":"python","nbconvert_exporter":"python","pygments_lexer":"ipython3","version":"3.9.5"}} & preferred interpreter C:\ProgramData\Miniconda3\python.exe
Info 17:12:48: findKernel found Python 3.9.7 64-bit
Info 17:12:48: Find preferred kernel cancelled
Info 17:12:48: PreferredConnection: .jvsc74a57bd055e6edab1a59ae4a97c66f3d6cfb332611812d02aad2a23f5e8043bbee13845b.C:\Users\racarla1\AppData\Local\Programs\Python\Python39\python.exe.C:\Users\racarla1\AppData\Local\Programs\Python\Python39\python.exe.-m#ipykernel_launcher found for NotebookDocument: c:\Users\racarla1\Documents\Git\VSCode_Portable\Projects\ButterworthFilter\Design\LowPassFilter.ipynb
Info 17:12:48: TargetController found ID: .jvsc74a57bd055e6edab1a59ae4a97c66f3d6cfb332611812d02aad2a23f5e8043bbee13845b.C:\Users\racarla1\AppData\Local\Programs\Python\Python39\python.exe.C:\Users\racarla1\AppData\Local\Programs\Python\Python39\python.exe.-m#ipykernel_launcher for document c:\Users\racarla1\Documents\Git\VSCode_Portable\Projects\ButterworthFilter\Design\LowPassFilter.ipynb
Info 17:12:48: Setting controller affinity for c:\Users\racarla1\Documents\Git\VSCode_Portable\Projects\ButterworthFilter\Design\LowPassFilter.ipynb .jvsc74a57bd055e6edab1a59ae4a97c66f3d6cfb332611812d02aad2a23f5e8043bbee13845b.C:\Users\racarla1\AppData\Local\Programs\Python\Python39\python.exe.C:\Users\racarla1\AppData\Local\Programs\Python\Python39\python.exe.-m#ipykernel_launcher
Info 17:12:48: Registering dummy command feature
Info 17:12:49: Process Execution: > C:\ProgramData\Miniconda3\python.exe -m pip list
> C:\ProgramData\Miniconda3\python.exe -m pip list
Info 17:12:49: Creating controller for jupyter-notebook with interpreter C:\ProgramData\Miniconda3\python.exe
Info 17:12:49: Find preferred kernel for c:\Users\racarla1\Documents\Git\VSCode_Portable\Projects\ButterworthFilter\Design\LowPassFilter copy.ipynb with metadata {"kernelspec":{"display_name":"Python 3","language":"python","name":"python3"},"language_info":{"codemirror_mode":{"name":"ipython","version":3},"file_extension":".py","mimetype":"text/x-python","name":"python","nbconvert_exporter":"python","pygments_lexer":"ipython3","version":"3.9.5"}} & preferred interpreter C:\ProgramData\Miniconda3\python.exe
Info 17:12:49: findKernel found Python 3.9.7 64-bit
Info 17:12:49: PreferredConnection: .jvsc74a57bd055e6edab1a59ae4a97c66f3d6cfb332611812d02aad2a23f5e8043bbee13845b.C:\Users\racarla1\AppData\Local\Programs\Python\Python39\python.exe.C:\Users\racarla1\AppData\Local\Programs\Python\Python39\python.exe.-m#ipykernel_launcher found for NotebookDocument: c:\Users\racarla1\Documents\Git\VSCode_Portable\Projects\ButterworthFilter\Design\LowPassFilter copy.ipynb
Info 17:12:49: TargetController found ID: .jvsc74a57bd055e6edab1a59ae4a97c66f3d6cfb332611812d02aad2a23f5e8043bbee13845b.C:\Users\racarla1\AppData\Local\Programs\Python\Python39\python.exe.C:\Users\racarla1\AppData\Local\Programs\Python\Python39\python.exe.-m#ipykernel_launcher for document c:\Users\racarla1\Documents\Git\VSCode_Portable\Projects\ButterworthFilter\Design\LowPassFilter copy.ipynb
Info 17:12:49: Setting controller affinity for c:\Users\racarla1\Documents\Git\VSCode_Portable\Projects\ButterworthFilter\Design\LowPassFilter copy.ipynb .jvsc74a57bd055e6edab1a59ae4a97c66f3d6cfb332611812d02aad2a23f5e8043bbee13845b.C:\Users\racarla1\AppData\Local\Programs\Python\Python39\python.exe.C:\Users\racarla1\AppData\Local\Programs\Python\Python39\python.exe.-m#ipykernel_launcher
Error 17:12:55: Live Notebook not available for c:\Users\racarla1\Documents\Git\VSCode_Portable\Projects\ButterworthFilter\Design\LowPassFilter copy.ipynb
Error 17:13:01: Live Notebook not available for c:\Users\racarla1\Documents\Git\VSCode_Portable\Projects\ButterworthFilter\Design\LowPassFilter copy.ipynb
Error 17:13:02: Live Notebook not available for c:\Users\racarla1\Documents\Git\VSCode_Portable\Projects\ButterworthFilter\Design\LowPassFilter copy.ipynb
Error 17:13:05: Live Notebook not available for c:\Users\racarla1\Documents\Git\VSCode_Portable\Projects\ButterworthFilter\Design\LowPassFilter copy.ipynb
Error 17:13:05: Live Notebook not available for c:\Users\racarla1\Documents\Git\VSCode_Portable\Projects\ButterworthFilter\Design\LowPassFilter copy.ipynb
Error 17:13:09: Live Notebook not available for c:\Users\racarla1\Documents\Git\VSCode_Portable\Projects\ButterworthFilter\Design\LowPassFilter copy.ipynb
Error 17:13:13: Live Notebook not available for c:\Users\racarla1\Documents\Git\VSCode_Portable\Projects\ButterworthFilter\Design\LowPassFilter copy.ipynb
Error 17:13:15: Live Notebook not available for c:\Users\racarla1\Documents\Git\VSCode_Portable\Projects\ButterworthFilter\Design\LowPassFilter copy.ipynb
Error 17:13:17: Live Notebook not available for c:\Users\racarla1\Documents\Git\VSCode_Portable\Projects\ButterworthFilter\Design\LowPassFilter copy.ipynb
Error 17:13:20: Live Notebook not available for c:\Users\racarla1\Documents\Git\VSCode_Portable\Projects\ButterworthFilter\Design\LowPassFilter copy.ipynb
Error 17:13:48: Live Notebook not available for c:\Users\racarla1\Documents\Git\VSCode_Portable\Projects\ButterworthFilter\Design\LowPassFilter copy.ipynb
Error 17:13:48: Live Notebook not available for c:\Users\racarla1\Documents\Git\VSCode_Portable\Projects\ButterworthFilter\Design\LowPassFilter copy.ipynb
Error 17:13:59: Live Notebook not available for c:\Users\racarla1\Documents\Git\VSCode_Portable\Projects\ButterworthFilter\Design\LowPassFilter copy.ipynb
Error 17:14:01: Live Notebook not available for c:\Users\racarla1\Documents\Git\VSCode_Portable\Projects\ButterworthFilter\Design\LowPassFilter copy.ipynb
Info 17:14:32: Setting setActiveController for c:\Users\racarla1\Documents\Git\VSCode_Portable\Projects\ButterworthFilter\Design\LowPassFilter copy.ipynb
Info 17:14:32: Execute Cells request 1, 3, 5, 7, 9, 10
Info 17:14:32: Execute Cell 1 c:\Users\racarla1\Documents\Git\VSCode_Portable\Projects\ButterworthFilter\Design\LowPassFilter copy.ipynb
Info 17:14:32: Starting Notebook in kernel.ts id = .jvsc74a57bd0ecf5722fdaf1897a315d257d89d94520bfcaa453217d5becf09b39e73618b0de.C:\ProgramData\Miniconda3\python.exe.C:\ProgramData\Miniconda3\python.exe.-m#ipykernel_launcher
Info 17:14:32: Creating raw notebook for c:\Users\racarla1\Documents\Git\VSCode_Portable\Projects\ButterworthFilter\Design\LowPassFilter copy.ipynb
Info 17:14:32: Getting preferred kernel for c:\Users\racarla1\Documents\Git\VSCode_Portable\Projects\ButterworthFilter\Design\LowPassFilter copy.ipynb
Info 17:14:32: Computing working directory c:\Users\racarla1\Documents\Git\VSCode_Portable\Projects\ButterworthFilter\Design\LowPassFilter copy.ipynb
Info 17:14:32: Execute Cell 3 c:\Users\racarla1\Documents\Git\VSCode_Portable\Projects\ButterworthFilter\Design\LowPassFilter copy.ipynb
Info 17:14:32: Execute Cell 5 c:\Users\racarla1\Documents\Git\VSCode_Portable\Projects\ButterworthFilter\Design\LowPassFilter copy.ipynb
Info 17:14:32: Execute Cell 7 c:\Users\racarla1\Documents\Git\VSCode_Portable\Projects\ButterworthFilter\Design\LowPassFilter copy.ipynb
Info 17:14:32: Execute Cell 9 c:\Users\racarla1\Documents\Git\VSCode_Portable\Projects\ButterworthFilter\Design\LowPassFilter copy.ipynb
Info 17:14:32: Execute Cell 10 c:\Users\racarla1\Documents\Git\VSCode_Portable\Projects\ButterworthFilter\Design\LowPassFilter copy.ipynb
Info 17:14:32: Starting raw kernel base (Python 3.9.7)
Info 17:14:32: installMissingDependencies C:\ProgramData\Miniconda3\python.exe
Info 17:14:32: IPykernel found previously in this enviornment C:\ProgramData\Miniconda3\python.exe
Info 17:14:32: Kernel launching with ports 9000,9001,9002,9003,9004. Start port is 9000
Info 17:14:32: Launching kernel daemon for Python 3.9.7 64-bit ('base': conda) # C:\ProgramData\Miniconda3\python.exe
Info 17:14:32: KernelProvider switched kernel to id = .jvsc74a57bd0ecf5722fdaf1897a315d257d89d94520bfcaa453217d5becf09b39e73618b0de.C:\ProgramData\Miniconda3\python.exe.C:\ProgramData\Miniconda3\python.exe.-m#ipykernel_launcher
Info 17:14:33: Creating daemon process for C:\ProgramData\Miniconda3\python.exe with env variables count 80
Info 17:14:33: Process Execution: > C:\ProgramData\Miniconda3\python.exe -m vscode_datascience_helpers.daemon --daemon-module=vscode_datascience_helpers.kernel_launcher_daemon -v
> C:\ProgramData\Miniconda3\python.exe -m vscode_datascience_helpers.daemon --daemon-module=vscode_datascience_helpers.kernel_launcher_daemon -v
Info 17:14:33: Starting kernel from scratch
Warn 17:14:33: StdErr from Kernel Process C:\ProgramData\Miniconda3\lib\site-packages\traitlets\traitlets.py:2202: FutureWarning: Supporting extra quotes around strings is deprecated in traitlets 5.0. You can use 'hmac-sha256' instead of '"hmac-sha256"' if you require traitlets >=5.

Warn 17:14:33: StdErr from Kernel Process   warn(

Warn 17:14:33: StdErr from Kernel Process C:\ProgramData\Miniconda3\lib\site-packages\traitlets\traitlets.py:2157: FutureWarning: Supporting extra quotes around Bytes is deprecated in traitlets 5.0. Use '5a17c51b-6a99-4d07-a1b2-e3352c40cd86' instead of 'b"5a17c51b-6a99-4d07-a1b2-e3352c40cd86"'.

Warn 17:14:33: StdErr from Kernel Process   warn(

Info 17:14:34: Raw session started and connected
Started kernel base (Python 3.9.7)
Info 17:14:34: Finished connecting 0eef6224-9ed5-4593-a72f-66096ccde8e0
Info 17:14:34: UpdateWorkingDirectoryAndPath in Kernel
Info 17:14:34: changeDirectoryIfPossible
Info 17:14:34: Executing (status idle) silently Code = import os\nimport sys\n%cd "c:\Users\racarla1\Documents\Git\VSCode_Portable\Projects\ButterworthFilter
Info 17:14:34: Executing silently Code (completed) = import os\nimport sys\n%cd "c:\Users\racarla1\Documents\Git\VSCode_Portable\Projects\ButterworthFilter
Info 17:14:34: Executing (status idle) silently Code = %config Completer.use_jedi = False
Info 17:14:34: Executing silently Code (completed) = %config Completer.use_jedi = False
Info 17:14:34: Executing (status idle) silently Code = %config InlineBackend.figure_formats = ['png']
Info 17:14:34: Executing silently Code (completed) = %config InlineBackend.figure_formats = ['png']
Info 17:14:34: Executing (status idle) silently Code = import sys\nprint(sys.executable)
Info 17:14:34: Executing silently Code (completed) = import sys\nprint(sys.executable)
Info 17:14:34: Waiting for idle on (kernel): e42e650a-9988-4bdc-baf0-5c56a69d484c -> idle
Info 17:14:34: Finished waiting for idle on (kernel): e42e650a-9988-4bdc-baf0-5c56a69d484c -> idle
Info 17:14:34: IPyWidgetScriptSource.initialize
Info 17:14:35: Cell 1 executed with state Success
Info 17:14:36: Cell 3 executed with state Success
Info 17:14:37: Cell 5 executed with state Success
Info 17:14:37: Cell 7 executed with state Success
Info 17:14:37: Cell 9 executed with state Success
Info 17:14:37: Cell 10 executed with state Idle
Info 17:15:05: Execute Cells request 1, 3, 5, 7, 9, 10
Info 17:15:05: Execute Cell 1 c:\Users\racarla1\Documents\Git\VSCode_Portable\Projects\ButterworthFilter\Design\LowPassFilter copy.ipynb
Info 17:15:05: Execute Cell 3 c:\Users\racarla1\Documents\Git\VSCode_Portable\Projects\ButterworthFilter\Design\LowPassFilter copy.ipynb
Info 17:15:05: Execute Cell 5 c:\Users\racarla1\Documents\Git\VSCode_Portable\Projects\ButterworthFilter\Design\LowPassFilter copy.ipynb
Info 17:15:05: Execute Cell 7 c:\Users\racarla1\Documents\Git\VSCode_Portable\Projects\ButterworthFilter\Design\LowPassFilter copy.ipynb
Info 17:15:05: Execute Cell 9 c:\Users\racarla1\Documents\Git\VSCode_Portable\Projects\ButterworthFilter\Design\LowPassFilter copy.ipynb
Info 17:15:05: Execute Cell 10 c:\Users\racarla1\Documents\Git\VSCode_Portable\Projects\ButterworthFilter\Design\LowPassFilter copy.ipynb
Info 17:15:05: Cell 1 executed with state Success
Info 17:15:06: Cell 3 executed with state Success
Info 17:15:06: Cell 5 executed with state Success
Info 17:15:06: Cell 7 executed with state Success
Info 17:15:07: Cell 9 executed with state Success
Info 17:15:07: Cell 10 executed with state Idle
Info 17:15:14: Execute Cells request 1, 3, 5, 7, 9, 10
Info 17:15:14: Execute Cell 1 c:\Users\racarla1\Documents\Git\VSCode_Portable\Projects\ButterworthFilter\Design\LowPassFilter copy.ipynb
Info 17:15:14: Execute Cell 3 c:\Users\racarla1\Documents\Git\VSCode_Portable\Projects\ButterworthFilter\Design\LowPassFilter copy.ipynb
Info 17:15:14: Execute Cell 5 c:\Users\racarla1\Documents\Git\VSCode_Portable\Projects\ButterworthFilter\Design\LowPassFilter copy.ipynb
Info 17:15:14: Execute Cell 7 c:\Users\racarla1\Documents\Git\VSCode_Portable\Projects\ButterworthFilter\Design\LowPassFilter copy.ipynb
Info 17:15:14: Execute Cell 9 c:\Users\racarla1\Documents\Git\VSCode_Portable\Projects\ButterworthFilter\Design\LowPassFilter copy.ipynb
Info 17:15:14: Execute Cell 10 c:\Users\racarla1\Documents\Git\VSCode_Portable\Projects\ButterworthFilter\Design\LowPassFilter copy.ipynb
Info 17:15:14: Cell 1 executed with state Success
Info 17:15:15: Cell 3 executed with state Success
Info 17:15:15: Cell 5 executed with state Success
Info 17:15:15: Cell 7 executed with state Success
Info 17:15:16: Cell 9 executed with state Success
Info 17:15:16: Cell 10 executed with state Idle
Info 17:18:11: Execute Cells request 1, 3, 5, 7, 9, 10
Info 17:18:11: Execute Cell 1 c:\Users\racarla1\Documents\Git\VSCode_Portable\Projects\ButterworthFilter\Design\LowPassFilter copy.ipynb
Info 17:18:11: Execute Cell 3 c:\Users\racarla1\Documents\Git\VSCode_Portable\Projects\ButterworthFilter\Design\LowPassFilter copy.ipynb
Info 17:18:11: Execute Cell 5 c:\Users\racarla1\Documents\Git\VSCode_Portable\Projects\ButterworthFilter\Design\LowPassFilter copy.ipynb
Info 17:18:11: Execute Cell 7 c:\Users\racarla1\Documents\Git\VSCode_Portable\Projects\ButterworthFilter\Design\LowPassFilter copy.ipynb
Info 17:18:11: Execute Cell 9 c:\Users\racarla1\Documents\Git\VSCode_Portable\Projects\ButterworthFilter\Design\LowPassFilter copy.ipynb
Info 17:18:11: Execute Cell 10 c:\Users\racarla1\Documents\Git\VSCode_Portable\Projects\ButterworthFilter\Design\LowPassFilter copy.ipynb
Info 17:18:11: Cell 1 executed with state Success
Info 17:18:11: Cell 3 executed with state Success
Info 17:18:12: Cell 5 executed with state Success
Info 17:18:12: Cell 7 executed with state Success
Info 17:18:12: Cell 9 executed with state Success
Info 17:18:12: Cell 10 executed with state Idle
Info 17:18:39: Shutting down notebooks for 0eef6224-9ed5-4593-a72f-66096ccde8e0
Info 17:18:39: Disposing HostJupyterExecution 151ac32f-a655-44c9-81c9-f256aa906143
Info 17:18:39: Disposing super HostJupyterExecution 151ac32f-a655-44c9-81c9-f256aa906143
Info 17:18:39: Dispose kernel file:///c%3A/Users/racarla1/Documents/Git/VSCode_Portable/Projects/ButterworthFilter/Design/LowPassFilter%20copy.ipynb
Info 17:18:39: Dispose Kernel process
Info 17:18:39: kill daemon
Info 17:18:39: Disposing HostJupyterExecution 151ac32f-a655-44c9-81c9-f256aa906143
Info 17:18:39: Finished disposing HostJupyterExecution  151ac32f-a655-44c9-81c9-f256aa906143
Info 17:18:39: Cleaning up server cache 151ac32f-a655-44c9-81c9-f256aa906143
Info 17:18:39: Finished disposing HostJupyterExecution  151ac32f-a655-44c9-81c9-f256aa906143
