[2021-12-14 15:37:59.085] [exthost] [info] Extension host with pid 8984 started
[2021-12-14 15:37:59.085] [exthost] [info] Skipping acquiring lock for c:\Users\racarla1\Documents\Git\VSCode_Portable\Installation\VSCode-win32-x64-1.63.0\data\user-data\User\workspaceStorage\b9c5b73a130fc4908eaeff245e3a0afb.
[2021-12-14 15:37:59.138] [exthost] [info] ExtensionService#_doActivateExtension vscode.microsoft-authentication, startup: false, activationEvent: 'onAuthenticationRequest:microsoft'
[2021-12-14 15:37:59.211] [exthost] [info] ExtensionService#_doActivateExtension cschlosser.doxdocgen, startup: false, activationEvent: 'onLanguage:cpp'
[2021-12-14 15:37:59.917] [exthost] [info] ExtensionService#_doActivateExtension ms-vscode.cpptools, startup: false, activationEvent: 'onLanguage:cpp'
[2021-12-14 15:38:00.124] [exthost] [info] ExtensionService#_doActivateExtension vscode.debug-auto-launch, startup: true, activationEvent: '*'
[2021-12-14 15:38:00.143] [exthost] [info] ExtensionService#_doActivateExtension vscode.git-base, startup: true, activationEvent: '*', root cause: vscode.github
[2021-12-14 15:38:00.163] [exthost] [info] ExtensionService#_doActivateExtension DanielLin.auto-header, startup: true, activationEvent: '*'
[2021-12-14 15:38:00.455] [exthost] [info] ExtensionService#_doActivateExtension vscode.git, startup: true, activationEvent: '*'
[2021-12-14 15:38:00.565] [exthost] [info] ExtensionService#_doActivateExtension vscode.github, startup: true, activationEvent: '*'
[2021-12-14 15:38:00.595] [exthost] [info] ExtensionService#_doActivateExtension platformio.platformio-ide, startup: true, activationEvent: '*'
[2021-12-14 15:38:03.105] [exthost] [info] ExtensionService#_doActivateExtension vscode.configuration-editing, startup: false, activationEvent: 'onLanguage:json'
[2021-12-14 15:38:03.132] [exthost] [info] ExtensionService#_doActivateExtension vscode.extension-editing, startup: false, activationEvent: 'onLanguage:json'
[2021-12-14 15:38:03.192] [exthost] [info] ExtensionService#_doActivateExtension vscode.json-language-features, startup: false, activationEvent: 'onLanguage:json'
[2021-12-14 15:38:03.272] [exthost] [info] ExtensionService#_doActivateExtension vscode.npm, startup: false, activationEvent: 'onLanguage:json'
[2021-12-14 15:38:03.414] [exthost] [info] ExtensionService#_doActivateExtension vscode.github-authentication, startup: false, activationEvent: 'onAuthenticationRequest:github'
[2021-12-14 15:38:03.441] [exthost] [info] ExtensionService#_doActivateExtension vscode.typescript-language-features, startup: false, activationEvent: 'onLanguage:jsonc'
[2021-12-14 15:38:03.561] [exthost] [info] Eager extensions activated
[2021-12-14 15:38:03.584] [exthost] [info] ExtensionService#_doActivateExtension vscode.emmet, startup: false, activationEvent: 'onStartupFinished'
[2021-12-14 15:38:03.620] [exthost] [info] ExtensionService#_doActivateExtension vscode.merge-conflict, startup: false, activationEvent: 'onStartupFinished'
[2021-12-14 15:38:03.636] [exthost] [info] ExtensionService#_doActivateExtension ms-vscode-remote.remote-wsl-recommender, startup: false, activationEvent: 'onStartupFinished'
[2021-12-14 15:38:04.147] [exthost] [warning] [Decorations] CAPPING events from decorations provider vscode.git 3798
[2021-12-14 15:38:06.341] [exthost] [warning] [Decorations] CAPPING events from decorations provider vscode.git 3801
[2021-12-14 15:38:11.635] [exthost] [warning] [Decorations] CAPPING events from decorations provider vscode.git 3827
[2021-12-14 15:38:16.933] [exthost] [warning] [Decorations] CAPPING events from decorations provider vscode.git 3827
[2021-12-14 15:38:36.440] [exthost] [warning] [Decorations] CAPPING events from decorations provider vscode.git 3827
[2021-12-14 15:44:17.123] [exthost] [warning] [Decorations] CAPPING events from decorations provider vscode.git 3826
[2021-12-14 15:45:56.587] [exthost] [info] ExtensionService#_doActivateExtension vscode.grunt, startup: false, activationEvent: 'onCommand:workbench.action.tasks.runTask'
[2021-12-14 15:45:56.596] [exthost] [info] ExtensionService#_doActivateExtension vscode.gulp, startup: false, activationEvent: 'onCommand:workbench.action.tasks.runTask'
[2021-12-14 15:45:56.600] [exthost] [info] ExtensionService#_doActivateExtension vscode.jake, startup: false, activationEvent: 'onCommand:workbench.action.tasks.runTask'
[2021-12-14 15:49:03.506] [exthost] [warning] [Decorations] CAPPING events from decorations provider vscode.git 3827
[2021-12-14 15:53:10.455] [exthost] [warning] [Decorations] CAPPING events from decorations provider vscode.git 3827
[2021-12-14 15:53:15.750] [exthost] [warning] [Decorations] CAPPING events from decorations provider vscode.git 3826
[2021-12-14 15:53:30.525] [exthost] [warning] [Decorations] CAPPING events from decorations provider vscode.git 3826
[2021-12-14 15:53:35.829] [exthost] [warning] [Decorations] CAPPING events from decorations provider vscode.git 3826
[2021-12-14 15:54:05.801] [exthost] [warning] [Decorations] CAPPING events from decorations provider vscode.git 3826
[2021-12-14 15:56:01.430] [exthost] [warning] [Decorations] CAPPING events from decorations provider vscode.git 3826
[2021-12-14 15:56:51.262] [exthost] [warning] [Decorations] CAPPING events from decorations provider vscode.git 3826
[2021-12-14 15:56:59.420] [exthost] [warning] [Decorations] CAPPING events from decorations provider vscode.git 3826
[2021-12-14 15:57:09.199] [exthost] [warning] [Decorations] CAPPING events from decorations provider vscode.git 3826
[2021-12-14 15:57:14.496] [exthost] [warning] [Decorations] CAPPING events from decorations provider vscode.git 3826
[2021-12-14 15:57:19.794] [exthost] [warning] [Decorations] CAPPING events from decorations provider vscode.git 3826
[2021-12-14 15:58:09.353] [exthost] [warning] [Decorations] CAPPING events from decorations provider vscode.git 3826
[2021-12-14 15:58:37.182] [exthost] [warning] [Decorations] CAPPING events from decorations provider vscode.git 3826
[2021-12-14 15:59:36.077] [exthost] [warning] [Decorations] CAPPING events from decorations provider vscode.git 3826
[2021-12-14 15:59:41.369] [exthost] [warning] [Decorations] CAPPING events from decorations provider vscode.git 3826
[2021-12-14 15:59:46.676] [exthost] [warning] [Decorations] CAPPING events from decorations provider vscode.git 3826
[2021-12-14 16:00:08.900] [exthost] [warning] [Decorations] CAPPING events from decorations provider vscode.git 3826
[2021-12-14 16:00:44.983] [exthost] [warning] [Decorations] CAPPING events from decorations provider vscode.git 3826
[2021-12-14 16:00:55.175] [exthost] [warning] [Decorations] CAPPING events from decorations provider vscode.git 3826
[2021-12-14 16:01:02.767] [exthost] [warning] [Decorations] CAPPING events from decorations provider vscode.git 3826
[2021-12-14 16:01:08.755] [exthost] [warning] [Decorations] CAPPING events from decorations provider vscode.git 3826
[2021-12-14 16:01:14.054] [exthost] [warning] [Decorations] CAPPING events from decorations provider vscode.git 3826
[2021-12-14 16:01:33.976] [exthost] [warning] [Decorations] CAPPING events from decorations provider vscode.git 3826
[2021-12-14 16:03:55.531] [exthost] [warning] [Decorations] CAPPING events from decorations provider vscode.git 3826
[2021-12-14 16:05:16.504] [exthost] [warning] [Decorations] CAPPING events from decorations provider vscode.git 3826
[2021-12-14 16:05:22.526] [exthost] [warning] [Decorations] CAPPING events from decorations provider vscode.git 3826
[2021-12-14 16:05:27.807] [exthost] [warning] [Decorations] CAPPING events from decorations provider vscode.git 3826
[2021-12-14 16:05:39.215] [exthost] [warning] [Decorations] CAPPING events from decorations provider vscode.git 3826
[2021-12-14 16:07:33.496] [exthost] [warning] [Decorations] CAPPING events from decorations provider vscode.git 3826
[2021-12-14 16:07:38.779] [exthost] [warning] [Decorations] CAPPING events from decorations provider vscode.git 3826
[2021-12-14 16:07:47.976] [exthost] [warning] [Decorations] CAPPING events from decorations provider vscode.git 3826
[2021-12-14 16:07:53.258] [exthost] [warning] [Decorations] CAPPING events from decorations provider vscode.git 3826
[2021-12-14 16:08:17.315] [exthost] [warning] [Decorations] CAPPING events from decorations provider vscode.git 3826
[2021-12-14 16:11:43.986] [exthost] [warning] [Decorations] CAPPING events from decorations provider vscode.git 3826
[2021-12-14 16:12:28.623] [exthost] [warning] [Decorations] CAPPING events from decorations provider vscode.git 3826
[2021-12-14 16:12:33.919] [exthost] [warning] [Decorations] CAPPING events from decorations provider vscode.git 3826
[2021-12-14 16:12:39.217] [exthost] [warning] [Decorations] CAPPING events from decorations provider vscode.git 3826
[2021-12-14 16:16:47.607] [exthost] [warning] [Decorations] CAPPING events from decorations provider vscode.git 3826
[2021-12-14 16:17:20.555] [exthost] [warning] [Decorations] CAPPING events from decorations provider vscode.git 3826
[2021-12-14 16:17:52.806] [exthost] [warning] [Decorations] CAPPING events from decorations provider vscode.git 3826
[2021-12-14 16:18:14.840] [exthost] [warning] [Decorations] CAPPING events from decorations provider vscode.git 3826
[2021-12-14 16:18:24.192] [exthost] [warning] [Decorations] CAPPING events from decorations provider vscode.git 3826
[2021-12-14 16:18:37.203] [exthost] [warning] [Decorations] CAPPING events from decorations provider vscode.git 3826
[2021-12-14 16:18:42.499] [exthost] [warning] [Decorations] CAPPING events from decorations provider vscode.git 3826
[2021-12-14 16:19:01.077] [exthost] [warning] [Decorations] CAPPING events from decorations provider vscode.git 3826
[2021-12-14 16:20:00.751] [exthost] [warning] [Decorations] CAPPING events from decorations provider vscode.git 3826
[2021-12-14 16:20:06.386] [exthost] [warning] [Decorations] CAPPING events from decorations provider vscode.git 3826
[2021-12-14 16:20:11.671] [exthost] [warning] [Decorations] CAPPING events from decorations provider vscode.git 3826
[2021-12-14 16:20:16.950] [exthost] [warning] [Decorations] CAPPING events from decorations provider vscode.git 3826
[2021-12-14 16:20:38.194] [exthost] [warning] [Decorations] CAPPING events from decorations provider vscode.git 3826
[2021-12-14 16:23:10.955] [exthost] [warning] [Decorations] CAPPING events from decorations provider vscode.git 3826
[2021-12-14 16:23:22.965] [exthost] [warning] [Decorations] CAPPING events from decorations provider vscode.git 3826
[2021-12-14 16:23:37.751] [exthost] [warning] [Decorations] CAPPING events from decorations provider vscode.git 3826
[2021-12-14 16:23:47.655] [exthost] [warning] [Decorations] CAPPING events from decorations provider vscode.git 3826
[2021-12-14 16:24:02.845] [exthost] [warning] [Decorations] CAPPING events from decorations provider vscode.git 3826
[2021-12-14 16:24:08.130] [exthost] [warning] [Decorations] CAPPING events from decorations provider vscode.git 3826
[2021-12-14 16:24:13.420] [exthost] [warning] [Decorations] CAPPING events from decorations provider vscode.git 3826
[2021-12-14 16:24:18.718] [exthost] [warning] [Decorations] CAPPING events from decorations provider vscode.git 3826
[2021-12-14 16:24:28.505] [exthost] [warning] [Decorations] CAPPING events from decorations provider vscode.git 3826
[2021-12-14 16:24:33.785] [exthost] [warning] [Decorations] CAPPING events from decorations provider vscode.git 3826
[2021-12-14 16:24:39.101] [exthost] [warning] [Decorations] CAPPING events from decorations provider vscode.git 3826
[2021-12-14 16:24:46.739] [exthost] [warning] [Decorations] CAPPING events from decorations provider vscode.git 3826
[2021-12-14 16:25:19.112] [exthost] [warning] [Decorations] CAPPING events from decorations provider vscode.git 3826
[2021-12-14 16:25:32.630] [exthost] [warning] [Decorations] CAPPING events from decorations provider vscode.git 3826
[2021-12-14 16:25:54.690] [exthost] [warning] [Decorations] CAPPING events from decorations provider vscode.git 3826
[2021-12-14 16:26:00.697] [exthost] [warning] [Decorations] CAPPING events from decorations provider vscode.git 3826
[2021-12-14 16:26:54.110] [exthost] [warning] [Decorations] CAPPING events from decorations provider vscode.git 3826
[2021-12-14 16:33:31.987] [exthost] [warning] [Decorations] CAPPING events from decorations provider vscode.git 3827
[2021-12-14 16:33:41.467] [exthost] [warning] [Decorations] CAPPING events from decorations provider vscode.git 3827
[2021-12-14 16:36:10.672] [exthost] [warning] [Decorations] CAPPING events from decorations provider vscode.git 3827
[2021-12-14 16:36:20.067] [exthost] [warning] [Decorations] CAPPING events from decorations provider vscode.git 3827
[2021-12-14 16:36:25.356] [exthost] [warning] [Decorations] CAPPING events from decorations provider vscode.git 3827
[2021-12-14 16:36:30.656] [exthost] [warning] [Decorations] CAPPING events from decorations provider vscode.git 3827
[2021-12-14 16:37:16.781] [exthost] [warning] [Decorations] CAPPING events from decorations provider vscode.git 3828
[2021-12-14 16:37:32.038] [exthost] [warning] [Decorations] CAPPING events from decorations provider vscode.git 3828
[2021-12-14 16:37:56.584] [exthost] [warning] [Decorations] CAPPING events from decorations provider vscode.git 3828
[2021-12-14 16:38:19.049] [exthost] [warning] [Decorations] CAPPING events from decorations provider vscode.git 3828
[2021-12-14 16:38:25.078] [exthost] [warning] [Decorations] CAPPING events from decorations provider vscode.git 3827
[2021-12-14 16:38:35.120] [exthost] [warning] [Decorations] CAPPING events from decorations provider vscode.git 3827
[2021-12-14 16:38:40.422] [exthost] [warning] [Decorations] CAPPING events from decorations provider vscode.git 3827
[2021-12-14 16:38:56.834] [exthost] [warning] [Decorations] CAPPING events from decorations provider vscode.git 3827
[2021-12-14 16:39:15.379] [exthost] [warning] [Decorations] CAPPING events from decorations provider vscode.git 3827
[2021-12-14 16:39:20.662] [exthost] [warning] [Decorations] CAPPING events from decorations provider vscode.git 3827
[2021-12-14 16:39:36.615] [exthost] [warning] [Decorations] CAPPING events from decorations provider vscode.git 3827
[2021-12-14 16:39:41.915] [exthost] [warning] [Decorations] CAPPING events from decorations provider vscode.git 3827
[2021-12-14 16:39:49.299] [exthost] [warning] [Decorations] CAPPING events from decorations provider vscode.git 3827
[2021-12-14 16:40:01.032] [exthost] [warning] [Decorations] CAPPING events from decorations provider vscode.git 3827
[2021-12-14 16:40:14.459] [exthost] [warning] [Decorations] CAPPING events from decorations provider vscode.git 3827
[2021-12-14 16:40:23.360] [exthost] [warning] [Decorations] CAPPING events from decorations provider vscode.git 3827
[2021-12-14 16:40:55.085] [exthost] [warning] [Decorations] CAPPING events from decorations provider vscode.git 3827
[2021-12-14 16:41:00.376] [exthost] [warning] [Decorations] CAPPING events from decorations provider vscode.git 3827
[2021-12-14 16:41:09.524] [exthost] [warning] [Decorations] CAPPING events from decorations provider vscode.git 3827
[2021-12-14 16:41:39.982] [exthost] [warning] [Decorations] CAPPING events from decorations provider vscode.git 3827
[2021-12-14 16:41:45.269] [exthost] [warning] [Decorations] CAPPING events from decorations provider vscode.git 3827
[2021-12-14 16:42:00.639] [exthost] [warning] [Decorations] CAPPING events from decorations provider vscode.git 3827
[2021-12-14 16:42:52.523] [exthost] [warning] [Decorations] CAPPING events from decorations provider vscode.git 3827
[2021-12-14 16:42:57.823] [exthost] [warning] [Decorations] CAPPING events from decorations provider vscode.git 3827
[2021-12-14 16:43:03.120] [exthost] [warning] [Decorations] CAPPING events from decorations provider vscode.git 3827
[2021-12-14 16:43:12.300] [exthost] [warning] [Decorations] CAPPING events from decorations provider vscode.git 3827
[2021-12-14 16:43:45.543] [exthost] [warning] [Decorations] CAPPING events from decorations provider vscode.git 3827
[2021-12-14 16:43:54.123] [exthost] [warning] [Decorations] CAPPING events from decorations provider vscode.git 3827
[2021-12-14 16:43:59.405] [exthost] [warning] [Decorations] CAPPING events from decorations provider vscode.git 3827
[2021-12-14 16:44:20.905] [exthost] [warning] [Decorations] CAPPING events from decorations provider vscode.git 3827
[2021-12-14 16:44:26.190] [exthost] [warning] [Decorations] CAPPING events from decorations provider vscode.git 3827
[2021-12-14 16:44:35.132] [exthost] [warning] [Decorations] CAPPING events from decorations provider vscode.git 3827
[2021-12-14 16:44:40.422] [exthost] [warning] [Decorations] CAPPING events from decorations provider vscode.git 3827
[2021-12-14 16:44:45.706] [exthost] [warning] [Decorations] CAPPING events from decorations provider vscode.git 3827
[2021-12-14 16:45:26.124] [exthost] [warning] ms-vscode.cpptools - Code actions of kind 'quickfix 'requested but returned code action is of kind 'refactor.inline'. Code action will be dropped. Please check 'CodeActionContext.only' to only return requested code actions.
[2021-12-14 16:45:27.974] [exthost] [warning] ms-vscode.cpptools - Code actions of kind 'quickfix 'requested but returned code action is of kind 'refactor.inline'. Code action will be dropped. Please check 'CodeActionContext.only' to only return requested code actions.
[2021-12-14 16:46:47.681] [exthost] [warning] [Decorations] CAPPING events from decorations provider vscode.git 3827
[2021-12-14 16:47:16.429] [exthost] [warning] [Decorations] CAPPING events from decorations provider vscode.git 3827
[2021-12-14 16:47:28.574] [exthost] [warning] [Decorations] CAPPING events from decorations provider vscode.git 3827
[2021-12-14 16:47:34.651] [exthost] [warning] [Decorations] CAPPING events from decorations provider vscode.git 3827
[2021-12-14 16:49:08.208] [exthost] [warning] [Decorations] CAPPING events from decorations provider vscode.git 3827
[2021-12-14 16:49:18.168] [exthost] [warning] [Decorations] CAPPING events from decorations provider vscode.git 3827
[2021-12-14 16:49:23.449] [exthost] [warning] [Decorations] CAPPING events from decorations provider vscode.git 3827
[2021-12-14 16:50:00.654] [exthost] [warning] [Decorations] CAPPING events from decorations provider vscode.git 3827
[2021-12-14 16:51:36.787] [exthost] [warning] [Decorations] CAPPING events from decorations provider vscode.git 3827
[2021-12-14 16:51:37.692] [exthost] [warning] ms-vscode.cpptools - Code actions of kind 'quickfix 'requested but returned code action is of kind 'refactor.inline'. Code action will be dropped. Please check 'CodeActionContext.only' to only return requested code actions.
[2021-12-14 16:52:01.335] [exthost] [warning] [Decorations] CAPPING events from decorations provider vscode.git 3827
[2021-12-14 16:52:18.148] [exthost] [warning] [Decorations] CAPPING events from decorations provider vscode.git 3827
[2021-12-14 16:53:01.922] [exthost] [warning] ms-vscode.cpptools - Code actions of kind 'quickfix 'requested but returned code action is of kind 'refactor.inline'. Code action will be dropped. Please check 'CodeActionContext.only' to only return requested code actions.
[2021-12-14 16:53:02.103] [exthost] [warning] [Decorations] CAPPING events from decorations provider vscode.git 3827
[2021-12-14 16:53:08.123] [exthost] [warning] [Decorations] CAPPING events from decorations provider vscode.git 3827
[2021-12-14 16:53:13.415] [exthost] [warning] [Decorations] CAPPING events from decorations provider vscode.git 3827
[2021-12-14 16:53:18.692] [exthost] [warning] [Decorations] CAPPING events from decorations provider vscode.git 3827
[2021-12-14 16:56:24.274] [exthost] [warning] [Decorations] CAPPING events from decorations provider vscode.git 3827
[2021-12-14 16:57:25.796] [exthost] [warning] [Decorations] CAPPING events from decorations provider vscode.git 3827
[2021-12-14 16:57:31.832] [exthost] [warning] [Decorations] CAPPING events from decorations provider vscode.git 3827
[2021-12-14 16:57:37.169] [exthost] [warning] [Decorations] CAPPING events from decorations provider vscode.git 3827
[2021-12-14 16:57:42.450] [exthost] [warning] [Decorations] CAPPING events from decorations provider vscode.git 3828
[2021-12-14 16:57:52.802] [exthost] [warning] [Decorations] CAPPING events from decorations provider vscode.git 3828
[2021-12-14 16:58:10.406] [exthost] [warning] [Decorations] CAPPING events from decorations provider vscode.git 3827
[2021-12-14 16:58:26.870] [exthost] [warning] [Decorations] CAPPING events from decorations provider vscode.git 3827
[2021-12-14 16:58:37.785] [exthost] [warning] [Decorations] CAPPING events from decorations provider vscode.git 3827
[2021-12-14 16:58:43.111] [exthost] [warning] [Decorations] CAPPING events from decorations provider vscode.git 3827
[2021-12-14 16:58:49.450] [exthost] [warning] [Decorations] CAPPING events from decorations provider vscode.git 3827
[2021-12-14 16:58:54.728] [exthost] [warning] [Decorations] CAPPING events from decorations provider vscode.git 3827
[2021-12-14 16:59:00.016] [exthost] [warning] [Decorations] CAPPING events from decorations provider vscode.git 3828
[2021-12-14 16:59:05.303] [exthost] [warning] [Decorations] CAPPING events from decorations provider vscode.git 3828
[2021-12-14 16:59:10.910] [exthost] [warning] [Decorations] CAPPING events from decorations provider vscode.git 3827
[2021-12-14 16:59:17.819] [exthost] [warning] ms-vscode.cpptools - Code actions of kind 'quickfix 'requested but returned code action is of kind 'refactor.inline'. Code action will be dropped. Please check 'CodeActionContext.only' to only return requested code actions.
[2021-12-14 16:59:19.123] [exthost] [warning] ms-vscode.cpptools - Code actions of kind 'quickfix 'requested but returned code action is of kind 'refactor.inline'. Code action will be dropped. Please check 'CodeActionContext.only' to only return requested code actions.
[2021-12-14 16:59:37.111] [exthost] [warning] [Decorations] CAPPING events from decorations provider vscode.git 3827
[2021-12-14 17:02:38.567] [exthost] [warning] [Decorations] CAPPING events from decorations provider vscode.git 3827
[2021-12-14 17:03:14.249] [exthost] [warning] [Decorations] CAPPING events from decorations provider vscode.git 3827
[2021-12-14 17:03:31.577] [exthost] [warning] [Decorations] CAPPING events from decorations provider vscode.git 3827
[2021-12-14 17:03:52.506] [exthost] [warning] [Decorations] CAPPING events from decorations provider vscode.git 3827
[2021-12-14 17:04:15.176] [exthost] [warning] [Decorations] CAPPING events from decorations provider vscode.git 3827
[2021-12-14 17:04:29.998] [exthost] [warning] [Decorations] CAPPING events from decorations provider vscode.git 3827
[2021-12-14 17:04:35.283] [exthost] [warning] [Decorations] CAPPING events from decorations provider vscode.git 3827
[2021-12-14 17:04:43.875] [exthost] [warning] [Decorations] CAPPING events from decorations provider vscode.git 3827
[2021-12-14 17:04:49.162] [exthost] [warning] [Decorations] CAPPING events from decorations provider vscode.git 3827
[2021-12-14 17:04:54.442] [exthost] [warning] [Decorations] CAPPING events from decorations provider vscode.git 3827
[2021-12-14 17:04:59.732] [exthost] [warning] [Decorations] CAPPING events from decorations provider vscode.git 3827
[2021-12-14 17:05:05.038] [exthost] [warning] [Decorations] CAPPING events from decorations provider vscode.git 3827
[2021-12-14 17:05:24.597] [exthost] [warning] [Decorations] CAPPING events from decorations provider vscode.git 3827
[2021-12-14 17:12:37.686] [exthost] [warning] [Decorations] CAPPING events from decorations provider vscode.git 3828
[2021-12-14 17:12:42.972] [exthost] [warning] [Decorations] CAPPING events from decorations provider vscode.git 3828
[2021-12-14 17:12:48.266] [exthost] [warning] [Decorations] CAPPING events from decorations provider vscode.git 3827
[2021-12-14 17:12:53.555] [exthost] [warning] [Decorations] CAPPING events from decorations provider vscode.git 3827
[2021-12-14 17:13:00.203] [exthost] [warning] [Decorations] CAPPING events from decorations provider vscode.git 3827
[2021-12-14 17:14:03.028] [exthost] [warning] [Decorations] CAPPING events from decorations provider vscode.git 3827
[2021-12-14 17:17:43.425] [exthost] [info] extension host terminating: renderer closed the socket
[2021-12-14 17:17:43.512] [exthost] [info] Extension host with pid 8984 exiting with code 0
