[2021-12-08 19:30:22.527] [exthost] [info] Extension host with pid 15000 started
[2021-12-08 19:30:22.688] [exthost] [info] ExtensionService#_doActivateExtension vscode.microsoft-authentication, startup: false, activationEvent: 'onAuthenticationRequest:microsoft'
[2021-12-08 19:30:22.707] [exthost] [info] ExtensionService#_doActivateExtension vscode.debug-auto-launch, startup: true, activationEvent: '*'
[2021-12-08 19:30:22.719] [exthost] [info] ExtensionService#_doActivateExtension vscode.git, startup: true, activationEvent: '*', root cause: vscode.github
[2021-12-08 19:30:22.742] [exthost] [info] ExtensionService#_doActivateExtension ms-vscode.cpptools, startup: true, activationEvent: '*', root cause: platformio.platformio-ide
[2021-12-08 19:30:23.031] [exthost] [info] ExtensionService#_doActivateExtension vscode.github, startup: true, activationEvent: '*'
[2021-12-08 19:30:23.042] [exthost] [info] ExtensionService#_doActivateExtension platformio.platformio-ide, startup: true, activationEvent: '*'
[2021-12-08 19:30:23.562] [exthost] [info] Eager extensions activated
[2021-12-08 19:30:23.570] [exthost] [info] ExtensionService#_doActivateExtension vscode.merge-conflict, startup: false, activationEvent: 'onStartupFinished'
[2021-12-08 19:30:23.574] [exthost] [info] ExtensionService#_doActivateExtension ms-vscode-remote.remote-wsl-recommender, startup: false, activationEvent: 'onStartupFinished'
[2021-12-08 19:30:23.621] [exthost] [info] ExtensionService#_doActivateExtension vscode.github-authentication, startup: false, activationEvent: 'onAuthenticationRequest:github'
[2021-12-08 19:34:35.569] [exthost] [info] extension host terminating: renderer closed the socket
[2021-12-08 19:34:35.571] [exthost] [error] TypeError: Cannot read property 'timeTelemetryCollector' of undefined
	at Object.deactivate (c:\Users\Racarla\Documents\Git\VSCode_Portable\VSCode-win32-x64-1.62.3\data\extensions\ms-vscode.cpptools-1.7.1\dist\main.js:49395:13)
	at Object.deactivate (c:\Users\Racarla\Documents\Git\VSCode_Portable\VSCode-win32-x64-1.62.3\data\extensions\ms-vscode.cpptools-1.7.1\dist\main.js:54453:27)
	at w._deactivate (c:\Users\Racarla\Documents\Git\VSCode_Portable\VSCode-win32-x64-1.62.3\resources\app\out\vs\workbench\services\extensions\node\extensionHostProcess.js:99:11449)
	at c:\Users\Racarla\Documents\Git\VSCode_Portable\VSCode-win32-x64-1.62.3\resources\app\out\vs\workbench\services\extensions\node\extensionHostProcess.js:99:9997
	at Array.map (<anonymous>)
	at w.deactivateAll (c:\Users\Racarla\Documents\Git\VSCode_Portable\VSCode-win32-x64-1.62.3\resources\app\out\vs\workbench\services\extensions\node\extensionHostProcess.js:99:9985)
	at b.terminate (c:\Users\Racarla\Documents\Git\VSCode_Portable\VSCode-win32-x64-1.62.3\resources\app\out\vs\workbench\services\extensions\node\extensionHostProcess.js:103:735)
	at o (c:\Users\Racarla\Documents\Git\VSCode_Portable\VSCode-win32-x64-1.62.3\resources\app\out\vs\workbench\services\extensions\node\extensionHostProcess.js:113:32681)
	at Socket.<anonymous> (c:\Users\Racarla\Documents\Git\VSCode_Portable\VSCode-win32-x64-1.62.3\resources\app\out\vs\workbench\services\extensions\node\extensionHostProcess.js:113:30296)
	at Socket.emit (events.js:327:22)
	at Socket.EventEmitter.emit (domain.js:467:12)
	at Pipe.<anonymous> (net.js:673:12)
[2021-12-08 19:34:36.577] [exthost] [info] Extension host with pid 15000 exiting with code 0
[2021-12-08 19:34:37.358] [exthost] [info] Extension host with pid 2392 started
[2021-12-08 19:34:37.359] [exthost] [info] Skipping acquiring lock for c:\Users\Racarla\Documents\Git\VSCode_Portable\VSCode-win32-x64-1.62.3\data\user-data\User\workspaceStorage\7ff97993836afdab89a965b910251ee1.
[2021-12-08 19:34:37.536] [exthost] [info] ExtensionService#_doActivateExtension vscode.microsoft-authentication, startup: false, activationEvent: 'onAuthenticationRequest:microsoft'
[2021-12-08 19:34:37.548] [exthost] [info] ExtensionService#_doActivateExtension vscode.debug-auto-launch, startup: true, activationEvent: '*'
[2021-12-08 19:34:37.552] [exthost] [info] ExtensionService#_doActivateExtension vscode.git, startup: true, activationEvent: '*', root cause: vscode.github
[2021-12-08 19:34:37.997] [exthost] [info] ExtensionService#_doActivateExtension vscode.github-authentication, startup: false, activationEvent: 'onAuthenticationRequest:github'
[2021-12-08 19:34:38.043] [exthost] [info] ExtensionService#_doActivateExtension vscode.github, startup: true, activationEvent: '*'
[2021-12-08 19:34:38.052] [exthost] [info] Eager extensions activated
[2021-12-08 19:34:38.055] [exthost] [info] ExtensionService#_doActivateExtension vscode.merge-conflict, startup: false, activationEvent: 'onStartupFinished'
[2021-12-08 19:34:38.059] [exthost] [info] ExtensionService#_doActivateExtension ms-vscode-remote.remote-wsl-recommender, startup: false, activationEvent: 'onStartupFinished'
[2021-12-08 19:35:32.769] [exthost] [info] ExtensionService#_doActivateExtension ms-vscode.cpptools, startup: false, activationEvent: '*', root cause: platformio.platformio-ide
[2021-12-08 19:35:32.939] [exthost] [info] ExtensionService#_doActivateExtension platformio.platformio-ide, startup: false, activationEvent: '*'
[2021-12-08 19:35:33.726] [exthost] [info] ExtensionService#_doActivateExtension vscode.configuration-editing, startup: false, activationEvent: 'onLanguage:json'
[2021-12-08 19:35:33.736] [exthost] [info] ExtensionService#_doActivateExtension vscode.extension-editing, startup: false, activationEvent: 'onLanguage:json'
[2021-12-08 19:35:33.748] [exthost] [info] ExtensionService#_doActivateExtension vscode.json-language-features, startup: false, activationEvent: 'onLanguage:json'
[2021-12-08 19:35:33.768] [exthost] [info] ExtensionService#_doActivateExtension vscode.npm, startup: false, activationEvent: 'onLanguage:json'
[2021-12-08 19:35:33.806] [exthost] [info] ExtensionService#_doActivateExtension vscode.typescript-language-features, startup: false, activationEvent: 'onLanguage:jsonc'
[2021-12-08 19:35:36.962] [exthost] [info] ExtensionService#_doActivateExtension cschlosser.doxdocgen, startup: false, activationEvent: 'onLanguage:cpp'
[2021-12-08 19:37:10.873] [exthost] [info] ExtensionService#_doActivateExtension vscode.grunt, startup: false, activationEvent: 'onCommand:workbench.action.tasks.runTask'
[2021-12-08 19:37:10.901] [exthost] [info] ExtensionService#_doActivateExtension vscode.gulp, startup: false, activationEvent: 'onCommand:workbench.action.tasks.runTask'
[2021-12-08 19:37:10.928] [exthost] [info] ExtensionService#_doActivateExtension vscode.jake, startup: false, activationEvent: 'onCommand:workbench.action.tasks.runTask'
[2021-12-08 19:48:08.107] [exthost] [info] ExtensionService#_doActivateExtension vscode.simple-browser, startup: false, activationEvent: 'onOpenExternalUri:https'
[2021-12-08 20:26:00.758] [exthost] [info] extension host terminating: renderer closed the socket
[2021-12-08 20:26:00.805] [exthost] [error] [ms-vscode.cpptools] provider FAILED
[2021-12-08 20:26:00.805] [exthost] [error] Error: Connection got disposed.
	at Object.dispose (c:\Users\Racarla\Documents\Git\VSCode_Portable\VSCode-win32-x64-1.62.3\data\extensions\ms-vscode.cpptools-1.7.1\dist\main.js:58689:25)
	at Object.dispose (c:\Users\Racarla\Documents\Git\VSCode_Portable\VSCode-win32-x64-1.62.3\data\extensions\ms-vscode.cpptools-1.7.1\dist\main.js:59609:35)
	at c:\Users\Racarla\Documents\Git\VSCode_Portable\VSCode-win32-x64-1.62.3\data\extensions\ms-vscode.cpptools-1.7.1\dist\main.js:61603:28
	at async Promise.all (index 17)
	at async w.deactivateAll (c:\Users\Racarla\Documents\Git\VSCode_Portable\VSCode-win32-x64-1.62.3\resources\app\out\vs\workbench\services\extensions\node\extensionHostProcess.js:99:10023)
[2021-12-08 20:26:01.778] [exthost] [info] Extension host with pid 2392 exiting with code 0
