[2021-12-15 11:13:36.987] [renderer1] [error] [Extension Host] (node:9596) [DEP0005] DeprecationWarning: Buffer() is deprecated due to security and usability issues. Please use the Buffer.alloc(), Buffer.allocUnsafe(), or Buffer.from() methods instead.
(Use `Code --trace-deprecation ...` to show where the warning was created)
[2021-12-15 11:14:18.438] [renderer1] [error] [Extension Host] (node:5972) [DEP0005] DeprecationWarning: Buffer() is deprecated due to security and usability issues. Please use the Buffer.alloc(), Buffer.allocUnsafe(), or Buffer.from() methods instead.
(Use `Code --trace-deprecation ...` to show where the warning was created)
[2021-12-15 11:14:20.318] [renderer1] [error] Bad progress location: platformio-ide.projectTasks: Error: Bad progress location: platformio-ide.projectTasks
    at r.withProgress (vscode-file://vscode-app/c:/Users/racarla1/Documents/Git/VSCode_Portable/Installation/VSCode-win32-x64-1.63.0/resources/app/out/vs/workbench/workbench.desktop.main.js:1720:31725)
    at b.$startProgress (vscode-file://vscode-app/c:/Users/racarla1/Documents/Git/VSCode_Portable/Installation/VSCode-win32-x64-1.63.0/resources/app/out/vs/workbench/workbench.desktop.main.js:1499:29066)
    at u._doInvokeHandler (vscode-file://vscode-app/c:/Users/racarla1/Documents/Git/VSCode_Portable/Installation/VSCode-win32-x64-1.63.0/resources/app/out/vs/workbench/workbench.desktop.main.js:1506:13116)
    at u._invokeHandler (vscode-file://vscode-app/c:/Users/racarla1/Documents/Git/VSCode_Portable/Installation/VSCode-win32-x64-1.63.0/resources/app/out/vs/workbench/workbench.desktop.main.js:1506:12800)
    at u._receiveRequest (vscode-file://vscode-app/c:/Users/racarla1/Documents/Git/VSCode_Portable/Installation/VSCode-win32-x64-1.63.0/resources/app/out/vs/workbench/workbench.desktop.main.js:1506:11462)
    at u._receiveOneMessage (vscode-file://vscode-app/c:/Users/racarla1/Documents/Git/VSCode_Portable/Installation/VSCode-win32-x64-1.63.0/resources/app/out/vs/workbench/workbench.desktop.main.js:1506:10140)
    at vscode-file://vscode-app/c:/Users/racarla1/Documents/Git/VSCode_Portable/Installation/VSCode-win32-x64-1.63.0/resources/app/out/vs/workbench/workbench.desktop.main.js:1506:8236
    at a.fire (vscode-file://vscode-app/c:/Users/racarla1/Documents/Git/VSCode_Portable/Installation/VSCode-win32-x64-1.63.0/resources/app/out/vs/workbench/workbench.desktop.main.js:69:1712)
    at o.fire (vscode-file://vscode-app/c:/Users/racarla1/Documents/Git/VSCode_Portable/Installation/VSCode-win32-x64-1.63.0/resources/app/out/vs/workbench/workbench.desktop.main.js:85:19631)
    at d._receiveMessage (vscode-file://vscode-app/c:/Users/racarla1/Documents/Git/VSCode_Portable/Installation/VSCode-win32-x64-1.63.0/resources/app/out/vs/workbench/workbench.desktop.main.js:85:24212)
    at vscode-file://vscode-app/c:/Users/racarla1/Documents/Git/VSCode_Portable/Installation/VSCode-win32-x64-1.63.0/resources/app/out/vs/workbench/workbench.desktop.main.js:85:21746
    at a.fire (vscode-file://vscode-app/c:/Users/racarla1/Documents/Git/VSCode_Portable/Installation/VSCode-win32-x64-1.63.0/resources/app/out/vs/workbench/workbench.desktop.main.js:69:1712)
    at s.acceptChunk (vscode-file://vscode-app/c:/Users/racarla1/Documents/Git/VSCode_Portable/Installation/VSCode-win32-x64-1.63.0/resources/app/out/vs/workbench/workbench.desktop.main.js:85:16459)
    at vscode-file://vscode-app/c:/Users/racarla1/Documents/Git/VSCode_Portable/Installation/VSCode-win32-x64-1.63.0/resources/app/out/vs/workbench/workbench.desktop.main.js:85:15589
    at Socket.O (vscode-file://vscode-app/c:/Users/racarla1/Documents/Git/VSCode_Portable/Installation/VSCode-win32-x64-1.63.0/resources/app/out/vs/workbench/workbench.desktop.main.js:2984:8477)
    at Socket.emit (events.js:315:20)
    at addChunk (internal/streams/readable.js:309:12)
    at readableAddChunk (internal/streams/readable.js:284:9)
    at Socket.Readable.push (internal/streams/readable.js:223:10)
    at Pipe.onStreamRead (internal/stream_base_commons.js:188:23)
[2021-12-15 11:14:31.415] [renderer1] [error] Bad progress location: platformio-ide.projectTasks: Error: Bad progress location: platformio-ide.projectTasks
    at r.withProgress (vscode-file://vscode-app/c:/Users/racarla1/Documents/Git/VSCode_Portable/Installation/VSCode-win32-x64-1.63.0/resources/app/out/vs/workbench/workbench.desktop.main.js:1720:31725)
    at b.$startProgress (vscode-file://vscode-app/c:/Users/racarla1/Documents/Git/VSCode_Portable/Installation/VSCode-win32-x64-1.63.0/resources/app/out/vs/workbench/workbench.desktop.main.js:1499:29066)
    at u._doInvokeHandler (vscode-file://vscode-app/c:/Users/racarla1/Documents/Git/VSCode_Portable/Installation/VSCode-win32-x64-1.63.0/resources/app/out/vs/workbench/workbench.desktop.main.js:1506:13116)
    at u._invokeHandler (vscode-file://vscode-app/c:/Users/racarla1/Documents/Git/VSCode_Portable/Installation/VSCode-win32-x64-1.63.0/resources/app/out/vs/workbench/workbench.desktop.main.js:1506:12800)
    at u._receiveRequest (vscode-file://vscode-app/c:/Users/racarla1/Documents/Git/VSCode_Portable/Installation/VSCode-win32-x64-1.63.0/resources/app/out/vs/workbench/workbench.desktop.main.js:1506:11462)
    at u._receiveOneMessage (vscode-file://vscode-app/c:/Users/racarla1/Documents/Git/VSCode_Portable/Installation/VSCode-win32-x64-1.63.0/resources/app/out/vs/workbench/workbench.desktop.main.js:1506:10140)
    at vscode-file://vscode-app/c:/Users/racarla1/Documents/Git/VSCode_Portable/Installation/VSCode-win32-x64-1.63.0/resources/app/out/vs/workbench/workbench.desktop.main.js:1506:8236
    at a.fire (vscode-file://vscode-app/c:/Users/racarla1/Documents/Git/VSCode_Portable/Installation/VSCode-win32-x64-1.63.0/resources/app/out/vs/workbench/workbench.desktop.main.js:69:1712)
    at o.fire (vscode-file://vscode-app/c:/Users/racarla1/Documents/Git/VSCode_Portable/Installation/VSCode-win32-x64-1.63.0/resources/app/out/vs/workbench/workbench.desktop.main.js:85:19631)
    at d._receiveMessage (vscode-file://vscode-app/c:/Users/racarla1/Documents/Git/VSCode_Portable/Installation/VSCode-win32-x64-1.63.0/resources/app/out/vs/workbench/workbench.desktop.main.js:85:24212)
    at vscode-file://vscode-app/c:/Users/racarla1/Documents/Git/VSCode_Portable/Installation/VSCode-win32-x64-1.63.0/resources/app/out/vs/workbench/workbench.desktop.main.js:85:21746
    at a.fire (vscode-file://vscode-app/c:/Users/racarla1/Documents/Git/VSCode_Portable/Installation/VSCode-win32-x64-1.63.0/resources/app/out/vs/workbench/workbench.desktop.main.js:69:1712)
    at s.acceptChunk (vscode-file://vscode-app/c:/Users/racarla1/Documents/Git/VSCode_Portable/Installation/VSCode-win32-x64-1.63.0/resources/app/out/vs/workbench/workbench.desktop.main.js:85:16459)
    at vscode-file://vscode-app/c:/Users/racarla1/Documents/Git/VSCode_Portable/Installation/VSCode-win32-x64-1.63.0/resources/app/out/vs/workbench/workbench.desktop.main.js:85:15589
    at Socket.O (vscode-file://vscode-app/c:/Users/racarla1/Documents/Git/VSCode_Portable/Installation/VSCode-win32-x64-1.63.0/resources/app/out/vs/workbench/workbench.desktop.main.js:2984:8477)
    at Socket.emit (events.js:315:20)
    at addChunk (internal/streams/readable.js:309:12)
    at readableAddChunk (internal/streams/readable.js:284:9)
    at Socket.Readable.push (internal/streams/readable.js:223:10)
    at Pipe.onStreamRead (internal/stream_base_commons.js:188:23)
[2021-12-15 11:15:40.550] [renderer1] [error] Bad progress location: platformio-ide.projectTasks: Error: Bad progress location: platformio-ide.projectTasks
    at r.withProgress (vscode-file://vscode-app/c:/Users/racarla1/Documents/Git/VSCode_Portable/Installation/VSCode-win32-x64-1.63.0/resources/app/out/vs/workbench/workbench.desktop.main.js:1720:31725)
    at b.$startProgress (vscode-file://vscode-app/c:/Users/racarla1/Documents/Git/VSCode_Portable/Installation/VSCode-win32-x64-1.63.0/resources/app/out/vs/workbench/workbench.desktop.main.js:1499:29066)
    at u._doInvokeHandler (vscode-file://vscode-app/c:/Users/racarla1/Documents/Git/VSCode_Portable/Installation/VSCode-win32-x64-1.63.0/resources/app/out/vs/workbench/workbench.desktop.main.js:1506:13116)
    at u._invokeHandler (vscode-file://vscode-app/c:/Users/racarla1/Documents/Git/VSCode_Portable/Installation/VSCode-win32-x64-1.63.0/resources/app/out/vs/workbench/workbench.desktop.main.js:1506:12800)
    at u._receiveRequest (vscode-file://vscode-app/c:/Users/racarla1/Documents/Git/VSCode_Portable/Installation/VSCode-win32-x64-1.63.0/resources/app/out/vs/workbench/workbench.desktop.main.js:1506:11462)
    at u._receiveOneMessage (vscode-file://vscode-app/c:/Users/racarla1/Documents/Git/VSCode_Portable/Installation/VSCode-win32-x64-1.63.0/resources/app/out/vs/workbench/workbench.desktop.main.js:1506:10140)
    at vscode-file://vscode-app/c:/Users/racarla1/Documents/Git/VSCode_Portable/Installation/VSCode-win32-x64-1.63.0/resources/app/out/vs/workbench/workbench.desktop.main.js:1506:8236
    at a.fire (vscode-file://vscode-app/c:/Users/racarla1/Documents/Git/VSCode_Portable/Installation/VSCode-win32-x64-1.63.0/resources/app/out/vs/workbench/workbench.desktop.main.js:69:1712)
    at o.fire (vscode-file://vscode-app/c:/Users/racarla1/Documents/Git/VSCode_Portable/Installation/VSCode-win32-x64-1.63.0/resources/app/out/vs/workbench/workbench.desktop.main.js:85:19631)
    at d._receiveMessage (vscode-file://vscode-app/c:/Users/racarla1/Documents/Git/VSCode_Portable/Installation/VSCode-win32-x64-1.63.0/resources/app/out/vs/workbench/workbench.desktop.main.js:85:24212)
    at vscode-file://vscode-app/c:/Users/racarla1/Documents/Git/VSCode_Portable/Installation/VSCode-win32-x64-1.63.0/resources/app/out/vs/workbench/workbench.desktop.main.js:85:21746
    at a.fire (vscode-file://vscode-app/c:/Users/racarla1/Documents/Git/VSCode_Portable/Installation/VSCode-win32-x64-1.63.0/resources/app/out/vs/workbench/workbench.desktop.main.js:69:1712)
    at s.acceptChunk (vscode-file://vscode-app/c:/Users/racarla1/Documents/Git/VSCode_Portable/Installation/VSCode-win32-x64-1.63.0/resources/app/out/vs/workbench/workbench.desktop.main.js:85:16459)
    at vscode-file://vscode-app/c:/Users/racarla1/Documents/Git/VSCode_Portable/Installation/VSCode-win32-x64-1.63.0/resources/app/out/vs/workbench/workbench.desktop.main.js:85:15589
    at Socket.O (vscode-file://vscode-app/c:/Users/racarla1/Documents/Git/VSCode_Portable/Installation/VSCode-win32-x64-1.63.0/resources/app/out/vs/workbench/workbench.desktop.main.js:2984:8477)
    at Socket.emit (events.js:315:20)
    at addChunk (internal/streams/readable.js:309:12)
    at readableAddChunk (internal/streams/readable.js:284:9)
    at Socket.Readable.push (internal/streams/readable.js:223:10)
    at Pipe.onStreamRead (internal/stream_base_commons.js:188:23)
[2021-12-15 11:15:56.306] [renderer1] [error] Bad progress location: platformio-ide.projectTasks: Error: Bad progress location: platformio-ide.projectTasks
    at r.withProgress (vscode-file://vscode-app/c:/Users/racarla1/Documents/Git/VSCode_Portable/Installation/VSCode-win32-x64-1.63.0/resources/app/out/vs/workbench/workbench.desktop.main.js:1720:31725)
    at b.$startProgress (vscode-file://vscode-app/c:/Users/racarla1/Documents/Git/VSCode_Portable/Installation/VSCode-win32-x64-1.63.0/resources/app/out/vs/workbench/workbench.desktop.main.js:1499:29066)
    at u._doInvokeHandler (vscode-file://vscode-app/c:/Users/racarla1/Documents/Git/VSCode_Portable/Installation/VSCode-win32-x64-1.63.0/resources/app/out/vs/workbench/workbench.desktop.main.js:1506:13116)
    at u._invokeHandler (vscode-file://vscode-app/c:/Users/racarla1/Documents/Git/VSCode_Portable/Installation/VSCode-win32-x64-1.63.0/resources/app/out/vs/workbench/workbench.desktop.main.js:1506:12800)
    at u._receiveRequest (vscode-file://vscode-app/c:/Users/racarla1/Documents/Git/VSCode_Portable/Installation/VSCode-win32-x64-1.63.0/resources/app/out/vs/workbench/workbench.desktop.main.js:1506:11462)
    at u._receiveOneMessage (vscode-file://vscode-app/c:/Users/racarla1/Documents/Git/VSCode_Portable/Installation/VSCode-win32-x64-1.63.0/resources/app/out/vs/workbench/workbench.desktop.main.js:1506:10140)
    at vscode-file://vscode-app/c:/Users/racarla1/Documents/Git/VSCode_Portable/Installation/VSCode-win32-x64-1.63.0/resources/app/out/vs/workbench/workbench.desktop.main.js:1506:8236
    at a.fire (vscode-file://vscode-app/c:/Users/racarla1/Documents/Git/VSCode_Portable/Installation/VSCode-win32-x64-1.63.0/resources/app/out/vs/workbench/workbench.desktop.main.js:69:1712)
    at o.fire (vscode-file://vscode-app/c:/Users/racarla1/Documents/Git/VSCode_Portable/Installation/VSCode-win32-x64-1.63.0/resources/app/out/vs/workbench/workbench.desktop.main.js:85:19631)
    at d._receiveMessage (vscode-file://vscode-app/c:/Users/racarla1/Documents/Git/VSCode_Portable/Installation/VSCode-win32-x64-1.63.0/resources/app/out/vs/workbench/workbench.desktop.main.js:85:24212)
    at vscode-file://vscode-app/c:/Users/racarla1/Documents/Git/VSCode_Portable/Installation/VSCode-win32-x64-1.63.0/resources/app/out/vs/workbench/workbench.desktop.main.js:85:21746
    at a.fire (vscode-file://vscode-app/c:/Users/racarla1/Documents/Git/VSCode_Portable/Installation/VSCode-win32-x64-1.63.0/resources/app/out/vs/workbench/workbench.desktop.main.js:69:1712)
    at s.acceptChunk (vscode-file://vscode-app/c:/Users/racarla1/Documents/Git/VSCode_Portable/Installation/VSCode-win32-x64-1.63.0/resources/app/out/vs/workbench/workbench.desktop.main.js:85:16459)
    at vscode-file://vscode-app/c:/Users/racarla1/Documents/Git/VSCode_Portable/Installation/VSCode-win32-x64-1.63.0/resources/app/out/vs/workbench/workbench.desktop.main.js:85:15589
    at Socket.O (vscode-file://vscode-app/c:/Users/racarla1/Documents/Git/VSCode_Portable/Installation/VSCode-win32-x64-1.63.0/resources/app/out/vs/workbench/workbench.desktop.main.js:2984:8477)
    at Socket.emit (events.js:315:20)
    at addChunk (internal/streams/readable.js:309:12)
    at readableAddChunk (internal/streams/readable.js:284:9)
    at Socket.Readable.push (internal/streams/readable.js:223:10)
    at Pipe.onStreamRead (internal/stream_base_commons.js:188:23)
[2021-12-15 11:16:26.397] [renderer1] [error] Bad progress location: platformio-ide.projectTasks: Error: Bad progress location: platformio-ide.projectTasks
    at r.withProgress (vscode-file://vscode-app/c:/Users/racarla1/Documents/Git/VSCode_Portable/Installation/VSCode-win32-x64-1.63.0/resources/app/out/vs/workbench/workbench.desktop.main.js:1720:31725)
    at b.$startProgress (vscode-file://vscode-app/c:/Users/racarla1/Documents/Git/VSCode_Portable/Installation/VSCode-win32-x64-1.63.0/resources/app/out/vs/workbench/workbench.desktop.main.js:1499:29066)
    at u._doInvokeHandler (vscode-file://vscode-app/c:/Users/racarla1/Documents/Git/VSCode_Portable/Installation/VSCode-win32-x64-1.63.0/resources/app/out/vs/workbench/workbench.desktop.main.js:1506:13116)
    at u._invokeHandler (vscode-file://vscode-app/c:/Users/racarla1/Documents/Git/VSCode_Portable/Installation/VSCode-win32-x64-1.63.0/resources/app/out/vs/workbench/workbench.desktop.main.js:1506:12800)
    at u._receiveRequest (vscode-file://vscode-app/c:/Users/racarla1/Documents/Git/VSCode_Portable/Installation/VSCode-win32-x64-1.63.0/resources/app/out/vs/workbench/workbench.desktop.main.js:1506:11462)
    at u._receiveOneMessage (vscode-file://vscode-app/c:/Users/racarla1/Documents/Git/VSCode_Portable/Installation/VSCode-win32-x64-1.63.0/resources/app/out/vs/workbench/workbench.desktop.main.js:1506:10140)
    at vscode-file://vscode-app/c:/Users/racarla1/Documents/Git/VSCode_Portable/Installation/VSCode-win32-x64-1.63.0/resources/app/out/vs/workbench/workbench.desktop.main.js:1506:8236
    at a.fire (vscode-file://vscode-app/c:/Users/racarla1/Documents/Git/VSCode_Portable/Installation/VSCode-win32-x64-1.63.0/resources/app/out/vs/workbench/workbench.desktop.main.js:69:1712)
    at o.fire (vscode-file://vscode-app/c:/Users/racarla1/Documents/Git/VSCode_Portable/Installation/VSCode-win32-x64-1.63.0/resources/app/out/vs/workbench/workbench.desktop.main.js:85:19631)
    at d._receiveMessage (vscode-file://vscode-app/c:/Users/racarla1/Documents/Git/VSCode_Portable/Installation/VSCode-win32-x64-1.63.0/resources/app/out/vs/workbench/workbench.desktop.main.js:85:24212)
    at vscode-file://vscode-app/c:/Users/racarla1/Documents/Git/VSCode_Portable/Installation/VSCode-win32-x64-1.63.0/resources/app/out/vs/workbench/workbench.desktop.main.js:85:21746
    at a.fire (vscode-file://vscode-app/c:/Users/racarla1/Documents/Git/VSCode_Portable/Installation/VSCode-win32-x64-1.63.0/resources/app/out/vs/workbench/workbench.desktop.main.js:69:1712)
    at s.acceptChunk (vscode-file://vscode-app/c:/Users/racarla1/Documents/Git/VSCode_Portable/Installation/VSCode-win32-x64-1.63.0/resources/app/out/vs/workbench/workbench.desktop.main.js:85:16459)
    at vscode-file://vscode-app/c:/Users/racarla1/Documents/Git/VSCode_Portable/Installation/VSCode-win32-x64-1.63.0/resources/app/out/vs/workbench/workbench.desktop.main.js:85:15589
    at Socket.O (vscode-file://vscode-app/c:/Users/racarla1/Documents/Git/VSCode_Portable/Installation/VSCode-win32-x64-1.63.0/resources/app/out/vs/workbench/workbench.desktop.main.js:2984:8477)
    at Socket.emit (events.js:315:20)
    at addChunk (internal/streams/readable.js:309:12)
    at readableAddChunk (internal/streams/readable.js:284:9)
    at Socket.Readable.push (internal/streams/readable.js:223:10)
    at Pipe.onStreamRead (internal/stream_base_commons.js:188:23)
[2021-12-15 11:16:33.681] [renderer1] [error] Bad progress location: platformio-ide.projectTasks: Error: Bad progress location: platformio-ide.projectTasks
    at r.withProgress (vscode-file://vscode-app/c:/Users/racarla1/Documents/Git/VSCode_Portable/Installation/VSCode-win32-x64-1.63.0/resources/app/out/vs/workbench/workbench.desktop.main.js:1720:31725)
    at b.$startProgress (vscode-file://vscode-app/c:/Users/racarla1/Documents/Git/VSCode_Portable/Installation/VSCode-win32-x64-1.63.0/resources/app/out/vs/workbench/workbench.desktop.main.js:1499:29066)
    at u._doInvokeHandler (vscode-file://vscode-app/c:/Users/racarla1/Documents/Git/VSCode_Portable/Installation/VSCode-win32-x64-1.63.0/resources/app/out/vs/workbench/workbench.desktop.main.js:1506:13116)
    at u._invokeHandler (vscode-file://vscode-app/c:/Users/racarla1/Documents/Git/VSCode_Portable/Installation/VSCode-win32-x64-1.63.0/resources/app/out/vs/workbench/workbench.desktop.main.js:1506:12800)
    at u._receiveRequest (vscode-file://vscode-app/c:/Users/racarla1/Documents/Git/VSCode_Portable/Installation/VSCode-win32-x64-1.63.0/resources/app/out/vs/workbench/workbench.desktop.main.js:1506:11462)
    at u._receiveOneMessage (vscode-file://vscode-app/c:/Users/racarla1/Documents/Git/VSCode_Portable/Installation/VSCode-win32-x64-1.63.0/resources/app/out/vs/workbench/workbench.desktop.main.js:1506:10140)
    at vscode-file://vscode-app/c:/Users/racarla1/Documents/Git/VSCode_Portable/Installation/VSCode-win32-x64-1.63.0/resources/app/out/vs/workbench/workbench.desktop.main.js:1506:8236
    at a.fire (vscode-file://vscode-app/c:/Users/racarla1/Documents/Git/VSCode_Portable/Installation/VSCode-win32-x64-1.63.0/resources/app/out/vs/workbench/workbench.desktop.main.js:69:1712)
    at o.fire (vscode-file://vscode-app/c:/Users/racarla1/Documents/Git/VSCode_Portable/Installation/VSCode-win32-x64-1.63.0/resources/app/out/vs/workbench/workbench.desktop.main.js:85:19631)
    at d._receiveMessage (vscode-file://vscode-app/c:/Users/racarla1/Documents/Git/VSCode_Portable/Installation/VSCode-win32-x64-1.63.0/resources/app/out/vs/workbench/workbench.desktop.main.js:85:24212)
    at vscode-file://vscode-app/c:/Users/racarla1/Documents/Git/VSCode_Portable/Installation/VSCode-win32-x64-1.63.0/resources/app/out/vs/workbench/workbench.desktop.main.js:85:21746
    at a.fire (vscode-file://vscode-app/c:/Users/racarla1/Documents/Git/VSCode_Portable/Installation/VSCode-win32-x64-1.63.0/resources/app/out/vs/workbench/workbench.desktop.main.js:69:1712)
    at s.acceptChunk (vscode-file://vscode-app/c:/Users/racarla1/Documents/Git/VSCode_Portable/Installation/VSCode-win32-x64-1.63.0/resources/app/out/vs/workbench/workbench.desktop.main.js:85:16459)
    at vscode-file://vscode-app/c:/Users/racarla1/Documents/Git/VSCode_Portable/Installation/VSCode-win32-x64-1.63.0/resources/app/out/vs/workbench/workbench.desktop.main.js:85:15589
    at Socket.O (vscode-file://vscode-app/c:/Users/racarla1/Documents/Git/VSCode_Portable/Installation/VSCode-win32-x64-1.63.0/resources/app/out/vs/workbench/workbench.desktop.main.js:2984:8477)
    at Socket.emit (events.js:315:20)
    at addChunk (internal/streams/readable.js:309:12)
    at readableAddChunk (internal/streams/readable.js:284:9)
    at Socket.Readable.push (internal/streams/readable.js:223:10)
    at Pipe.onStreamRead (internal/stream_base_commons.js:188:23)
[2021-12-15 11:50:58.994] [renderer1] [error] Bad progress location: platformio-ide.projectTasks: Error: Bad progress location: platformio-ide.projectTasks
    at r.withProgress (vscode-file://vscode-app/c:/Users/racarla1/Documents/Git/VSCode_Portable/Installation/VSCode-win32-x64-1.63.0/resources/app/out/vs/workbench/workbench.desktop.main.js:1720:31725)
    at b.$startProgress (vscode-file://vscode-app/c:/Users/racarla1/Documents/Git/VSCode_Portable/Installation/VSCode-win32-x64-1.63.0/resources/app/out/vs/workbench/workbench.desktop.main.js:1499:29066)
    at u._doInvokeHandler (vscode-file://vscode-app/c:/Users/racarla1/Documents/Git/VSCode_Portable/Installation/VSCode-win32-x64-1.63.0/resources/app/out/vs/workbench/workbench.desktop.main.js:1506:13116)
    at u._invokeHandler (vscode-file://vscode-app/c:/Users/racarla1/Documents/Git/VSCode_Portable/Installation/VSCode-win32-x64-1.63.0/resources/app/out/vs/workbench/workbench.desktop.main.js:1506:12800)
    at u._receiveRequest (vscode-file://vscode-app/c:/Users/racarla1/Documents/Git/VSCode_Portable/Installation/VSCode-win32-x64-1.63.0/resources/app/out/vs/workbench/workbench.desktop.main.js:1506:11462)
    at u._receiveOneMessage (vscode-file://vscode-app/c:/Users/racarla1/Documents/Git/VSCode_Portable/Installation/VSCode-win32-x64-1.63.0/resources/app/out/vs/workbench/workbench.desktop.main.js:1506:10140)
    at vscode-file://vscode-app/c:/Users/racarla1/Documents/Git/VSCode_Portable/Installation/VSCode-win32-x64-1.63.0/resources/app/out/vs/workbench/workbench.desktop.main.js:1506:8236
    at a.fire (vscode-file://vscode-app/c:/Users/racarla1/Documents/Git/VSCode_Portable/Installation/VSCode-win32-x64-1.63.0/resources/app/out/vs/workbench/workbench.desktop.main.js:69:1712)
    at o.fire (vscode-file://vscode-app/c:/Users/racarla1/Documents/Git/VSCode_Portable/Installation/VSCode-win32-x64-1.63.0/resources/app/out/vs/workbench/workbench.desktop.main.js:85:19631)
    at d._receiveMessage (vscode-file://vscode-app/c:/Users/racarla1/Documents/Git/VSCode_Portable/Installation/VSCode-win32-x64-1.63.0/resources/app/out/vs/workbench/workbench.desktop.main.js:85:24212)
    at vscode-file://vscode-app/c:/Users/racarla1/Documents/Git/VSCode_Portable/Installation/VSCode-win32-x64-1.63.0/resources/app/out/vs/workbench/workbench.desktop.main.js:85:21746
    at a.fire (vscode-file://vscode-app/c:/Users/racarla1/Documents/Git/VSCode_Portable/Installation/VSCode-win32-x64-1.63.0/resources/app/out/vs/workbench/workbench.desktop.main.js:69:1712)
    at s.acceptChunk (vscode-file://vscode-app/c:/Users/racarla1/Documents/Git/VSCode_Portable/Installation/VSCode-win32-x64-1.63.0/resources/app/out/vs/workbench/workbench.desktop.main.js:85:16459)
    at vscode-file://vscode-app/c:/Users/racarla1/Documents/Git/VSCode_Portable/Installation/VSCode-win32-x64-1.63.0/resources/app/out/vs/workbench/workbench.desktop.main.js:85:15589
    at Socket.O (vscode-file://vscode-app/c:/Users/racarla1/Documents/Git/VSCode_Portable/Installation/VSCode-win32-x64-1.63.0/resources/app/out/vs/workbench/workbench.desktop.main.js:2984:8477)
    at Socket.emit (events.js:315:20)
    at addChunk (internal/streams/readable.js:309:12)
    at readableAddChunk (internal/streams/readable.js:284:9)
    at Socket.Readable.push (internal/streams/readable.js:223:10)
    at Pipe.onStreamRead (internal/stream_base_commons.js:188:23)
[2021-12-15 12:11:44.186] [renderer1] [error] Cannot resize a pty that has already exited: Error: Cannot resize a pty that has already exited
    at WindowsPtyAgent.resize (c:\Users\racarla1\Documents\Git\VSCode_Portable\Installation\VSCode-win32-x64-1.63.0\resources\app\node_modules.asar\node-pty\lib\windowsPtyAgent.js:141:23)
    at WindowsTerminal.<anonymous> (c:\Users\racarla1\Documents\Git\VSCode_Portable\Installation\VSCode-win32-x64-1.63.0\resources\app\node_modules.asar\node-pty\lib\windowsTerminal.js:132:26)
    at WindowsTerminal._defer (c:\Users\racarla1\Documents\Git\VSCode_Portable\Installation\VSCode-win32-x64-1.63.0\resources\app\node_modules.asar\node-pty\lib\windowsTerminal.js:157:24)
    at WindowsTerminal.resize (c:\Users\racarla1\Documents\Git\VSCode_Portable\Installation\VSCode-win32-x64-1.63.0\resources\app\node_modules.asar\node-pty\lib\windowsTerminal.js:131:14)
    at De.resize (c:\Users\racarla1\Documents\Git\VSCode_Portable\Installation\VSCode-win32-x64-1.63.0\resources\app\out\vs\platform\terminal\node\ptyHostMain.js:14:46415)
    at s.resize (c:\Users\racarla1\Documents\Git\VSCode_Portable\Installation\VSCode-win32-x64-1.63.0\resources\app\out\vs\platform\terminal\node\ptyHostMain.js:17:9524)
    at l.resize (c:\Users\racarla1\Documents\Git\VSCode_Portable\Installation\VSCode-win32-x64-1.63.0\resources\app\out\vs\platform\terminal\node\ptyHostMain.js:17:2736)
    at Object.call (c:\Users\racarla1\Documents\Git\VSCode_Portable\Installation\VSCode-win32-x64-1.63.0\resources\app\out\vs\platform\terminal\node\ptyHostMain.js:13:8419)
    at L.onPromise (c:\Users\racarla1\Documents\Git\VSCode_Portable\Installation\VSCode-win32-x64-1.63.0\resources\app\out\vs\platform\terminal\node\ptyHostMain.js:12:4940)
    at L.onRawMessage (c:\Users\racarla1\Documents\Git\VSCode_Portable\Installation\VSCode-win32-x64-1.63.0\resources\app\out\vs\platform\terminal\node\ptyHostMain.js:12:4299)
    at c:\Users\racarla1\Documents\Git\VSCode_Portable\Installation\VSCode-win32-x64-1.63.0\resources\app\out\vs\platform\terminal\node\ptyHostMain.js:12:3552
    at R.fire (c:\Users\racarla1\Documents\Git\VSCode_Portable\Installation\VSCode-win32-x64-1.63.0\resources\app\out\vs\platform\terminal\node\ptyHostMain.js:8:1712)
    at process.Q (c:\Users\racarla1\Documents\Git\VSCode_Portable\Installation\VSCode-win32-x64-1.63.0\resources\app\out\vs\platform\terminal\node\ptyHostMain.js:6:32597)
    at process.emit (events.js:315:20)
    at emit (internal/child_process.js:903:12)
    at processTicksAndRejections (internal/process/task_queues.js:81:21)
[2021-12-15 12:14:57.290] [renderer1] [error] Bad progress location: platformio-ide.projectTasks: Error: Bad progress location: platformio-ide.projectTasks
    at r.withProgress (vscode-file://vscode-app/c:/Users/racarla1/Documents/Git/VSCode_Portable/Installation/VSCode-win32-x64-1.63.0/resources/app/out/vs/workbench/workbench.desktop.main.js:1720:31725)
    at b.$startProgress (vscode-file://vscode-app/c:/Users/racarla1/Documents/Git/VSCode_Portable/Installation/VSCode-win32-x64-1.63.0/resources/app/out/vs/workbench/workbench.desktop.main.js:1499:29066)
    at u._doInvokeHandler (vscode-file://vscode-app/c:/Users/racarla1/Documents/Git/VSCode_Portable/Installation/VSCode-win32-x64-1.63.0/resources/app/out/vs/workbench/workbench.desktop.main.js:1506:13116)
    at u._invokeHandler (vscode-file://vscode-app/c:/Users/racarla1/Documents/Git/VSCode_Portable/Installation/VSCode-win32-x64-1.63.0/resources/app/out/vs/workbench/workbench.desktop.main.js:1506:12800)
    at u._receiveRequest (vscode-file://vscode-app/c:/Users/racarla1/Documents/Git/VSCode_Portable/Installation/VSCode-win32-x64-1.63.0/resources/app/out/vs/workbench/workbench.desktop.main.js:1506:11462)
    at u._receiveOneMessage (vscode-file://vscode-app/c:/Users/racarla1/Documents/Git/VSCode_Portable/Installation/VSCode-win32-x64-1.63.0/resources/app/out/vs/workbench/workbench.desktop.main.js:1506:10140)
    at vscode-file://vscode-app/c:/Users/racarla1/Documents/Git/VSCode_Portable/Installation/VSCode-win32-x64-1.63.0/resources/app/out/vs/workbench/workbench.desktop.main.js:1506:8236
    at a.fire (vscode-file://vscode-app/c:/Users/racarla1/Documents/Git/VSCode_Portable/Installation/VSCode-win32-x64-1.63.0/resources/app/out/vs/workbench/workbench.desktop.main.js:69:1712)
    at o.fire (vscode-file://vscode-app/c:/Users/racarla1/Documents/Git/VSCode_Portable/Installation/VSCode-win32-x64-1.63.0/resources/app/out/vs/workbench/workbench.desktop.main.js:85:19631)
    at d._receiveMessage (vscode-file://vscode-app/c:/Users/racarla1/Documents/Git/VSCode_Portable/Installation/VSCode-win32-x64-1.63.0/resources/app/out/vs/workbench/workbench.desktop.main.js:85:24212)
    at vscode-file://vscode-app/c:/Users/racarla1/Documents/Git/VSCode_Portable/Installation/VSCode-win32-x64-1.63.0/resources/app/out/vs/workbench/workbench.desktop.main.js:85:21746
    at a.fire (vscode-file://vscode-app/c:/Users/racarla1/Documents/Git/VSCode_Portable/Installation/VSCode-win32-x64-1.63.0/resources/app/out/vs/workbench/workbench.desktop.main.js:69:1712)
    at s.acceptChunk (vscode-file://vscode-app/c:/Users/racarla1/Documents/Git/VSCode_Portable/Installation/VSCode-win32-x64-1.63.0/resources/app/out/vs/workbench/workbench.desktop.main.js:85:16459)
    at vscode-file://vscode-app/c:/Users/racarla1/Documents/Git/VSCode_Portable/Installation/VSCode-win32-x64-1.63.0/resources/app/out/vs/workbench/workbench.desktop.main.js:85:15589
    at Socket.O (vscode-file://vscode-app/c:/Users/racarla1/Documents/Git/VSCode_Portable/Installation/VSCode-win32-x64-1.63.0/resources/app/out/vs/workbench/workbench.desktop.main.js:2984:8477)
    at Socket.emit (events.js:315:20)
    at addChunk (internal/streams/readable.js:309:12)
    at readableAddChunk (internal/streams/readable.js:284:9)
    at Socket.Readable.push (internal/streams/readable.js:223:10)
    at Pipe.onStreamRead (internal/stream_base_commons.js:188:23)
[2021-12-15 12:15:12.643] [renderer1] [error] Bad progress location: platformio-ide.projectTasks: Error: Bad progress location: platformio-ide.projectTasks
    at r.withProgress (vscode-file://vscode-app/c:/Users/racarla1/Documents/Git/VSCode_Portable/Installation/VSCode-win32-x64-1.63.0/resources/app/out/vs/workbench/workbench.desktop.main.js:1720:31725)
    at b.$startProgress (vscode-file://vscode-app/c:/Users/racarla1/Documents/Git/VSCode_Portable/Installation/VSCode-win32-x64-1.63.0/resources/app/out/vs/workbench/workbench.desktop.main.js:1499:29066)
    at u._doInvokeHandler (vscode-file://vscode-app/c:/Users/racarla1/Documents/Git/VSCode_Portable/Installation/VSCode-win32-x64-1.63.0/resources/app/out/vs/workbench/workbench.desktop.main.js:1506:13116)
    at u._invokeHandler (vscode-file://vscode-app/c:/Users/racarla1/Documents/Git/VSCode_Portable/Installation/VSCode-win32-x64-1.63.0/resources/app/out/vs/workbench/workbench.desktop.main.js:1506:12800)
    at u._receiveRequest (vscode-file://vscode-app/c:/Users/racarla1/Documents/Git/VSCode_Portable/Installation/VSCode-win32-x64-1.63.0/resources/app/out/vs/workbench/workbench.desktop.main.js:1506:11462)
    at u._receiveOneMessage (vscode-file://vscode-app/c:/Users/racarla1/Documents/Git/VSCode_Portable/Installation/VSCode-win32-x64-1.63.0/resources/app/out/vs/workbench/workbench.desktop.main.js:1506:10140)
    at vscode-file://vscode-app/c:/Users/racarla1/Documents/Git/VSCode_Portable/Installation/VSCode-win32-x64-1.63.0/resources/app/out/vs/workbench/workbench.desktop.main.js:1506:8236
    at a.fire (vscode-file://vscode-app/c:/Users/racarla1/Documents/Git/VSCode_Portable/Installation/VSCode-win32-x64-1.63.0/resources/app/out/vs/workbench/workbench.desktop.main.js:69:1712)
    at o.fire (vscode-file://vscode-app/c:/Users/racarla1/Documents/Git/VSCode_Portable/Installation/VSCode-win32-x64-1.63.0/resources/app/out/vs/workbench/workbench.desktop.main.js:85:19631)
    at d._receiveMessage (vscode-file://vscode-app/c:/Users/racarla1/Documents/Git/VSCode_Portable/Installation/VSCode-win32-x64-1.63.0/resources/app/out/vs/workbench/workbench.desktop.main.js:85:24212)
    at vscode-file://vscode-app/c:/Users/racarla1/Documents/Git/VSCode_Portable/Installation/VSCode-win32-x64-1.63.0/resources/app/out/vs/workbench/workbench.desktop.main.js:85:21746
    at a.fire (vscode-file://vscode-app/c:/Users/racarla1/Documents/Git/VSCode_Portable/Installation/VSCode-win32-x64-1.63.0/resources/app/out/vs/workbench/workbench.desktop.main.js:69:1712)
    at s.acceptChunk (vscode-file://vscode-app/c:/Users/racarla1/Documents/Git/VSCode_Portable/Installation/VSCode-win32-x64-1.63.0/resources/app/out/vs/workbench/workbench.desktop.main.js:85:16459)
    at vscode-file://vscode-app/c:/Users/racarla1/Documents/Git/VSCode_Portable/Installation/VSCode-win32-x64-1.63.0/resources/app/out/vs/workbench/workbench.desktop.main.js:85:15589
    at Socket.O (vscode-file://vscode-app/c:/Users/racarla1/Documents/Git/VSCode_Portable/Installation/VSCode-win32-x64-1.63.0/resources/app/out/vs/workbench/workbench.desktop.main.js:2984:8477)
    at Socket.emit (events.js:315:20)
    at addChunk (internal/streams/readable.js:309:12)
    at readableAddChunk (internal/streams/readable.js:284:9)
    at Socket.Readable.push (internal/streams/readable.js:223:10)
    at Pipe.onStreamRead (internal/stream_base_commons.js:188:23)
[2021-12-15 12:15:33.097] [renderer1] [error] Bad progress location: platformio-ide.projectTasks: Error: Bad progress location: platformio-ide.projectTasks
    at r.withProgress (vscode-file://vscode-app/c:/Users/racarla1/Documents/Git/VSCode_Portable/Installation/VSCode-win32-x64-1.63.0/resources/app/out/vs/workbench/workbench.desktop.main.js:1720:31725)
    at b.$startProgress (vscode-file://vscode-app/c:/Users/racarla1/Documents/Git/VSCode_Portable/Installation/VSCode-win32-x64-1.63.0/resources/app/out/vs/workbench/workbench.desktop.main.js:1499:29066)
    at u._doInvokeHandler (vscode-file://vscode-app/c:/Users/racarla1/Documents/Git/VSCode_Portable/Installation/VSCode-win32-x64-1.63.0/resources/app/out/vs/workbench/workbench.desktop.main.js:1506:13116)
    at u._invokeHandler (vscode-file://vscode-app/c:/Users/racarla1/Documents/Git/VSCode_Portable/Installation/VSCode-win32-x64-1.63.0/resources/app/out/vs/workbench/workbench.desktop.main.js:1506:12800)
    at u._receiveRequest (vscode-file://vscode-app/c:/Users/racarla1/Documents/Git/VSCode_Portable/Installation/VSCode-win32-x64-1.63.0/resources/app/out/vs/workbench/workbench.desktop.main.js:1506:11462)
    at u._receiveOneMessage (vscode-file://vscode-app/c:/Users/racarla1/Documents/Git/VSCode_Portable/Installation/VSCode-win32-x64-1.63.0/resources/app/out/vs/workbench/workbench.desktop.main.js:1506:10140)
    at vscode-file://vscode-app/c:/Users/racarla1/Documents/Git/VSCode_Portable/Installation/VSCode-win32-x64-1.63.0/resources/app/out/vs/workbench/workbench.desktop.main.js:1506:8236
    at a.fire (vscode-file://vscode-app/c:/Users/racarla1/Documents/Git/VSCode_Portable/Installation/VSCode-win32-x64-1.63.0/resources/app/out/vs/workbench/workbench.desktop.main.js:69:1712)
    at o.fire (vscode-file://vscode-app/c:/Users/racarla1/Documents/Git/VSCode_Portable/Installation/VSCode-win32-x64-1.63.0/resources/app/out/vs/workbench/workbench.desktop.main.js:85:19631)
    at d._receiveMessage (vscode-file://vscode-app/c:/Users/racarla1/Documents/Git/VSCode_Portable/Installation/VSCode-win32-x64-1.63.0/resources/app/out/vs/workbench/workbench.desktop.main.js:85:24212)
    at vscode-file://vscode-app/c:/Users/racarla1/Documents/Git/VSCode_Portable/Installation/VSCode-win32-x64-1.63.0/resources/app/out/vs/workbench/workbench.desktop.main.js:85:21746
    at a.fire (vscode-file://vscode-app/c:/Users/racarla1/Documents/Git/VSCode_Portable/Installation/VSCode-win32-x64-1.63.0/resources/app/out/vs/workbench/workbench.desktop.main.js:69:1712)
    at s.acceptChunk (vscode-file://vscode-app/c:/Users/racarla1/Documents/Git/VSCode_Portable/Installation/VSCode-win32-x64-1.63.0/resources/app/out/vs/workbench/workbench.desktop.main.js:85:16459)
    at vscode-file://vscode-app/c:/Users/racarla1/Documents/Git/VSCode_Portable/Installation/VSCode-win32-x64-1.63.0/resources/app/out/vs/workbench/workbench.desktop.main.js:85:15589
    at Socket.O (vscode-file://vscode-app/c:/Users/racarla1/Documents/Git/VSCode_Portable/Installation/VSCode-win32-x64-1.63.0/resources/app/out/vs/workbench/workbench.desktop.main.js:2984:8477)
    at Socket.emit (events.js:315:20)
    at addChunk (internal/streams/readable.js:309:12)
    at readableAddChunk (internal/streams/readable.js:284:9)
    at Socket.Readable.push (internal/streams/readable.js:223:10)
    at Pipe.onStreamRead (internal/stream_base_commons.js:188:23)
[2021-12-15 12:16:05.729] [renderer1] [error] Bad progress location: platformio-ide.projectTasks: Error: Bad progress location: platformio-ide.projectTasks
    at r.withProgress (vscode-file://vscode-app/c:/Users/racarla1/Documents/Git/VSCode_Portable/Installation/VSCode-win32-x64-1.63.0/resources/app/out/vs/workbench/workbench.desktop.main.js:1720:31725)
    at b.$startProgress (vscode-file://vscode-app/c:/Users/racarla1/Documents/Git/VSCode_Portable/Installation/VSCode-win32-x64-1.63.0/resources/app/out/vs/workbench/workbench.desktop.main.js:1499:29066)
    at u._doInvokeHandler (vscode-file://vscode-app/c:/Users/racarla1/Documents/Git/VSCode_Portable/Installation/VSCode-win32-x64-1.63.0/resources/app/out/vs/workbench/workbench.desktop.main.js:1506:13116)
    at u._invokeHandler (vscode-file://vscode-app/c:/Users/racarla1/Documents/Git/VSCode_Portable/Installation/VSCode-win32-x64-1.63.0/resources/app/out/vs/workbench/workbench.desktop.main.js:1506:12800)
    at u._receiveRequest (vscode-file://vscode-app/c:/Users/racarla1/Documents/Git/VSCode_Portable/Installation/VSCode-win32-x64-1.63.0/resources/app/out/vs/workbench/workbench.desktop.main.js:1506:11462)
    at u._receiveOneMessage (vscode-file://vscode-app/c:/Users/racarla1/Documents/Git/VSCode_Portable/Installation/VSCode-win32-x64-1.63.0/resources/app/out/vs/workbench/workbench.desktop.main.js:1506:10140)
    at vscode-file://vscode-app/c:/Users/racarla1/Documents/Git/VSCode_Portable/Installation/VSCode-win32-x64-1.63.0/resources/app/out/vs/workbench/workbench.desktop.main.js:1506:8236
    at a.fire (vscode-file://vscode-app/c:/Users/racarla1/Documents/Git/VSCode_Portable/Installation/VSCode-win32-x64-1.63.0/resources/app/out/vs/workbench/workbench.desktop.main.js:69:1712)
    at o.fire (vscode-file://vscode-app/c:/Users/racarla1/Documents/Git/VSCode_Portable/Installation/VSCode-win32-x64-1.63.0/resources/app/out/vs/workbench/workbench.desktop.main.js:85:19631)
    at d._receiveMessage (vscode-file://vscode-app/c:/Users/racarla1/Documents/Git/VSCode_Portable/Installation/VSCode-win32-x64-1.63.0/resources/app/out/vs/workbench/workbench.desktop.main.js:85:24212)
    at vscode-file://vscode-app/c:/Users/racarla1/Documents/Git/VSCode_Portable/Installation/VSCode-win32-x64-1.63.0/resources/app/out/vs/workbench/workbench.desktop.main.js:85:21746
    at a.fire (vscode-file://vscode-app/c:/Users/racarla1/Documents/Git/VSCode_Portable/Installation/VSCode-win32-x64-1.63.0/resources/app/out/vs/workbench/workbench.desktop.main.js:69:1712)
    at s.acceptChunk (vscode-file://vscode-app/c:/Users/racarla1/Documents/Git/VSCode_Portable/Installation/VSCode-win32-x64-1.63.0/resources/app/out/vs/workbench/workbench.desktop.main.js:85:16459)
    at vscode-file://vscode-app/c:/Users/racarla1/Documents/Git/VSCode_Portable/Installation/VSCode-win32-x64-1.63.0/resources/app/out/vs/workbench/workbench.desktop.main.js:85:15589
    at Socket.O (vscode-file://vscode-app/c:/Users/racarla1/Documents/Git/VSCode_Portable/Installation/VSCode-win32-x64-1.63.0/resources/app/out/vs/workbench/workbench.desktop.main.js:2984:8477)
    at Socket.emit (events.js:315:20)
    at addChunk (internal/streams/readable.js:309:12)
    at readableAddChunk (internal/streams/readable.js:284:9)
    at Socket.Readable.push (internal/streams/readable.js:223:10)
    at Pipe.onStreamRead (internal/stream_base_commons.js:188:23)
[2021-12-15 12:35:39.649] [renderer1] [error] [Extension Host] (node:14828) [DEP0005] DeprecationWarning: Buffer() is deprecated due to security and usability issues. Please use the Buffer.alloc(), Buffer.allocUnsafe(), or Buffer.from() methods instead.
(Use `Code --trace-deprecation ...` to show where the warning was created)
[2021-12-15 12:35:41.569] [renderer1] [error] Bad progress location: platformio-ide.projectTasks: Error: Bad progress location: platformio-ide.projectTasks
    at r.withProgress (vscode-file://vscode-app/c:/Users/racarla1/Documents/Git/VSCode_Portable/Installation/VSCode-win32-x64-1.63.0/resources/app/out/vs/workbench/workbench.desktop.main.js:1720:31725)
    at b.$startProgress (vscode-file://vscode-app/c:/Users/racarla1/Documents/Git/VSCode_Portable/Installation/VSCode-win32-x64-1.63.0/resources/app/out/vs/workbench/workbench.desktop.main.js:1499:29066)
    at u._doInvokeHandler (vscode-file://vscode-app/c:/Users/racarla1/Documents/Git/VSCode_Portable/Installation/VSCode-win32-x64-1.63.0/resources/app/out/vs/workbench/workbench.desktop.main.js:1506:13116)
    at u._invokeHandler (vscode-file://vscode-app/c:/Users/racarla1/Documents/Git/VSCode_Portable/Installation/VSCode-win32-x64-1.63.0/resources/app/out/vs/workbench/workbench.desktop.main.js:1506:12800)
    at u._receiveRequest (vscode-file://vscode-app/c:/Users/racarla1/Documents/Git/VSCode_Portable/Installation/VSCode-win32-x64-1.63.0/resources/app/out/vs/workbench/workbench.desktop.main.js:1506:11462)
    at u._receiveOneMessage (vscode-file://vscode-app/c:/Users/racarla1/Documents/Git/VSCode_Portable/Installation/VSCode-win32-x64-1.63.0/resources/app/out/vs/workbench/workbench.desktop.main.js:1506:10140)
    at vscode-file://vscode-app/c:/Users/racarla1/Documents/Git/VSCode_Portable/Installation/VSCode-win32-x64-1.63.0/resources/app/out/vs/workbench/workbench.desktop.main.js:1506:8236
    at a.fire (vscode-file://vscode-app/c:/Users/racarla1/Documents/Git/VSCode_Portable/Installation/VSCode-win32-x64-1.63.0/resources/app/out/vs/workbench/workbench.desktop.main.js:69:1712)
    at o.fire (vscode-file://vscode-app/c:/Users/racarla1/Documents/Git/VSCode_Portable/Installation/VSCode-win32-x64-1.63.0/resources/app/out/vs/workbench/workbench.desktop.main.js:85:19631)
    at d._receiveMessage (vscode-file://vscode-app/c:/Users/racarla1/Documents/Git/VSCode_Portable/Installation/VSCode-win32-x64-1.63.0/resources/app/out/vs/workbench/workbench.desktop.main.js:85:24212)
    at vscode-file://vscode-app/c:/Users/racarla1/Documents/Git/VSCode_Portable/Installation/VSCode-win32-x64-1.63.0/resources/app/out/vs/workbench/workbench.desktop.main.js:85:21746
    at a.fire (vscode-file://vscode-app/c:/Users/racarla1/Documents/Git/VSCode_Portable/Installation/VSCode-win32-x64-1.63.0/resources/app/out/vs/workbench/workbench.desktop.main.js:69:1712)
    at s.acceptChunk (vscode-file://vscode-app/c:/Users/racarla1/Documents/Git/VSCode_Portable/Installation/VSCode-win32-x64-1.63.0/resources/app/out/vs/workbench/workbench.desktop.main.js:85:16459)
    at vscode-file://vscode-app/c:/Users/racarla1/Documents/Git/VSCode_Portable/Installation/VSCode-win32-x64-1.63.0/resources/app/out/vs/workbench/workbench.desktop.main.js:85:15589
    at Socket.O (vscode-file://vscode-app/c:/Users/racarla1/Documents/Git/VSCode_Portable/Installation/VSCode-win32-x64-1.63.0/resources/app/out/vs/workbench/workbench.desktop.main.js:2984:8477)
    at Socket.emit (events.js:315:20)
    at addChunk (internal/streams/readable.js:309:12)
    at readableAddChunk (internal/streams/readable.js:284:9)
    at Socket.Readable.push (internal/streams/readable.js:223:10)
    at Pipe.onStreamRead (internal/stream_base_commons.js:188:23)
[2021-12-15 12:36:04.327] [renderer1] [error] Bad progress location: platformio-ide.projectTasks: Error: Bad progress location: platformio-ide.projectTasks
    at r.withProgress (vscode-file://vscode-app/c:/Users/racarla1/Documents/Git/VSCode_Portable/Installation/VSCode-win32-x64-1.63.0/resources/app/out/vs/workbench/workbench.desktop.main.js:1720:31725)
    at b.$startProgress (vscode-file://vscode-app/c:/Users/racarla1/Documents/Git/VSCode_Portable/Installation/VSCode-win32-x64-1.63.0/resources/app/out/vs/workbench/workbench.desktop.main.js:1499:29066)
    at u._doInvokeHandler (vscode-file://vscode-app/c:/Users/racarla1/Documents/Git/VSCode_Portable/Installation/VSCode-win32-x64-1.63.0/resources/app/out/vs/workbench/workbench.desktop.main.js:1506:13116)
    at u._invokeHandler (vscode-file://vscode-app/c:/Users/racarla1/Documents/Git/VSCode_Portable/Installation/VSCode-win32-x64-1.63.0/resources/app/out/vs/workbench/workbench.desktop.main.js:1506:12800)
    at u._receiveRequest (vscode-file://vscode-app/c:/Users/racarla1/Documents/Git/VSCode_Portable/Installation/VSCode-win32-x64-1.63.0/resources/app/out/vs/workbench/workbench.desktop.main.js:1506:11462)
    at u._receiveOneMessage (vscode-file://vscode-app/c:/Users/racarla1/Documents/Git/VSCode_Portable/Installation/VSCode-win32-x64-1.63.0/resources/app/out/vs/workbench/workbench.desktop.main.js:1506:10140)
    at vscode-file://vscode-app/c:/Users/racarla1/Documents/Git/VSCode_Portable/Installation/VSCode-win32-x64-1.63.0/resources/app/out/vs/workbench/workbench.desktop.main.js:1506:8236
    at a.fire (vscode-file://vscode-app/c:/Users/racarla1/Documents/Git/VSCode_Portable/Installation/VSCode-win32-x64-1.63.0/resources/app/out/vs/workbench/workbench.desktop.main.js:69:1712)
    at o.fire (vscode-file://vscode-app/c:/Users/racarla1/Documents/Git/VSCode_Portable/Installation/VSCode-win32-x64-1.63.0/resources/app/out/vs/workbench/workbench.desktop.main.js:85:19631)
    at d._receiveMessage (vscode-file://vscode-app/c:/Users/racarla1/Documents/Git/VSCode_Portable/Installation/VSCode-win32-x64-1.63.0/resources/app/out/vs/workbench/workbench.desktop.main.js:85:24212)
    at vscode-file://vscode-app/c:/Users/racarla1/Documents/Git/VSCode_Portable/Installation/VSCode-win32-x64-1.63.0/resources/app/out/vs/workbench/workbench.desktop.main.js:85:21746
    at a.fire (vscode-file://vscode-app/c:/Users/racarla1/Documents/Git/VSCode_Portable/Installation/VSCode-win32-x64-1.63.0/resources/app/out/vs/workbench/workbench.desktop.main.js:69:1712)
    at s.acceptChunk (vscode-file://vscode-app/c:/Users/racarla1/Documents/Git/VSCode_Portable/Installation/VSCode-win32-x64-1.63.0/resources/app/out/vs/workbench/workbench.desktop.main.js:85:16459)
    at vscode-file://vscode-app/c:/Users/racarla1/Documents/Git/VSCode_Portable/Installation/VSCode-win32-x64-1.63.0/resources/app/out/vs/workbench/workbench.desktop.main.js:85:15589
    at Socket.O (vscode-file://vscode-app/c:/Users/racarla1/Documents/Git/VSCode_Portable/Installation/VSCode-win32-x64-1.63.0/resources/app/out/vs/workbench/workbench.desktop.main.js:2984:8477)
    at Socket.emit (events.js:315:20)
    at addChunk (internal/streams/readable.js:309:12)
    at readableAddChunk (internal/streams/readable.js:284:9)
    at Socket.Readable.push (internal/streams/readable.js:223:10)
    at Pipe.onStreamRead (internal/stream_base_commons.js:188:23)
[2021-12-15 12:36:13.998] [renderer1] [error] Bad progress location: platformio-ide.projectTasks: Error: Bad progress location: platformio-ide.projectTasks
    at r.withProgress (vscode-file://vscode-app/c:/Users/racarla1/Documents/Git/VSCode_Portable/Installation/VSCode-win32-x64-1.63.0/resources/app/out/vs/workbench/workbench.desktop.main.js:1720:31725)
    at b.$startProgress (vscode-file://vscode-app/c:/Users/racarla1/Documents/Git/VSCode_Portable/Installation/VSCode-win32-x64-1.63.0/resources/app/out/vs/workbench/workbench.desktop.main.js:1499:29066)
    at u._doInvokeHandler (vscode-file://vscode-app/c:/Users/racarla1/Documents/Git/VSCode_Portable/Installation/VSCode-win32-x64-1.63.0/resources/app/out/vs/workbench/workbench.desktop.main.js:1506:13116)
    at u._invokeHandler (vscode-file://vscode-app/c:/Users/racarla1/Documents/Git/VSCode_Portable/Installation/VSCode-win32-x64-1.63.0/resources/app/out/vs/workbench/workbench.desktop.main.js:1506:12800)
    at u._receiveRequest (vscode-file://vscode-app/c:/Users/racarla1/Documents/Git/VSCode_Portable/Installation/VSCode-win32-x64-1.63.0/resources/app/out/vs/workbench/workbench.desktop.main.js:1506:11462)
    at u._receiveOneMessage (vscode-file://vscode-app/c:/Users/racarla1/Documents/Git/VSCode_Portable/Installation/VSCode-win32-x64-1.63.0/resources/app/out/vs/workbench/workbench.desktop.main.js:1506:10140)
    at vscode-file://vscode-app/c:/Users/racarla1/Documents/Git/VSCode_Portable/Installation/VSCode-win32-x64-1.63.0/resources/app/out/vs/workbench/workbench.desktop.main.js:1506:8236
    at a.fire (vscode-file://vscode-app/c:/Users/racarla1/Documents/Git/VSCode_Portable/Installation/VSCode-win32-x64-1.63.0/resources/app/out/vs/workbench/workbench.desktop.main.js:69:1712)
    at o.fire (vscode-file://vscode-app/c:/Users/racarla1/Documents/Git/VSCode_Portable/Installation/VSCode-win32-x64-1.63.0/resources/app/out/vs/workbench/workbench.desktop.main.js:85:19631)
    at d._receiveMessage (vscode-file://vscode-app/c:/Users/racarla1/Documents/Git/VSCode_Portable/Installation/VSCode-win32-x64-1.63.0/resources/app/out/vs/workbench/workbench.desktop.main.js:85:24212)
    at vscode-file://vscode-app/c:/Users/racarla1/Documents/Git/VSCode_Portable/Installation/VSCode-win32-x64-1.63.0/resources/app/out/vs/workbench/workbench.desktop.main.js:85:21746
    at a.fire (vscode-file://vscode-app/c:/Users/racarla1/Documents/Git/VSCode_Portable/Installation/VSCode-win32-x64-1.63.0/resources/app/out/vs/workbench/workbench.desktop.main.js:69:1712)
    at s.acceptChunk (vscode-file://vscode-app/c:/Users/racarla1/Documents/Git/VSCode_Portable/Installation/VSCode-win32-x64-1.63.0/resources/app/out/vs/workbench/workbench.desktop.main.js:85:16459)
    at vscode-file://vscode-app/c:/Users/racarla1/Documents/Git/VSCode_Portable/Installation/VSCode-win32-x64-1.63.0/resources/app/out/vs/workbench/workbench.desktop.main.js:85:15589
    at Socket.O (vscode-file://vscode-app/c:/Users/racarla1/Documents/Git/VSCode_Portable/Installation/VSCode-win32-x64-1.63.0/resources/app/out/vs/workbench/workbench.desktop.main.js:2984:8477)
    at Socket.emit (events.js:315:20)
    at addChunk (internal/streams/readable.js:309:12)
    at readableAddChunk (internal/streams/readable.js:284:9)
    at Socket.Readable.push (internal/streams/readable.js:223:10)
    at Pipe.onStreamRead (internal/stream_base_commons.js:188:23)
[2021-12-15 12:36:42.338] [renderer1] [error] Bad progress location: platformio-ide.projectTasks: Error: Bad progress location: platformio-ide.projectTasks
    at r.withProgress (vscode-file://vscode-app/c:/Users/racarla1/Documents/Git/VSCode_Portable/Installation/VSCode-win32-x64-1.63.0/resources/app/out/vs/workbench/workbench.desktop.main.js:1720:31725)
    at b.$startProgress (vscode-file://vscode-app/c:/Users/racarla1/Documents/Git/VSCode_Portable/Installation/VSCode-win32-x64-1.63.0/resources/app/out/vs/workbench/workbench.desktop.main.js:1499:29066)
    at u._doInvokeHandler (vscode-file://vscode-app/c:/Users/racarla1/Documents/Git/VSCode_Portable/Installation/VSCode-win32-x64-1.63.0/resources/app/out/vs/workbench/workbench.desktop.main.js:1506:13116)
    at u._invokeHandler (vscode-file://vscode-app/c:/Users/racarla1/Documents/Git/VSCode_Portable/Installation/VSCode-win32-x64-1.63.0/resources/app/out/vs/workbench/workbench.desktop.main.js:1506:12800)
    at u._receiveRequest (vscode-file://vscode-app/c:/Users/racarla1/Documents/Git/VSCode_Portable/Installation/VSCode-win32-x64-1.63.0/resources/app/out/vs/workbench/workbench.desktop.main.js:1506:11462)
    at u._receiveOneMessage (vscode-file://vscode-app/c:/Users/racarla1/Documents/Git/VSCode_Portable/Installation/VSCode-win32-x64-1.63.0/resources/app/out/vs/workbench/workbench.desktop.main.js:1506:10140)
    at vscode-file://vscode-app/c:/Users/racarla1/Documents/Git/VSCode_Portable/Installation/VSCode-win32-x64-1.63.0/resources/app/out/vs/workbench/workbench.desktop.main.js:1506:8236
    at a.fire (vscode-file://vscode-app/c:/Users/racarla1/Documents/Git/VSCode_Portable/Installation/VSCode-win32-x64-1.63.0/resources/app/out/vs/workbench/workbench.desktop.main.js:69:1712)
    at o.fire (vscode-file://vscode-app/c:/Users/racarla1/Documents/Git/VSCode_Portable/Installation/VSCode-win32-x64-1.63.0/resources/app/out/vs/workbench/workbench.desktop.main.js:85:19631)
    at d._receiveMessage (vscode-file://vscode-app/c:/Users/racarla1/Documents/Git/VSCode_Portable/Installation/VSCode-win32-x64-1.63.0/resources/app/out/vs/workbench/workbench.desktop.main.js:85:24212)
    at vscode-file://vscode-app/c:/Users/racarla1/Documents/Git/VSCode_Portable/Installation/VSCode-win32-x64-1.63.0/resources/app/out/vs/workbench/workbench.desktop.main.js:85:21746
    at a.fire (vscode-file://vscode-app/c:/Users/racarla1/Documents/Git/VSCode_Portable/Installation/VSCode-win32-x64-1.63.0/resources/app/out/vs/workbench/workbench.desktop.main.js:69:1712)
    at s.acceptChunk (vscode-file://vscode-app/c:/Users/racarla1/Documents/Git/VSCode_Portable/Installation/VSCode-win32-x64-1.63.0/resources/app/out/vs/workbench/workbench.desktop.main.js:85:16459)
    at vscode-file://vscode-app/c:/Users/racarla1/Documents/Git/VSCode_Portable/Installation/VSCode-win32-x64-1.63.0/resources/app/out/vs/workbench/workbench.desktop.main.js:85:15589
    at Socket.O (vscode-file://vscode-app/c:/Users/racarla1/Documents/Git/VSCode_Portable/Installation/VSCode-win32-x64-1.63.0/resources/app/out/vs/workbench/workbench.desktop.main.js:2984:8477)
    at Socket.emit (events.js:315:20)
    at addChunk (internal/streams/readable.js:309:12)
    at readableAddChunk (internal/streams/readable.js:284:9)
    at Socket.Readable.push (internal/streams/readable.js:223:10)
    at Pipe.onStreamRead (internal/stream_base_commons.js:188:23)
[2021-12-15 14:28:26.163] [renderer1] [error] [Extension Host] (node:14660) [DEP0005] DeprecationWarning: Buffer() is deprecated due to security and usability issues. Please use the Buffer.alloc(), Buffer.allocUnsafe(), or Buffer.from() methods instead.
(Use `Code --trace-deprecation ...` to show where the warning was created)
[2021-12-15 14:28:28.628] [renderer1] [error] Bad progress location: platformio-ide.projectTasks: Error: Bad progress location: platformio-ide.projectTasks
    at r.withProgress (vscode-file://vscode-app/c:/Users/racarla1/Documents/Git/VSCode_Portable/Installation/VSCode-win32-x64-1.63.0/resources/app/out/vs/workbench/workbench.desktop.main.js:1720:31725)
    at b.$startProgress (vscode-file://vscode-app/c:/Users/racarla1/Documents/Git/VSCode_Portable/Installation/VSCode-win32-x64-1.63.0/resources/app/out/vs/workbench/workbench.desktop.main.js:1499:29066)
    at u._doInvokeHandler (vscode-file://vscode-app/c:/Users/racarla1/Documents/Git/VSCode_Portable/Installation/VSCode-win32-x64-1.63.0/resources/app/out/vs/workbench/workbench.desktop.main.js:1506:13116)
    at u._invokeHandler (vscode-file://vscode-app/c:/Users/racarla1/Documents/Git/VSCode_Portable/Installation/VSCode-win32-x64-1.63.0/resources/app/out/vs/workbench/workbench.desktop.main.js:1506:12800)
    at u._receiveRequest (vscode-file://vscode-app/c:/Users/racarla1/Documents/Git/VSCode_Portable/Installation/VSCode-win32-x64-1.63.0/resources/app/out/vs/workbench/workbench.desktop.main.js:1506:11462)
    at u._receiveOneMessage (vscode-file://vscode-app/c:/Users/racarla1/Documents/Git/VSCode_Portable/Installation/VSCode-win32-x64-1.63.0/resources/app/out/vs/workbench/workbench.desktop.main.js:1506:10140)
    at vscode-file://vscode-app/c:/Users/racarla1/Documents/Git/VSCode_Portable/Installation/VSCode-win32-x64-1.63.0/resources/app/out/vs/workbench/workbench.desktop.main.js:1506:8236
    at a.fire (vscode-file://vscode-app/c:/Users/racarla1/Documents/Git/VSCode_Portable/Installation/VSCode-win32-x64-1.63.0/resources/app/out/vs/workbench/workbench.desktop.main.js:69:1712)
    at o.fire (vscode-file://vscode-app/c:/Users/racarla1/Documents/Git/VSCode_Portable/Installation/VSCode-win32-x64-1.63.0/resources/app/out/vs/workbench/workbench.desktop.main.js:85:19631)
    at d._receiveMessage (vscode-file://vscode-app/c:/Users/racarla1/Documents/Git/VSCode_Portable/Installation/VSCode-win32-x64-1.63.0/resources/app/out/vs/workbench/workbench.desktop.main.js:85:24212)
    at vscode-file://vscode-app/c:/Users/racarla1/Documents/Git/VSCode_Portable/Installation/VSCode-win32-x64-1.63.0/resources/app/out/vs/workbench/workbench.desktop.main.js:85:21746
    at a.fire (vscode-file://vscode-app/c:/Users/racarla1/Documents/Git/VSCode_Portable/Installation/VSCode-win32-x64-1.63.0/resources/app/out/vs/workbench/workbench.desktop.main.js:69:1712)
    at s.acceptChunk (vscode-file://vscode-app/c:/Users/racarla1/Documents/Git/VSCode_Portable/Installation/VSCode-win32-x64-1.63.0/resources/app/out/vs/workbench/workbench.desktop.main.js:85:16459)
    at vscode-file://vscode-app/c:/Users/racarla1/Documents/Git/VSCode_Portable/Installation/VSCode-win32-x64-1.63.0/resources/app/out/vs/workbench/workbench.desktop.main.js:85:15589
    at Socket.O (vscode-file://vscode-app/c:/Users/racarla1/Documents/Git/VSCode_Portable/Installation/VSCode-win32-x64-1.63.0/resources/app/out/vs/workbench/workbench.desktop.main.js:2984:8477)
    at Socket.emit (events.js:315:20)
    at addChunk (internal/streams/readable.js:309:12)
    at readableAddChunk (internal/streams/readable.js:284:9)
    at Socket.Readable.push (internal/streams/readable.js:223:10)
    at Pipe.onStreamRead (internal/stream_base_commons.js:188:23)
