[2021-12-08 22:36:53.511] [renderer1] [info] Starting extension host with pid 7800.
[2021-12-08 22:36:53.512] [renderer1] [info] [LocalProcessExtensionHost]: IExtensionHostStarter.start() took 28 ms.
[2021-12-08 22:36:54.361] [renderer1] [error] [Extension Host] (node:7800) [DEP0005] DeprecationWarning: Buffer() is deprecated due to security and usability issues. Please use the Buffer.alloc(), Buffer.allocUnsafe(), or Buffer.from() methods instead.
(Use `Code --trace-deprecation ...` to show where the warning was created)
[2021-12-08 22:37:00.500] [renderer1] [info] Enabling inspect port on extension host with pid 7800.
[2021-12-08 22:37:01.811] [renderer1] [warning] UNRESPONSIVE extension host, 'platformio.platformio-ide' took 80% of 771.081ms, saved PROFILE here: 'file:///c%3A/Users/Racarla/AppData/Local/Temp/exthost-a9abd2.cpuprofile' [{"id":"gc","total":550,"percentage":0},{"id":"ms-vscode.cpptools","total":94944,"percentage":12},{"id":"platformio.platformio-ide","total":620075,"percentage":80},{"id":"program","total":1412,"percentage":0},{"id":"self","total":43463,"percentage":6},{"id":"vscode.json-language-features","total":10306,"percentage":1},{"id":"vscode.npm","total":109,"percentage":0}]
[2021-12-08 22:37:04.066] [renderer1] [error] Bad progress location: platformio-ide.projectTasks: Error: Bad progress location: platformio-ide.projectTasks
    at s.withProgress (vscode-file://vscode-app/c:/Users/Racarla/Documents/Git/VSCode_Portable/VSCode-win32-x64-1.62.3/resources/app/out/vs/workbench/workbench.desktop.main.js:1734:1049)
    at C.$startProgress (vscode-file://vscode-app/c:/Users/Racarla/Documents/Git/VSCode_Portable/VSCode-win32-x64-1.62.3/resources/app/out/vs/workbench/workbench.desktop.main.js:1518:29160)
    at f._doInvokeHandler (vscode-file://vscode-app/c:/Users/Racarla/Documents/Git/VSCode_Portable/VSCode-win32-x64-1.62.3/resources/app/out/vs/workbench/workbench.desktop.main.js:1525:13095)
    at f._invokeHandler (vscode-file://vscode-app/c:/Users/Racarla/Documents/Git/VSCode_Portable/VSCode-win32-x64-1.62.3/resources/app/out/vs/workbench/workbench.desktop.main.js:1525:12779)
    at f._receiveRequest (vscode-file://vscode-app/c:/Users/Racarla/Documents/Git/VSCode_Portable/VSCode-win32-x64-1.62.3/resources/app/out/vs/workbench/workbench.desktop.main.js:1525:11441)
    at f._receiveOneMessage (vscode-file://vscode-app/c:/Users/Racarla/Documents/Git/VSCode_Portable/VSCode-win32-x64-1.62.3/resources/app/out/vs/workbench/workbench.desktop.main.js:1525:10119)
    at vscode-file://vscode-app/c:/Users/Racarla/Documents/Git/VSCode_Portable/VSCode-win32-x64-1.62.3/resources/app/out/vs/workbench/workbench.desktop.main.js:1525:8215
    at l.fire (vscode-file://vscode-app/c:/Users/Racarla/Documents/Git/VSCode_Portable/VSCode-win32-x64-1.62.3/resources/app/out/vs/workbench/workbench.desktop.main.js:69:1712)
    at o.fire (vscode-file://vscode-app/c:/Users/Racarla/Documents/Git/VSCode_Portable/VSCode-win32-x64-1.62.3/resources/app/out/vs/workbench/workbench.desktop.main.js:85:16680)
    at d._receiveMessage (vscode-file://vscode-app/c:/Users/Racarla/Documents/Git/VSCode_Portable/VSCode-win32-x64-1.62.3/resources/app/out/vs/workbench/workbench.desktop.main.js:85:21950)
    at vscode-file://vscode-app/c:/Users/Racarla/Documents/Git/VSCode_Portable/VSCode-win32-x64-1.62.3/resources/app/out/vs/workbench/workbench.desktop.main.js:85:18828
    at l.fire (vscode-file://vscode-app/c:/Users/Racarla/Documents/Git/VSCode_Portable/VSCode-win32-x64-1.62.3/resources/app/out/vs/workbench/workbench.desktop.main.js:69:1712)
    at m.acceptChunk (vscode-file://vscode-app/c:/Users/Racarla/Documents/Git/VSCode_Portable/VSCode-win32-x64-1.62.3/resources/app/out/vs/workbench/workbench.desktop.main.js:85:14041)
    at vscode-file://vscode-app/c:/Users/Racarla/Documents/Git/VSCode_Portable/VSCode-win32-x64-1.62.3/resources/app/out/vs/workbench/workbench.desktop.main.js:85:13389
    at Socket.k (vscode-file://vscode-app/c:/Users/Racarla/Documents/Git/VSCode_Portable/VSCode-win32-x64-1.62.3/resources/app/out/vs/workbench/workbench.desktop.main.js:2967:47116)
    at Socket.emit (events.js:315:20)
    at addChunk (internal/streams/readable.js:309:12)
    at readableAddChunk (internal/streams/readable.js:284:9)
    at Socket.Readable.push (internal/streams/readable.js:223:10)
    at Pipe.onStreamRead (internal/stream_base_commons.js:188:23)
[2021-12-08 22:37:24.812] [renderer1] [info] Starting extension host with pid 17052.
[2021-12-08 22:37:24.813] [renderer1] [info] [LocalProcessExtensionHost]: IExtensionHostStarter.start() took 26 ms.
[2021-12-08 22:37:25.393] [renderer1] [error] [Extension Host] (node:17052) [DEP0005] DeprecationWarning: Buffer() is deprecated due to security and usability issues. Please use the Buffer.alloc(), Buffer.allocUnsafe(), or Buffer.from() methods instead.
(Use `Code --trace-deprecation ...` to show where the warning was created)
[2021-12-08 22:37:40.562] [renderer1] [warning] Settings pattern "keyboard.*" doesn't match any settings
[2021-12-08 22:42:52.447] [renderer1] [warning] Settings pattern "keyboard.*" doesn't match any settings
[2021-12-08 22:45:13.764] [renderer1] [warning] Settings pattern "keyboard.*" doesn't match any settings
[2021-12-08 22:46:06.809] [renderer1] [warning] Settings pattern "keyboard.*" doesn't match any settings
[2021-12-08 22:46:23.101] [renderer1] [warning] Settings pattern "keyboard.*" doesn't match any settings
[2021-12-08 22:47:15.091] [renderer1] [warning] Settings pattern "keyboard.*" doesn't match any settings
