La validación encontró Git en: C:\Program Files\Git\cmd\git.exe
Usando GIT 2.29.2.windows.3 desde C:\Program Files\Git\cmd\git.exe
> git rev-parse --git-dir
Open repository: c:\Users\racarla1\Documents\Git\VSCode_Portable
> git status -z -u
> git show --textconv :Projects/ESP32_FreeRTOS_Robot/src/SLHRobot.h
> git ls-files --stage -- C:\Users\racarla1\Documents\Git\VSCode_Portable\Projects\ESP32_FreeRTOS_Robot\src\SLHRobot.h
> git check-ignore -v -z --stdin
> git check-ignore -v -z --stdin
> git check-ignore -v -z --stdin
> git show --textconv :Projects/ESP32_FreeRTOS_Robot/src/AbstractDCMotorPlant.h
> git ls-files --stage -- C:\Users\racarla1\Documents\Git\VSCode_Portable\Projects\ESP32_FreeRTOS_Robot\src\AbstractDCMotorPlant.h
> git show --textconv :Projects/ESP32_FreeRTOS_Robot/lib/Robot_Library/include/AbstractDCMotorPlant.h
> git ls-files --stage -- C:\Users\racarla1\Documents\Git\VSCode_Portable\Projects\ESP32_FreeRTOS_Robot\lib\Robot_Library\include\AbstractDCMotorPlant.h
> git check-ignore -v -z --stdin
> git show --textconv :Projects/ESP32_FreeRTOS_Robot/lib/Robot_Library/library.json
> git ls-files --stage -- C:\Users\racarla1\Documents\Git\VSCode_Portable\Projects\ESP32_FreeRTOS_Robot\lib\Robot_Library\library.json
> git check-ignore -v -z --stdin
> git show --textconv :Projects/ESP32_FreeRTOS_Robot/lib/Robot_Library/include/AbstractDCMotorPlant.h
> git ls-files --stage -- C:\Users\racarla1\Documents\Git\VSCode_Portable\Projects\ESP32_FreeRTOS_Robot\lib\Robot_Library\include\AbstractDCMotorPlant.h
> git show --textconv :Projects/ESP32_FreeRTOS_Robot/lib/Robot_Library/include/SLHRobot.h
> git ls-files --stage -- C:\Users\racarla1\Documents\Git\VSCode_Portable\Projects\ESP32_FreeRTOS_Robot\lib\Robot_Library\include\SLHRobot.h
> git show --textconv :Projects/ESP32_FreeRTOS_Robot/src/main.cpp
> git ls-files --stage -- C:\Users\racarla1\Documents\Git\VSCode_Portable\Projects\ESP32_FreeRTOS_Robot\src\main.cpp
> git show --textconv :Projects/ESP32_FreeRTOS_Robot/lib/Robot_Library/include/AbstractDCMotorPlant.h
> git ls-files --stage -- C:\Users\racarla1\Documents\Git\VSCode_Portable\Projects\ESP32_FreeRTOS_Robot\lib\Robot_Library\include\AbstractDCMotorPlant.h
> git show --textconv :Projects/ESP32_FreeRTOS_Robot/lib/Robot_Library/include/SLHRobot.h
> git ls-files --stage -- C:\Users\racarla1\Documents\Git\VSCode_Portable\Projects\ESP32_FreeRTOS_Robot\lib\Robot_Library\include\SLHRobot.h
> git show --textconv :Projects/ESP32_FreeRTOS_Robot/src/SLHRobot.h
> git ls-files --stage -- C:\Users\racarla1\Documents\Git\VSCode_Portable\Projects\ESP32_FreeRTOS_Robot\src\SLHRobot.h
> git show --textconv :Projects/ESP32_FreeRTOS_Robot/src/main.cpp
> git ls-files --stage -- C:\Users\racarla1\Documents\Git\VSCode_Portable\Projects\ESP32_FreeRTOS_Robot\src\main.cpp
> git show --textconv :Projects/ESP32_FreeRTOS_Robot/src/main.cpp
> git ls-files --stage -- C:\Users\racarla1\Documents\Git\VSCode_Portable\Projects\ESP32_FreeRTOS_Robot\src\main.cpp
> git show --textconv :Projects/ESP32_FreeRTOS_Robot/src/DCMotorDriver_Impl.h
> git ls-files --stage -- C:\Users\racarla1\Documents\Git\VSCode_Portable\Projects\ESP32_FreeRTOS_Robot\src\DCMotorDriver_Impl.h
> git check-ignore -v -z --stdin
> git check-ignore -v -z --stdin
> git show --textconv :Projects/ESP32_FreeRTOS_Robot/src/DCMotorDriver_Impl.h
> git ls-files --stage -- C:\Users\racarla1\Documents\Git\VSCode_Portable\Projects\ESP32_FreeRTOS_Robot\src\DCMotorDriver_Impl.h
> git show --textconv :Projects/ESP32_FreeRTOS_Robot/src/AbstractDCMotorPlant.h
> git ls-files --stage -- C:\Users\racarla1\Documents\Git\VSCode_Portable\Projects\ESP32_FreeRTOS_Robot\src\AbstractDCMotorPlant.h
> git show --textconv :Projects/ESP32_FreeRTOS_Robot/src/AbstractDCMotorDriver.h
> git ls-files --stage -- C:\Users\racarla1\Documents\Git\VSCode_Portable\Projects\ESP32_FreeRTOS_Robot\src\AbstractDCMotorDriver.h
> git show --textconv :Projects/ESP32_FreeRTOS_Robot/src/AbstractCommon.h
> git ls-files --stage -- C:\Users\racarla1\Documents\Git\VSCode_Portable\Projects\ESP32_FreeRTOS_Robot\src\AbstractCommon.h
> git show --textconv :Projects/ESP32_FreeRTOS_Robot/src/AbstractDCMotorDriver.h
> git ls-files --stage -- C:\Users\racarla1\Documents\Git\VSCode_Portable\Projects\ESP32_FreeRTOS_Robot\src\AbstractDCMotorDriver.h
> git show --textconv :Projects/ESP32_FreeRTOS_Robot/src/AbstractDCMotorPlant.h
> git ls-files --stage -- C:\Users\racarla1\Documents\Git\VSCode_Portable\Projects\ESP32_FreeRTOS_Robot\src\AbstractDCMotorPlant.h
> git show --textconv :Projects/ESP32_FreeRTOS_Robot/src/DCMotorDriver_Impl.h
> git ls-files --stage -- C:\Users\racarla1\Documents\Git\VSCode_Portable\Projects\ESP32_FreeRTOS_Robot\src\DCMotorDriver_Impl.h
> git show --textconv :Projects/ESP32_FreeRTOS_Robot/src/AbstractDCMotorPlant.h
> git ls-files --stage -- C:\Users\racarla1\Documents\Git\VSCode_Portable\Projects\ESP32_FreeRTOS_Robot\src\AbstractDCMotorPlant.h
> git show --textconv :Projects/ESP32_FreeRTOS_Robot/src/AbstractDCMotorDriver.h
> git ls-files --stage -- C:\Users\racarla1\Documents\Git\VSCode_Portable\Projects\ESP32_FreeRTOS_Robot\src\AbstractDCMotorDriver.h
> git show --textconv :Projects/ESP32_FreeRTOS_Robot/src/AbstractCommon.h
> git ls-files --stage -- C:\Users\racarla1\Documents\Git\VSCode_Portable\Projects\ESP32_FreeRTOS_Robot\src\AbstractCommon.h
> git show --textconv :Projects/ESP32_FreeRTOS_Robot/src/AbstractDCMotorDriver.h
> git ls-files --stage -- C:\Users\racarla1\Documents\Git\VSCode_Portable\Projects\ESP32_FreeRTOS_Robot\src\AbstractDCMotorDriver.h
> git show --textconv :Projects/ESP32_FreeRTOS_Robot/src/AbstractDCMotorPlant.h
> git ls-files --stage -- C:\Users\racarla1\Documents\Git\VSCode_Portable\Projects\ESP32_FreeRTOS_Robot\src\AbstractDCMotorPlant.h
> git show --textconv :Projects/ESP32_FreeRTOS_Robot/src/DCMotorDriver_Impl.h
> git ls-files --stage -- C:\Users\racarla1\Documents\Git\VSCode_Portable\Projects\ESP32_FreeRTOS_Robot\src\DCMotorDriver_Impl.h
> git show --textconv :Projects/ESP32_FreeRTOS_Robot/src/AbstractDCMotorDriver.h
> git ls-files --stage -- C:\Users\racarla1\Documents\Git\VSCode_Portable\Projects\ESP32_FreeRTOS_Robot\src\AbstractDCMotorDriver.h
> git show --textconv :Projects/ESP32_FreeRTOS_Robot/src/AbstractDCMotorPlant.h
> git ls-files --stage -- C:\Users\racarla1\Documents\Git\VSCode_Portable\Projects\ESP32_FreeRTOS_Robot\src\AbstractDCMotorPlant.h
> git show --textconv :Projects/ESP32_FreeRTOS_Robot/src/AbstractCommon.h
> git ls-files --stage -- C:\Users\racarla1\Documents\Git\VSCode_Portable\Projects\ESP32_FreeRTOS_Robot\src\AbstractCommon.h
> git show --textconv :Projects/ESP32_FreeRTOS_Robot/src/DCMotorDriver_Impl.h
> git ls-files --stage -- C:\Users\racarla1\Documents\Git\VSCode_Portable\Projects\ESP32_FreeRTOS_Robot\src\DCMotorDriver_Impl.h
> git ls-files --stage -- C:\Users\racarla1\Documents\Git\VSCode_Portable\Projects\ESP32_FreeRTOS_Robot\src\DCMotorDriver_Impl.h
> git show --textconv :Projects/ESP32_FreeRTOS_Robot/src/DCMotorDriver_Impl.h
> git show --textconv :Projects/ESP32_FreeRTOS_Robot/src/main.cpp
> git ls-files --stage -- C:\Users\racarla1\Documents\Git\VSCode_Portable\Projects\ESP32_FreeRTOS_Robot\src\main.cpp
> git show --textconv :Projects/ESP32_FreeRTOS_Robot/src/DCMotorDriver_Impl.h
> git ls-files --stage -- C:\Users\racarla1\Documents\Git\VSCode_Portable\Projects\ESP32_FreeRTOS_Robot\src\DCMotorDriver_Impl.h
> git show --textconv :Projects/ESP32_FreeRTOS_Robot/src/AbstractDCMotorPlant.h
> git ls-files --stage -- C:\Users\racarla1\Documents\Git\VSCode_Portable\Projects\ESP32_FreeRTOS_Robot\src\AbstractDCMotorPlant.h
> git show --textconv :Projects/ESP32_FreeRTOS_Robot/src/AbstractDCMotorDriver.h
> git ls-files --stage -- C:\Users\racarla1\Documents\Git\VSCode_Portable\Projects\ESP32_FreeRTOS_Robot\src\AbstractDCMotorDriver.h
> git show --textconv :Projects/ESP32_FreeRTOS_Robot/src/AbstractDCMotorPlant.h
> git ls-files --stage -- C:\Users\racarla1\Documents\Git\VSCode_Portable\Projects\ESP32_FreeRTOS_Robot\src\AbstractDCMotorPlant.h
> git show --textconv :Projects/ESP32_FreeRTOS_Robot/src/AbstractDCMotorDriver.h
> git ls-files --stage -- C:\Users\racarla1\Documents\Git\VSCode_Portable\Projects\ESP32_FreeRTOS_Robot\src\AbstractDCMotorDriver.h
> git show --textconv :Projects/ESP32_FreeRTOS_Robot/src/DCMotorDriver_Impl.h
> git ls-files --stage -- C:\Users\racarla1\Documents\Git\VSCode_Portable\Projects\ESP32_FreeRTOS_Robot\src\DCMotorDriver_Impl.h
> git show --textconv :Projects/ESP32_FreeRTOS_Robot/src/AbstractDCMotorDriver.h
> git ls-files --stage -- C:\Users\racarla1\Documents\Git\VSCode_Portable\Projects\ESP32_FreeRTOS_Robot\src\AbstractDCMotorDriver.h
> git show --textconv :Projects/ESP32_FreeRTOS_Robot/src/DCMotorDriver_Impl.h
> git ls-files --stage -- C:\Users\racarla1\Documents\Git\VSCode_Portable\Projects\ESP32_FreeRTOS_Robot\src\DCMotorDriver_Impl.h
> git show --textconv :Projects/ESP32_FreeRTOS_Robot/src/DCMotorDriverImpl.h
> git ls-files --stage -- C:\Users\racarla1\Documents\Git\VSCode_Portable\Projects\ESP32_FreeRTOS_Robot\src\DCMotorDriverImpl.h
> git check-ignore -v -z --stdin
> git show --textconv :Projects/ESP32_FreeRTOS_Robot/src/AbstractDCMotorDriver.h
> git ls-files --stage -- C:\Users\racarla1\Documents\Git\VSCode_Portable\Projects\ESP32_FreeRTOS_Robot\src\AbstractDCMotorDriver.h
> git show --textconv :Projects/ESP32_FreeRTOS_Robot/src/DCMotorDriverImpl.h
> git ls-files --stage -- C:\Users\racarla1\Documents\Git\VSCode_Portable\Projects\ESP32_FreeRTOS_Robot\src\DCMotorDriverImpl.h
> git show --textconv :Projects/ESP32_FreeRTOS_Robot/src/AbstractDCMotorDriver.h
> git ls-files --stage -- C:\Users\racarla1\Documents\Git\VSCode_Portable\Projects\ESP32_FreeRTOS_Robot\src\AbstractDCMotorDriver.h
> git show --textconv :Projects/ESP32_FreeRTOS_Robot/src/DCMotorDriverImpl.h
> git ls-files --stage -- C:\Users\racarla1\Documents\Git\VSCode_Portable\Projects\ESP32_FreeRTOS_Robot\src\DCMotorDriverImpl.h
> git ls-files --stage -- C:\Users\racarla1\Documents\Git\VSCode_Portable\Projects\ESP32_FreeRTOS_Robot\src\DCMotorDriverImpl.h
> git show --textconv :Projects/ESP32_FreeRTOS_Robot/src/DCMotorDriverImpl.h
> git show --textconv :Projects/ESP32_FreeRTOS_Robot/src/AbstractDCMotorDriver.h
> git ls-files --stage -- C:\Users\racarla1\Documents\Git\VSCode_Portable\Projects\ESP32_FreeRTOS_Robot\src\AbstractDCMotorDriver.h
> git show --textconv :Projects/ESP32_FreeRTOS_Robot/src/DCMotorDriverImpl.h
> git ls-files --stage -- C:\Users\racarla1\Documents\Git\VSCode_Portable\Projects\ESP32_FreeRTOS_Robot\src\DCMotorDriverImpl.h
> git show --textconv :Projects/ESP32_FreeRTOS_Robot/src/AbstractDCMotorDriver.h
> git ls-files --stage -- C:\Users\racarla1\Documents\Git\VSCode_Portable\Projects\ESP32_FreeRTOS_Robot\src\AbstractDCMotorDriver.h
> git show --textconv :Projects/ESP32_FreeRTOS_Robot/src/DCMotorDriverImpl.h
> git ls-files --stage -- C:\Users\racarla1\Documents\Git\VSCode_Portable\Projects\ESP32_FreeRTOS_Robot\src\DCMotorDriverImpl.h
> git check-ignore -v -z --stdin
> git show --textconv :Projects/ESP32_FreeRTOS_Robot/lib/Adafruit_Motor_Shield_V2_Library-1.0.11/Adafruit_MotorShield.h
> git ls-files --stage -- C:\Users\racarla1\Documents\Git\VSCode_Portable\Projects\ESP32_FreeRTOS_Robot\lib\Adafruit_Motor_Shield_V2_Library-1.0.11\Adafruit_MotorShield.h
> git show --textconv :Projects/ESP32_FreeRTOS_Robot/lib/Adafruit_Motor_Shield_V2_Library-1.0.11/Adafruit_MotorShield.cpp
> git ls-files --stage -- C:\Users\racarla1\Documents\Git\VSCode_Portable\Projects\ESP32_FreeRTOS_Robot\lib\Adafruit_Motor_Shield_V2_Library-1.0.11\Adafruit_MotorShield.cpp
> git check-ignore -v -z --stdin
> git show --textconv :Projects/ESP32_FreeRTOS_Robot/src/DCMotorDriverImpl.h
> git ls-files --stage -- C:\Users\racarla1\Documents\Git\VSCode_Portable\Projects\ESP32_FreeRTOS_Robot\src\DCMotorDriverImpl.h
> git check-ignore -v -z --stdin
> git show --textconv :Projects/ESP32_FreeRTOS_Robot/lib/Adafruit_Motor_Shield_V2_Library-1.1.0/Adafruit_MotorShield.cpp
> git ls-files --stage -- C:\Users\racarla1\Documents\Git\VSCode_Portable\Projects\ESP32_FreeRTOS_Robot\lib\Adafruit_Motor_Shield_V2_Library-1.1.0\Adafruit_MotorShield.cpp
> git show --textconv :Projects/ESP32_FreeRTOS_Robot/src/DCMotorDriverImpl.h
> git ls-files --stage -- C:\Users\racarla1\Documents\Git\VSCode_Portable\Projects\ESP32_FreeRTOS_Robot\src\DCMotorDriverImpl.h
> git show --textconv :Projects/ESP32_FreeRTOS_Robot/lib/Adafruit_Motor_Shield_V2_Library-1.1.0/Adafruit_MotorShield.cpp
> git ls-files --stage -- C:\Users\racarla1\Documents\Git\VSCode_Portable\Projects\ESP32_FreeRTOS_Robot\lib\Adafruit_Motor_Shield_V2_Library-1.1.0\Adafruit_MotorShield.cpp
> git show --textconv :Projects/ESP32_FreeRTOS_Robot/src/AbstractDCMotorDriver.h
> git ls-files --stage -- C:\Users\racarla1\Documents\Git\VSCode_Portable\Projects\ESP32_FreeRTOS_Robot\src\AbstractDCMotorDriver.h
> git show --textconv :Projects/ESP32_FreeRTOS_Robot/src/DCMotorDriverImpl.h
> git ls-files --stage -- C:\Users\racarla1\Documents\Git\VSCode_Portable\Projects\ESP32_FreeRTOS_Robot\src\DCMotorDriverImpl.h
> git show --textconv :Projects/ESP32_FreeRTOS_Robot/lib/Adafruit_Motor_Shield_V2_Library-1.1.0/Adafruit_MotorShield.cpp
> git ls-files --stage -- C:\Users\racarla1\Documents\Git\VSCode_Portable\Projects\ESP32_FreeRTOS_Robot\lib\Adafruit_Motor_Shield_V2_Library-1.1.0\Adafruit_MotorShield.cpp
> git show --textconv :Projects/ESP32_FreeRTOS_Robot/src/DCMotorDriverImpl.h
> git ls-files --stage -- C:\Users\racarla1\Documents\Git\VSCode_Portable\Projects\ESP32_FreeRTOS_Robot\src\DCMotorDriverImpl.h
