Jupyter Extension Version: 2021.11.1001550889.
Python Extension Verison: 2021.12.1559732655.
Info 17:01:09: Experimentation service retrieved: [object Object]
User belongs to experiment group 'jupyterTest'
User belongs to experiment group 'jupyterEnhancedDataViewer'
Info 17:01:09: ZMQ install verified.
Info 17:01:09: Setting setActiveController for c:\Users\racarla1\Documents\Git\VSCode_Portable\Projects\ButterworthFilter\Design\LowPassFilter_step.ipynb
Info 17:01:09: KernelProvider switched kernel to id = .jvsc74a57bd0ecf5722fdaf1897a315d257d89d94520bfcaa453217d5becf09b39e73618b0de.C:\ProgramData\Miniconda3\python.exe.C:\ProgramData\Miniconda3\python.exe.-m#ipykernel_launcher
Info 17:01:09: Starting Notebook in kernel.ts id = .jvsc74a57bd0ecf5722fdaf1897a315d257d89d94520bfcaa453217d5becf09b39e73618b0de.C:\ProgramData\Miniconda3\python.exe.C:\ProgramData\Miniconda3\python.exe.-m#ipykernel_launcher
Info 17:01:09: Creating raw notebook for c:\Users\racarla1\Documents\Git\VSCode_Portable\Projects\ButterworthFilter\Design\LowPassFilter_step.ipynb
Info 17:01:09: Getting preferred kernel for c:\Users\racarla1\Documents\Git\VSCode_Portable\Projects\ButterworthFilter\Design\LowPassFilter_step.ipynb
Info 17:01:09: Computing working directory c:\Users\racarla1\Documents\Git\VSCode_Portable\Projects\ButterworthFilter\Design\LowPassFilter_step.ipynb
Info 17:01:09: Experiment status for python is {"enabled":true,"optInto":[],"optOutFrom":[]}
Info 17:01:09: Starting raw kernel base (Python 3.9.7)
Info 17:01:09: installMissingDependencies C:\ProgramData\Miniconda3\python.exe
Info 17:01:09: IPykernel found previously in this enviornment C:\ProgramData\Miniconda3\python.exe
Info 17:01:09: Kernel launching with ports 9000,9001,9002,9003,9004. Start port is 9000
Info 17:01:09: Launching kernel daemon for Python 3.9.7 64-bit ('base': conda) # C:\ProgramData\Miniconda3\python.exe
Info 17:01:10: Creating controller for jupyter-notebook with interpreter C:\ProgramData\Miniconda3\python.exe
Info 17:01:10: Find preferred kernel for c:\Users\racarla1\Documents\Git\VSCode_Portable\Projects\ButterworthFilter\Design\LowPassFilter_step.ipynb with metadata {"kernelspec":{"display_name":"Python 3","language":"python","name":"python3"},"language_info":{"codemirror_mode":{"name":"ipython","version":3},"file_extension":".py","mimetype":"text/x-python","name":"python","nbconvert_exporter":"python","pygments_lexer":"ipython3","version":"3.9.7"}} & preferred interpreter C:\ProgramData\Miniconda3\python.exe
Info 17:01:10: findKernel found Python 3.9.7 64-bit
Info 17:01:10: PreferredConnection: .jvsc74a57bd055e6edab1a59ae4a97c66f3d6cfb332611812d02aad2a23f5e8043bbee13845b.C:\Users\racarla1\AppData\Local\Programs\Python\Python39\python.exe.C:\Users\racarla1\AppData\Local\Programs\Python\Python39\python.exe.-m#ipykernel_launcher found for NotebookDocument: c:\Users\racarla1\Documents\Git\VSCode_Portable\Projects\ButterworthFilter\Design\LowPassFilter_step.ipynb
Info 17:01:10: TargetController found ID: .jvsc74a57bd055e6edab1a59ae4a97c66f3d6cfb332611812d02aad2a23f5e8043bbee13845b.C:\Users\racarla1\AppData\Local\Programs\Python\Python39\python.exe.C:\Users\racarla1\AppData\Local\Programs\Python\Python39\python.exe.-m#ipykernel_launcher for document c:\Users\racarla1\Documents\Git\VSCode_Portable\Projects\ButterworthFilter\Design\LowPassFilter_step.ipynb
Info 17:01:10: Setting controller affinity for c:\Users\racarla1\Documents\Git\VSCode_Portable\Projects\ButterworthFilter\Design\LowPassFilter_step.ipynb .jvsc74a57bd055e6edab1a59ae4a97c66f3d6cfb332611812d02aad2a23f5e8043bbee13845b.C:\Users\racarla1\AppData\Local\Programs\Python\Python39\python.exe.C:\Users\racarla1\AppData\Local\Programs\Python\Python39\python.exe.-m#ipykernel_launcher
Info 17:01:10: Process Execution: > C:\ProgramData\Miniconda3\python.exe -m pip list
> C:\ProgramData\Miniconda3\python.exe -m pip list
Info 17:01:10: Creating daemon process for C:\ProgramData\Miniconda3\python.exe with env variables count 79
Info 17:01:10: Process Execution: > C:\ProgramData\Miniconda3\python.exe -m vscode_datascience_helpers.daemon --daemon-module=vscode_datascience_helpers.kernel_launcher_daemon -v
> C:\ProgramData\Miniconda3\python.exe -m vscode_datascience_helpers.daemon --daemon-module=vscode_datascience_helpers.kernel_launcher_daemon -v
Info 17:01:10: Registering dummy command feature
Info 17:01:10: Starting kernel from scratch
Warn 17:01:11: StdErr from Kernel Process C:\ProgramData\Miniconda3\lib\site-packages\traitlets\traitlets.py:2202: FutureWarning: Supporting extra quotes around strings is deprecated in traitlets 5.0. You can use 'hmac-sha256' instead of '"hmac-sha256"' if you require traitlets >=5.

Warn 17:01:11: StdErr from Kernel Process   warn(

Warn 17:01:11: StdErr from Kernel Process C:\ProgramData\Miniconda3\lib\site-packages\traitlets\traitlets.py:2157: FutureWarning: Supporting extra quotes around Bytes is deprecated in traitlets 5.0. Use '40278968-b64f-48ce-9858-1252f9faa34e' instead of 'b"40278968-b64f-48ce-9858-1252f9faa34e"'.

Warn 17:01:11: StdErr from Kernel Process   warn(

Info 17:01:12: Raw session started and connected
Started kernel base (Python 3.9.7)
Info 17:01:12: Finished connecting 202fa28e-bda0-419e-93c1-77423b42449f
Info 17:01:12: UpdateWorkingDirectoryAndPath in Kernel
Info 17:01:12: changeDirectoryIfPossible
Info 17:01:12: Executing (status idle) silently Code = import os\nimport sys\n%cd "c:\Users\racarla1\Documents\Git\VSCode_Portable\Projects\ButterworthFilter
Info 17:01:12: Executing silently Code (completed) = import os\nimport sys\n%cd "c:\Users\racarla1\Documents\Git\VSCode_Portable\Projects\ButterworthFilter
Info 17:01:12: Executing (status idle) silently Code = %config Completer.use_jedi = False
Info 17:01:12: Executing silently Code (completed) = %config Completer.use_jedi = False
Info 17:01:12: Executing (status idle) silently Code = %config InlineBackend.figure_formats = ['png']
Info 17:01:12: Executing silently Code (completed) = %config InlineBackend.figure_formats = ['png']
Info 17:01:12: Executing (status idle) silently Code = import sys\nprint(sys.executable)
Info 17:01:12: Executing silently Code (completed) = import sys\nprint(sys.executable)
Info 17:01:12: Waiting for idle on (kernel): 51179db5-98d8-4514-b826-77cfa95c4f3a -> idle
Info 17:01:12: Finished waiting for idle on (kernel): 51179db5-98d8-4514-b826-77cfa95c4f3a -> idle
Info 17:01:12: IPyWidgetScriptSource.initialize
Info 17:01:23: Shutting down notebooks for 202fa28e-bda0-419e-93c1-77423b42449f
Info 17:01:23: Disposing HostJupyterExecution aa69e243-1f14-4ce1-8082-8ce74f743b47
Info 17:01:23: Disposing super HostJupyterExecution aa69e243-1f14-4ce1-8082-8ce74f743b47
Info 17:01:23: Dispose kernel file:///c%3A/Users/racarla1/Documents/Git/VSCode_Portable/Projects/ButterworthFilter/Design/LowPassFilter_step.ipynb
Info 17:01:23: Dispose Kernel process
Info 17:01:23: kill daemon
Info 17:01:23: Disposing HostJupyterExecution aa69e243-1f14-4ce1-8082-8ce74f743b47
Info 17:01:23: Finished disposing HostJupyterExecution  aa69e243-1f14-4ce1-8082-8ce74f743b47
Info 17:01:23: Cleaning up server cache aa69e243-1f14-4ce1-8082-8ce74f743b47
Info 17:01:23: Finished disposing HostJupyterExecution  aa69e243-1f14-4ce1-8082-8ce74f743b47
