[2021-12-14 15:38:01.291] [sharedprocess] [info] WSL is not installed, so could not detect WSL profiles
[2021-12-14 15:38:01.306] [sharedprocess] [info] Starting worker process with pid 6508 (type: watcherServiceParcelSharedProcess, window: 1).
[2021-12-14 15:58:15.022] [sharedprocess] [error] ptyHost terminated unexpectedly with code 3221226356
[2021-12-14 17:05:02.982] [sharedprocess] [error] [uncaught exception in sharedProcess]: Cannot resize a pty that has already exited: Error: Cannot resize a pty that has already exited
    at WindowsPtyAgent.resize (c:\Users\racarla1\Documents\Git\VSCode_Portable\Installation\VSCode-win32-x64-1.63.0\resources\app\node_modules.asar\node-pty\lib\windowsPtyAgent.js:141:23)
    at WindowsTerminal.<anonymous> (c:\Users\racarla1\Documents\Git\VSCode_Portable\Installation\VSCode-win32-x64-1.63.0\resources\app\node_modules.asar\node-pty\lib\windowsTerminal.js:132:26)
    at WindowsTerminal._defer (c:\Users\racarla1\Documents\Git\VSCode_Portable\Installation\VSCode-win32-x64-1.63.0\resources\app\node_modules.asar\node-pty\lib\windowsTerminal.js:157:24)
    at WindowsTerminal.resize (c:\Users\racarla1\Documents\Git\VSCode_Portable\Installation\VSCode-win32-x64-1.63.0\resources\app\node_modules.asar\node-pty\lib\windowsTerminal.js:131:14)
    at De.resize (c:\Users\racarla1\Documents\Git\VSCode_Portable\Installation\VSCode-win32-x64-1.63.0\resources\app\out\vs\platform\terminal\node\ptyHostMain.js:14:46415)
    at s.resize (c:\Users\racarla1\Documents\Git\VSCode_Portable\Installation\VSCode-win32-x64-1.63.0\resources\app\out\vs\platform\terminal\node\ptyHostMain.js:17:9524)
    at l.resize (c:\Users\racarla1\Documents\Git\VSCode_Portable\Installation\VSCode-win32-x64-1.63.0\resources\app\out\vs\platform\terminal\node\ptyHostMain.js:17:2736)
    at Object.call (c:\Users\racarla1\Documents\Git\VSCode_Portable\Installation\VSCode-win32-x64-1.63.0\resources\app\out\vs\platform\terminal\node\ptyHostMain.js:13:8419)
    at L.onPromise (c:\Users\racarla1\Documents\Git\VSCode_Portable\Installation\VSCode-win32-x64-1.63.0\resources\app\out\vs\platform\terminal\node\ptyHostMain.js:12:4940)
    at L.onRawMessage (c:\Users\racarla1\Documents\Git\VSCode_Portable\Installation\VSCode-win32-x64-1.63.0\resources\app\out\vs\platform\terminal\node\ptyHostMain.js:12:4299)
    at c:\Users\racarla1\Documents\Git\VSCode_Portable\Installation\VSCode-win32-x64-1.63.0\resources\app\out\vs\platform\terminal\node\ptyHostMain.js:12:3552
    at R.fire (c:\Users\racarla1\Documents\Git\VSCode_Portable\Installation\VSCode-win32-x64-1.63.0\resources\app\out\vs\platform\terminal\node\ptyHostMain.js:8:1712)
    at process.Q (c:\Users\racarla1\Documents\Git\VSCode_Portable\Installation\VSCode-win32-x64-1.63.0\resources\app\out\vs\platform\terminal\node\ptyHostMain.js:6:32597)
    at process.emit (events.js:315:20)
    at emit (internal/child_process.js:903:12)
    at processTicksAndRejections (internal/process/task_queues.js:81:21)
