Validating found git in: C:\Program Files\Git\cmd\git.exe
Using git 2.29.2.windows.3 from C:\Program Files\Git\cmd\git.exe
Opening repository for path='c:\Users\racarla1\Documents\PlatformIO\Projects\ESP32_FreeRTOS_Example_Periodic_Task' failed; ex=Failed to execute git {
  "exitCode": 128,
  "gitErrorCode": "NotAGitRepository",
  "gitCommand": "rev-parse",
  "stdout": "",
  "stderr": "fatal: not a git repository (or any of the parent directories): .git\n"
}
Opening repository for path='c:\Users\racarla1\Documents\PlatformIO\Projects\ESP32_FreeRTOS_Example_Periodic_Task' failed; ex=Failed to execute git {
  "exitCode": 128,
  "gitErrorCode": "NotAGitRepository",
  "gitCommand": "rev-parse",
  "stdout": "",
  "stderr": "fatal: not a git repository (or any of the parent directories): .git\n"
}
Opening repository for path='c:\Users\racarla1\Documents\PlatformIO\Projects\ESP32_FreeRTOS_Example_Periodic_Task\.gitignore' failed; ex=spawn C:\Program Files\Git\cmd\git.exe ENOENT {
  "gitErrorCode": "NotAGitRepository"
}Error: spawn C:\Program Files\Git\cmd\git.exe ENOENT
	at Process.ChildProcess._handle.onexit (internal/child_process.js:269:19)
	at onErrorNT (internal/child_process.js:465:16)
	at processTicksAndRejections (internal/process/task_queues.js:80:21)
Opening repository for path='c:\Users\racarla1\Documents\PlatformIO\Projects\ESP32_FreeRTOS_Example_Periodic_Task\.pio' failed; ex=Failed to execute git {
  "exitCode": 128,
  "gitErrorCode": "NotAGitRepository",
  "gitCommand": "rev-parse",
  "stdout": "",
  "stderr": "fatal: not a git repository (or any of the parent directories): .git\n"
}
Opening repository for path='c:\Users\racarla1\Documents\PlatformIO\Projects\ESP32_FreeRTOS_Example_Periodic_Task\.vscode' failed; ex=Failed to execute git {
  "exitCode": 128,
  "gitErrorCode": "NotAGitRepository",
  "gitCommand": "rev-parse",
  "stdout": "",
  "stderr": "fatal: not a git repository (or any of the parent directories): .git\n"
}
Opening repository for path='c:\Users\racarla1\Documents\PlatformIO\Projects\ESP32_FreeRTOS_Example_Periodic_Task\include' failed; ex=Failed to execute git {
  "exitCode": 128,
  "gitErrorCode": "NotAGitRepository",
  "gitCommand": "rev-parse",
  "stdout": "",
  "stderr": "fatal: not a git repository (or any of the parent directories): .git\n"
}
Opening repository for path='c:\Users\racarla1\Documents\PlatformIO\Projects\ESP32_FreeRTOS_Example_Periodic_Task\lib' failed; ex=Failed to execute git {
  "exitCode": 128,
  "gitErrorCode": "NotAGitRepository",
  "gitCommand": "rev-parse",
  "stdout": "",
  "stderr": "fatal: not a git repository (or any of the parent directories): .git\n"
}
Opening repository for path='c:\Users\racarla1\Documents\PlatformIO\Projects\ESP32_FreeRTOS_Example_Periodic_Task\platformio.ini' failed; ex=spawn C:\Program Files\Git\cmd\git.exe ENOENT {
  "gitErrorCode": "NotAGitRepository"
}Error: spawn C:\Program Files\Git\cmd\git.exe ENOENT
	at Process.ChildProcess._handle.onexit (internal/child_process.js:269:19)
	at onErrorNT (internal/child_process.js:465:16)
	at processTicksAndRejections (internal/process/task_queues.js:80:21)
Opening repository for path='c:\Users\racarla1\Documents\PlatformIO\Projects\ESP32_FreeRTOS_Example_Periodic_Task\src' failed; ex=Failed to execute git {
  "exitCode": 128,
  "gitErrorCode": "NotAGitRepository",
  "gitCommand": "rev-parse",
  "stdout": "",
  "stderr": "fatal: not a git repository (or any of the parent directories): .git\n"
}
Opening repository for path='c:\Users\racarla1\Documents\PlatformIO\Projects\ESP32_FreeRTOS_Example_Periodic_Task\test' failed; ex=Failed to execute git {
  "exitCode": 128,
  "gitErrorCode": "NotAGitRepository",
  "gitCommand": "rev-parse",
  "stdout": "",
  "stderr": "fatal: not a git repository (or any of the parent directories): .git\n"
}
