[2021-12-15 15:06:32.182] [exthost] [info] Extension host with pid 1768 started
[2021-12-15 15:06:32.230] [exthost] [info] ExtensionService#_doActivateExtension vscode.microsoft-authentication, startup: false, activationEvent: 'onAuthenticationRequest:microsoft'
[2021-12-15 15:06:32.238] [exthost] [info] ExtensionService#_doActivateExtension vscode.debug-auto-launch, startup: true, activationEvent: '*'
[2021-12-15 15:06:32.241] [exthost] [info] ExtensionService#_doActivateExtension vscode.git-base, startup: true, activationEvent: '*', root cause: vscode.github
[2021-12-15 15:06:32.243] [exthost] [info] ExtensionService#_doActivateExtension DanielLin.auto-header, startup: true, activationEvent: '*'
[2021-12-15 15:06:32.255] [exthost] [info] ExtensionService#_doActivateExtension ms-vscode.cpptools, startup: true, activationEvent: '*', root cause: platformio.platformio-ide
[2021-12-15 15:06:32.354] [exthost] [info] ExtensionService#_doActivateExtension vscode.git, startup: true, activationEvent: '*'
[2021-12-15 15:06:32.366] [exthost] [info] ExtensionService#_doActivateExtension vscode.github, startup: true, activationEvent: '*'
[2021-12-15 15:06:32.369] [exthost] [info] ExtensionService#_doActivateExtension platformio.platformio-ide, startup: true, activationEvent: '*'
[2021-12-15 15:06:32.656] [exthost] [info] ExtensionService#_doActivateExtension vscode.github-authentication, startup: false, activationEvent: 'onAuthenticationRequest:github'
[2021-12-15 15:06:32.678] [exthost] [info] Eager extensions activated
[2021-12-15 15:06:32.685] [exthost] [info] ExtensionService#_doActivateExtension vscode.emmet, startup: false, activationEvent: 'onStartupFinished'
[2021-12-15 15:06:32.690] [exthost] [info] ExtensionService#_doActivateExtension vscode.merge-conflict, startup: false, activationEvent: 'onStartupFinished'
[2021-12-15 15:06:32.692] [exthost] [info] ExtensionService#_doActivateExtension ms-vscode-remote.remote-wsl-recommender, startup: false, activationEvent: 'onStartupFinished'
[2021-12-15 15:06:32.827] [exthost] [info] extension host terminating: renderer closed the socket
[2021-12-15 15:06:32.830] [exthost] [info] Extension host with pid 1768 exiting with code 0
[2021-12-15 15:06:34.087] [exthost] [info] Extension host with pid 14096 started
[2021-12-15 15:06:34.087] [exthost] [info] Skipping acquiring lock for c:\Users\racarla1\Documents\Git\VSCode_Portable\Installation\VSCode-win32-x64-1.63.0\data\user-data\User\workspaceStorage\4b7adacbe36082a839a8d81b0fd8bd33.
[2021-12-15 15:06:34.244] [exthost] [info] ExtensionService#_doActivateExtension vscode.microsoft-authentication, startup: false, activationEvent: 'onAuthenticationRequest:microsoft'
[2021-12-15 15:06:34.252] [exthost] [info] ExtensionService#_doActivateExtension cschlosser.doxdocgen, startup: false, activationEvent: 'onLanguage:cpp'
[2021-12-15 15:06:34.344] [exthost] [info] ExtensionService#_doActivateExtension ms-vscode.cpptools, startup: false, activationEvent: 'onLanguage:cpp'
[2021-12-15 15:06:34.376] [exthost] [info] ExtensionService#_doActivateExtension vscode.debug-auto-launch, startup: true, activationEvent: '*'
[2021-12-15 15:06:34.379] [exthost] [info] ExtensionService#_doActivateExtension vscode.git-base, startup: true, activationEvent: '*', root cause: vscode.github
[2021-12-15 15:06:34.381] [exthost] [info] ExtensionService#_doActivateExtension DanielLin.auto-header, startup: true, activationEvent: '*'
[2021-12-15 15:06:34.671] [exthost] [info] ExtensionService#_doActivateExtension vscode.github-authentication, startup: false, activationEvent: 'onAuthenticationRequest:github'
[2021-12-15 15:06:34.678] [exthost] [info] ExtensionService#_doActivateExtension vscode.git, startup: true, activationEvent: '*'
[2021-12-15 15:06:34.690] [exthost] [info] ExtensionService#_doActivateExtension vscode.github, startup: true, activationEvent: '*'
[2021-12-15 15:06:34.693] [exthost] [info] ExtensionService#_doActivateExtension platformio.platformio-ide, startup: true, activationEvent: '*'
[2021-12-15 15:06:34.968] [exthost] [info] ExtensionService#_doActivateExtension vscode.configuration-editing, startup: false, activationEvent: 'onLanguage:json'
[2021-12-15 15:06:34.972] [exthost] [info] ExtensionService#_doActivateExtension vscode.extension-editing, startup: false, activationEvent: 'onLanguage:json'
[2021-12-15 15:06:34.976] [exthost] [info] ExtensionService#_doActivateExtension vscode.json-language-features, startup: false, activationEvent: 'onLanguage:json'
[2021-12-15 15:06:34.986] [exthost] [info] ExtensionService#_doActivateExtension vscode.npm, startup: false, activationEvent: 'onLanguage:json'
[2021-12-15 15:06:35.044] [exthost] [info] Eager extensions activated
[2021-12-15 15:06:35.046] [exthost] [info] ExtensionService#_doActivateExtension vscode.typescript-language-features, startup: false, activationEvent: 'onLanguage:jsonc'
[2021-12-15 15:06:35.059] [exthost] [info] ExtensionService#_doActivateExtension vscode.emmet, startup: false, activationEvent: 'onStartupFinished'
[2021-12-15 15:06:35.066] [exthost] [info] ExtensionService#_doActivateExtension vscode.merge-conflict, startup: false, activationEvent: 'onStartupFinished'
[2021-12-15 15:06:35.068] [exthost] [info] ExtensionService#_doActivateExtension ms-vscode-remote.remote-wsl-recommender, startup: false, activationEvent: 'onStartupFinished'
[2021-12-15 15:06:35.551] [exthost] [warning] [Decorations] CAPPING events from decorations provider vscode.git 312
[2021-12-15 15:06:39.193] [exthost] [warning] [Decorations] CAPPING events from decorations provider vscode.git 322
[2021-12-15 15:06:44.584] [exthost] [warning] [Decorations] CAPPING events from decorations provider vscode.git 322
[2021-12-15 15:06:58.903] [exthost] [warning] [Decorations] CAPPING events from decorations provider vscode.git 321
[2021-12-15 15:07:07.516] [exthost] [warning] [Decorations] CAPPING events from decorations provider vscode.git 321
[2021-12-15 15:07:13.739] [exthost] [info] ExtensionService#_doActivateExtension vscode.grunt, startup: false, activationEvent: 'onCommand:workbench.action.tasks.runTask'
[2021-12-15 15:07:13.742] [exthost] [info] ExtensionService#_doActivateExtension vscode.gulp, startup: false, activationEvent: 'onCommand:workbench.action.tasks.runTask'
[2021-12-15 15:07:13.744] [exthost] [info] ExtensionService#_doActivateExtension vscode.jake, startup: false, activationEvent: 'onCommand:workbench.action.tasks.runTask'
[2021-12-15 15:07:34.878] [exthost] [warning] [Decorations] CAPPING events from decorations provider vscode.git 319
[2021-12-15 15:07:55.713] [exthost] [warning] [Decorations] CAPPING events from decorations provider vscode.git 319
[2021-12-15 15:08:57.978] [exthost] [warning] [Decorations] CAPPING events from decorations provider vscode.git 319
[2021-12-15 15:23:12.433] [exthost] [warning] [Decorations] CAPPING events from decorations provider vscode.git 319
[2021-12-15 15:23:17.809] [exthost] [warning] [Decorations] CAPPING events from decorations provider vscode.git 319
[2021-12-15 15:23:26.812] [exthost] [warning] [Decorations] CAPPING events from decorations provider vscode.git 319
[2021-12-15 15:23:41.912] [exthost] [warning] [Decorations] CAPPING events from decorations provider vscode.git 319
[2021-12-15 15:23:47.293] [exthost] [warning] [Decorations] CAPPING events from decorations provider vscode.git 319
[2021-12-15 15:24:17.871] [exthost] [warning] [Decorations] CAPPING events from decorations provider vscode.git 319
[2021-12-15 15:25:05.934] [exthost] [warning] [Decorations] CAPPING events from decorations provider vscode.git 319
[2021-12-15 15:25:11.330] [exthost] [warning] [Decorations] CAPPING events from decorations provider vscode.git 319
[2021-12-15 15:25:16.726] [exthost] [warning] [Decorations] CAPPING events from decorations provider vscode.git 319
[2021-12-15 15:25:43.408] [exthost] [warning] [Decorations] CAPPING events from decorations provider vscode.git 319
[2021-12-15 15:31:44.530] [exthost] [info] extension host terminating: renderer closed the socket
[2021-12-15 15:31:44.568] [exthost] [info] Extension host with pid 14096 exiting with code 0
[2021-12-15 15:31:45.763] [exthost] [info] Extension host with pid 7864 started
[2021-12-15 15:31:45.763] [exthost] [info] Skipping acquiring lock for c:\Users\racarla1\Documents\Git\VSCode_Portable\Installation\VSCode-win32-x64-1.63.0\data\user-data\User\workspaceStorage\b9c5b73a130fc4908eaeff245e3a0afb.
[2021-12-15 15:31:46.051] [exthost] [info] ExtensionService#_doActivateExtension vscode.microsoft-authentication, startup: false, activationEvent: 'onAuthenticationRequest:microsoft'
[2021-12-15 15:31:46.059] [exthost] [info] ExtensionService#_doActivateExtension cschlosser.doxdocgen, startup: false, activationEvent: 'onLanguage:cpp'
[2021-12-15 15:31:46.152] [exthost] [info] ExtensionService#_doActivateExtension ms-vscode.cpptools, startup: false, activationEvent: 'onLanguage:cpp'
[2021-12-15 15:31:46.179] [exthost] [info] ExtensionService#_doActivateExtension vscode.debug-auto-launch, startup: true, activationEvent: '*'
[2021-12-15 15:31:46.182] [exthost] [info] ExtensionService#_doActivateExtension vscode.git-base, startup: true, activationEvent: '*', root cause: vscode.github
[2021-12-15 15:31:46.184] [exthost] [info] ExtensionService#_doActivateExtension DanielLin.auto-header, startup: true, activationEvent: '*'
[2021-12-15 15:31:46.361] [exthost] [info] ExtensionService#_doActivateExtension vscode.configuration-editing, startup: false, activationEvent: 'onLanguage:json'
[2021-12-15 15:31:46.364] [exthost] [info] ExtensionService#_doActivateExtension vscode.extension-editing, startup: false, activationEvent: 'onLanguage:json'
[2021-12-15 15:31:46.368] [exthost] [info] ExtensionService#_doActivateExtension vscode.json-language-features, startup: false, activationEvent: 'onLanguage:json'
[2021-12-15 15:31:46.379] [exthost] [info] ExtensionService#_doActivateExtension vscode.npm, startup: false, activationEvent: 'onLanguage:json'
[2021-12-15 15:31:46.400] [exthost] [info] ExtensionService#_doActivateExtension vscode.git, startup: true, activationEvent: '*'
[2021-12-15 15:31:46.416] [exthost] [info] ExtensionService#_doActivateExtension vscode.github, startup: true, activationEvent: '*'
[2021-12-15 15:31:46.420] [exthost] [info] ExtensionService#_doActivateExtension platformio.platformio-ide, startup: true, activationEvent: '*'
[2021-12-15 15:31:46.680] [exthost] [info] ExtensionService#_doActivateExtension vscode.github-authentication, startup: false, activationEvent: 'onAuthenticationRequest:github'
[2021-12-15 15:31:46.686] [exthost] [info] ExtensionService#_doActivateExtension vscode.typescript-language-features, startup: false, activationEvent: 'onLanguage:jsonc'
[2021-12-15 15:31:46.746] [exthost] [info] Eager extensions activated
[2021-12-15 15:31:46.786] [exthost] [info] ExtensionService#_doActivateExtension vscode.emmet, startup: false, activationEvent: 'onStartupFinished'
[2021-12-15 15:31:46.791] [exthost] [info] ExtensionService#_doActivateExtension vscode.merge-conflict, startup: false, activationEvent: 'onStartupFinished'
[2021-12-15 15:31:46.793] [exthost] [info] ExtensionService#_doActivateExtension ms-vscode-remote.remote-wsl-recommender, startup: false, activationEvent: 'onStartupFinished'
[2021-12-15 15:31:47.272] [exthost] [warning] [Decorations] CAPPING events from decorations provider vscode.git 324
[2021-12-15 15:31:50.070] [exthost] [info] ExtensionService#_doActivateExtension vscode.grunt, startup: false, activationEvent: 'onCommand:workbench.action.tasks.runTask'
[2021-12-15 15:31:50.073] [exthost] [info] ExtensionService#_doActivateExtension vscode.gulp, startup: false, activationEvent: 'onCommand:workbench.action.tasks.runTask'
[2021-12-15 15:31:50.075] [exthost] [info] ExtensionService#_doActivateExtension vscode.jake, startup: false, activationEvent: 'onCommand:workbench.action.tasks.runTask'
[2021-12-15 15:31:50.588] [exthost] [warning] [Decorations] CAPPING events from decorations provider vscode.git 336
[2021-12-15 15:31:55.989] [exthost] [warning] [Decorations] CAPPING events from decorations provider vscode.git 337
[2021-12-15 15:32:24.361] [exthost] [warning] [Decorations] CAPPING events from decorations provider vscode.git 337
[2021-12-15 15:35:20.063] [exthost] [info] extension host terminating: renderer closed the socket
[2021-12-15 15:35:20.094] [exthost] [info] Extension host with pid 7864 exiting with code 0
[2021-12-15 15:35:21.356] [exthost] [info] Extension host with pid 14296 started
[2021-12-15 15:35:21.356] [exthost] [info] Skipping acquiring lock for c:\Users\racarla1\Documents\Git\VSCode_Portable\Installation\VSCode-win32-x64-1.63.0\data\user-data\User\workspaceStorage\4b7adacbe36082a839a8d81b0fd8bd33.
[2021-12-15 15:35:21.438] [exthost] [info] ExtensionService#_doActivateExtension vscode.microsoft-authentication, startup: false, activationEvent: 'onAuthenticationRequest:microsoft'
[2021-12-15 15:35:21.446] [exthost] [info] ExtensionService#_doActivateExtension cschlosser.doxdocgen, startup: false, activationEvent: 'onLanguage:cpp'
[2021-12-15 15:35:21.546] [exthost] [info] ExtensionService#_doActivateExtension ms-vscode.cpptools, startup: false, activationEvent: 'onLanguage:cpp'
[2021-12-15 15:35:21.575] [exthost] [info] ExtensionService#_doActivateExtension vscode.debug-auto-launch, startup: true, activationEvent: '*'
[2021-12-15 15:35:21.578] [exthost] [info] ExtensionService#_doActivateExtension vscode.git-base, startup: true, activationEvent: '*', root cause: vscode.github
[2021-12-15 15:35:21.580] [exthost] [info] ExtensionService#_doActivateExtension DanielLin.auto-header, startup: true, activationEvent: '*'
[2021-12-15 15:35:21.850] [exthost] [info] ExtensionService#_doActivateExtension vscode.git, startup: true, activationEvent: '*'
[2021-12-15 15:35:21.862] [exthost] [info] ExtensionService#_doActivateExtension vscode.github, startup: true, activationEvent: '*'
[2021-12-15 15:35:21.865] [exthost] [info] ExtensionService#_doActivateExtension platformio.platformio-ide, startup: true, activationEvent: '*'
[2021-12-15 15:35:22.176] [exthost] [info] Eager extensions activated
[2021-12-15 15:35:22.179] [exthost] [info] ExtensionService#_doActivateExtension vscode.configuration-editing, startup: false, activationEvent: 'onLanguage:json'
[2021-12-15 15:35:22.183] [exthost] [info] ExtensionService#_doActivateExtension vscode.extension-editing, startup: false, activationEvent: 'onLanguage:json'
[2021-12-15 15:35:22.187] [exthost] [info] ExtensionService#_doActivateExtension vscode.json-language-features, startup: false, activationEvent: 'onLanguage:json'
[2021-12-15 15:35:22.200] [exthost] [info] ExtensionService#_doActivateExtension vscode.npm, startup: false, activationEvent: 'onLanguage:json'
[2021-12-15 15:35:22.221] [exthost] [info] ExtensionService#_doActivateExtension vscode.github-authentication, startup: false, activationEvent: 'onAuthenticationRequest:github'
[2021-12-15 15:35:22.251] [exthost] [info] ExtensionService#_doActivateExtension vscode.emmet, startup: false, activationEvent: 'onStartupFinished'
[2021-12-15 15:35:22.256] [exthost] [info] ExtensionService#_doActivateExtension vscode.merge-conflict, startup: false, activationEvent: 'onStartupFinished'
[2021-12-15 15:35:22.258] [exthost] [info] ExtensionService#_doActivateExtension ms-vscode-remote.remote-wsl-recommender, startup: false, activationEvent: 'onStartupFinished'
[2021-12-15 15:35:22.266] [exthost] [info] ExtensionService#_doActivateExtension vscode.typescript-language-features, startup: false, activationEvent: 'onLanguage:jsonc'
[2021-12-15 15:35:22.727] [exthost] [warning] [Decorations] CAPPING events from decorations provider vscode.git 343
[2021-12-15 15:35:26.302] [exthost] [warning] [Decorations] CAPPING events from decorations provider vscode.git 353
[2021-12-15 15:36:30.165] [exthost] [warning] [Decorations] CAPPING events from decorations provider vscode.git 353
[2021-12-15 15:36:39.490] [exthost] [warning] [Decorations] CAPPING events from decorations provider vscode.git 353
[2021-12-15 15:36:48.903] [exthost] [warning] [Decorations] CAPPING events from decorations provider vscode.git 353
[2021-12-15 15:38:12.913] [exthost] [warning] [Decorations] CAPPING events from decorations provider vscode.git 353
[2021-12-15 15:38:19.469] [exthost] [warning] [Decorations] CAPPING events from decorations provider vscode.git 353
[2021-12-15 15:38:24.860] [exthost] [warning] [Decorations] CAPPING events from decorations provider vscode.git 354
[2021-12-15 15:38:34.707] [exthost] [warning] [Decorations] CAPPING events from decorations provider vscode.git 355
[2021-12-15 15:38:40.114] [exthost] [warning] [Decorations] CAPPING events from decorations provider vscode.git 354
[2021-12-15 15:38:45.506] [exthost] [warning] [Decorations] CAPPING events from decorations provider vscode.git 354
[2021-12-15 15:38:50.895] [exthost] [warning] [Decorations] CAPPING events from decorations provider vscode.git 354
[2021-12-15 15:39:03.324] [exthost] [warning] [Decorations] CAPPING events from decorations provider vscode.git 354
[2021-12-15 15:39:13.582] [exthost] [warning] [Decorations] CAPPING events from decorations provider vscode.git 354
[2021-12-15 15:39:48.037] [exthost] [warning] [Decorations] CAPPING events from decorations provider vscode.git 355
[2021-12-15 15:39:55.668] [exthost] [warning] [Decorations] CAPPING events from decorations provider vscode.git 355
[2021-12-15 15:41:33.428] [exthost] [warning] [Decorations] CAPPING events from decorations provider vscode.git 355
[2021-12-15 15:41:57.962] [exthost] [warning] [Decorations] CAPPING events from decorations provider vscode.git 356
[2021-12-15 15:42:03.351] [exthost] [warning] [Decorations] CAPPING events from decorations provider vscode.git 356
[2021-12-15 15:42:22.286] [exthost] [warning] [Decorations] CAPPING events from decorations provider vscode.git 355
[2021-12-15 15:42:27.677] [exthost] [warning] [Decorations] CAPPING events from decorations provider vscode.git 355
[2021-12-15 15:42:40.672] [exthost] [warning] [Decorations] CAPPING events from decorations provider vscode.git 355
[2021-12-15 15:42:58.533] [exthost] [warning] [Decorations] CAPPING events from decorations provider vscode.git 355
[2021-12-15 15:43:38.298] [exthost] [warning] [Decorations] CAPPING events from decorations provider vscode.git 355
[2021-12-15 15:44:10.125] [exthost] [warning] [Decorations] CAPPING events from decorations provider vscode.git 355
[2021-12-15 15:44:30.229] [exthost] [warning] [Decorations] CAPPING events from decorations provider vscode.git 355
[2021-12-15 15:45:09.533] [exthost] [warning] [Decorations] CAPPING events from decorations provider vscode.git 355
[2021-12-15 15:45:29.779] [exthost] [warning] [Decorations] CAPPING events from decorations provider vscode.git 355
[2021-12-15 15:45:49.904] [exthost] [warning] [Decorations] CAPPING events from decorations provider vscode.git 355
[2021-12-15 15:46:34.939] [exthost] [warning] [Decorations] CAPPING events from decorations provider vscode.git 355
[2021-12-15 15:46:40.567] [exthost] [warning] [Decorations] CAPPING events from decorations provider vscode.git 355
[2021-12-15 15:47:12.004] [exthost] [warning] [Decorations] CAPPING events from decorations provider vscode.git 355
[2021-12-15 15:47:37.205] [exthost] [warning] [Decorations] CAPPING events from decorations provider vscode.git 355
[2021-12-15 15:47:53.673] [exthost] [warning] [Decorations] CAPPING events from decorations provider vscode.git 355
[2021-12-15 15:49:13.026] [exthost] [warning] [Decorations] CAPPING events from decorations provider vscode.git 355
[2021-12-15 15:49:18.409] [exthost] [warning] [Decorations] CAPPING events from decorations provider vscode.git 355
[2021-12-15 15:50:00.380] [exthost] [warning] [Decorations] CAPPING events from decorations provider vscode.git 355
[2021-12-15 15:50:05.778] [exthost] [warning] [Decorations] CAPPING events from decorations provider vscode.git 355
[2021-12-15 15:50:11.174] [exthost] [warning] [Decorations] CAPPING events from decorations provider vscode.git 355
[2021-12-15 15:51:34.720] [exthost] [warning] [Decorations] CAPPING events from decorations provider vscode.git 355
[2021-12-15 15:51:42.867] [exthost] [warning] [Decorations] CAPPING events from decorations provider vscode.git 355
[2021-12-15 15:51:50.583] [exthost] [warning] [Decorations] CAPPING events from decorations provider vscode.git 355
[2021-12-15 15:52:35.081] [exthost] [warning] [Decorations] CAPPING events from decorations provider vscode.git 355
[2021-12-15 15:53:25.636] [exthost] [warning] [Decorations] CAPPING events from decorations provider vscode.git 355
[2021-12-15 15:53:31.022] [exthost] [warning] [Decorations] CAPPING events from decorations provider vscode.git 355
[2021-12-15 15:53:42.456] [exthost] [info] ExtensionService#_doActivateExtension vscode.grunt, startup: false, activationEvent: 'onCommand:workbench.action.tasks.runTask'
[2021-12-15 15:53:42.463] [exthost] [info] ExtensionService#_doActivateExtension vscode.gulp, startup: false, activationEvent: 'onCommand:workbench.action.tasks.runTask'
[2021-12-15 15:53:42.466] [exthost] [info] ExtensionService#_doActivateExtension vscode.jake, startup: false, activationEvent: 'onCommand:workbench.action.tasks.runTask'
[2021-12-15 15:53:47.237] [exthost] [warning] [Decorations] CAPPING events from decorations provider vscode.git 355
[2021-12-15 15:54:00.601] [exthost] [warning] [Decorations] CAPPING events from decorations provider vscode.git 355
[2021-12-15 15:54:09.613] [exthost] [warning] [Decorations] CAPPING events from decorations provider vscode.git 355
[2021-12-15 15:54:31.833] [exthost] [warning] [Decorations] CAPPING events from decorations provider vscode.git 355
[2021-12-15 15:54:38.644] [exthost] [warning] [Decorations] CAPPING events from decorations provider vscode.git 355
[2021-12-15 15:54:46.662] [exthost] [warning] [Decorations] CAPPING events from decorations provider vscode.git 355
[2021-12-15 15:54:57.790] [exthost] [warning] [Decorations] CAPPING events from decorations provider vscode.git 355
[2021-12-15 15:55:03.193] [exthost] [warning] [Decorations] CAPPING events from decorations provider vscode.git 355
[2021-12-15 15:55:08.579] [exthost] [warning] [Decorations] CAPPING events from decorations provider vscode.git 355
[2021-12-15 15:55:21.153] [exthost] [warning] [Decorations] CAPPING events from decorations provider vscode.git 355
[2021-12-15 15:56:34.362] [exthost] [warning] [Decorations] CAPPING events from decorations provider vscode.git 355
[2021-12-15 15:56:41.371] [exthost] [warning] [Decorations] CAPPING events from decorations provider vscode.git 355
[2021-12-15 15:56:56.395] [exthost] [warning] [Decorations] CAPPING events from decorations provider vscode.git 355
[2021-12-15 15:57:01.796] [exthost] [warning] [Decorations] CAPPING events from decorations provider vscode.git 355
[2021-12-15 15:57:22.958] [exthost] [warning] [Decorations] CAPPING events from decorations provider vscode.git 355
[2021-12-15 15:58:45.124] [exthost] [warning] [Decorations] CAPPING events from decorations provider vscode.git 355
[2021-12-15 15:58:56.564] [exthost] [warning] [Decorations] CAPPING events from decorations provider vscode.git 355
[2021-12-15 15:59:54.277] [exthost] [warning] [Decorations] CAPPING events from decorations provider vscode.git 355
[2021-12-15 16:00:13.868] [exthost] [warning] [Decorations] CAPPING events from decorations provider vscode.git 355
[2021-12-15 16:00:24.889] [exthost] [warning] [Decorations] CAPPING events from decorations provider vscode.git 355
[2021-12-15 16:00:42.336] [exthost] [warning] [Decorations] CAPPING events from decorations provider vscode.git 355
[2021-12-15 16:00:59.005] [exthost] [warning] [Decorations] CAPPING events from decorations provider vscode.git 355
[2021-12-15 16:01:35.268] [exthost] [warning] [Decorations] CAPPING events from decorations provider vscode.git 355
[2021-12-15 16:01:40.657] [exthost] [warning] [Decorations] CAPPING events from decorations provider vscode.git 355
[2021-12-15 16:01:52.788] [exthost] [warning] [Decorations] CAPPING events from decorations provider vscode.git 355
[2021-12-15 16:02:15.851] [exthost] [warning] [Decorations] CAPPING events from decorations provider vscode.git 355
[2021-12-15 16:02:21.255] [exthost] [warning] [Decorations] CAPPING events from decorations provider vscode.git 355
[2021-12-15 16:02:37.016] [exthost] [warning] [Decorations] CAPPING events from decorations provider vscode.git 355
[2021-12-15 16:04:33.288] [exthost] [warning] [Decorations] CAPPING events from decorations provider vscode.git 355
[2021-12-15 16:05:03.103] [exthost] [warning] [Decorations] CAPPING events from decorations provider vscode.git 355
[2021-12-15 16:05:08.491] [exthost] [warning] [Decorations] CAPPING events from decorations provider vscode.git 355
[2021-12-15 16:05:13.881] [exthost] [warning] [Decorations] CAPPING events from decorations provider vscode.git 355
[2021-12-15 16:05:19.277] [exthost] [warning] [Decorations] CAPPING events from decorations provider vscode.git 355
[2021-12-15 16:06:34.142] [exthost] [warning] [Decorations] CAPPING events from decorations provider vscode.git 355
[2021-12-15 16:07:16.276] [exthost] [warning] [Decorations] CAPPING events from decorations provider vscode.git 355
[2021-12-15 16:07:23.193] [exthost] [warning] [Decorations] CAPPING events from decorations provider vscode.git 355
[2021-12-15 16:07:36.188] [exthost] [warning] [Decorations] CAPPING events from decorations provider vscode.git 355
[2021-12-15 16:07:42.391] [exthost] [warning] [Decorations] CAPPING events from decorations provider vscode.git 355
[2021-12-15 16:07:55.098] [exthost] [warning] [Decorations] CAPPING events from decorations provider vscode.git 355
[2021-12-15 16:08:12.098] [exthost] [warning] [Decorations] CAPPING events from decorations provider vscode.git 355
[2021-12-15 16:08:17.486] [exthost] [warning] [Decorations] CAPPING events from decorations provider vscode.git 355
[2021-12-15 16:10:20.785] [exthost] [warning] [Decorations] CAPPING events from decorations provider vscode.git 355
[2021-12-15 16:10:28.465] [exthost] [info] extension host terminating: renderer closed the socket
[2021-12-15 16:10:28.530] [exthost] [info] Extension host with pid 14296 exiting with code 0
[2021-12-15 16:10:29.728] [exthost] [info] Extension host with pid 12368 started
[2021-12-15 16:10:29.728] [exthost] [info] Skipping acquiring lock for c:\Users\racarla1\Documents\Git\VSCode_Portable\Installation\VSCode-win32-x64-1.63.0\data\user-data\User\workspaceStorage\b9c5b73a130fc4908eaeff245e3a0afb.
[2021-12-15 16:10:29.891] [exthost] [info] ExtensionService#_doActivateExtension vscode.microsoft-authentication, startup: false, activationEvent: 'onAuthenticationRequest:microsoft'
[2021-12-15 16:10:29.899] [exthost] [info] ExtensionService#_doActivateExtension cschlosser.doxdocgen, startup: false, activationEvent: 'onLanguage:cpp'
[2021-12-15 16:10:29.998] [exthost] [info] ExtensionService#_doActivateExtension ms-vscode.cpptools, startup: false, activationEvent: 'onLanguage:cpp'
[2021-12-15 16:10:30.027] [exthost] [info] ExtensionService#_doActivateExtension vscode.debug-auto-launch, startup: true, activationEvent: '*'
[2021-12-15 16:10:30.029] [exthost] [info] ExtensionService#_doActivateExtension vscode.git-base, startup: true, activationEvent: '*', root cause: vscode.github
[2021-12-15 16:10:30.032] [exthost] [info] ExtensionService#_doActivateExtension DanielLin.auto-header, startup: true, activationEvent: '*'
[2021-12-15 16:10:30.344] [exthost] [info] ExtensionService#_doActivateExtension vscode.github-authentication, startup: false, activationEvent: 'onAuthenticationRequest:github'
[2021-12-15 16:10:30.351] [exthost] [info] ExtensionService#_doActivateExtension vscode.git, startup: true, activationEvent: '*'
[2021-12-15 16:10:30.365] [exthost] [info] ExtensionService#_doActivateExtension vscode.github, startup: true, activationEvent: '*'
[2021-12-15 16:10:30.370] [exthost] [info] ExtensionService#_doActivateExtension platformio.platformio-ide, startup: true, activationEvent: '*'
[2021-12-15 16:10:30.628] [exthost] [info] ExtensionService#_doActivateExtension vscode.configuration-editing, startup: false, activationEvent: 'onLanguage:json'
[2021-12-15 16:10:30.631] [exthost] [info] ExtensionService#_doActivateExtension vscode.extension-editing, startup: false, activationEvent: 'onLanguage:json'
[2021-12-15 16:10:30.635] [exthost] [info] ExtensionService#_doActivateExtension vscode.json-language-features, startup: false, activationEvent: 'onLanguage:json'
[2021-12-15 16:10:30.645] [exthost] [info] ExtensionService#_doActivateExtension vscode.npm, startup: false, activationEvent: 'onLanguage:json'
[2021-12-15 16:10:30.717] [exthost] [info] ExtensionService#_doActivateExtension vscode.typescript-language-features, startup: false, activationEvent: 'onLanguage:jsonc'
[2021-12-15 16:10:30.733] [exthost] [info] Eager extensions activated
[2021-12-15 16:10:30.777] [exthost] [info] ExtensionService#_doActivateExtension vscode.emmet, startup: false, activationEvent: 'onStartupFinished'
[2021-12-15 16:10:30.783] [exthost] [info] ExtensionService#_doActivateExtension vscode.merge-conflict, startup: false, activationEvent: 'onStartupFinished'
[2021-12-15 16:10:30.785] [exthost] [info] ExtensionService#_doActivateExtension ms-vscode-remote.remote-wsl-recommender, startup: false, activationEvent: 'onStartupFinished'
[2021-12-15 16:10:31.257] [exthost] [warning] [Decorations] CAPPING events from decorations provider vscode.git 360
[2021-12-15 16:10:34.530] [exthost] [info] ExtensionService#_doActivateExtension vscode.grunt, startup: false, activationEvent: 'onCommand:workbench.action.tasks.runTask'
[2021-12-15 16:10:34.533] [exthost] [info] ExtensionService#_doActivateExtension vscode.gulp, startup: false, activationEvent: 'onCommand:workbench.action.tasks.runTask'
[2021-12-15 16:10:34.535] [exthost] [info] ExtensionService#_doActivateExtension vscode.jake, startup: false, activationEvent: 'onCommand:workbench.action.tasks.runTask'
[2021-12-15 16:10:34.567] [exthost] [warning] [Decorations] CAPPING events from decorations provider vscode.git 373
[2021-12-15 16:10:39.963] [exthost] [warning] [Decorations] CAPPING events from decorations provider vscode.git 374
[2021-12-15 16:11:17.997] [exthost] [warning] [Decorations] CAPPING events from decorations provider vscode.git 374
[2021-12-15 16:11:41.401] [exthost] [info] extension host terminating: renderer closed the socket
[2021-12-15 16:11:41.432] [exthost] [info] Extension host with pid 12368 exiting with code 0
[2021-12-15 16:11:42.710] [exthost] [info] Extension host with pid 16768 started
[2021-12-15 16:11:42.710] [exthost] [info] Skipping acquiring lock for c:\Users\racarla1\Documents\Git\VSCode_Portable\Installation\VSCode-win32-x64-1.63.0\data\user-data\User\workspaceStorage\4b7adacbe36082a839a8d81b0fd8bd33.
[2021-12-15 16:11:42.812] [exthost] [info] ExtensionService#_doActivateExtension vscode.microsoft-authentication, startup: false, activationEvent: 'onAuthenticationRequest:microsoft'
[2021-12-15 16:11:42.820] [exthost] [info] ExtensionService#_doActivateExtension vscode.debug-auto-launch, startup: true, activationEvent: '*'
[2021-12-15 16:11:42.823] [exthost] [info] ExtensionService#_doActivateExtension vscode.git-base, startup: true, activationEvent: '*', root cause: vscode.github
[2021-12-15 16:11:42.825] [exthost] [info] ExtensionService#_doActivateExtension DanielLin.auto-header, startup: true, activationEvent: '*'
[2021-12-15 16:11:42.837] [exthost] [info] ExtensionService#_doActivateExtension ms-vscode.cpptools, startup: true, activationEvent: '*', root cause: platformio.platformio-ide
[2021-12-15 16:11:43.067] [exthost] [info] ExtensionService#_doActivateExtension vscode.git, startup: true, activationEvent: '*'
[2021-12-15 16:11:43.079] [exthost] [info] ExtensionService#_doActivateExtension vscode.github, startup: true, activationEvent: '*'
[2021-12-15 16:11:43.083] [exthost] [info] ExtensionService#_doActivateExtension platformio.platformio-ide, startup: true, activationEvent: '*'
[2021-12-15 16:11:43.338] [exthost] [info] ExtensionService#_doActivateExtension vscode.configuration-editing, startup: false, activationEvent: 'onLanguage:json'
[2021-12-15 16:11:43.342] [exthost] [info] ExtensionService#_doActivateExtension vscode.extension-editing, startup: false, activationEvent: 'onLanguage:json'
[2021-12-15 16:11:43.346] [exthost] [info] ExtensionService#_doActivateExtension vscode.json-language-features, startup: false, activationEvent: 'onLanguage:json'
[2021-12-15 16:11:43.356] [exthost] [info] ExtensionService#_doActivateExtension vscode.npm, startup: false, activationEvent: 'onLanguage:json'
[2021-12-15 16:11:43.446] [exthost] [info] ExtensionService#_doActivateExtension vscode.typescript-language-features, startup: false, activationEvent: 'onLanguage:jsonc'
[2021-12-15 16:11:43.453] [exthost] [info] ExtensionService#_doActivateExtension vscode.github-authentication, startup: false, activationEvent: 'onAuthenticationRequest:github'
[2021-12-15 16:11:43.511] [exthost] [info] Eager extensions activated
[2021-12-15 16:11:43.527] [exthost] [info] ExtensionService#_doActivateExtension vscode.emmet, startup: false, activationEvent: 'onStartupFinished'
[2021-12-15 16:11:43.532] [exthost] [info] ExtensionService#_doActivateExtension vscode.merge-conflict, startup: false, activationEvent: 'onStartupFinished'
[2021-12-15 16:11:43.534] [exthost] [info] ExtensionService#_doActivateExtension ms-vscode-remote.remote-wsl-recommender, startup: false, activationEvent: 'onStartupFinished'
[2021-12-15 16:11:43.991] [exthost] [warning] [Decorations] CAPPING events from decorations provider vscode.git 380
[2021-12-15 16:11:44.468] [exthost] [info] ExtensionService#_doActivateExtension cschlosser.doxdocgen, startup: false, activationEvent: 'onLanguage:cpp'
[2021-12-15 16:11:46.467] [exthost] [warning] [Decorations] CAPPING events from decorations provider vscode.git 390
[2021-12-15 16:11:51.850] [exthost] [warning] [Decorations] CAPPING events from decorations provider vscode.git 391
[2021-12-15 16:12:03.153] [exthost] [warning] [Decorations] CAPPING events from decorations provider vscode.git 391
[2021-12-15 16:12:19.951] [exthost] [info] ExtensionService#_doActivateExtension vscode.grunt, startup: false, activationEvent: 'onCommand:workbench.action.tasks.runTask'
[2021-12-15 16:12:19.954] [exthost] [info] ExtensionService#_doActivateExtension vscode.gulp, startup: false, activationEvent: 'onCommand:workbench.action.tasks.runTask'
[2021-12-15 16:12:19.957] [exthost] [info] ExtensionService#_doActivateExtension vscode.jake, startup: false, activationEvent: 'onCommand:workbench.action.tasks.runTask'
[2021-12-15 16:12:19.970] [exthost] [warning] [Decorations] CAPPING events from decorations provider vscode.git 391
[2021-12-15 16:12:25.372] [exthost] [warning] [Decorations] CAPPING events from decorations provider vscode.git 390
[2021-12-15 16:12:30.766] [exthost] [warning] [Decorations] CAPPING events from decorations provider vscode.git 390
[2021-12-15 16:13:36.787] [exthost] [warning] [Decorations] CAPPING events from decorations provider vscode.git 390
[2021-12-15 16:13:42.179] [exthost] [warning] [Decorations] CAPPING events from decorations provider vscode.git 390
[2021-12-15 16:16:21.113] [exthost] [warning] [Decorations] CAPPING events from decorations provider vscode.git 390
[2021-12-15 16:16:26.513] [exthost] [warning] [Decorations] CAPPING events from decorations provider vscode.git 390
[2021-12-15 16:16:31.913] [exthost] [warning] [Decorations] CAPPING events from decorations provider vscode.git 390
[2021-12-15 16:16:56.789] [exthost] [warning] [Decorations] CAPPING events from decorations provider vscode.git 390
[2021-12-15 16:17:52.416] [exthost] [warning] [Decorations] CAPPING events from decorations provider vscode.git 391
[2021-12-15 16:18:06.992] [exthost] [warning] [Decorations] CAPPING events from decorations provider vscode.git 391
[2021-12-15 16:18:20.083] [exthost] [warning] [Decorations] CAPPING events from decorations provider vscode.git 391
[2021-12-15 16:18:35.841] [exthost] [warning] [Decorations] CAPPING events from decorations provider vscode.git 391
[2021-12-15 16:18:41.246] [exthost] [warning] [Decorations] CAPPING events from decorations provider vscode.git 390
[2021-12-15 16:18:46.643] [exthost] [warning] [Decorations] CAPPING events from decorations provider vscode.git 390
[2021-12-15 16:19:07.228] [exthost] [warning] [Decorations] CAPPING events from decorations provider vscode.git 390
[2021-12-15 16:19:17.752] [exthost] [warning] [Decorations] CAPPING events from decorations provider vscode.git 390
[2021-12-15 16:19:23.132] [exthost] [warning] [Decorations] CAPPING events from decorations provider vscode.git 390
[2021-12-15 16:21:03.973] [exthost] [warning] [Decorations] CAPPING events from decorations provider vscode.git 390
[2021-12-15 16:21:17.205] [exthost] [warning] [Decorations] CAPPING events from decorations provider vscode.git 390
[2021-12-15 16:21:37.187] [exthost] [warning] [Decorations] CAPPING events from decorations provider vscode.git 389
[2021-12-15 16:21:42.587] [exthost] [warning] [Decorations] CAPPING events from decorations provider vscode.git 389
[2021-12-15 16:23:17.903] [exthost] [warning] [Decorations] CAPPING events from decorations provider vscode.git 423
[2021-12-15 16:23:23.305] [exthost] [warning] [Decorations] CAPPING events from decorations provider vscode.git 423
[2021-12-15 16:23:55.016] [exthost] [warning] [Decorations] CAPPING events from decorations provider vscode.git 424
[2021-12-15 16:24:15.109] [exthost] [warning] [Decorations] CAPPING events from decorations provider vscode.git 423
[2021-12-15 16:24:24.979] [exthost] [warning] [Decorations] CAPPING events from decorations provider vscode.git 422
[2021-12-15 16:24:30.365] [exthost] [warning] [Decorations] CAPPING events from decorations provider vscode.git 422
[2021-12-15 16:24:35.758] [exthost] [warning] [Decorations] CAPPING events from decorations provider vscode.git 422
[2021-12-15 16:24:41.148] [exthost] [warning] [Decorations] CAPPING events from decorations provider vscode.git 422
[2021-12-15 16:24:55.041] [exthost] [warning] [Decorations] CAPPING events from decorations provider vscode.git 422
[2021-12-15 16:25:15.856] [exthost] [warning] [Decorations] CAPPING events from decorations provider vscode.git 422
[2021-12-15 16:25:33.292] [exthost] [warning] [Decorations] CAPPING events from decorations provider vscode.git 422
[2021-12-15 16:25:43.669] [exthost] [warning] [Decorations] CAPPING events from decorations provider vscode.git 423
[2021-12-15 16:25:54.327] [exthost] [warning] [Decorations] CAPPING events from decorations provider vscode.git 423
[2021-12-15 16:26:05.612] [exthost] [warning] [Decorations] CAPPING events from decorations provider vscode.git 422
[2021-12-15 16:26:10.998] [exthost] [warning] [Decorations] CAPPING events from decorations provider vscode.git 422
[2021-12-15 16:26:26.239] [exthost] [warning] [Decorations] CAPPING events from decorations provider vscode.git 422
[2021-12-15 16:26:36.184] [exthost] [warning] [Decorations] CAPPING events from decorations provider vscode.git 422
[2021-12-15 16:26:51.345] [exthost] [warning] [Decorations] CAPPING events from decorations provider vscode.git 422
[2021-12-15 16:26:59.654] [exthost] [warning] [Decorations] CAPPING events from decorations provider vscode.git 422
[2021-12-15 16:27:17.129] [exthost] [warning] [Decorations] CAPPING events from decorations provider vscode.git 423
[2021-12-15 16:27:34.279] [exthost] [warning] [Decorations] CAPPING events from decorations provider vscode.git 423
[2021-12-15 16:27:39.667] [exthost] [warning] [Decorations] CAPPING events from decorations provider vscode.git 422
[2021-12-15 16:27:45.054] [exthost] [warning] [Decorations] CAPPING events from decorations provider vscode.git 422
[2021-12-15 16:27:51.329] [exthost] [warning] [Decorations] CAPPING events from decorations provider vscode.git 422
[2021-12-15 16:27:58.311] [exthost] [warning] [Decorations] CAPPING events from decorations provider vscode.git 422
[2021-12-15 16:28:03.704] [exthost] [warning] [Decorations] CAPPING events from decorations provider vscode.git 422
[2021-12-15 16:28:09.088] [exthost] [warning] [Decorations] CAPPING events from decorations provider vscode.git 422
[2021-12-15 16:28:14.478] [exthost] [warning] [Decorations] CAPPING events from decorations provider vscode.git 422
[2021-12-15 16:28:19.871] [exthost] [warning] [Decorations] CAPPING events from decorations provider vscode.git 422
[2021-12-15 16:28:27.483] [exthost] [warning] [Decorations] CAPPING events from decorations provider vscode.git 422
[2021-12-15 16:28:45.149] [exthost] [warning] [Decorations] CAPPING events from decorations provider vscode.git 422
[2021-12-15 16:29:43.733] [exthost] [warning] [Decorations] CAPPING events from decorations provider vscode.git 423
[2021-12-15 16:29:49.119] [exthost] [warning] [Decorations] CAPPING events from decorations provider vscode.git 423
[2021-12-15 16:30:01.522] [exthost] [warning] [Decorations] CAPPING events from decorations provider vscode.git 422
[2021-12-15 16:30:12.491] [exthost] [warning] [Decorations] CAPPING events from decorations provider vscode.git 422
[2021-12-15 16:30:18.744] [exthost] [warning] [Decorations] CAPPING events from decorations provider vscode.git 422
[2021-12-15 16:30:24.135] [exthost] [warning] [Decorations] CAPPING events from decorations provider vscode.git 423
[2021-12-15 16:30:29.529] [exthost] [warning] [Decorations] CAPPING events from decorations provider vscode.git 423
[2021-12-15 16:31:18.652] [exthost] [warning] [Decorations] CAPPING events from decorations provider vscode.git 455
[2021-12-15 16:31:24.034] [exthost] [warning] [Decorations] CAPPING events from decorations provider vscode.git 444
[2021-12-15 16:31:29.424] [exthost] [warning] [Decorations] CAPPING events from decorations provider vscode.git 444
[2021-12-15 16:31:40.532] [exthost] [warning] [Decorations] CAPPING events from decorations provider vscode.git 444
[2021-12-15 16:31:45.913] [exthost] [warning] [Decorations] CAPPING events from decorations provider vscode.git 445
[2021-12-15 16:31:54.935] [exthost] [warning] [Decorations] CAPPING events from decorations provider vscode.git 445
[2021-12-15 16:32:43.791] [exthost] [warning] [Decorations] CAPPING events from decorations provider vscode.git 445
[2021-12-15 16:33:10.395] [exthost] [warning] [Decorations] CAPPING events from decorations provider vscode.git 445
[2021-12-15 16:33:32.158] [exthost] [warning] [Decorations] CAPPING events from decorations provider vscode.git 444
[2021-12-15 16:33:43.797] [exthost] [warning] [Decorations] CAPPING events from decorations provider vscode.git 444
[2021-12-15 16:34:43.796] [exthost] [warning] [Decorations] CAPPING events from decorations provider vscode.git 444
[2021-12-15 16:35:50.294] [exthost] [warning] [Decorations] CAPPING events from decorations provider vscode.git 444
[2021-12-15 16:35:55.677] [exthost] [warning] [Decorations] CAPPING events from decorations provider vscode.git 445
[2021-12-15 16:36:07.362] [exthost] [warning] [Decorations] CAPPING events from decorations provider vscode.git 445
[2021-12-15 16:36:27.406] [exthost] [warning] [Decorations] CAPPING events from decorations provider vscode.git 444
[2021-12-15 16:36:37.000] [exthost] [warning] [Decorations] CAPPING events from decorations provider vscode.git 444
[2021-12-15 16:36:47.744] [exthost] [warning] [Decorations] CAPPING events from decorations provider vscode.git 444
[2021-12-15 16:36:54.858] [exthost] [warning] [Decorations] CAPPING events from decorations provider vscode.git 444
[2021-12-15 16:37:22.276] [exthost] [warning] [Decorations] CAPPING events from decorations provider vscode.git 444
[2021-12-15 16:37:31.184] [exthost] [warning] [Decorations] CAPPING events from decorations provider vscode.git 444
[2021-12-15 16:37:43.829] [exthost] [warning] [Decorations] CAPPING events from decorations provider vscode.git 445
[2021-12-15 16:38:02.614] [exthost] [warning] [Decorations] CAPPING events from decorations provider vscode.git 445
[2021-12-15 16:38:16.867] [exthost] [warning] [Decorations] CAPPING events from decorations provider vscode.git 444
[2021-12-15 16:38:30.203] [exthost] [warning] [Decorations] CAPPING events from decorations provider vscode.git 444
[2021-12-15 16:38:39.940] [exthost] [warning] [Decorations] CAPPING events from decorations provider vscode.git 444
[2021-12-15 16:38:59.073] [exthost] [warning] [Decorations] CAPPING events from decorations provider vscode.git 444
[2021-12-15 16:39:20.383] [exthost] [warning] [Decorations] CAPPING events from decorations provider vscode.git 444
[2021-12-15 16:39:32.979] [exthost] [warning] [Decorations] CAPPING events from decorations provider vscode.git 444
[2021-12-15 16:39:38.367] [exthost] [warning] [Decorations] CAPPING events from decorations provider vscode.git 444
[2021-12-15 16:40:18.217] [exthost] [warning] [Decorations] CAPPING events from decorations provider vscode.git 444
[2021-12-15 16:40:24.977] [exthost] [warning] [Decorations] CAPPING events from decorations provider vscode.git 451
[2021-12-15 16:40:40.061] [exthost] [warning] [Decorations] CAPPING events from decorations provider vscode.git 472
[2021-12-15 16:40:45.450] [exthost] [warning] [Decorations] CAPPING events from decorations provider vscode.git 473
[2021-12-15 16:41:10.726] [exthost] [warning] [Decorations] CAPPING events from decorations provider vscode.git 473
[2021-12-15 16:41:16.117] [exthost] [warning] [Decorations] CAPPING events from decorations provider vscode.git 471
[2021-12-15 16:41:34.612] [exthost] [warning] [Decorations] CAPPING events from decorations provider vscode.git 471
[2021-12-15 16:41:40.005] [exthost] [warning] [Decorations] CAPPING events from decorations provider vscode.git 471
[2021-12-15 16:41:47.814] [exthost] [warning] [Decorations] CAPPING events from decorations provider vscode.git 471
[2021-12-15 16:42:17.556] [exthost] [warning] [Decorations] CAPPING events from decorations provider vscode.git 471
[2021-12-15 16:42:22.946] [exthost] [warning] [Decorations] CAPPING events from decorations provider vscode.git 472
[2021-12-15 16:42:50.061] [exthost] [warning] [Decorations] CAPPING events from decorations provider vscode.git 472
[2021-12-15 16:42:56.040] [exthost] [warning] [Decorations] CAPPING events from decorations provider vscode.git 472
[2021-12-15 16:43:41.439] [exthost] [warning] [Decorations] CAPPING events from decorations provider vscode.git 471
[2021-12-15 16:44:06.411] [exthost] [warning] [Decorations] CAPPING events from decorations provider vscode.git 471
[2021-12-15 16:44:28.828] [exthost] [warning] [Decorations] CAPPING events from decorations provider vscode.git 471
[2021-12-15 16:44:43.968] [exthost] [warning] [Decorations] CAPPING events from decorations provider vscode.git 471
[2021-12-15 16:45:31.278] [exthost] [warning] [Decorations] CAPPING events from decorations provider vscode.git 471
[2021-12-15 16:45:44.001] [exthost] [warning] [Decorations] CAPPING events from decorations provider vscode.git 472
[2021-12-15 16:46:18.019] [exthost] [warning] [Decorations] CAPPING events from decorations provider vscode.git 472
[2021-12-15 16:46:24.951] [exthost] [warning] [Decorations] CAPPING events from decorations provider vscode.git 471
[2021-12-15 16:46:43.966] [exthost] [warning] [Decorations] CAPPING events from decorations provider vscode.git 472
[2021-12-15 16:47:21.116] [exthost] [warning] [Decorations] CAPPING events from decorations provider vscode.git 472
[2021-12-15 16:47:26.503] [exthost] [warning] [Decorations] CAPPING events from decorations provider vscode.git 471
[2021-12-15 16:47:44.005] [exthost] [warning] [Decorations] CAPPING events from decorations provider vscode.git 472
[2021-12-15 16:47:54.239] [exthost] [warning] [Decorations] CAPPING events from decorations provider vscode.git 472
[2021-12-15 16:48:05.483] [exthost] [warning] [Decorations] CAPPING events from decorations provider vscode.git 471
[2021-12-15 16:48:44.014] [exthost] [warning] [Decorations] CAPPING events from decorations provider vscode.git 472
[2021-12-15 16:49:06.400] [exthost] [warning] [Decorations] CAPPING events from decorations provider vscode.git 472
[2021-12-15 16:49:24.197] [exthost] [warning] [Decorations] CAPPING events from decorations provider vscode.git 471
[2021-12-15 16:49:44.013] [exthost] [warning] [Decorations] CAPPING events from decorations provider vscode.git 472
[2021-12-15 16:50:05.623] [exthost] [warning] [Decorations] CAPPING events from decorations provider vscode.git 472
[2021-12-15 16:50:11.014] [exthost] [warning] [Decorations] CAPPING events from decorations provider vscode.git 471
[2021-12-15 16:50:25.868] [exthost] [warning] [Decorations] CAPPING events from decorations provider vscode.git 471
[2021-12-15 16:50:44.033] [exthost] [warning] [Decorations] CAPPING events from decorations provider vscode.git 472
[2021-12-15 16:50:49.418] [exthost] [warning] [Decorations] CAPPING events from decorations provider vscode.git 472
[2021-12-15 16:50:56.414] [exthost] [warning] [Decorations] CAPPING events from decorations provider vscode.git 471
[2021-12-15 16:51:01.811] [exthost] [warning] [Decorations] CAPPING events from decorations provider vscode.git 471
[2021-12-15 16:51:07.213] [exthost] [warning] [Decorations] CAPPING events from decorations provider vscode.git 471
[2021-12-15 16:51:44.057] [exthost] [warning] [Decorations] CAPPING events from decorations provider vscode.git 472
[2021-12-15 16:52:44.049] [exthost] [warning] [Decorations] CAPPING events from decorations provider vscode.git 472
[2021-12-15 16:52:51.218] [exthost] [warning] [Decorations] CAPPING events from decorations provider vscode.git 472
[2021-12-15 16:53:26.274] [exthost] [warning] [Decorations] CAPPING events from decorations provider vscode.git 471
[2021-12-15 16:53:37.635] [exthost] [warning] [Decorations] CAPPING events from decorations provider vscode.git 471
[2021-12-15 16:54:28.010] [exthost] [warning] [Decorations] CAPPING events from decorations provider vscode.git 471
[2021-12-15 16:54:44.092] [exthost] [warning] [Decorations] CAPPING events from decorations provider vscode.git 472
[2021-12-15 16:54:59.096] [exthost] [warning] [Decorations] CAPPING events from decorations provider vscode.git 472
[2021-12-15 16:55:04.495] [exthost] [warning] [Decorations] CAPPING events from decorations provider vscode.git 471
[2021-12-15 16:55:15.266] [exthost] [warning] [Decorations] CAPPING events from decorations provider vscode.git 471
[2021-12-15 16:55:20.651] [exthost] [warning] [Decorations] CAPPING events from decorations provider vscode.git 471
[2021-12-15 16:55:44.138] [exthost] [warning] [Decorations] CAPPING events from decorations provider vscode.git 472
[2021-12-15 16:56:15.227] [exthost] [warning] [Decorations] CAPPING events from decorations provider vscode.git 472
[2021-12-15 16:56:44.133] [exthost] [warning] [Decorations] CAPPING events from decorations provider vscode.git 472
[2021-12-15 16:57:44.122] [exthost] [warning] [Decorations] CAPPING events from decorations provider vscode.git 472
[2021-12-15 16:58:38.859] [exthost] [warning] [Decorations] CAPPING events from decorations provider vscode.git 472
[2021-12-15 16:59:03.132] [exthost] [warning] [Decorations] CAPPING events from decorations provider vscode.git 472
[2021-12-15 16:59:11.950] [exthost] [warning] [Decorations] CAPPING events from decorations provider vscode.git 471
[2021-12-15 16:59:34.720] [exthost] [warning] [Decorations] CAPPING events from decorations provider vscode.git 471
[2021-12-15 16:59:58.437] [exthost] [warning] [Decorations] CAPPING events from decorations provider vscode.git 471
[2021-12-15 17:00:12.166] [exthost] [warning] [Decorations] CAPPING events from decorations provider vscode.git 471
[2021-12-15 17:00:37.872] [exthost] [warning] [Decorations] CAPPING events from decorations provider vscode.git 471
[2021-12-15 17:01:01.940] [exthost] [warning] [Decorations] CAPPING events from decorations provider vscode.git 471
[2021-12-15 17:01:07.432] [exthost] [warning] [Decorations] CAPPING events from decorations provider vscode.git 471
[2021-12-15 17:01:25.636] [exthost] [warning] [Decorations] CAPPING events from decorations provider vscode.git 471
[2021-12-15 17:01:44.173] [exthost] [warning] [Decorations] CAPPING events from decorations provider vscode.git 472
[2021-12-15 17:01:52.572] [exthost] [warning] [Decorations] CAPPING events from decorations provider vscode.git 472
[2021-12-15 17:02:19.144] [exthost] [warning] [Decorations] CAPPING events from decorations provider vscode.git 471
[2021-12-15 17:09:54.721] [exthost] [warning] [Decorations] CAPPING events from decorations provider vscode.git 471
[2021-12-15 17:10:21.200] [exthost] [warning] [Decorations] CAPPING events from decorations provider vscode.git 471
[2021-12-15 17:10:26.597] [exthost] [warning] [Decorations] CAPPING events from decorations provider vscode.git 471
[2021-12-15 17:10:41.770] [exthost] [warning] [Decorations] CAPPING events from decorations provider vscode.git 471
[2021-12-15 17:11:40.232] [exthost] [warning] [Decorations] CAPPING events from decorations provider vscode.git 471
[2021-12-15 17:11:45.628] [exthost] [warning] [Decorations] CAPPING events from decorations provider vscode.git 471
[2021-12-15 17:19:35.261] [exthost] [warning] [Decorations] CAPPING events from decorations provider vscode.git 613
[2021-12-15 17:19:40.833] [exthost] [warning] [Decorations] CAPPING events from decorations provider vscode.git 571
[2021-12-15 17:20:36.737] [exthost] [warning] [Decorations] CAPPING events from decorations provider vscode.git 572
[2021-12-15 17:20:42.307] [exthost] [warning] [Decorations] CAPPING events from decorations provider vscode.git 572
[2021-12-15 17:20:47.888] [exthost] [warning] [Decorations] CAPPING events from decorations provider vscode.git 571
[2021-12-15 17:21:05.997] [exthost] [warning] [Decorations] CAPPING events from decorations provider vscode.git 571
[2021-12-15 17:21:48.276] [exthost] [warning] [Decorations] CAPPING events from decorations provider vscode.git 571
[2021-12-15 17:21:56.621] [exthost] [warning] [Decorations] CAPPING events from decorations provider vscode.git 571
[2021-12-15 17:23:01.534] [exthost] [warning] [Decorations] CAPPING events from decorations provider vscode.git 571
[2021-12-15 17:23:23.868] [exthost] [warning] [Decorations] CAPPING events from decorations provider vscode.git 571
[2021-12-15 17:23:29.812] [exthost] [warning] [Decorations] CAPPING events from decorations provider vscode.git 572
[2021-12-15 17:23:42.734] [exthost] [warning] [Decorations] CAPPING events from decorations provider vscode.git 572
[2021-12-15 17:24:01.625] [exthost] [warning] [Decorations] CAPPING events from decorations provider vscode.git 571
[2021-12-15 17:24:32.144] [exthost] [warning] [Decorations] CAPPING events from decorations provider vscode.git 571
[2021-12-15 17:25:25.597] [exthost] [warning] [Decorations] CAPPING events from decorations provider vscode.git 571
[2021-12-15 17:25:45.028] [exthost] [warning] [Decorations] CAPPING events from decorations provider vscode.git 571
[2021-12-15 17:25:53.218] [exthost] [warning] [Decorations] CAPPING events from decorations provider vscode.git 571
[2021-12-15 17:25:58.796] [exthost] [warning] [Decorations] CAPPING events from decorations provider vscode.git 571
[2021-12-15 17:26:21.969] [exthost] [warning] [Decorations] CAPPING events from decorations provider vscode.git 571
[2021-12-15 17:26:27.541] [exthost] [warning] [Decorations] CAPPING events from decorations provider vscode.git 571
[2021-12-15 17:27:07.880] [exthost] [warning] [Decorations] CAPPING events from decorations provider vscode.git 571
[2021-12-15 17:28:18.009] [exthost] [warning] [Decorations] CAPPING events from decorations provider vscode.git 571
[2021-12-15 17:28:27.120] [exthost] [warning] [Decorations] CAPPING events from decorations provider vscode.git 571
[2021-12-15 17:28:50.354] [exthost] [warning] [Decorations] CAPPING events from decorations provider vscode.git 571
[2021-12-15 17:29:06.086] [exthost] [warning] [Decorations] CAPPING events from decorations provider vscode.git 571
[2021-12-15 17:29:16.244] [exthost] [warning] [Decorations] CAPPING events from decorations provider vscode.git 571
[2021-12-15 17:29:52.927] [exthost] [warning] [Decorations] CAPPING events from decorations provider vscode.git 571
[2021-12-15 17:30:52.554] [exthost] [warning] [Decorations] CAPPING events from decorations provider vscode.git 571
[2021-12-15 17:31:10.776] [exthost] [warning] [Decorations] CAPPING events from decorations provider vscode.git 571
[2021-12-15 17:31:21.612] [exthost] [warning] [Decorations] CAPPING events from decorations provider vscode.git 571
[2021-12-15 17:31:52.379] [exthost] [warning] [Decorations] CAPPING events from decorations provider vscode.git 572
[2021-12-15 17:32:00.289] [exthost] [warning] [Decorations] CAPPING events from decorations provider vscode.git 572
[2021-12-15 17:32:09.537] [exthost] [warning] [Decorations] CAPPING events from decorations provider vscode.git 571
[2021-12-15 17:32:45.037] [exthost] [warning] [Decorations] CAPPING events from decorations provider vscode.git 571
[2021-12-15 17:32:50.606] [exthost] [warning] [Decorations] CAPPING events from decorations provider vscode.git 571
[2021-12-15 17:33:09.010] [exthost] [warning] [Decorations] CAPPING events from decorations provider vscode.git 571
[2021-12-15 17:33:15.501] [exthost] [warning] [Decorations] CAPPING events from decorations provider vscode.git 571
[2021-12-15 17:33:29.959] [exthost] [warning] [Decorations] CAPPING events from decorations provider vscode.git 571
[2021-12-15 17:33:35.524] [exthost] [warning] [Decorations] CAPPING events from decorations provider vscode.git 571
[2021-12-15 17:33:45.042] [exthost] [warning] [Decorations] CAPPING events from decorations provider vscode.git 571
[2021-12-15 17:34:20.732] [exthost] [warning] [Decorations] CAPPING events from decorations provider vscode.git 571
[2021-12-15 17:34:45.059] [exthost] [warning] [Decorations] CAPPING events from decorations provider vscode.git 572
[2021-12-15 17:34:54.358] [exthost] [warning] [Decorations] CAPPING events from decorations provider vscode.git 572
[2021-12-15 17:35:34.154] [exthost] [warning] [Decorations] CAPPING events from decorations provider vscode.git 571
[2021-12-15 17:35:46.137] [exthost] [warning] [Decorations] CAPPING events from decorations provider vscode.git 569
[2021-12-15 17:36:00.040] [exthost] [warning] [Decorations] CAPPING events from decorations provider vscode.git 569
[2021-12-15 17:36:18.073] [exthost] [warning] [Decorations] CAPPING events from decorations provider vscode.git 569
[2021-12-15 17:36:33.814] [exthost] [warning] [Decorations] CAPPING events from decorations provider vscode.git 569
[2021-12-15 17:37:43.827] [exthost] [warning] [Decorations] CAPPING events from decorations provider vscode.git 569
[2021-12-15 17:37:59.277] [exthost] [warning] [Decorations] CAPPING events from decorations provider vscode.git 569
[2021-12-15 17:39:02.984] [exthost] [warning] [Decorations] CAPPING events from decorations provider vscode.git 569
[2021-12-15 17:39:51.369] [exthost] [warning] [Decorations] CAPPING events from decorations provider vscode.git 569
[2021-12-15 17:39:56.965] [exthost] [warning] [Decorations] CAPPING events from decorations provider vscode.git 569
[2021-12-15 17:40:02.565] [exthost] [warning] [Decorations] CAPPING events from decorations provider vscode.git 569
[2021-12-15 17:40:08.146] [exthost] [warning] [Decorations] CAPPING events from decorations provider vscode.git 569
[2021-12-15 17:40:32.823] [exthost] [warning] [Decorations] CAPPING events from decorations provider vscode.git 569
[2021-12-15 17:40:38.390] [exthost] [warning] [Decorations] CAPPING events from decorations provider vscode.git 569
[2021-12-15 17:41:33.163] [exthost] [warning] [Decorations] CAPPING events from decorations provider vscode.git 569
[2021-12-15 17:41:38.747] [exthost] [warning] [Decorations] CAPPING events from decorations provider vscode.git 569
[2021-12-15 17:41:44.337] [exthost] [warning] [Decorations] CAPPING events from decorations provider vscode.git 569
[2021-12-15 17:41:57.806] [exthost] [warning] [Decorations] CAPPING events from decorations provider vscode.git 569
[2021-12-15 17:45:21.485] [exthost] [warning] [Decorations] CAPPING events from decorations provider vscode.git 569
[2021-12-15 17:45:40.476] [exthost] [warning] [Decorations] CAPPING events from decorations provider vscode.git 569
[2021-12-15 17:45:49.074] [exthost] [warning] [Decorations] CAPPING events from decorations provider vscode.git 569
[2021-12-15 17:45:54.653] [exthost] [warning] [Decorations] CAPPING events from decorations provider vscode.git 569
[2021-12-15 17:46:11.804] [exthost] [warning] [Decorations] CAPPING events from decorations provider vscode.git 569
[2021-12-15 17:46:48.098] [exthost] [warning] [Decorations] CAPPING events from decorations provider vscode.git 569
[2021-12-15 17:47:16.678] [exthost] [warning] [Decorations] CAPPING events from decorations provider vscode.git 569
[2021-12-15 17:47:22.248] [exthost] [warning] [Decorations] CAPPING events from decorations provider vscode.git 569
[2021-12-15 17:47:27.826] [exthost] [warning] [Decorations] CAPPING events from decorations provider vscode.git 569
[2021-12-15 17:47:39.077] [exthost] [warning] [Decorations] CAPPING events from decorations provider vscode.git 569
[2021-12-15 17:48:30.811] [exthost] [warning] [Decorations] CAPPING events from decorations provider vscode.git 569
[2021-12-15 17:49:56.843] [exthost] [warning] [Decorations] CAPPING events from decorations provider vscode.git 569
[2021-12-15 17:50:20.694] [exthost] [warning] [Decorations] CAPPING events from decorations provider vscode.git 569
[2021-12-15 17:50:26.263] [exthost] [warning] [Decorations] CAPPING events from decorations provider vscode.git 569
[2021-12-15 17:50:31.849] [exthost] [warning] [Decorations] CAPPING events from decorations provider vscode.git 569
[2021-12-15 17:50:44.460] [exthost] [warning] [Decorations] CAPPING events from decorations provider vscode.git 569
[2021-12-15 17:51:29.903] [exthost] [warning] [Decorations] CAPPING events from decorations provider vscode.git 569
[2021-12-15 17:55:10.962] [exthost] [warning] [Decorations] CAPPING events from decorations provider vscode.git 569
[2021-12-15 17:55:28.520] [exthost] [warning] [Decorations] CAPPING events from decorations provider vscode.git 569
[2021-12-15 17:55:40.538] [exthost] [warning] [Decorations] CAPPING events from decorations provider vscode.git 569
[2021-12-15 17:56:34.211] [exthost] [warning] [Decorations] CAPPING events from decorations provider vscode.git 569
[2021-12-15 17:56:45.336] [exthost] [warning] [Decorations] CAPPING events from decorations provider vscode.git 569
[2021-12-15 17:56:50.928] [exthost] [warning] [Decorations] CAPPING events from decorations provider vscode.git 569
[2021-12-15 17:56:56.510] [exthost] [warning] [Decorations] CAPPING events from decorations provider vscode.git 569
[2021-12-15 17:57:09.601] [exthost] [warning] [Decorations] CAPPING events from decorations provider vscode.git 569
[2021-12-15 17:57:33.366] [exthost] [warning] [Decorations] CAPPING events from decorations provider vscode.git 569
[2021-12-15 17:57:43.531] [exthost] [warning] [Decorations] CAPPING events from decorations provider vscode.git 569
[2021-12-15 17:57:49.127] [exthost] [warning] [Decorations] CAPPING events from decorations provider vscode.git 569
[2021-12-15 17:57:54.708] [exthost] [warning] [Decorations] CAPPING events from decorations provider vscode.git 569
[2021-12-15 17:58:04.030] [exthost] [warning] [Decorations] CAPPING events from decorations provider vscode.git 569
[2021-12-15 17:58:24.947] [exthost] [warning] [Decorations] CAPPING events from decorations provider vscode.git 569
[2021-12-15 17:58:30.515] [exthost] [warning] [Decorations] CAPPING events from decorations provider vscode.git 569
[2021-12-15 17:58:42.011] [exthost] [warning] [Decorations] CAPPING events from decorations provider vscode.git 569
[2021-12-15 17:59:01.068] [exthost] [warning] [Decorations] CAPPING events from decorations provider vscode.git 569
[2021-12-15 17:59:23.578] [exthost] [warning] [Decorations] CAPPING events from decorations provider vscode.git 569
[2021-12-15 17:59:29.172] [exthost] [warning] [Decorations] CAPPING events from decorations provider vscode.git 569
[2021-12-15 17:59:34.744] [exthost] [warning] [Decorations] CAPPING events from decorations provider vscode.git 569
[2021-12-15 18:00:01.650] [exthost] [warning] [Decorations] CAPPING events from decorations provider vscode.git 569
[2021-12-15 18:00:44.468] [exthost] [warning] [Decorations] CAPPING events from decorations provider vscode.git 569
[2021-12-15 18:00:56.502] [exthost] [warning] [Decorations] CAPPING events from decorations provider vscode.git 569
[2021-12-15 18:01:02.082] [exthost] [warning] [Decorations] CAPPING events from decorations provider vscode.git 569
[2021-12-15 18:01:14.634] [exthost] [warning] [Decorations] CAPPING events from decorations provider vscode.git 569
[2021-12-15 18:01:42.074] [exthost] [warning] [Decorations] CAPPING events from decorations provider vscode.git 569
[2021-12-15 18:01:47.657] [exthost] [warning] [Decorations] CAPPING events from decorations provider vscode.git 569
[2021-12-15 18:02:07.257] [exthost] [warning] [Decorations] CAPPING events from decorations provider vscode.git 569
[2021-12-15 18:02:51.094] [exthost] [warning] [Decorations] CAPPING events from decorations provider vscode.git 569
[2021-12-15 18:02:56.670] [exthost] [warning] [Decorations] CAPPING events from decorations provider vscode.git 569
[2021-12-15 18:03:14.306] [exthost] [warning] [Decorations] CAPPING events from decorations provider vscode.git 569
[2021-12-15 18:03:46.282] [exthost] [warning] [Decorations] CAPPING events from decorations provider vscode.git 569
[2021-12-15 18:03:54.941] [exthost] [warning] [Decorations] CAPPING events from decorations provider vscode.git 569
[2021-12-15 18:04:00.532] [exthost] [warning] [Decorations] CAPPING events from decorations provider vscode.git 569
[2021-12-15 18:04:13.460] [exthost] [warning] [Decorations] CAPPING events from decorations provider vscode.git 569
[2021-12-15 18:04:51.458] [exthost] [warning] [Decorations] CAPPING events from decorations provider vscode.git 569
[2021-12-15 18:04:57.040] [exthost] [warning] [Decorations] CAPPING events from decorations provider vscode.git 569
[2021-12-15 18:05:08.761] [exthost] [warning] [Decorations] CAPPING events from decorations provider vscode.git 569
[2021-12-15 18:05:32.107] [exthost] [warning] [Decorations] CAPPING events from decorations provider vscode.git 569
[2021-12-15 18:05:37.680] [exthost] [warning] [Decorations] CAPPING events from decorations provider vscode.git 569
[2021-12-15 18:05:47.487] [exthost] [warning] [Decorations] CAPPING events from decorations provider vscode.git 569
[2021-12-15 18:06:18.421] [exthost] [warning] [Decorations] CAPPING events from decorations provider vscode.git 569
[2021-12-15 18:06:25.899] [exthost] [warning] [Decorations] CAPPING events from decorations provider vscode.git 569
[2021-12-15 18:06:31.516] [exthost] [warning] [Decorations] CAPPING events from decorations provider vscode.git 569
[2021-12-15 18:06:43.447] [exthost] [warning] [Decorations] CAPPING events from decorations provider vscode.git 569
[2021-12-15 18:09:56.539] [exthost] [warning] [Decorations] CAPPING events from decorations provider vscode.git 569
[2021-12-15 18:10:02.713] [exthost] [warning] [Decorations] CAPPING events from decorations provider vscode.git 569
[2021-12-15 18:10:08.286] [exthost] [warning] [Decorations] CAPPING events from decorations provider vscode.git 569
[2021-12-15 18:15:02.423] [exthost] [warning] [Decorations] CAPPING events from decorations provider vscode.git 569
[2021-12-15 18:15:08.004] [exthost] [warning] [Decorations] CAPPING events from decorations provider vscode.git 569
[2021-12-15 18:15:17.209] [exthost] [warning] [Decorations] CAPPING events from decorations provider vscode.git 569
[2021-12-15 18:16:17.547] [exthost] [warning] [Decorations] CAPPING events from decorations provider vscode.git 569
[2021-12-15 18:16:57.916] [exthost] [warning] [Decorations] CAPPING events from decorations provider vscode.git 569
[2021-12-15 18:17:43.443] [exthost] [warning] [Decorations] CAPPING events from decorations provider vscode.git 569
[2021-12-15 18:17:49.031] [exthost] [warning] [Decorations] CAPPING events from decorations provider vscode.git 569
[2021-12-15 18:17:54.609] [exthost] [warning] [Decorations] CAPPING events from decorations provider vscode.git 569
[2021-12-15 18:18:03.514] [exthost] [warning] [Decorations] CAPPING events from decorations provider vscode.git 569
[2021-12-15 18:18:47.890] [exthost] [warning] [Decorations] CAPPING events from decorations provider vscode.git 569
[2021-12-15 18:19:03.956] [exthost] [warning] [Decorations] CAPPING events from decorations provider vscode.git 569
[2021-12-15 18:19:09.554] [exthost] [warning] [Decorations] CAPPING events from decorations provider vscode.git 569
[2021-12-15 18:19:15.141] [exthost] [warning] [Decorations] CAPPING events from decorations provider vscode.git 569
[2021-12-15 18:19:35.202] [exthost] [warning] [Decorations] CAPPING events from decorations provider vscode.git 569
[2021-12-15 18:21:18.674] [exthost] [warning] [Decorations] CAPPING events from decorations provider vscode.git 569
[2021-12-15 18:22:29.605] [exthost] [warning] [Decorations] CAPPING events from decorations provider vscode.git 569
[2021-12-15 18:26:20.758] [exthost] [warning] [Decorations] CAPPING events from decorations provider vscode.git 569
[2021-12-15 18:26:26.345] [exthost] [warning] [Decorations] CAPPING events from decorations provider vscode.git 569
[2021-12-15 18:26:43.531] [exthost] [warning] [Decorations] CAPPING events from decorations provider vscode.git 569
[2021-12-15 18:27:14.221] [exthost] [warning] [Decorations] CAPPING events from decorations provider vscode.git 569
[2021-12-15 18:27:19.858] [exthost] [warning] [Decorations] CAPPING events from decorations provider vscode.git 569
[2021-12-15 18:27:25.436] [exthost] [warning] [Decorations] CAPPING events from decorations provider vscode.git 569
[2021-12-15 18:27:31.011] [exthost] [warning] [Decorations] CAPPING events from decorations provider vscode.git 569
[2021-12-15 18:27:45.823] [exthost] [warning] [Decorations] CAPPING events from decorations provider vscode.git 569
[2021-12-15 18:28:40.514] [exthost] [warning] [Decorations] CAPPING events from decorations provider vscode.git 569
[2021-12-15 18:29:12.181] [exthost] [warning] [Decorations] CAPPING events from decorations provider vscode.git 569
[2021-12-15 18:29:17.760] [exthost] [warning] [Decorations] CAPPING events from decorations provider vscode.git 569
[2021-12-15 18:29:23.347] [exthost] [warning] [Decorations] CAPPING events from decorations provider vscode.git 569
[2021-12-15 18:29:34.283] [exthost] [warning] [Decorations] CAPPING events from decorations provider vscode.git 569
[2021-12-15 18:29:52.079] [exthost] [warning] [Decorations] CAPPING events from decorations provider vscode.git 569
[2021-12-15 18:30:30.731] [exthost] [warning] [Decorations] CAPPING events from decorations provider vscode.git 569
[2021-12-15 18:31:11.690] [exthost] [warning] [Decorations] CAPPING events from decorations provider vscode.git 569
[2021-12-15 18:31:17.530] [exthost] [warning] [Decorations] CAPPING events from decorations provider vscode.git 569
[2021-12-15 18:31:23.102] [exthost] [warning] [Decorations] CAPPING events from decorations provider vscode.git 569
[2021-12-15 18:31:28.667] [exthost] [warning] [Decorations] CAPPING events from decorations provider vscode.git 569
[2021-12-15 18:31:51.745] [exthost] [warning] [Decorations] CAPPING events from decorations provider vscode.git 569
[2021-12-15 18:33:28.337] [exthost] [warning] [Decorations] CAPPING events from decorations provider vscode.git 569
[2021-12-15 18:33:40.024] [exthost] [warning] [Decorations] CAPPING events from decorations provider vscode.git 569
[2021-12-15 18:33:55.749] [exthost] [warning] [Decorations] CAPPING events from decorations provider vscode.git 569
[2021-12-15 18:34:03.692] [exthost] [warning] [Decorations] CAPPING events from decorations provider vscode.git 569
[2021-12-15 18:34:23.686] [exthost] [warning] [Decorations] CAPPING events from decorations provider vscode.git 569
[2021-12-15 18:34:34.334] [exthost] [warning] [Decorations] CAPPING events from decorations provider vscode.git 569
[2021-12-15 18:37:49.197] [exthost] [warning] [Decorations] CAPPING events from decorations provider vscode.git 569
[2021-12-15 18:38:14.183] [exthost] [warning] [Decorations] CAPPING events from decorations provider vscode.git 569
[2021-12-15 18:38:20.580] [exthost] [warning] [Decorations] CAPPING events from decorations provider vscode.git 569
[2021-12-15 18:38:38.155] [exthost] [warning] [Decorations] CAPPING events from decorations provider vscode.git 569
[2021-12-15 18:38:43.745] [exthost] [warning] [Decorations] CAPPING events from decorations provider vscode.git 569
[2021-12-15 18:38:53.660] [exthost] [warning] [Decorations] CAPPING events from decorations provider vscode.git 569
[2021-12-15 18:39:49.988] [exthost] [warning] [Decorations] CAPPING events from decorations provider vscode.git 569
[2021-12-15 18:40:02.372] [exthost] [warning] [Decorations] CAPPING events from decorations provider vscode.git 569
[2021-12-15 18:40:07.952] [exthost] [warning] [Decorations] CAPPING events from decorations provider vscode.git 569
[2021-12-15 18:40:13.524] [exthost] [warning] [Decorations] CAPPING events from decorations provider vscode.git 569
[2021-12-15 18:40:26.971] [exthost] [warning] [Decorations] CAPPING events from decorations provider vscode.git 569
[2021-12-15 18:41:26.851] [exthost] [warning] [Decorations] CAPPING events from decorations provider vscode.git 569
[2021-12-15 18:41:33.089] [exthost] [warning] [Decorations] CAPPING events from decorations provider vscode.git 569
[2021-12-15 18:41:49.062] [exthost] [warning] [Decorations] CAPPING events from decorations provider vscode.git 569
[2021-12-15 18:41:54.643] [exthost] [warning] [Decorations] CAPPING events from decorations provider vscode.git 569
[2021-12-15 18:42:06.083] [exthost] [warning] [Decorations] CAPPING events from decorations provider vscode.git 569
[2021-12-15 18:42:36.375] [exthost] [warning] [Decorations] CAPPING events from decorations provider vscode.git 569
[2021-12-15 18:43:34.576] [exthost] [warning] [Decorations] CAPPING events from decorations provider vscode.git 569
[2021-12-15 18:43:40.151] [exthost] [warning] [Decorations] CAPPING events from decorations provider vscode.git 569
[2021-12-15 18:43:45.731] [exthost] [warning] [Decorations] CAPPING events from decorations provider vscode.git 569
[2021-12-15 18:43:51.298] [exthost] [warning] [Decorations] CAPPING events from decorations provider vscode.git 569
[2021-12-15 18:43:59.811] [exthost] [warning] [Decorations] CAPPING events from decorations provider vscode.git 569
[2021-12-15 18:44:23.509] [exthost] [warning] [Decorations] CAPPING events from decorations provider vscode.git 569
[2021-12-15 18:45:45.664] [exthost] [warning] [Decorations] CAPPING events from decorations provider vscode.git 569
[2021-12-15 18:47:42.831] [exthost] [warning] [Decorations] CAPPING events from decorations provider vscode.git 569
[2021-12-15 18:47:57.146] [exthost] [warning] [Decorations] CAPPING events from decorations provider vscode.git 569
[2021-12-15 18:48:02.729] [exthost] [warning] [Decorations] CAPPING events from decorations provider vscode.git 569
[2021-12-15 18:48:10.829] [exthost] [warning] [Decorations] CAPPING events from decorations provider vscode.git 569
[2021-12-15 18:49:21.597] [exthost] [warning] [Decorations] CAPPING events from decorations provider vscode.git 569
[2021-12-15 18:49:27.177] [exthost] [warning] [Decorations] CAPPING events from decorations provider vscode.git 569
[2021-12-15 18:49:41.532] [exthost] [warning] [Decorations] CAPPING events from decorations provider vscode.git 569
[2021-12-15 18:51:01.974] [exthost] [warning] [Decorations] CAPPING events from decorations provider vscode.git 578
[2021-12-15 18:59:25.472] [exthost] [warning] [Decorations] CAPPING events from decorations provider vscode.git 612
[2021-12-15 18:59:31.048] [exthost] [warning] [Decorations] CAPPING events from decorations provider vscode.git 612
[2021-12-15 19:02:00.612] [exthost] [warning] [Decorations] CAPPING events from decorations provider vscode.git 612
[2021-12-15 19:02:07.286] [exthost] [warning] [Decorations] CAPPING events from decorations provider vscode.git 612
[2021-12-15 19:02:12.855] [exthost] [warning] [Decorations] CAPPING events from decorations provider vscode.git 612
[2021-12-15 19:03:01.543] [exthost] [warning] [Decorations] CAPPING events from decorations provider vscode.git 612
[2021-12-15 19:03:28.573] [exthost] [warning] [Decorations] CAPPING events from decorations provider vscode.git 612
[2021-12-15 19:03:34.134] [exthost] [warning] [Decorations] CAPPING events from decorations provider vscode.git 612
[2021-12-15 19:04:11.118] [exthost] [warning] [Decorations] CAPPING events from decorations provider vscode.git 612
[2021-12-15 19:04:26.885] [exthost] [warning] [Decorations] CAPPING events from decorations provider vscode.git 612
[2021-12-15 19:04:32.465] [exthost] [warning] [Decorations] CAPPING events from decorations provider vscode.git 612
[2021-12-15 19:04:50.073] [exthost] [warning] [Decorations] CAPPING events from decorations provider vscode.git 612
[2021-12-15 19:05:40.687] [exthost] [warning] [Decorations] CAPPING events from decorations provider vscode.git 612
[2021-12-15 19:07:14.398] [exthost] [warning] [Decorations] CAPPING events from decorations provider vscode.git 612
[2021-12-15 19:07:21.115] [exthost] [warning] [Decorations] CAPPING events from decorations provider vscode.git 612
[2021-12-15 19:07:45.397] [exthost] [warning] [Decorations] CAPPING events from decorations provider vscode.git 612
[2021-12-15 19:08:35.306] [exthost] [warning] [Decorations] CAPPING events from decorations provider vscode.git 612
[2021-12-15 19:08:53.515] [exthost] [warning] [Decorations] CAPPING events from decorations provider vscode.git 612
[2021-12-15 19:08:59.096] [exthost] [warning] [Decorations] CAPPING events from decorations provider vscode.git 612
[2021-12-15 19:09:05.891] [exthost] [warning] [Decorations] CAPPING events from decorations provider vscode.git 612
[2021-12-15 19:09:11.474] [exthost] [warning] [Decorations] CAPPING events from decorations provider vscode.git 612
[2021-12-15 19:09:17.055] [exthost] [warning] [Decorations] CAPPING events from decorations provider vscode.git 612
[2021-12-15 19:09:40.208] [exthost] [warning] [Decorations] CAPPING events from decorations provider vscode.git 612
[2021-12-15 19:16:44.345] [exthost] [info] extension host terminating: renderer closed the socket
[2021-12-15 19:16:44.427] [exthost] [info] Extension host with pid 16768 exiting with code 0
