[2021-12-10 11:16:10.028] [renderer1] [error] [Extension Host] (node:820) [DEP0005] DeprecationWarning: Buffer() is deprecated due to security and usability issues. Please use the Buffer.alloc(), Buffer.allocUnsafe(), or Buffer.from() methods instead.
(Use `Code --trace-deprecation ...` to show where the warning was created)
[2021-12-10 11:16:12.535] [renderer1] [error] ENOENT: no such file or directory, lstat 'C:\Users\racarla1\Documents\Git\VSCode_Portable\VSCode-win32-x64-1.63.0\conda': Error: ENOENT: no such file or directory, lstat 'C:\Users\racarla1\Documents\Git\VSCode_Portable\VSCode-win32-x64-1.63.0\conda'
[2021-12-10 11:24:34.444] [renderer1] [error] [Extension Host] (node:14472) [DEP0005] DeprecationWarning: Buffer() is deprecated due to security and usability issues. Please use the Buffer.alloc(), Buffer.allocUnsafe(), or Buffer.from() methods instead.
(Use `Code --trace-deprecation ...` to show where the warning was created)
[2021-12-10 11:24:57.159] [renderer1] [error] Bad progress location: platformio-ide.projectTasks: Error: Bad progress location: platformio-ide.projectTasks
    at r.withProgress (vscode-file://vscode-app/c:/Users/racarla1/Documents/Git/VSCode_Portable/VSCode-win32-x64-1.63.0/resources/app/out/vs/workbench/workbench.desktop.main.js:1720:31725)
    at b.$startProgress (vscode-file://vscode-app/c:/Users/racarla1/Documents/Git/VSCode_Portable/VSCode-win32-x64-1.63.0/resources/app/out/vs/workbench/workbench.desktop.main.js:1499:29066)
    at u._doInvokeHandler (vscode-file://vscode-app/c:/Users/racarla1/Documents/Git/VSCode_Portable/VSCode-win32-x64-1.63.0/resources/app/out/vs/workbench/workbench.desktop.main.js:1506:13116)
    at u._invokeHandler (vscode-file://vscode-app/c:/Users/racarla1/Documents/Git/VSCode_Portable/VSCode-win32-x64-1.63.0/resources/app/out/vs/workbench/workbench.desktop.main.js:1506:12800)
    at u._receiveRequest (vscode-file://vscode-app/c:/Users/racarla1/Documents/Git/VSCode_Portable/VSCode-win32-x64-1.63.0/resources/app/out/vs/workbench/workbench.desktop.main.js:1506:11462)
    at u._receiveOneMessage (vscode-file://vscode-app/c:/Users/racarla1/Documents/Git/VSCode_Portable/VSCode-win32-x64-1.63.0/resources/app/out/vs/workbench/workbench.desktop.main.js:1506:10140)
    at vscode-file://vscode-app/c:/Users/racarla1/Documents/Git/VSCode_Portable/VSCode-win32-x64-1.63.0/resources/app/out/vs/workbench/workbench.desktop.main.js:1506:8236
    at a.fire (vscode-file://vscode-app/c:/Users/racarla1/Documents/Git/VSCode_Portable/VSCode-win32-x64-1.63.0/resources/app/out/vs/workbench/workbench.desktop.main.js:69:1712)
    at o.fire (vscode-file://vscode-app/c:/Users/racarla1/Documents/Git/VSCode_Portable/VSCode-win32-x64-1.63.0/resources/app/out/vs/workbench/workbench.desktop.main.js:85:19631)
    at d._receiveMessage (vscode-file://vscode-app/c:/Users/racarla1/Documents/Git/VSCode_Portable/VSCode-win32-x64-1.63.0/resources/app/out/vs/workbench/workbench.desktop.main.js:85:24212)
    at vscode-file://vscode-app/c:/Users/racarla1/Documents/Git/VSCode_Portable/VSCode-win32-x64-1.63.0/resources/app/out/vs/workbench/workbench.desktop.main.js:85:21746
    at a.fire (vscode-file://vscode-app/c:/Users/racarla1/Documents/Git/VSCode_Portable/VSCode-win32-x64-1.63.0/resources/app/out/vs/workbench/workbench.desktop.main.js:69:1712)
    at s.acceptChunk (vscode-file://vscode-app/c:/Users/racarla1/Documents/Git/VSCode_Portable/VSCode-win32-x64-1.63.0/resources/app/out/vs/workbench/workbench.desktop.main.js:85:16459)
    at vscode-file://vscode-app/c:/Users/racarla1/Documents/Git/VSCode_Portable/VSCode-win32-x64-1.63.0/resources/app/out/vs/workbench/workbench.desktop.main.js:85:15589
    at Socket.O (vscode-file://vscode-app/c:/Users/racarla1/Documents/Git/VSCode_Portable/VSCode-win32-x64-1.63.0/resources/app/out/vs/workbench/workbench.desktop.main.js:2984:8477)
    at Socket.emit (events.js:315:20)
    at addChunk (internal/streams/readable.js:309:12)
    at readableAddChunk (internal/streams/readable.js:284:9)
    at Socket.Readable.push (internal/streams/readable.js:223:10)
    at Pipe.onStreamRead (internal/stream_base_commons.js:188:23)
[2021-12-10 11:34:01.801] [renderer1] [error] Cannot read property '1' of undefined: TypeError: Cannot read property '1' of undefined
	at I._delete (c:\Users\racarla1\Documents\Git\VSCode_Portable\VSCode-win32-x64-1.63.0\resources\app\out\vs\workbench\services\extensions\node\extensionHostProcess.js:67:63936)
	at I._delete (c:\Users\racarla1\Documents\Git\VSCode_Portable\VSCode-win32-x64-1.63.0\resources\app\out\vs\workbench\services\extensions\node\extensionHostProcess.js:67:63472)
	at I.delete (c:\Users\racarla1\Documents\Git\VSCode_Portable\VSCode-win32-x64-1.63.0\resources\app\out\vs\workbench\services\extensions\node\extensionHostProcess.js:67:62993)
	at c:\Users\racarla1\Documents\Git\VSCode_Portable\VSCode-win32-x64-1.63.0\resources\app\out\vs\workbench\services\extensions\node\extensionHostProcess.js:100:21084
	at processTicksAndRejections (internal/process/task_queues.js:93:5)
	at async Promise.all (index 0)
	at async v.$deltaExtensions (c:\Users\racarla1\Documents\Git\VSCode_Portable\VSCode-win32-x64-1.63.0\resources\app\out\vs\workbench\services\extensions\node\extensionHostProcess.js:100:20989)
