Validating found git in: C:\Program Files\Git\cmd\git.exe
Using git 2.29.2.windows.3 from C:\Program Files\Git\cmd\git.exe
> git rev-parse --git-dir
Open repository: c:\Users\racarla1\Documents\Git\VSCode_Portable
> git status -z -u
> git check-ignore -v -z --stdin
> git show --textconv :Projects/ESP32_FreeRTOS_Example_Periodic_Task/platformio.ini
> git ls-files --stage -- C:\Users\racarla1\Documents\Git\VSCode_Portable\Projects\ESP32_FreeRTOS_Example_Periodic_Task\platformio.ini
> git ls-files --stage -- C:\Users\racarla1\Documents\Git\VSCode_Portable\Projects\ESP32_FreeRTOS_Example_Periodic_Task\platformio.ini
> git show --textconv :Projects/ESP32_FreeRTOS_Example_Periodic_Task/platformio.ini
> git check-ignore -v -z --stdin
> git show --textconv :Projects/ESP32_FreeRTOS_Example_Periodic_Task/src/main.cpp
> git ls-files --stage -- C:\Users\racarla1\Documents\Git\VSCode_Portable\Projects\ESP32_FreeRTOS_Example_Periodic_Task\src\main.cpp
> git show --textconv :Projects/ESP32_FreeRTOS_Example_Periodic_Task/src/speed_control.cpp
> git ls-files --stage -- C:\Users\racarla1\Documents\Git\VSCode_Portable\Projects\ESP32_FreeRTOS_Example_Periodic_Task\src\speed_control.cpp
> git check-ignore -v -z --stdin
> git show --textconv :Projects/ESP32_FreeRTOS_Example_Periodic_Task/src/speed_control.h
> git ls-files --stage -- C:\Users\racarla1\Documents\Git\VSCode_Portable\Projects\ESP32_FreeRTOS_Example_Periodic_Task\src\speed_control.h
> git check-ignore -v -z --stdin
> git ls-files --stage -- C:\Users\racarla1\Documents\Git\VSCode_Portable\Projects\ESP32_FreeRTOS_Example_Periodic_Task\src\speed_control.h
> git show --textconv :Projects/ESP32_FreeRTOS_Example_Periodic_Task/src/speed_control.h
