La validación encontró Git en: C:\Program Files\Git\cmd\git.exe
Usando GIT 2.29.2.windows.3 desde C:\Program Files\Git\cmd\git.exe
> git rev-parse --git-dir
Open repository: c:\Users\racarla1\Documents\Git\VSCode_Portable
> git status -z -u
> git show --textconv :Projects/ESP32_FREERTOS_Example_1/src/main.c
> git ls-files --stage -- C:\Users\racarla1\Documents\Git\VSCode_Portable\Projects\ESP32_FREERTOS_Example_1\src\main.c
> git check-ignore -v -z --stdin
> git show --textconv :Projects/ESP32_FREERTOS_Example_1/src/main.c
> git ls-files --stage -- C:\Users\racarla1\Documents\Git\VSCode_Portable\Projects\ESP32_FREERTOS_Example_1\src\main.c
> git show --textconv :Projects/ESP32_FREERTOS_Example_1/src/CMakeLists.txt
> git ls-files --stage -- C:\Users\racarla1\Documents\Git\VSCode_Portable\Projects\ESP32_FREERTOS_Example_1\src\CMakeLists.txt
> git ls-files --stage -- C:\Users\racarla1\Documents\Git\VSCode_Portable\Projects\ESP32_FREERTOS_Example_1\src\CMakeLists.txt
> git show --textconv :Projects/ESP32_FREERTOS_Example_1/CMakeLists.txt
> git ls-files --stage -- C:\Users\racarla1\Documents\Git\VSCode_Portable\Projects\ESP32_FREERTOS_Example_1\CMakeLists.txt
> git show --textconv :Projects/ESP32_FREERTOS_Example_1/src/main.c
> git ls-files --stage -- C:\Users\racarla1\Documents\Git\VSCode_Portable\Projects\ESP32_FREERTOS_Example_1\src\main.c
> git ls-files --stage -- C:\Users\racarla1\Documents\Git\VSCode_Portable\Projects\ESP32_FREERTOS_Example_1\src\main.c
> git show --textconv :Projects/ESP32_FREERTOS_Example_1/src/main.c
> git check-ignore -v -z --stdin
> git check-ignore -v -z --stdin
> git show --textconv :Projects/ESP32_FREERTOS_Example_1/components/Foo/Foo.h
> git ls-files --stage -- C:\Users\racarla1\Documents\Git\VSCode_Portable\Projects\ESP32_FREERTOS_Example_1\components\Foo\Foo.h
> git check-ignore -v -z --stdin
> git show --textconv :Projects/ESP32_FREERTOS_Example_1/components/Foo/Foo.c
> git ls-files --stage -- C:\Users\racarla1\Documents\Git\VSCode_Portable\Projects\ESP32_FREERTOS_Example_1\components\Foo\Foo.c
> git check-ignore -v -z --stdin
> git show --textconv :Projects/ESP32_FREERTOS_Example_1/components/Foo/Foo.h
> git ls-files --stage -- C:\Users\racarla1\Documents\Git\VSCode_Portable\Projects\ESP32_FREERTOS_Example_1\components\Foo\Foo.h
> git show --textconv :Projects/ESP32_FREERTOS_Example_1/components/Foo/Foo.c
> git ls-files --stage -- C:\Users\racarla1\Documents\Git\VSCode_Portable\Projects\ESP32_FREERTOS_Example_1\components\Foo\Foo.c
> git show --textconv :Projects/ESP32_FREERTOS_Example_1/src/main.c
> git ls-files --stage -- C:\Users\racarla1\Documents\Git\VSCode_Portable\Projects\ESP32_FREERTOS_Example_1\src\main.c
> git show --textconv :Projects/ESP32_FREERTOS_Example_1/src/CMakeLists.txt
> git ls-files --stage -- C:\Users\racarla1\Documents\Git\VSCode_Portable\Projects\ESP32_FREERTOS_Example_1\src\CMakeLists.txt
> git show --textconv :Projects/ESP32_FREERTOS_Example_1/CMakeLists.txt
> git ls-files --stage -- C:\Users\racarla1\Documents\Git\VSCode_Portable\Projects\ESP32_FREERTOS_Example_1\CMakeLists.txt
> git show --textconv :Projects/ESP32_FREERTOS_Example_1/src/main.c
> git ls-files --stage -- C:\Users\racarla1\Documents\Git\VSCode_Portable\Projects\ESP32_FREERTOS_Example_1\src\main.c
> git show --textconv :Projects/ESP32_FREERTOS_Example_1/.gitignore
> git ls-files --stage -- C:\Users\racarla1\Documents\Git\VSCode_Portable\Projects\ESP32_FREERTOS_Example_1\.gitignore
> git show --textconv :Projects/ESP32_FREERTOS_Example_1/CMakeLists.txt
> git ls-files --stage -- C:\Users\racarla1\Documents\Git\VSCode_Portable\Projects\ESP32_FREERTOS_Example_1\CMakeLists.txt
> git show --textconv :Projects/ESP32_FREERTOS_Example_1/src/main.c
> git ls-files --stage -- C:\Users\racarla1\Documents\Git\VSCode_Portable\Projects\ESP32_FREERTOS_Example_1\src\main.c
