[2021-12-15 14:43:48.767] [exthost] [info] Extension host with pid 14368 started
[2021-12-15 14:43:48.823] [exthost] [info] ExtensionService#_doActivateExtension vscode.microsoft-authentication, startup: false, activationEvent: 'onAuthenticationRequest:microsoft'
[2021-12-15 14:43:48.831] [exthost] [info] ExtensionService#_doActivateExtension vscode.debug-auto-launch, startup: true, activationEvent: '*'
[2021-12-15 14:43:48.834] [exthost] [info] ExtensionService#_doActivateExtension vscode.git-base, startup: true, activationEvent: '*', root cause: vscode.github
[2021-12-15 14:43:48.836] [exthost] [info] ExtensionService#_doActivateExtension DanielLin.auto-header, startup: true, activationEvent: '*'
[2021-12-15 14:43:48.849] [exthost] [info] ExtensionService#_doActivateExtension ms-vscode.cpptools, startup: true, activationEvent: '*', root cause: platformio.platformio-ide
[2021-12-15 14:43:48.955] [exthost] [info] ExtensionService#_doActivateExtension vscode.git, startup: true, activationEvent: '*'
[2021-12-15 14:43:48.967] [exthost] [info] ExtensionService#_doActivateExtension vscode.github, startup: true, activationEvent: '*'
[2021-12-15 14:43:48.970] [exthost] [info] ExtensionService#_doActivateExtension platformio.platformio-ide, startup: true, activationEvent: '*'
[2021-12-15 14:43:49.226] [exthost] [info] ExtensionService#_doActivateExtension vscode.github-authentication, startup: false, activationEvent: 'onAuthenticationRequest:github'
[2021-12-15 14:43:49.253] [exthost] [info] Eager extensions activated
[2021-12-15 14:43:49.262] [exthost] [info] ExtensionService#_doActivateExtension vscode.emmet, startup: false, activationEvent: 'onStartupFinished'
[2021-12-15 14:43:49.267] [exthost] [info] ExtensionService#_doActivateExtension vscode.merge-conflict, startup: false, activationEvent: 'onStartupFinished'
[2021-12-15 14:43:49.269] [exthost] [info] ExtensionService#_doActivateExtension ms-vscode-remote.remote-wsl-recommender, startup: false, activationEvent: 'onStartupFinished'
[2021-12-15 14:43:58.196] [exthost] [info] extension host terminating: renderer closed the socket
[2021-12-15 14:43:58.200] [exthost] [info] Extension host with pid 14368 exiting with code 0
[2021-12-15 14:43:59.488] [exthost] [info] Extension host with pid 1272 started
[2021-12-15 14:43:59.488] [exthost] [info] Skipping acquiring lock for c:\Users\racarla1\Documents\Git\VSCode_Portable\Installation\VSCode-win32-x64-1.63.0\data\user-data\User\workspaceStorage\4b7adacbe36082a839a8d81b0fd8bd33.
[2021-12-15 14:43:59.592] [exthost] [info] ExtensionService#_doActivateExtension vscode.microsoft-authentication, startup: false, activationEvent: 'onAuthenticationRequest:microsoft'
[2021-12-15 14:43:59.600] [exthost] [info] ExtensionService#_doActivateExtension vscode.debug-auto-launch, startup: true, activationEvent: '*'
[2021-12-15 14:43:59.603] [exthost] [info] ExtensionService#_doActivateExtension vscode.git-base, startup: true, activationEvent: '*', root cause: vscode.github
[2021-12-15 14:43:59.606] [exthost] [info] ExtensionService#_doActivateExtension DanielLin.auto-header, startup: true, activationEvent: '*'
[2021-12-15 14:43:59.619] [exthost] [info] ExtensionService#_doActivateExtension ms-vscode.cpptools, startup: true, activationEvent: '*', root cause: platformio.platformio-ide
[2021-12-15 14:43:59.819] [exthost] [info] ExtensionService#_doActivateExtension vscode.configuration-editing, startup: false, activationEvent: 'onLanguage:json'
[2021-12-15 14:43:59.822] [exthost] [info] ExtensionService#_doActivateExtension vscode.extension-editing, startup: false, activationEvent: 'onLanguage:json'
[2021-12-15 14:43:59.827] [exthost] [info] ExtensionService#_doActivateExtension vscode.json-language-features, startup: false, activationEvent: 'onLanguage:json'
[2021-12-15 14:43:59.839] [exthost] [info] ExtensionService#_doActivateExtension vscode.npm, startup: false, activationEvent: 'onLanguage:json'
[2021-12-15 14:43:59.887] [exthost] [info] ExtensionService#_doActivateExtension vscode.git, startup: true, activationEvent: '*'
[2021-12-15 14:43:59.903] [exthost] [info] ExtensionService#_doActivateExtension vscode.github, startup: true, activationEvent: '*'
[2021-12-15 14:43:59.908] [exthost] [info] ExtensionService#_doActivateExtension platformio.platformio-ide, startup: true, activationEvent: '*'
[2021-12-15 14:44:00.145] [exthost] [info] ExtensionService#_doActivateExtension vscode.typescript-language-features, startup: false, activationEvent: 'onLanguage:jsonc'
[2021-12-15 14:44:00.151] [exthost] [info] ExtensionService#_doActivateExtension vscode.github-authentication, startup: false, activationEvent: 'onAuthenticationRequest:github'
[2021-12-15 14:44:00.211] [exthost] [info] Eager extensions activated
[2021-12-15 14:44:00.231] [exthost] [info] ExtensionService#_doActivateExtension vscode.emmet, startup: false, activationEvent: 'onStartupFinished'
[2021-12-15 14:44:00.236] [exthost] [info] ExtensionService#_doActivateExtension vscode.merge-conflict, startup: false, activationEvent: 'onStartupFinished'
[2021-12-15 14:44:00.239] [exthost] [info] ExtensionService#_doActivateExtension ms-vscode-remote.remote-wsl-recommender, startup: false, activationEvent: 'onStartupFinished'
[2021-12-15 14:44:00.677] [exthost] [warning] [Decorations] CAPPING events from decorations provider vscode.git 261
[2021-12-15 14:44:04.240] [exthost] [warning] [Decorations] CAPPING events from decorations provider vscode.git 273
[2021-12-15 14:44:09.626] [exthost] [warning] [Decorations] CAPPING events from decorations provider vscode.git 274
[2021-12-15 14:45:09.482] [exthost] [info] ExtensionService#_doActivateExtension vscode.grunt, startup: false, activationEvent: 'onCommand:workbench.action.tasks.runTask'
[2021-12-15 14:45:09.485] [exthost] [info] ExtensionService#_doActivateExtension vscode.gulp, startup: false, activationEvent: 'onCommand:workbench.action.tasks.runTask'
[2021-12-15 14:45:09.487] [exthost] [info] ExtensionService#_doActivateExtension vscode.jake, startup: false, activationEvent: 'onCommand:workbench.action.tasks.runTask'
[2021-12-15 14:45:14.180] [exthost] [warning] [Decorations] CAPPING events from decorations provider vscode.git 274
[2021-12-15 14:45:42.765] [exthost] [info] ExtensionService#_doActivateExtension vscode.simple-browser, startup: false, activationEvent: 'onOpenExternalUri:https'
[2021-12-15 14:46:29.803] [exthost] [warning] [Decorations] CAPPING events from decorations provider vscode.git 273
[2021-12-15 14:46:34.129] [exthost] [info] ExtensionService#_doActivateExtension cschlosser.doxdocgen, startup: false, activationEvent: 'onLanguage:cpp'
[2021-12-15 14:46:35.197] [exthost] [warning] [Decorations] CAPPING events from decorations provider vscode.git 273
[2021-12-15 14:46:44.484] [exthost] [warning] [Decorations] CAPPING events from decorations provider vscode.git 273
[2021-12-15 14:46:49.877] [exthost] [warning] [Decorations] CAPPING events from decorations provider vscode.git 273
[2021-12-15 14:47:10.057] [exthost] [warning] [Decorations] CAPPING events from decorations provider vscode.git 273
[2021-12-15 14:48:00.377] [exthost] [warning] [Decorations] CAPPING events from decorations provider vscode.git 273
[2021-12-15 14:48:07.217] [exthost] [warning] [Decorations] CAPPING events from decorations provider vscode.git 273
[2021-12-15 14:48:40.428] [exthost] [warning] [Decorations] CAPPING events from decorations provider vscode.git 273
[2021-12-15 14:49:13.405] [exthost] [warning] [Decorations] CAPPING events from decorations provider vscode.git 273
[2021-12-15 14:49:22.448] [exthost] [warning] [Decorations] CAPPING events from decorations provider vscode.git 273
[2021-12-15 14:49:31.014] [exthost] [warning] [Decorations] CAPPING events from decorations provider vscode.git 273
[2021-12-15 14:49:39.160] [exthost] [warning] [Decorations] CAPPING events from decorations provider vscode.git 273
[2021-12-15 14:49:44.544] [exthost] [warning] [Decorations] CAPPING events from decorations provider vscode.git 273
[2021-12-15 14:49:50.215] [exthost] [warning] [Decorations] CAPPING events from decorations provider vscode.git 273
[2021-12-15 14:49:55.592] [exthost] [warning] [Decorations] CAPPING events from decorations provider vscode.git 273
[2021-12-15 14:50:33.559] [exthost] [warning] [Decorations] CAPPING events from decorations provider vscode.git 273
[2021-12-15 14:51:45.369] [exthost] [warning] [Decorations] CAPPING events from decorations provider vscode.git 273
[2021-12-15 14:53:00.939] [exthost] [warning] [Decorations] CAPPING events from decorations provider vscode.git 273
[2021-12-15 14:53:28.170] [exthost] [warning] [Decorations] CAPPING events from decorations provider vscode.git 273
[2021-12-15 14:53:33.573] [exthost] [warning] [Decorations] CAPPING events from decorations provider vscode.git 274
[2021-12-15 14:53:38.966] [exthost] [warning] [Decorations] CAPPING events from decorations provider vscode.git 274
[2021-12-15 14:53:44.355] [exthost] [warning] [Decorations] CAPPING events from decorations provider vscode.git 273
[2021-12-15 14:53:49.755] [exthost] [warning] [Decorations] CAPPING events from decorations provider vscode.git 273
[2021-12-15 14:53:55.146] [exthost] [warning] [Decorations] CAPPING events from decorations provider vscode.git 274
[2021-12-15 14:54:01.476] [exthost] [warning] [Decorations] CAPPING events from decorations provider vscode.git 274
[2021-12-15 14:54:06.869] [exthost] [warning] [Decorations] CAPPING events from decorations provider vscode.git 273
[2021-12-15 14:54:12.268] [exthost] [warning] [Decorations] CAPPING events from decorations provider vscode.git 273
[2021-12-15 14:54:31.448] [exthost] [warning] [Decorations] CAPPING events from decorations provider vscode.git 273
[2021-12-15 14:54:53.866] [exthost] [warning] [Decorations] CAPPING events from decorations provider vscode.git 273
[2021-12-15 14:54:59.257] [exthost] [warning] [Decorations] CAPPING events from decorations provider vscode.git 273
[2021-12-15 14:55:11.586] [exthost] [warning] [Decorations] CAPPING events from decorations provider vscode.git 273
[2021-12-15 14:55:18.239] [exthost] [warning] [Decorations] CAPPING events from decorations provider vscode.git 273
[2021-12-15 14:55:59.039] [exthost] [warning] [Decorations] CAPPING events from decorations provider vscode.git 273
[2021-12-15 14:56:04.435] [exthost] [warning] [Decorations] CAPPING events from decorations provider vscode.git 273
[2021-12-15 14:56:09.825] [exthost] [warning] [Decorations] CAPPING events from decorations provider vscode.git 273
[2021-12-15 14:56:23.002] [exthost] [warning] [Decorations] CAPPING events from decorations provider vscode.git 273
[2021-12-15 14:56:58.545] [exthost] [warning] [Decorations] CAPPING events from decorations provider vscode.git 273
[2021-12-15 14:57:18.554] [exthost] [warning] [Decorations] CAPPING events from decorations provider vscode.git 273
[2021-12-15 14:57:48.012] [exthost] [warning] [Decorations] CAPPING events from decorations provider vscode.git 273
[2021-12-15 14:57:54.497] [exthost] [warning] [Decorations] CAPPING events from decorations provider vscode.git 273
[2021-12-15 14:57:59.893] [exthost] [warning] [Decorations] CAPPING events from decorations provider vscode.git 273
[2021-12-15 14:58:21.297] [exthost] [warning] [Decorations] CAPPING events from decorations provider vscode.git 273
[2021-12-15 15:00:54.060] [exthost] [warning] [Decorations] CAPPING events from decorations provider vscode.git 273
[2021-12-15 15:01:05.322] [exthost] [warning] [Decorations] CAPPING events from decorations provider vscode.git 273
[2021-12-15 15:01:10.712] [exthost] [warning] [Decorations] CAPPING events from decorations provider vscode.git 273
[2021-12-15 15:01:38.585] [exthost] [warning] [Decorations] CAPPING events from decorations provider vscode.git 273
[2021-12-15 15:03:16.511] [exthost] [warning] [Decorations] CAPPING events from decorations provider vscode.git 273
[2021-12-15 15:03:36.000] [exthost] [warning] [Decorations] CAPPING events from decorations provider vscode.git 273
[2021-12-15 15:04:03.769] [exthost] [warning] [Decorations] CAPPING events from decorations provider vscode.git 273
[2021-12-15 15:04:09.151] [exthost] [warning] [Decorations] CAPPING events from decorations provider vscode.git 273
[2021-12-15 15:04:14.540] [exthost] [warning] [Decorations] CAPPING events from decorations provider vscode.git 273
[2021-12-15 15:04:19.928] [exthost] [warning] [Decorations] CAPPING events from decorations provider vscode.git 273
[2021-12-15 15:04:39.157] [exthost] [warning] [Decorations] CAPPING events from decorations provider vscode.git 273
[2021-12-15 15:05:50.757] [exthost] [warning] [Decorations] CAPPING events from decorations provider vscode.git 273
[2021-12-15 15:06:10.756] [exthost] [info] extension host terminating: renderer closed the socket
[2021-12-15 15:06:10.800] [exthost] [info] Extension host with pid 1272 exiting with code 0
[2021-12-15 15:06:11.949] [exthost] [info] Extension host with pid 13540 started
[2021-12-15 15:06:11.949] [exthost] [info] Skipping acquiring lock for c:\Users\racarla1\Documents\Git\VSCode_Portable\Installation\VSCode-win32-x64-1.63.0\data\user-data\User\workspaceStorage\b9c5b73a130fc4908eaeff245e3a0afb.
[2021-12-15 15:06:12.230] [exthost] [info] ExtensionService#_doActivateExtension vscode.microsoft-authentication, startup: false, activationEvent: 'onAuthenticationRequest:microsoft'
[2021-12-15 15:06:12.238] [exthost] [info] ExtensionService#_doActivateExtension cschlosser.doxdocgen, startup: false, activationEvent: 'onLanguage:cpp'
[2021-12-15 15:06:12.323] [exthost] [info] ExtensionService#_doActivateExtension ms-vscode.cpptools, startup: false, activationEvent: 'onLanguage:cpp'
[2021-12-15 15:06:12.350] [exthost] [info] ExtensionService#_doActivateExtension vscode.debug-auto-launch, startup: true, activationEvent: '*'
[2021-12-15 15:06:12.353] [exthost] [info] ExtensionService#_doActivateExtension vscode.git-base, startup: true, activationEvent: '*', root cause: vscode.github
[2021-12-15 15:06:12.355] [exthost] [info] ExtensionService#_doActivateExtension DanielLin.auto-header, startup: true, activationEvent: '*'
[2021-12-15 15:06:12.531] [exthost] [info] ExtensionService#_doActivateExtension vscode.configuration-editing, startup: false, activationEvent: 'onLanguage:json'
[2021-12-15 15:06:12.534] [exthost] [info] ExtensionService#_doActivateExtension vscode.extension-editing, startup: false, activationEvent: 'onLanguage:json'
[2021-12-15 15:06:12.539] [exthost] [info] ExtensionService#_doActivateExtension vscode.json-language-features, startup: false, activationEvent: 'onLanguage:json'
[2021-12-15 15:06:12.550] [exthost] [info] ExtensionService#_doActivateExtension vscode.npm, startup: false, activationEvent: 'onLanguage:json'
[2021-12-15 15:06:12.574] [exthost] [info] ExtensionService#_doActivateExtension vscode.git, startup: true, activationEvent: '*'
[2021-12-15 15:06:12.586] [exthost] [info] ExtensionService#_doActivateExtension vscode.github, startup: true, activationEvent: '*'
[2021-12-15 15:06:12.589] [exthost] [info] ExtensionService#_doActivateExtension platformio.platformio-ide, startup: true, activationEvent: '*'
[2021-12-15 15:06:12.816] [exthost] [info] ExtensionService#_doActivateExtension vscode.github-authentication, startup: false, activationEvent: 'onAuthenticationRequest:github'
[2021-12-15 15:06:12.858] [exthost] [info] ExtensionService#_doActivateExtension vscode.typescript-language-features, startup: false, activationEvent: 'onLanguage:jsonc'
[2021-12-15 15:06:12.905] [exthost] [info] Eager extensions activated
[2021-12-15 15:06:12.924] [exthost] [info] ExtensionService#_doActivateExtension vscode.emmet, startup: false, activationEvent: 'onStartupFinished'
[2021-12-15 15:06:12.929] [exthost] [info] ExtensionService#_doActivateExtension vscode.merge-conflict, startup: false, activationEvent: 'onStartupFinished'
[2021-12-15 15:06:12.932] [exthost] [info] ExtensionService#_doActivateExtension ms-vscode-remote.remote-wsl-recommender, startup: false, activationEvent: 'onStartupFinished'
[2021-12-15 15:06:13.416] [exthost] [warning] [Decorations] CAPPING events from decorations provider vscode.git 278
[2021-12-15 15:06:16.805] [exthost] [warning] [Decorations] CAPPING events from decorations provider vscode.git 291
[2021-12-15 15:06:22.193] [exthost] [warning] [Decorations] CAPPING events from decorations provider vscode.git 293
[2021-12-15 15:06:45.007] [exthost] [warning] [Decorations] CAPPING events from decorations provider vscode.git 322
[2021-12-15 15:06:50.407] [exthost] [warning] [Decorations] CAPPING events from decorations provider vscode.git 321
[2021-12-15 15:07:07.140] [exthost] [info] extension host terminating: renderer closed the socket
[2021-12-15 15:07:07.187] [exthost] [info] Extension host with pid 13540 exiting with code 0
