[2021-12-15 17:12:25.271] [exthost] [info] Extension host with pid 13388 started
[2021-12-15 17:12:25.328] [exthost] [info] ExtensionService#_doActivateExtension vscode.microsoft-authentication, startup: false, activationEvent: 'onAuthenticationRequest:microsoft'
[2021-12-15 17:12:25.337] [exthost] [info] ExtensionService#_doActivateExtension vscode.debug-auto-launch, startup: true, activationEvent: '*'
[2021-12-15 17:12:25.340] [exthost] [info] ExtensionService#_doActivateExtension vscode.git-base, startup: true, activationEvent: '*', root cause: vscode.github
[2021-12-15 17:12:25.343] [exthost] [info] ExtensionService#_doActivateExtension DanielLin.auto-header, startup: true, activationEvent: '*'
[2021-12-15 17:12:25.354] [exthost] [info] ExtensionService#_doActivateExtension ms-vscode.cpptools, startup: true, activationEvent: '*', root cause: platformio.platformio-ide
[2021-12-15 17:12:25.455] [exthost] [info] ExtensionService#_doActivateExtension vscode.git, startup: true, activationEvent: '*'
[2021-12-15 17:12:25.468] [exthost] [info] ExtensionService#_doActivateExtension vscode.github, startup: true, activationEvent: '*'
[2021-12-15 17:12:25.472] [exthost] [info] ExtensionService#_doActivateExtension platformio.platformio-ide, startup: true, activationEvent: '*'
[2021-12-15 17:12:25.744] [exthost] [info] ExtensionService#_doActivateExtension vscode.github-authentication, startup: false, activationEvent: 'onAuthenticationRequest:github'
[2021-12-15 17:12:25.794] [exthost] [info] Eager extensions activated
[2021-12-15 17:12:25.804] [exthost] [info] ExtensionService#_doActivateExtension vscode.emmet, startup: false, activationEvent: 'onStartupFinished'
[2021-12-15 17:12:25.809] [exthost] [info] ExtensionService#_doActivateExtension vscode.merge-conflict, startup: false, activationEvent: 'onStartupFinished'
[2021-12-15 17:12:25.811] [exthost] [info] ExtensionService#_doActivateExtension ms-vscode-remote.remote-wsl-recommender, startup: false, activationEvent: 'onStartupFinished'
[2021-12-15 17:12:45.991] [exthost] [info] extension host terminating: renderer closed the socket
[2021-12-15 17:12:45.994] [exthost] [info] Extension host with pid 13388 exiting with code 0
[2021-12-15 17:12:47.024] [exthost] [info] Extension host with pid 19184 started
[2021-12-15 17:12:47.025] [exthost] [info] Skipping acquiring lock for c:\Users\racarla1\Documents\Git\VSCode_Portable\Installation\VSCode-win32-x64-1.63.0\data\user-data\User\workspaceStorage\d102d5b5fd7868422a25347c313eceaa.
[2021-12-15 17:12:47.075] [exthost] [info] ExtensionService#_doActivateExtension vscode.microsoft-authentication, startup: false, activationEvent: 'onAuthenticationRequest:microsoft'
[2021-12-15 17:12:47.082] [exthost] [info] ExtensionService#_doActivateExtension vscode.debug-auto-launch, startup: true, activationEvent: '*'
[2021-12-15 17:12:47.085] [exthost] [info] ExtensionService#_doActivateExtension vscode.git-base, startup: true, activationEvent: '*', root cause: vscode.github
[2021-12-15 17:12:47.087] [exthost] [info] ExtensionService#_doActivateExtension DanielLin.auto-header, startup: true, activationEvent: '*'
[2021-12-15 17:12:47.100] [exthost] [info] ExtensionService#_doActivateExtension ms-vscode.cpptools, startup: true, activationEvent: '*', root cause: platformio.platformio-ide
[2021-12-15 17:12:47.209] [exthost] [info] ExtensionService#_doActivateExtension vscode.git, startup: true, activationEvent: '*'
[2021-12-15 17:12:47.222] [exthost] [info] ExtensionService#_doActivateExtension vscode.github, startup: true, activationEvent: '*'
[2021-12-15 17:12:47.225] [exthost] [info] ExtensionService#_doActivateExtension platformio.platformio-ide, startup: true, activationEvent: '*'
[2021-12-15 17:12:47.468] [exthost] [info] ExtensionService#_doActivateExtension vscode.github-authentication, startup: false, activationEvent: 'onAuthenticationRequest:github'
[2021-12-15 17:12:47.519] [exthost] [info] Eager extensions activated
[2021-12-15 17:12:47.526] [exthost] [info] ExtensionService#_doActivateExtension vscode.emmet, startup: false, activationEvent: 'onStartupFinished'
[2021-12-15 17:12:47.531] [exthost] [info] ExtensionService#_doActivateExtension vscode.merge-conflict, startup: false, activationEvent: 'onStartupFinished'
[2021-12-15 17:12:47.533] [exthost] [info] ExtensionService#_doActivateExtension ms-vscode-remote.remote-wsl-recommender, startup: false, activationEvent: 'onStartupFinished'
[2021-12-15 17:12:47.635] [exthost] [info] ExtensionService#_doActivateExtension vscode.ipynb, startup: false, activationEvent: 'onNotebook:jupyter-notebook}'
[2021-12-15 17:12:47.703] [exthost] [info] ExtensionService#_doActivateExtension ms-toolsai.jupyter, startup: false, activationEvent: 'onNotebook:jupyter-notebook'
[2021-12-15 17:12:47.779] [exthost] [info] ExtensionService#_doActivateExtension ms-toolsai.jupyter-renderers, startup: false, activationEvent: 'onNotebook:*'
[2021-12-15 17:12:47.929] [exthost] [info] ExtensionService#_doActivateExtension ms-python.python, startup: false, activationEvent: 'api', root cause: ms-toolsai.jupyter
[2021-12-15 17:12:48.208] [exthost] [warning] [Decorations] CAPPING events from decorations provider vscode.git 490
[2021-12-15 17:12:48.338] [exthost] [info] ExtensionService#_doActivateExtension ms-python.vscode-pylance, startup: false, activationEvent: 'onLanguage:python'
[2021-12-15 17:12:50.785] [exthost] [error] [ms-toolsai.jupyter] provider FAILED
[2021-12-15 17:12:50.786] [exthost] [error] Canceled: Canceled
	at w.makeCancelError (c:\Users\racarla1\Documents\Git\VSCode_Portable\Installation\VSCode-win32-x64-1.63.0\data\extensions\ms-toolsai.jupyter-2021.11.1001550889\out\client\extension.js:16:176654)
	at w.handleFailedRequest (c:\Users\racarla1\Documents\Git\VSCode_Portable\Installation\VSCode-win32-x64-1.63.0\data\extensions\ms-toolsai.jupyter-2021.11.1001550889\out\client\extension.js:16:176505)
	at c:\Users\racarla1\Documents\Git\VSCode_Portable\Installation\VSCode-win32-x64-1.63.0\data\extensions\ms-toolsai.jupyter-2021.11.1001550889\out\client\extension.js:16:136847
	at async o.provideHover (c:\Users\racarla1\Documents\Git\VSCode_Portable\Installation\VSCode-win32-x64-1.63.0\resources\app\out\vs\workbench\services\extensions\node\extensionHostProcess.js:95:90908)
[2021-12-15 17:12:51.325] [exthost] [warning] [Decorations] CAPPING events from decorations provider vscode.git 532
[2021-12-15 17:12:53.277] [exthost] [error] [ms-toolsai.jupyter] provider FAILED
[2021-12-15 17:12:53.277] [exthost] [error] Canceled: Canceled
	at w.makeCancelError (c:\Users\racarla1\Documents\Git\VSCode_Portable\Installation\VSCode-win32-x64-1.63.0\data\extensions\ms-toolsai.jupyter-2021.11.1001550889\out\client\extension.js:16:176654)
	at w.handleFailedRequest (c:\Users\racarla1\Documents\Git\VSCode_Portable\Installation\VSCode-win32-x64-1.63.0\data\extensions\ms-toolsai.jupyter-2021.11.1001550889\out\client\extension.js:16:176505)
	at c:\Users\racarla1\Documents\Git\VSCode_Portable\Installation\VSCode-win32-x64-1.63.0\data\extensions\ms-toolsai.jupyter-2021.11.1001550889\out\client\extension.js:16:136847
	at async o.provideHover (c:\Users\racarla1\Documents\Git\VSCode_Portable\Installation\VSCode-win32-x64-1.63.0\resources\app\out\vs\workbench\services\extensions\node\extensionHostProcess.js:95:90908)
[2021-12-15 17:12:53.616] [exthost] [error] [ms-toolsai.jupyter] provider FAILED
[2021-12-15 17:12:53.616] [exthost] [error] Canceled: Canceled
	at w.makeCancelError (c:\Users\racarla1\Documents\Git\VSCode_Portable\Installation\VSCode-win32-x64-1.63.0\data\extensions\ms-toolsai.jupyter-2021.11.1001550889\out\client\extension.js:16:176654)
	at w.handleFailedRequest (c:\Users\racarla1\Documents\Git\VSCode_Portable\Installation\VSCode-win32-x64-1.63.0\data\extensions\ms-toolsai.jupyter-2021.11.1001550889\out\client\extension.js:16:176505)
	at c:\Users\racarla1\Documents\Git\VSCode_Portable\Installation\VSCode-win32-x64-1.63.0\data\extensions\ms-toolsai.jupyter-2021.11.1001550889\out\client\extension.js:16:136847
	at async o.provideHover (c:\Users\racarla1\Documents\Git\VSCode_Portable\Installation\VSCode-win32-x64-1.63.0\resources\app\out\vs\workbench\services\extensions\node\extensionHostProcess.js:95:90908)
[2021-12-15 17:13:05.462] [exthost] [error] [ms-toolsai.jupyter] provider FAILED
[2021-12-15 17:13:05.462] [exthost] [error] Canceled: Canceled
	at w.makeCancelError (c:\Users\racarla1\Documents\Git\VSCode_Portable\Installation\VSCode-win32-x64-1.63.0\data\extensions\ms-toolsai.jupyter-2021.11.1001550889\out\client\extension.js:16:176654)
	at w.handleFailedRequest (c:\Users\racarla1\Documents\Git\VSCode_Portable\Installation\VSCode-win32-x64-1.63.0\data\extensions\ms-toolsai.jupyter-2021.11.1001550889\out\client\extension.js:16:176505)
	at c:\Users\racarla1\Documents\Git\VSCode_Portable\Installation\VSCode-win32-x64-1.63.0\data\extensions\ms-toolsai.jupyter-2021.11.1001550889\out\client\extension.js:16:136055
	at async z.resolveCompletionItem (c:\Users\racarla1\Documents\Git\VSCode_Portable\Installation\VSCode-win32-x64-1.63.0\resources\app\out\vs\workbench\services\extensions\node\extensionHostProcess.js:95:102238)
[2021-12-15 17:13:37.274] [exthost] [warning] [Decorations] CAPPING events from decorations provider vscode.git 532
[2021-12-15 17:13:48.804] [exthost] [error] [ms-toolsai.jupyter] provider FAILED
[2021-12-15 17:13:48.805] [exthost] [error] Canceled: Canceled
	at w.makeCancelError (c:\Users\racarla1\Documents\Git\VSCode_Portable\Installation\VSCode-win32-x64-1.63.0\data\extensions\ms-toolsai.jupyter-2021.11.1001550889\out\client\extension.js:16:176654)
	at w.handleFailedRequest (c:\Users\racarla1\Documents\Git\VSCode_Portable\Installation\VSCode-win32-x64-1.63.0\data\extensions\ms-toolsai.jupyter-2021.11.1001550889\out\client\extension.js:16:176505)
	at c:\Users\racarla1\Documents\Git\VSCode_Portable\Installation\VSCode-win32-x64-1.63.0\data\extensions\ms-toolsai.jupyter-2021.11.1001550889\out\client\extension.js:16:136055
	at async z.resolveCompletionItem (c:\Users\racarla1\Documents\Git\VSCode_Portable\Installation\VSCode-win32-x64-1.63.0\resources\app\out\vs\workbench\services\extensions\node\extensionHostProcess.js:95:102238)
[2021-12-15 17:13:49.004] [exthost] [error] [ms-toolsai.jupyter] provider FAILED
[2021-12-15 17:13:49.004] [exthost] [error] Canceled: Canceled
	at w.makeCancelError (c:\Users\racarla1\Documents\Git\VSCode_Portable\Installation\VSCode-win32-x64-1.63.0\data\extensions\ms-toolsai.jupyter-2021.11.1001550889\out\client\extension.js:16:176654)
	at w.handleFailedRequest (c:\Users\racarla1\Documents\Git\VSCode_Portable\Installation\VSCode-win32-x64-1.63.0\data\extensions\ms-toolsai.jupyter-2021.11.1001550889\out\client\extension.js:16:176505)
	at c:\Users\racarla1\Documents\Git\VSCode_Portable\Installation\VSCode-win32-x64-1.63.0\data\extensions\ms-toolsai.jupyter-2021.11.1001550889\out\client\extension.js:16:136055
	at async z.resolveCompletionItem (c:\Users\racarla1\Documents\Git\VSCode_Portable\Installation\VSCode-win32-x64-1.63.0\resources\app\out\vs\workbench\services\extensions\node\extensionHostProcess.js:95:102238)
[2021-12-15 17:14:25.238] [exthost] [warning] [Decorations] CAPPING events from decorations provider vscode.git 532
[2021-12-15 17:14:36.120] [exthost] [warning] [Decorations] CAPPING events from decorations provider vscode.git 539
[2021-12-15 17:14:41.536] [exthost] [warning] [Decorations] CAPPING events from decorations provider vscode.git 540
[2021-12-15 17:14:44.618] [exthost] [error] [ms-toolsai.jupyter] provider FAILED
[2021-12-15 17:14:44.618] [exthost] [error] Canceled: Canceled
	at w.makeCancelError (c:\Users\racarla1\Documents\Git\VSCode_Portable\Installation\VSCode-win32-x64-1.63.0\data\extensions\ms-toolsai.jupyter-2021.11.1001550889\out\client\extension.js:16:176654)
	at w.handleFailedRequest (c:\Users\racarla1\Documents\Git\VSCode_Portable\Installation\VSCode-win32-x64-1.63.0\data\extensions\ms-toolsai.jupyter-2021.11.1001550889\out\client\extension.js:16:176505)
	at c:\Users\racarla1\Documents\Git\VSCode_Portable\Installation\VSCode-win32-x64-1.63.0\data\extensions\ms-toolsai.jupyter-2021.11.1001550889\out\client\extension.js:16:136847
	at async o.provideHover (c:\Users\racarla1\Documents\Git\VSCode_Portable\Installation\VSCode-win32-x64-1.63.0\resources\app\out\vs\workbench\services\extensions\node\extensionHostProcess.js:95:90908)
[2021-12-15 17:15:09.031] [exthost] [warning] [Decorations] CAPPING events from decorations provider vscode.git 540
[2021-12-15 17:15:14.435] [exthost] [warning] [Decorations] CAPPING events from decorations provider vscode.git 539
[2021-12-15 17:15:58.309] [exthost] [warning] [Decorations] CAPPING events from decorations provider vscode.git 541
[2021-12-15 17:18:06.559] [exthost] [warning] [Decorations] CAPPING events from decorations provider vscode.git 574
[2021-12-15 17:18:12.150] [exthost] [warning] [Decorations] CAPPING events from decorations provider vscode.git 574
[2021-12-15 17:18:17.743] [exthost] [warning] [Decorations] CAPPING events from decorations provider vscode.git 573
[2021-12-15 17:18:39.146] [exthost] [info] extension host terminating: renderer closed the socket
[2021-12-15 17:18:40.161] [exthost] [info] Extension host with pid 19184 exiting with code 0
