Info 2021-12-08 22:49:56: Experimentation service retrieved: [object Object]
Info 2021-12-08 22:49:56: ZMQ install verified.
Info 2021-12-08 22:49:57: Experiment status for python is {"enabled":true,"optInto":[],"optOutFrom":[]}
Warn 2021-12-08 22:49:57: Unable to create a controller for jupyter-notebook without an active interpreter.
Info 2021-12-08 22:49:57: Find preferred kernel for file:///c%3A/Users/Racarla/Documents/Git/VSCode_Portable/Projects/ButterworthFilter/Design/ButterworthFilter.ipynb with metadata {"kernelspec":{"display_name":"Python 3","language":"python","name":"python3"},"language_info":{"codemirror_mode":{"name":"ipython","version":3},"file_extension":".py","mimetype":"text/x-python","name":"python","nbconvert_exporter":"python","pygments_lexer":"ipython3","version":"3.10.1"}} & preferred interpreter {}
Info 2021-12-08 22:49:57: findPreferredKernel score for speclanguage=python, Python 3.9.3 64-bit is -1
Info 2021-12-08 22:49:57: findPreferredKernel score for Python3, Python 3.9.3 64-bit is 2
Info 2021-12-08 22:49:57: findPreferredKernel score for Python 3.9.3 64-bit is 2
Info 2021-12-08 22:49:57: findPreferredKernel score for speclanguage=python, Python 3.8.9 64-bit (system) is -1
Info 2021-12-08 22:49:57: findPreferredKernel score for Python3, Python 3.8.9 64-bit (system) is 2
Info 2021-12-08 22:49:57: findPreferredKernel score for Python 3.8.9 64-bit (system) is 2
Info 2021-12-08 22:49:57: findKernel found Python 3.9.3 64-bit
Info 2021-12-08 22:49:57: Find kernel spec, Class name = k, completed in 664ms, has a truthy return value, Arg 1: <Uri:c:\Users\Racarla\Documents\Git\VSCode_Portable\Projects\ButterworthFilter\Design\ButterworthFilter.ipynb>, Arg 2: {"kernelspec":{"display_name":"Python 3","language":"python","name":"python3"},"language_info":{"codemirror_mode":{"name":"ipython","version":3},"file_extension":".py","mimetype":"text/x-python","name":"python","nbconvert_exporter":"python","pygments_lexer":"ipython3","version":"3.10.1"}}, Arg 3: {"_isCancelled":false,"_emitter":{"_disposed":false,"_listeners":{"_first":{"next":{},"prev":{}},"_last":{"next":{},"prev":{}},"_size":1}}}, Return Value: {"kind":"startUsingPythonInterpreter","kernelSpec":{"specFile":"C:\\Users\\Racarla\\AppData\\Roaming\\jupyter\\kernels\\python393jvsc74a57bd03f177d953db2130419079651d39fee0f00705754b60983514250abbe93e63807\\kernel.json","interpreterPath":"C:\\Users\\Racarla\\AppData\\Local\\Programs\\Python\\Python39\\python.exe","name":"python393jvsc74a57bd03f177d953db2130419079651d39fee0f00705754b60983514250abbe93e63807","argv":["python","-m","ipykernel_launcher","-f","{connection_file}"],"language":"python","path":"python","display_name":"Python 3.9.3 64-bit","metadata":{"interpreter":{"sysPrefix":"C:\\Users\\Racarla\\AppData\\Local\\Programs\\Python\\Python39","envType":"Global","envName":"","envPath":"","path":"C:\\Users\\Racarla\\AppData\\Local\\Programs\\Python\\Python39\\python.exe","architecture":3,"sysVersion":"3.9.3 (tags/v3.9.3:e723086, Apr  2 2021, 11:35:20) [MSC v.1928 64 bit (AMD64)]","version":{"raw":"3.9.3","major":3,"minor":9,"patch":3,"build":[],"prerelease":["final","0"]},"companyDisplayName":"PythonCore","displayName":"Python 3.9.3 64-bit"}},"env":{}},"interpreter":{"sysPrefix":"C:\\Users\\Racarla\\AppData\\Local\\Programs\\Python\\Python39","envType":"Global","envName":"","envPath":"","path":"C:\\Users\\Racarla\\AppData\\Local\\Programs\\Python\\Python39\\python.exe","architecture":3,"sysVersion":"3.9.3 (tags/v3.9.3:e723086, Apr  2 2021, 11:35:20) [MSC v.1928 64 bit (AMD64)]","version":{"raw":"3.9.3","major":3,"minor":9,"patch":3,"build":[],"prerelease":["final","0"]},"companyDisplayName":"PythonCore","displayName":"Python 3.9.3 64-bit"},"id":".jvsc74a57bd03f177d953db2130419079651d39fee0f00705754b60983514250abbe93e63807.C:\\Users\\Racarla\\AppData\\Local\\Programs\\Python\\Python39\\python.exe.C:\\Users\\Racarla\\AppData\\Local\\Programs\\Python\\Python39\\python.exe.-m#ipykernel_launcher"}
Info 2021-12-08 22:49:57: PreferredConnection: .jvsc74a57bd03f177d953db2130419079651d39fee0f00705754b60983514250abbe93e63807.C:\Users\Racarla\AppData\Local\Programs\Python\Python39\python.exe.C:\Users\Racarla\AppData\Local\Programs\Python\Python39\python.exe.-m#ipykernel_launcher found for NotebookDocument: file:///c%3A/Users/Racarla/Documents/Git/VSCode_Portable/Projects/ButterworthFilter/Design/ButterworthFilter.ipynb
Info 2021-12-08 22:49:57: TargetController found ID: .jvsc74a57bd03f177d953db2130419079651d39fee0f00705754b60983514250abbe93e63807.C:\Users\Racarla\AppData\Local\Programs\Python\Python39\python.exe.C:\Users\Racarla\AppData\Local\Programs\Python\Python39\python.exe.-m#ipykernel_launcher for document file:///c%3A/Users/Racarla/Documents/Git/VSCode_Portable/Projects/ButterworthFilter/Design/ButterworthFilter.ipynb
Info 2021-12-08 22:49:57: Setting controller affinity for file:///c%3A/Users/Racarla/Documents/Git/VSCode_Portable/Projects/ButterworthFilter/Design/ButterworthFilter.ipynb .jvsc74a57bd03f177d953db2130419079651d39fee0f00705754b60983514250abbe93e63807.C:\Users\Racarla\AppData\Local\Programs\Python\Python39\python.exe.C:\Users\Racarla\AppData\Local\Programs\Python\Python39\python.exe.-m#ipykernel_launcher
Info 2021-12-08 22:50:02: Setting setActiveController for file:///c%3A/Users/Racarla/Documents/Git/VSCode_Portable/Projects/ButterworthFilter/Design/ButterworthFilter.ipynb
Info 2021-12-08 22:50:02: Execute Cells request 7 1, 3, 5, 6, 8, 10, 11
Info 2021-12-08 22:50:02: Execute Cell 1 file:///c%3A/Users/Racarla/Documents/Git/VSCode_Portable/Projects/ButterworthFilter/Design/ButterworthFilter.ipynb
Info 2021-12-08 22:50:02: Starting Notebook in kernel.ts id = .jvsc74a57bd0ecf5722fdaf1897a315d257d89d94520bfcaa453217d5becf09b39e73618b0de.C:\ProgramData\Miniconda3\python.exe.C:\ProgramData\Miniconda3\python.exe.-m#ipykernel_launcher
Info 2021-12-08 22:50:02: Execute Cell 3 file:///c%3A/Users/Racarla/Documents/Git/VSCode_Portable/Projects/ButterworthFilter/Design/ButterworthFilter.ipynb
Info 2021-12-08 22:50:02: Execute Cell 5 file:///c%3A/Users/Racarla/Documents/Git/VSCode_Portable/Projects/ButterworthFilter/Design/ButterworthFilter.ipynb
Info 2021-12-08 22:50:02: Execute Cell 6 file:///c%3A/Users/Racarla/Documents/Git/VSCode_Portable/Projects/ButterworthFilter/Design/ButterworthFilter.ipynb
Info 2021-12-08 22:50:02: Execute Cell 8 file:///c%3A/Users/Racarla/Documents/Git/VSCode_Portable/Projects/ButterworthFilter/Design/ButterworthFilter.ipynb
Info 2021-12-08 22:50:02: Execute Cell 10 file:///c%3A/Users/Racarla/Documents/Git/VSCode_Portable/Projects/ButterworthFilter/Design/ButterworthFilter.ipynb
Info 2021-12-08 22:50:02: Execute Cell 11 file:///c%3A/Users/Racarla/Documents/Git/VSCode_Portable/Projects/ButterworthFilter/Design/ButterworthFilter.ipynb
Info 2021-12-08 22:50:02: Creating raw notebook for file:///c%3A/Users/Racarla/Documents/Git/VSCode_Portable/Projects/ButterworthFilter/Design/ButterworthFilter.ipynb
Info 2021-12-08 22:50:02: Getting preferred kernel for file:///c%3A/Users/Racarla/Documents/Git/VSCode_Portable/Projects/ButterworthFilter/Design/ButterworthFilter.ipynb
Info 2021-12-08 22:50:02: Computing working directory file:///c%3A/Users/Racarla/Documents/Git/VSCode_Portable/Projects/ButterworthFilter/Design/ButterworthFilter.ipynb
Info 2021-12-08 22:50:02: Connecting to raw session for file:///c%3A/Users/Racarla/Documents/Git/VSCode_Portable/Projects/ButterworthFilter/Design/ButterworthFilter.ipynb with connection {"kind":"startUsingPythonInterpreter","kernelSpec":{"specFile":"C:\\Users\\Racarla\\AppData\\Roaming\\jupyter\\kernels\\python395jvsc74a57bd0ecf5722fdaf1897a315d257d89d94520bfcaa453217d5becf09b39e73618b0de\\kernel.json","interpreterPath":"C:\\ProgramData\\Miniconda3\\python.exe","name":"python395jvsc74a57bd0ecf5722fdaf1897a315d257d89d94520bfcaa453217d5becf09b39e73618b0de","argv":["python","-m","ipykernel_launcher","-f","{connection_file}"],"language":"python","path":"python","display_name":"Python 3.9.5 64-bit ('base': conda)","metadata":{"interpreter":{"sysPrefix":"C:\\ProgramData\\Miniconda3","envType":"Conda","envName":"base","envPath":"C:\\ProgramData\\Miniconda3","path":"C:\\ProgramData\\Miniconda3\\python.exe","architecture":3,"sysVersion":"3.9.5 (default, May 18 2021, 14:42:02) [MSC v.1916 64 bit (AMD64)]","version":{"raw":"3.9.5","major":3,"minor":9,"patch":5,"build":[],"prerelease":["final","0"]},"companyDisplayName":"ContinuumAnalytics","displayName":"Python 3.9.5 64-bit ('base': conda)"}},"env":{}},"interpreter":{"sysPrefix":"C:\\ProgramData\\Miniconda3","envType":"Conda","envName":"base","envPath":"C:\\ProgramData\\Miniconda3","path":"C:\\ProgramData\\Miniconda3\\python.exe","architecture":3,"sysVersion":"3.9.5 (default, May 18 2021, 14:42:02) [MSC v.1916 64 bit (AMD64)]","version":{"raw":"3.9.5","major":3,"minor":9,"patch":5,"build":[],"prerelease":["final","0"]},"companyDisplayName":"ContinuumAnalytics","displayName":"Python 3.9.5 64-bit ('base': conda)"},"id":".jvsc74a57bd0ecf5722fdaf1897a315d257d89d94520bfcaa453217d5becf09b39e73618b0de.C:\\ProgramData\\Miniconda3\\python.exe.C:\\ProgramData\\Miniconda3\\python.exe.-m#ipykernel_launcher"}
Info 2021-12-08 22:50:02: Starting raw kernel Python 3.9.5 64-bit ('base': conda)
Info 2021-12-08 22:50:02: installMissingDependencies C:\ProgramData\Miniconda3\python.exe
Info 2021-12-08 22:50:02: KernelProvider switched kernel to id = .jvsc74a57bd0ecf5722fdaf1897a315d257d89d94520bfcaa453217d5becf09b39e73618b0de.C:\ProgramData\Miniconda3\python.exe.C:\ProgramData\Miniconda3\python.exe.-m#ipykernel_launcher
Error 2021-12-08 22:50:03: Failed to get activated conda env variables for base: C:\ProgramData\Miniconda3\python.exe
Info 2021-12-08 22:50:03: Process Execution: > C:\ProgramData\Miniconda3\python.exe -c "import ipykernel"
> C:\ProgramData\Miniconda3\python.exe -c "import ipykernel"
Error 2021-12-08 22:50:03: Failed to get activated conda env variables for base: C:\ProgramData\Miniconda3\python.exe
Info 2021-12-08 22:50:03: Process Execution: > C:\ProgramData\Miniconda3\python.exe -m pip list
> C:\ProgramData\Miniconda3\python.exe -m pip list
Error 2021-12-08 22:50:05: Failed to get activated conda env variables for base: C:\ProgramData\Miniconda3\python.exe
Info 2021-12-08 22:50:05: Process Execution: > C:\ProgramData\Miniconda3\python.exe -m pip list
> C:\ProgramData\Miniconda3\python.exe -m pip list
Error 2021-12-08 22:50:39: Install Missing Dependencies, Class name = S, completed in 37038ms, has a falsy return value, Return Value: undefined [a [Error]: IPyKernel not installed into interpreter Python 3.9.5 64-bit ('base': conda):C:\ProgramData\Miniconda3\python.exe
	at S.handleKernelDependencyResponse (c:\Users\Racarla\Documents\Git\VSCode_Portable\VSCode-win32-x64-1.62.3\data\extensions\ms-toolsai.jupyter-2021.10.1101450599\out\client\extension.js:66:1226298)
	at S.installMissingDependencies (c:\Users\Racarla\Documents\Git\VSCode_Portable\VSCode-win32-x64-1.62.3\data\extensions\ms-toolsai.jupyter-2021.10.1101450599\out\client\extension.js:66:1225831)
	at processTicksAndRejections (internal/process/task_queues.js:93:5)] {
  category: 'noipykernel',
  reason: 2
}
Error 2021-12-08 22:50:39: Raw session failed to start because dependencies not installed
Info 2021-12-08 22:50:39: Shutdown session -- complete
Error 2021-12-08 22:50:39: failed to create INotebook in kernel, UI Disabled = undefined [a [Error]: IPyKernel not installed into interpreter Python 3.9.5 64-bit ('base': conda):C:\ProgramData\Miniconda3\python.exe
	at S.handleKernelDependencyResponse (c:\Users\Racarla\Documents\Git\VSCode_Portable\VSCode-win32-x64-1.62.3\data\extensions\ms-toolsai.jupyter-2021.10.1101450599\out\client\extension.js:66:1226298)
	at S.installMissingDependencies (c:\Users\Racarla\Documents\Git\VSCode_Portable\VSCode-win32-x64-1.62.3\data\extensions\ms-toolsai.jupyter-2021.10.1101450599\out\client\extension.js:66:1225831)
	at processTicksAndRejections (internal/process/task_queues.js:93:5)] {
  category: 'noipykernel',
  reason: 2
}
Error 2021-12-08 22:50:39: DataScience Error [a [Error]: IPyKernel not installed into interpreter Python 3.9.5 64-bit ('base': conda):C:\ProgramData\Miniconda3\python.exe
	at S.handleKernelDependencyResponse (c:\Users\Racarla\Documents\Git\VSCode_Portable\VSCode-win32-x64-1.62.3\data\extensions\ms-toolsai.jupyter-2021.10.1101450599\out\client\extension.js:66:1226298)
	at S.installMissingDependencies (c:\Users\Racarla\Documents\Git\VSCode_Portable\VSCode-win32-x64-1.62.3\data\extensions\ms-toolsai.jupyter-2021.10.1101450599\out\client\extension.js:66:1225831)
	at processTicksAndRejections (internal/process/task_queues.js:93:5)] {
  category: 'noipykernel',
  reason: 2
}
Error 2021-12-08 22:50:39: failed to start INotebook in kernel, UI Disabled = undefined [a [Error]: IPyKernel not installed into interpreter Python 3.9.5 64-bit ('base': conda):C:\ProgramData\Miniconda3\python.exe
	at S.handleKernelDependencyResponse (c:\Users\Racarla\Documents\Git\VSCode_Portable\VSCode-win32-x64-1.62.3\data\extensions\ms-toolsai.jupyter-2021.10.1101450599\out\client\extension.js:66:1226298)
	at S.installMissingDependencies (c:\Users\Racarla\Documents\Git\VSCode_Portable\VSCode-win32-x64-1.62.3\data\extensions\ms-toolsai.jupyter-2021.10.1101450599\out\client\extension.js:66:1225831)
	at processTicksAndRejections (internal/process/task_queues.js:93:5)] {
  category: 'noipykernel',
  reason: 2
}
Error 2021-12-08 22:50:39: Failed to execute cells in CellExecutionQueue [a [Error]: IPyKernel not installed into interpreter Python 3.9.5 64-bit ('base': conda):C:\ProgramData\Miniconda3\python.exe
	at S.handleKernelDependencyResponse (c:\Users\Racarla\Documents\Git\VSCode_Portable\VSCode-win32-x64-1.62.3\data\extensions\ms-toolsai.jupyter-2021.10.1101450599\out\client\extension.js:66:1226298)
	at S.installMissingDependencies (c:\Users\Racarla\Documents\Git\VSCode_Portable\VSCode-win32-x64-1.62.3\data\extensions\ms-toolsai.jupyter-2021.10.1101450599\out\client\extension.js:66:1225831)
	at processTicksAndRejections (internal/process/task_queues.js:93:5)] {
  category: 'noipykernel',
  reason: 2
}
Info 2021-12-08 22:50:39: Cancel pending cells
Error 2021-12-08 22:50:39: Failed to get activated conda env variables for base: C:\ProgramData\Miniconda3\python.exe
Info 2021-12-08 22:50:39: Process Execution: > C:\ProgramData\Miniconda3\python.exe -m pip list
> C:\ProgramData\Miniconda3\python.exe -m pip list
Info 2021-12-08 22:50:39: Registering dummy command feature
Info 2021-12-08 22:56:55: Shutting down notebooks for 6539e8ec-de77-484e-a4b0-428d18a3be7e
Info 2021-12-08 22:56:55: Disposing HostJupyterExecution 59abbbf6-5587-4b82-8101-98ff23021e3d
Info 2021-12-08 22:56:55: Disposing super HostJupyterExecution 59abbbf6-5587-4b82-8101-98ff23021e3d
Info 2021-12-08 22:56:55: Dispose kernel file:///c%3A/Users/Racarla/Documents/Git/VSCode_Portable/Projects/ButterworthFilter/Design/ButterworthFilter.ipynb
Info 2021-12-08 22:56:55: Disposing HostJupyterExecution 59abbbf6-5587-4b82-8101-98ff23021e3d
Info 2021-12-08 22:56:55: Finished disposing HostJupyterExecution  59abbbf6-5587-4b82-8101-98ff23021e3d
Info 2021-12-08 22:56:55: Cleaning up server cache 59abbbf6-5587-4b82-8101-98ff23021e3d
Info 2021-12-08 22:56:55: Finished disposing HostJupyterExecution  59abbbf6-5587-4b82-8101-98ff23021e3d
