Jupyter Extension Version: 2021.11.1001550889.
Python Extension Verison: 2021.12.1559732655.
Info 09:11:38: Experimentation service retrieved: [object Object]
User belongs to experiment group 'jupyterTest'
User belongs to experiment group 'jupyterEnhancedDataViewer'
Info 09:11:38: ZMQ install verified.
Info 09:11:38: Experiment status for python is {"enabled":true,"optInto":[],"optOutFrom":[]}
Info 09:11:39: Creating controller for jupyter-notebook with interpreter C:\ProgramData\Miniconda3\python.exe
Info 09:11:39: Find preferred kernel for c:\Users\racarla1\Documents\Git\VSCode_Portable\Projects\ESP32_FreeRTOS_Robot-Steps_Identification\analysis\LowPassFilter.ipynb with metadata {"kernelspec":{"display_name":"Python 3","language":"python","name":"python3"},"language_info":{"codemirror_mode":{"name":"ipython","version":3},"file_extension":".py","mimetype":"text/x-python","name":"python","nbconvert_exporter":"python","pygments_lexer":"ipython3","version":"3.9.5"}} & preferred interpreter C:\ProgramData\Miniconda3\python.exe
Info 09:11:39: findKernel found Python 3.9.7 64-bit
Info 09:11:39: PreferredConnection: .jvsc74a57bd055e6edab1a59ae4a97c66f3d6cfb332611812d02aad2a23f5e8043bbee13845b.C:\Users\racarla1\AppData\Local\Programs\Python\Python39\python.exe.C:\Users\racarla1\AppData\Local\Programs\Python\Python39\python.exe.-m#ipykernel_launcher found for NotebookDocument: c:\Users\racarla1\Documents\Git\VSCode_Portable\Projects\ESP32_FreeRTOS_Robot-Steps_Identification\analysis\LowPassFilter.ipynb
Info 09:11:39: TargetController found ID: .jvsc74a57bd055e6edab1a59ae4a97c66f3d6cfb332611812d02aad2a23f5e8043bbee13845b.C:\Users\racarla1\AppData\Local\Programs\Python\Python39\python.exe.C:\Users\racarla1\AppData\Local\Programs\Python\Python39\python.exe.-m#ipykernel_launcher for document c:\Users\racarla1\Documents\Git\VSCode_Portable\Projects\ESP32_FreeRTOS_Robot-Steps_Identification\analysis\LowPassFilter.ipynb
Info 09:11:39: Setting controller affinity for c:\Users\racarla1\Documents\Git\VSCode_Portable\Projects\ESP32_FreeRTOS_Robot-Steps_Identification\analysis\LowPassFilter.ipynb .jvsc74a57bd055e6edab1a59ae4a97c66f3d6cfb332611812d02aad2a23f5e8043bbee13845b.C:\Users\racarla1\AppData\Local\Programs\Python\Python39\python.exe.C:\Users\racarla1\AppData\Local\Programs\Python\Python39\python.exe.-m#ipykernel_launcher
Info 09:11:39: Registering dummy command feature
Info 09:11:39: Process Execution: > C:\ProgramData\Miniconda3\python.exe -m pip list
> C:\ProgramData\Miniconda3\python.exe -m pip list
Info 09:11:46: Notebook Closed c:\Users\racarla1\Documents\Git\VSCode_Portable\Projects\ESP32_FreeRTOS_Robot-Steps_Identification\analysis\LowPassFilter.ipynb
Info 09:11:47: Creating controller for jupyter-notebook with interpreter C:\ProgramData\Miniconda3\python.exe
Info 09:11:47: Find preferred kernel for c:\Users\racarla1\Documents\Git\VSCode_Portable\Projects\ESP32_FreeRTOS_Robot-Steps_Identification\analysis\LowPassFilter.ipynb with metadata {"kernelspec":{"display_name":"Python 3","language":"python","name":"python3"},"language_info":{"codemirror_mode":{"name":"ipython","version":3},"file_extension":".py","mimetype":"text/x-python","name":"python","nbconvert_exporter":"python","pygments_lexer":"ipython3","version":"3.9.5"}} & preferred interpreter C:\ProgramData\Miniconda3\python.exe
Info 09:11:47: findKernel found Python 3.9.7 64-bit
Info 09:11:47: PreferredConnection: .jvsc74a57bd055e6edab1a59ae4a97c66f3d6cfb332611812d02aad2a23f5e8043bbee13845b.C:\Users\racarla1\AppData\Local\Programs\Python\Python39\python.exe.C:\Users\racarla1\AppData\Local\Programs\Python\Python39\python.exe.-m#ipykernel_launcher found for NotebookDocument: c:\Users\racarla1\Documents\Git\VSCode_Portable\Projects\ESP32_FreeRTOS_Robot-Steps_Identification\analysis\LowPassFilter.ipynb
Info 09:11:47: TargetController found ID: .jvsc74a57bd055e6edab1a59ae4a97c66f3d6cfb332611812d02aad2a23f5e8043bbee13845b.C:\Users\racarla1\AppData\Local\Programs\Python\Python39\python.exe.C:\Users\racarla1\AppData\Local\Programs\Python\Python39\python.exe.-m#ipykernel_launcher for document c:\Users\racarla1\Documents\Git\VSCode_Portable\Projects\ESP32_FreeRTOS_Robot-Steps_Identification\analysis\LowPassFilter.ipynb
Info 09:11:47: Setting controller affinity for c:\Users\racarla1\Documents\Git\VSCode_Portable\Projects\ESP32_FreeRTOS_Robot-Steps_Identification\analysis\LowPassFilter.ipynb .jvsc74a57bd055e6edab1a59ae4a97c66f3d6cfb332611812d02aad2a23f5e8043bbee13845b.C:\Users\racarla1\AppData\Local\Programs\Python\Python39\python.exe.C:\Users\racarla1\AppData\Local\Programs\Python\Python39\python.exe.-m#ipykernel_launcher
Info 09:11:48: Creating controller for jupyter-notebook with interpreter C:\ProgramData\Miniconda3\python.exe
Info 09:11:48: Find preferred kernel for c:\Users\racarla1\Documents\Git\VSCode_Portable\Projects\ESP32_FreeRTOS_Robot-Steps_Identification\analysis\LowPassFilter copy.ipynb with metadata {"kernelspec":{"display_name":"Python 3","language":"python","name":"python3"},"language_info":{"codemirror_mode":{"name":"ipython","version":3},"file_extension":".py","mimetype":"text/x-python","name":"python","nbconvert_exporter":"python","pygments_lexer":"ipython3","version":"3.9.5"}} & preferred interpreter C:\ProgramData\Miniconda3\python.exe
Info 09:11:48: findKernel found Python 3.9.7 64-bit
Info 09:11:48: PreferredConnection: .jvsc74a57bd055e6edab1a59ae4a97c66f3d6cfb332611812d02aad2a23f5e8043bbee13845b.C:\Users\racarla1\AppData\Local\Programs\Python\Python39\python.exe.C:\Users\racarla1\AppData\Local\Programs\Python\Python39\python.exe.-m#ipykernel_launcher found for NotebookDocument: c:\Users\racarla1\Documents\Git\VSCode_Portable\Projects\ESP32_FreeRTOS_Robot-Steps_Identification\analysis\LowPassFilter copy.ipynb
Info 09:11:48: TargetController found ID: .jvsc74a57bd055e6edab1a59ae4a97c66f3d6cfb332611812d02aad2a23f5e8043bbee13845b.C:\Users\racarla1\AppData\Local\Programs\Python\Python39\python.exe.C:\Users\racarla1\AppData\Local\Programs\Python\Python39\python.exe.-m#ipykernel_launcher for document c:\Users\racarla1\Documents\Git\VSCode_Portable\Projects\ESP32_FreeRTOS_Robot-Steps_Identification\analysis\LowPassFilter copy.ipynb
Info 09:11:48: Setting controller affinity for c:\Users\racarla1\Documents\Git\VSCode_Portable\Projects\ESP32_FreeRTOS_Robot-Steps_Identification\analysis\LowPassFilter copy.ipynb .jvsc74a57bd055e6edab1a59ae4a97c66f3d6cfb332611812d02aad2a23f5e8043bbee13845b.C:\Users\racarla1\AppData\Local\Programs\Python\Python39\python.exe.C:\Users\racarla1\AppData\Local\Programs\Python\Python39\python.exe.-m#ipykernel_launcher
Info 09:12:00: Notebook Closed c:\Users\racarla1\Documents\Git\VSCode_Portable\Projects\ESP32_FreeRTOS_Robot-Steps_Identification\analysis\LowPassFilter copy.ipynb
Info 09:12:00: Creating controller for jupyter-notebook with interpreter C:\ProgramData\Miniconda3\python.exe
Info 09:12:00: Find preferred kernel for c:\Users\racarla1\Documents\Git\VSCode_Portable\Projects\ESP32_FreeRTOS_Robot-Steps_Identification\analysis\LowPassFilter_Steps.ipynb with metadata {"kernelspec":{"display_name":"Python 3","language":"python","name":"python3"},"language_info":{"codemirror_mode":{"name":"ipython","version":3},"file_extension":".py","mimetype":"text/x-python","name":"python","nbconvert_exporter":"python","pygments_lexer":"ipython3","version":"3.9.5"}} & preferred interpreter C:\ProgramData\Miniconda3\python.exe
Info 09:12:00: findKernel found Python 3.9.7 64-bit
Info 09:12:00: PreferredConnection: .jvsc74a57bd055e6edab1a59ae4a97c66f3d6cfb332611812d02aad2a23f5e8043bbee13845b.C:\Users\racarla1\AppData\Local\Programs\Python\Python39\python.exe.C:\Users\racarla1\AppData\Local\Programs\Python\Python39\python.exe.-m#ipykernel_launcher found for NotebookDocument: c:\Users\racarla1\Documents\Git\VSCode_Portable\Projects\ESP32_FreeRTOS_Robot-Steps_Identification\analysis\LowPassFilter_Steps.ipynb
Info 09:12:00: TargetController found ID: .jvsc74a57bd055e6edab1a59ae4a97c66f3d6cfb332611812d02aad2a23f5e8043bbee13845b.C:\Users\racarla1\AppData\Local\Programs\Python\Python39\python.exe.C:\Users\racarla1\AppData\Local\Programs\Python\Python39\python.exe.-m#ipykernel_launcher for document c:\Users\racarla1\Documents\Git\VSCode_Portable\Projects\ESP32_FreeRTOS_Robot-Steps_Identification\analysis\LowPassFilter_Steps.ipynb
Info 09:12:00: Setting controller affinity for c:\Users\racarla1\Documents\Git\VSCode_Portable\Projects\ESP32_FreeRTOS_Robot-Steps_Identification\analysis\LowPassFilter_Steps.ipynb .jvsc74a57bd055e6edab1a59ae4a97c66f3d6cfb332611812d02aad2a23f5e8043bbee13845b.C:\Users\racarla1\AppData\Local\Programs\Python\Python39\python.exe.C:\Users\racarla1\AppData\Local\Programs\Python\Python39\python.exe.-m#ipykernel_launcher
Info 09:12:04: Notebook Closed c:\Users\racarla1\Documents\Git\VSCode_Portable\Projects\ESP32_FreeRTOS_Robot-Steps_Identification\analysis\LowPassFilter.ipynb
Error 09:43:27: Live Notebook not available for c:\Users\racarla1\Documents\Git\VSCode_Portable\Projects\ESP32_FreeRTOS_Robot-Steps_Identification\analysis\LowPassFilter_Steps.ipynb
Error 09:43:29: Live Notebook not available for c:\Users\racarla1\Documents\Git\VSCode_Portable\Projects\ESP32_FreeRTOS_Robot-Steps_Identification\analysis\LowPassFilter_Steps.ipynb
Error 09:43:48: Live Notebook not available for c:\Users\racarla1\Documents\Git\VSCode_Portable\Projects\ESP32_FreeRTOS_Robot-Steps_Identification\analysis\LowPassFilter_Steps.ipynb
Error 09:44:06: Live Notebook not available for c:\Users\racarla1\Documents\Git\VSCode_Portable\Projects\ESP32_FreeRTOS_Robot-Steps_Identification\analysis\LowPassFilter_Steps.ipynb
Error 09:44:59: Live Notebook not available for c:\Users\racarla1\Documents\Git\VSCode_Portable\Projects\ESP32_FreeRTOS_Robot-Steps_Identification\analysis\LowPassFilter_Steps.ipynb
Error 09:45:01: Live Notebook not available for c:\Users\racarla1\Documents\Git\VSCode_Portable\Projects\ESP32_FreeRTOS_Robot-Steps_Identification\analysis\LowPassFilter_Steps.ipynb
Error 09:45:02: Live Notebook not available for c:\Users\racarla1\Documents\Git\VSCode_Portable\Projects\ESP32_FreeRTOS_Robot-Steps_Identification\analysis\LowPassFilter_Steps.ipynb
Info 09:46:06: Setting setActiveController for c:\Users\racarla1\Documents\Git\VSCode_Portable\Projects\ESP32_FreeRTOS_Robot-Steps_Identification\analysis\LowPassFilter_Steps.ipynb
Info 09:46:06: Execute Cells request 1
Info 09:46:06: Execute Cell 1 c:\Users\racarla1\Documents\Git\VSCode_Portable\Projects\ESP32_FreeRTOS_Robot-Steps_Identification\analysis\LowPassFilter_Steps.ipynb
Info 09:46:06: Starting Notebook in kernel.ts id = .jvsc74a57bd0ecf5722fdaf1897a315d257d89d94520bfcaa453217d5becf09b39e73618b0de.C:\ProgramData\Miniconda3\python.exe.C:\ProgramData\Miniconda3\python.exe.-m#ipykernel_launcher
Info 09:46:06: Creating raw notebook for c:\Users\racarla1\Documents\Git\VSCode_Portable\Projects\ESP32_FreeRTOS_Robot-Steps_Identification\analysis\LowPassFilter_Steps.ipynb
Info 09:46:06: Getting preferred kernel for c:\Users\racarla1\Documents\Git\VSCode_Portable\Projects\ESP32_FreeRTOS_Robot-Steps_Identification\analysis\LowPassFilter_Steps.ipynb
Info 09:46:06: Computing working directory c:\Users\racarla1\Documents\Git\VSCode_Portable\Projects\ESP32_FreeRTOS_Robot-Steps_Identification\analysis\LowPassFilter_Steps.ipynb
Info 09:46:06: KernelProvider switched kernel to id = .jvsc74a57bd0ecf5722fdaf1897a315d257d89d94520bfcaa453217d5becf09b39e73618b0de.C:\ProgramData\Miniconda3\python.exe.C:\ProgramData\Miniconda3\python.exe.-m#ipykernel_launcher
Info 09:46:06: Starting raw kernel base (Python 3.9.5)
Info 09:46:06: installMissingDependencies C:\ProgramData\Miniconda3\python.exe
Info 09:46:06: IPykernel found previously in this enviornment C:\ProgramData\Miniconda3\python.exe
Info 09:46:06: Kernel launching with ports 9000,9001,9002,9003,9004. Start port is 9000
Info 09:46:06: Launching kernel daemon for Python 3.9.5 64-bit ('base': conda) # C:\ProgramData\Miniconda3\python.exe
Info 09:46:07: Creating daemon process for C:\ProgramData\Miniconda3\python.exe with env variables count 78
Info 09:46:07: Process Execution: > C:\ProgramData\Miniconda3\python.exe -m vscode_datascience_helpers.daemon --daemon-module=vscode_datascience_helpers.kernel_launcher_daemon -v
> C:\ProgramData\Miniconda3\python.exe -m vscode_datascience_helpers.daemon --daemon-module=vscode_datascience_helpers.kernel_launcher_daemon -v
Info 09:46:07: Starting kernel from scratch
Warn 09:46:08: StdErr from Kernel Process C:\ProgramData\Miniconda3\lib\site-packages\traitlets\traitlets.py:2202: FutureWarning: Supporting extra quotes around strings is deprecated in traitlets 5.0. You can use 'hmac-sha256' instead of '"hmac-sha256"' if you require traitlets >=5.

Warn 09:46:08: StdErr from Kernel Process   warn(

Warn 09:46:08: StdErr from Kernel Process C:\ProgramData\Miniconda3\lib\site-packages\traitlets\traitlets.py:2157: FutureWarning: Supporting extra quotes around Bytes is deprecated in traitlets 5.0. Use 'e6c3e9be-b4c4-42df-a127-6064d45c5c35' instead of 'b"e6c3e9be-b4c4-42df-a127-6064d45c5c35"'.

Warn 09:46:08: StdErr from Kernel Process   warn(

Info 09:46:08: Raw session started and connected
Started kernel base (Python 3.9.5)
Info 09:46:08: Finished connecting 75ffe204-99ff-4f18-989c-2ab5a9fae68b
Info 09:46:08: UpdateWorkingDirectoryAndPath in Kernel
Info 09:46:08: changeDirectoryIfPossible
Info 09:46:08: Executing (status idle) silently Code = import os\nimport sys\n%cd "c:\Users\racarla1\Documents\Git\VSCode_Portable\Projects\ESP32_FreeRTOS_Ro
Info 09:46:08: Executing silently Code (completed) = import os\nimport sys\n%cd "c:\Users\racarla1\Documents\Git\VSCode_Portable\Projects\ESP32_FreeRTOS_Ro
Info 09:46:08: Executing (status idle) silently Code = %config Completer.use_jedi = False
Info 09:46:08: Executing silently Code (completed) = %config Completer.use_jedi = False
Info 09:46:08: Executing (status idle) silently Code = %config InlineBackend.figure_formats = ['png']
Info 09:46:08: Executing silently Code (completed) = %config InlineBackend.figure_formats = ['png']
Info 09:46:08: Executing (status idle) silently Code = import sys\nprint(sys.executable)
Info 09:46:08: Executing silently Code (completed) = import sys\nprint(sys.executable)
Info 09:46:08: Waiting for idle on (kernel): 5db52962-48c2-42bb-928e-e420a48affe8 -> idle
Info 09:46:08: Finished waiting for idle on (kernel): 5db52962-48c2-42bb-928e-e420a48affe8 -> idle
Info 09:46:08: IPyWidgetScriptSource.initialize
Info 09:46:08: Process Execution: > C:\ProgramData\Miniconda3\python.exe -m pip list
> C:\ProgramData\Miniconda3\python.exe -m pip list
Info 09:46:10: Cell 1 executed with state Success
Info 09:46:13: Execute Cells request 3
Info 09:46:13: Execute Cell 3 c:\Users\racarla1\Documents\Git\VSCode_Portable\Projects\ESP32_FreeRTOS_Robot-Steps_Identification\analysis\LowPassFilter_Steps.ipynb
Info 09:46:14: Cell 3 executed with state Success
Info 09:46:17: Execute Cells request 3
Info 09:46:17: Execute Cell 3 c:\Users\racarla1\Documents\Git\VSCode_Portable\Projects\ESP32_FreeRTOS_Robot-Steps_Identification\analysis\LowPassFilter_Steps.ipynb
Info 09:46:17: Cell 3 executed with state Success
Info 09:48:06: Execute Cells request 3
Info 09:48:06: Execute Cell 3 c:\Users\racarla1\Documents\Git\VSCode_Portable\Projects\ESP32_FreeRTOS_Robot-Steps_Identification\analysis\LowPassFilter_Steps.ipynb
Info 09:48:06: Cell 3 executed with state Success
Info 09:48:09: Execute Cells request 1, 3, 4, 6, 8, 10, 11
Info 09:48:09: Execute Cell 1 c:\Users\racarla1\Documents\Git\VSCode_Portable\Projects\ESP32_FreeRTOS_Robot-Steps_Identification\analysis\LowPassFilter_Steps.ipynb
Info 09:48:09: Execute Cell 3 c:\Users\racarla1\Documents\Git\VSCode_Portable\Projects\ESP32_FreeRTOS_Robot-Steps_Identification\analysis\LowPassFilter_Steps.ipynb
Info 09:48:09: Execute Cell 4 c:\Users\racarla1\Documents\Git\VSCode_Portable\Projects\ESP32_FreeRTOS_Robot-Steps_Identification\analysis\LowPassFilter_Steps.ipynb
Info 09:48:09: Execute Cell 6 c:\Users\racarla1\Documents\Git\VSCode_Portable\Projects\ESP32_FreeRTOS_Robot-Steps_Identification\analysis\LowPassFilter_Steps.ipynb
Info 09:48:09: Execute Cell 8 c:\Users\racarla1\Documents\Git\VSCode_Portable\Projects\ESP32_FreeRTOS_Robot-Steps_Identification\analysis\LowPassFilter_Steps.ipynb
Info 09:48:09: Execute Cell 10 c:\Users\racarla1\Documents\Git\VSCode_Portable\Projects\ESP32_FreeRTOS_Robot-Steps_Identification\analysis\LowPassFilter_Steps.ipynb
Info 09:48:09: Execute Cell 11 c:\Users\racarla1\Documents\Git\VSCode_Portable\Projects\ESP32_FreeRTOS_Robot-Steps_Identification\analysis\LowPassFilter_Steps.ipynb
Info 09:48:09: Cell 1 executed with state Success
Info 09:48:09: Cell 3 executed with state Success
Info 09:48:25: Cell 4 executed with state Success
Info 09:48:25: Cancel all remaining cells true || Error
Info 09:48:25: Cancel pending cells
Info 09:48:25: Cell 6 executed with state Error
Info 09:48:25: Cell 8 executed with state Idle
Info 09:48:25: Cell 10 executed with state Idle
Info 09:48:25: Cell 11 executed with state Idle
Info 09:50:19: Execute Cells request 1, 3, 4, 6, 8, 10, 11
Info 09:50:19: Execute Cell 1 c:\Users\racarla1\Documents\Git\VSCode_Portable\Projects\ESP32_FreeRTOS_Robot-Steps_Identification\analysis\LowPassFilter_Steps.ipynb
Info 09:50:19: Execute Cell 3 c:\Users\racarla1\Documents\Git\VSCode_Portable\Projects\ESP32_FreeRTOS_Robot-Steps_Identification\analysis\LowPassFilter_Steps.ipynb
Info 09:50:19: Execute Cell 4 c:\Users\racarla1\Documents\Git\VSCode_Portable\Projects\ESP32_FreeRTOS_Robot-Steps_Identification\analysis\LowPassFilter_Steps.ipynb
Info 09:50:19: Execute Cell 6 c:\Users\racarla1\Documents\Git\VSCode_Portable\Projects\ESP32_FreeRTOS_Robot-Steps_Identification\analysis\LowPassFilter_Steps.ipynb
Info 09:50:19: Execute Cell 8 c:\Users\racarla1\Documents\Git\VSCode_Portable\Projects\ESP32_FreeRTOS_Robot-Steps_Identification\analysis\LowPassFilter_Steps.ipynb
Info 09:50:19: Execute Cell 10 c:\Users\racarla1\Documents\Git\VSCode_Portable\Projects\ESP32_FreeRTOS_Robot-Steps_Identification\analysis\LowPassFilter_Steps.ipynb
Info 09:50:19: Execute Cell 11 c:\Users\racarla1\Documents\Git\VSCode_Portable\Projects\ESP32_FreeRTOS_Robot-Steps_Identification\analysis\LowPassFilter_Steps.ipynb
Info 09:50:19: Cell 1 executed with state Success
Info 09:50:19: Cell 3 executed with state Success
Info 09:50:27: Cell 4 executed with state Success
Info 09:50:30: Cell 6 executed with state Success
Info 09:50:30: Cell 8 executed with state Success
Info 09:50:31: Cancel all remaining cells true || Error
Info 09:50:31: Cancel pending cells
Info 09:50:31: Cell 10 executed with state Error
Info 09:50:31: Cell 11 executed with state Idle
Info 09:50:55: Execute Cells request 10
Info 09:50:55: Execute Cell 10 c:\Users\racarla1\Documents\Git\VSCode_Portable\Projects\ESP32_FreeRTOS_Robot-Steps_Identification\analysis\LowPassFilter_Steps.ipynb
Info 09:50:55: Cell 10 executed with state Success
Info 09:51:24: Execute Cells request 10
Info 09:51:24: Execute Cell 10 c:\Users\racarla1\Documents\Git\VSCode_Portable\Projects\ESP32_FreeRTOS_Robot-Steps_Identification\analysis\LowPassFilter_Steps.ipynb
Info 09:51:30: Cell 10 executed with state Success
Info 09:52:11: Execute Cells request 1, 3, 4, 6, 8, 10, 11
Info 09:52:11: Execute Cell 1 c:\Users\racarla1\Documents\Git\VSCode_Portable\Projects\ESP32_FreeRTOS_Robot-Steps_Identification\analysis\LowPassFilter_Steps.ipynb
Info 09:52:11: Execute Cell 3 c:\Users\racarla1\Documents\Git\VSCode_Portable\Projects\ESP32_FreeRTOS_Robot-Steps_Identification\analysis\LowPassFilter_Steps.ipynb
Info 09:52:11: Execute Cell 4 c:\Users\racarla1\Documents\Git\VSCode_Portable\Projects\ESP32_FreeRTOS_Robot-Steps_Identification\analysis\LowPassFilter_Steps.ipynb
Info 09:52:11: Execute Cell 6 c:\Users\racarla1\Documents\Git\VSCode_Portable\Projects\ESP32_FreeRTOS_Robot-Steps_Identification\analysis\LowPassFilter_Steps.ipynb
Info 09:52:11: Execute Cell 8 c:\Users\racarla1\Documents\Git\VSCode_Portable\Projects\ESP32_FreeRTOS_Robot-Steps_Identification\analysis\LowPassFilter_Steps.ipynb
Info 09:52:11: Execute Cell 10 c:\Users\racarla1\Documents\Git\VSCode_Portable\Projects\ESP32_FreeRTOS_Robot-Steps_Identification\analysis\LowPassFilter_Steps.ipynb
Info 09:52:11: Execute Cell 11 c:\Users\racarla1\Documents\Git\VSCode_Portable\Projects\ESP32_FreeRTOS_Robot-Steps_Identification\analysis\LowPassFilter_Steps.ipynb
Info 09:52:11: Cell 1 executed with state Success
Info 09:52:11: Cell 3 executed with state Success
Info 09:52:11: Cell 4 executed with state Success
Info 09:52:18: Cell 6 executed with state Success
Info 09:52:18: Cell 8 executed with state Success
Info 09:52:19: Cell 10 executed with state Success
Info 09:52:19: Cell 11 executed with state Idle
Info 09:52:45: Execute Cells request 1, 3, 4, 6, 8, 10, 11
Info 09:52:45: Execute Cell 1 c:\Users\racarla1\Documents\Git\VSCode_Portable\Projects\ESP32_FreeRTOS_Robot-Steps_Identification\analysis\LowPassFilter_Steps.ipynb
Info 09:52:45: Execute Cell 3 c:\Users\racarla1\Documents\Git\VSCode_Portable\Projects\ESP32_FreeRTOS_Robot-Steps_Identification\analysis\LowPassFilter_Steps.ipynb
Info 09:52:45: Execute Cell 4 c:\Users\racarla1\Documents\Git\VSCode_Portable\Projects\ESP32_FreeRTOS_Robot-Steps_Identification\analysis\LowPassFilter_Steps.ipynb
Info 09:52:45: Execute Cell 6 c:\Users\racarla1\Documents\Git\VSCode_Portable\Projects\ESP32_FreeRTOS_Robot-Steps_Identification\analysis\LowPassFilter_Steps.ipynb
Info 09:52:45: Execute Cell 8 c:\Users\racarla1\Documents\Git\VSCode_Portable\Projects\ESP32_FreeRTOS_Robot-Steps_Identification\analysis\LowPassFilter_Steps.ipynb
Info 09:52:45: Execute Cell 10 c:\Users\racarla1\Documents\Git\VSCode_Portable\Projects\ESP32_FreeRTOS_Robot-Steps_Identification\analysis\LowPassFilter_Steps.ipynb
Info 09:52:45: Execute Cell 11 c:\Users\racarla1\Documents\Git\VSCode_Portable\Projects\ESP32_FreeRTOS_Robot-Steps_Identification\analysis\LowPassFilter_Steps.ipynb
Info 09:52:45: Cell 1 executed with state Success
Info 09:52:45: Cell 3 executed with state Success
Info 09:52:50: Cell 4 executed with state Success
Info 09:52:50: Cell 6 executed with state Success
Info 09:52:51: Cell 8 executed with state Success
Info 09:52:51: Cell 10 executed with state Success
Info 09:52:51: Cell 11 executed with state Idle
Info 09:53:45: Execute Cells request 1, 3, 4, 6, 8, 10, 11
Info 09:53:45: Execute Cell 1 c:\Users\racarla1\Documents\Git\VSCode_Portable\Projects\ESP32_FreeRTOS_Robot-Steps_Identification\analysis\LowPassFilter_Steps.ipynb
Info 09:53:45: Execute Cell 3 c:\Users\racarla1\Documents\Git\VSCode_Portable\Projects\ESP32_FreeRTOS_Robot-Steps_Identification\analysis\LowPassFilter_Steps.ipynb
Info 09:53:45: Execute Cell 4 c:\Users\racarla1\Documents\Git\VSCode_Portable\Projects\ESP32_FreeRTOS_Robot-Steps_Identification\analysis\LowPassFilter_Steps.ipynb
Info 09:53:45: Execute Cell 6 c:\Users\racarla1\Documents\Git\VSCode_Portable\Projects\ESP32_FreeRTOS_Robot-Steps_Identification\analysis\LowPassFilter_Steps.ipynb
Info 09:53:45: Execute Cell 8 c:\Users\racarla1\Documents\Git\VSCode_Portable\Projects\ESP32_FreeRTOS_Robot-Steps_Identification\analysis\LowPassFilter_Steps.ipynb
Info 09:53:45: Execute Cell 10 c:\Users\racarla1\Documents\Git\VSCode_Portable\Projects\ESP32_FreeRTOS_Robot-Steps_Identification\analysis\LowPassFilter_Steps.ipynb
Info 09:53:45: Execute Cell 11 c:\Users\racarla1\Documents\Git\VSCode_Portable\Projects\ESP32_FreeRTOS_Robot-Steps_Identification\analysis\LowPassFilter_Steps.ipynb
Info 09:53:45: Cell 1 executed with state Success
Info 09:53:45: Cell 3 executed with state Success
Info 09:53:45: Cell 4 executed with state Success
Info 09:53:49: Cell 6 executed with state Success
Info 09:53:49: Cell 8 executed with state Success
Info 09:53:50: Cell 10 executed with state Success
Info 09:53:50: Cell 11 executed with state Idle
Info 09:54:20: Execute Cells request 1, 3, 4, 6, 8, 10, 11
Info 09:54:20: Execute Cell 1 c:\Users\racarla1\Documents\Git\VSCode_Portable\Projects\ESP32_FreeRTOS_Robot-Steps_Identification\analysis\LowPassFilter_Steps.ipynb
Info 09:54:20: Execute Cell 3 c:\Users\racarla1\Documents\Git\VSCode_Portable\Projects\ESP32_FreeRTOS_Robot-Steps_Identification\analysis\LowPassFilter_Steps.ipynb
Info 09:54:20: Execute Cell 4 c:\Users\racarla1\Documents\Git\VSCode_Portable\Projects\ESP32_FreeRTOS_Robot-Steps_Identification\analysis\LowPassFilter_Steps.ipynb
Info 09:54:20: Execute Cell 6 c:\Users\racarla1\Documents\Git\VSCode_Portable\Projects\ESP32_FreeRTOS_Robot-Steps_Identification\analysis\LowPassFilter_Steps.ipynb
Info 09:54:20: Execute Cell 8 c:\Users\racarla1\Documents\Git\VSCode_Portable\Projects\ESP32_FreeRTOS_Robot-Steps_Identification\analysis\LowPassFilter_Steps.ipynb
Info 09:54:20: Execute Cell 10 c:\Users\racarla1\Documents\Git\VSCode_Portable\Projects\ESP32_FreeRTOS_Robot-Steps_Identification\analysis\LowPassFilter_Steps.ipynb
Info 09:54:20: Execute Cell 11 c:\Users\racarla1\Documents\Git\VSCode_Portable\Projects\ESP32_FreeRTOS_Robot-Steps_Identification\analysis\LowPassFilter_Steps.ipynb
Info 09:54:20: Cell 1 executed with state Success
Info 09:54:20: Cell 3 executed with state Success
Info 09:54:20: Cell 4 executed with state Success
Info 09:54:21: Cell 6 executed with state Success
Info 09:54:21: Cell 8 executed with state Success
Info 09:54:21: Cell 10 executed with state Success
Info 09:54:22: Cell 11 executed with state Idle
Info 09:55:29: Execute Cells request 1, 3, 4, 6, 8, 10, 11
Info 09:55:29: Execute Cell 1 c:\Users\racarla1\Documents\Git\VSCode_Portable\Projects\ESP32_FreeRTOS_Robot-Steps_Identification\analysis\LowPassFilter_Steps.ipynb
Info 09:55:29: Execute Cell 3 c:\Users\racarla1\Documents\Git\VSCode_Portable\Projects\ESP32_FreeRTOS_Robot-Steps_Identification\analysis\LowPassFilter_Steps.ipynb
Info 09:55:29: Execute Cell 4 c:\Users\racarla1\Documents\Git\VSCode_Portable\Projects\ESP32_FreeRTOS_Robot-Steps_Identification\analysis\LowPassFilter_Steps.ipynb
Info 09:55:29: Execute Cell 6 c:\Users\racarla1\Documents\Git\VSCode_Portable\Projects\ESP32_FreeRTOS_Robot-Steps_Identification\analysis\LowPassFilter_Steps.ipynb
Info 09:55:29: Execute Cell 8 c:\Users\racarla1\Documents\Git\VSCode_Portable\Projects\ESP32_FreeRTOS_Robot-Steps_Identification\analysis\LowPassFilter_Steps.ipynb
Info 09:55:29: Execute Cell 10 c:\Users\racarla1\Documents\Git\VSCode_Portable\Projects\ESP32_FreeRTOS_Robot-Steps_Identification\analysis\LowPassFilter_Steps.ipynb
Info 09:55:29: Execute Cell 11 c:\Users\racarla1\Documents\Git\VSCode_Portable\Projects\ESP32_FreeRTOS_Robot-Steps_Identification\analysis\LowPassFilter_Steps.ipynb
Info 09:55:29: Cell 1 executed with state Success
Info 09:55:29: Cell 3 executed with state Success
Info 09:55:30: Cell 4 executed with state Success
Info 09:55:30: Cell 6 executed with state Success
Info 09:55:30: Cell 8 executed with state Success
Info 09:55:31: Cell 10 executed with state Success
Info 09:55:31: Cell 11 executed with state Idle
Info 09:55:38: Execute Cells request 6
Info 09:55:38: Execute Cell 6 c:\Users\racarla1\Documents\Git\VSCode_Portable\Projects\ESP32_FreeRTOS_Robot-Steps_Identification\analysis\LowPassFilter_Steps.ipynb
Info 09:55:38: Cell 6 executed with state Success
Info 09:55:44: Execute Cells request 6
Info 09:55:44: Execute Cell 6 c:\Users\racarla1\Documents\Git\VSCode_Portable\Projects\ESP32_FreeRTOS_Robot-Steps_Identification\analysis\LowPassFilter_Steps.ipynb
Info 09:55:44: Cell 6 executed with state Success
Info 09:55:47: Execute Cells request 1, 3, 4, 6, 8, 10, 11
Info 09:55:47: Execute Cell 1 c:\Users\racarla1\Documents\Git\VSCode_Portable\Projects\ESP32_FreeRTOS_Robot-Steps_Identification\analysis\LowPassFilter_Steps.ipynb
Info 09:55:47: Execute Cell 3 c:\Users\racarla1\Documents\Git\VSCode_Portable\Projects\ESP32_FreeRTOS_Robot-Steps_Identification\analysis\LowPassFilter_Steps.ipynb
Info 09:55:47: Execute Cell 4 c:\Users\racarla1\Documents\Git\VSCode_Portable\Projects\ESP32_FreeRTOS_Robot-Steps_Identification\analysis\LowPassFilter_Steps.ipynb
Info 09:55:47: Execute Cell 6 c:\Users\racarla1\Documents\Git\VSCode_Portable\Projects\ESP32_FreeRTOS_Robot-Steps_Identification\analysis\LowPassFilter_Steps.ipynb
Info 09:55:47: Execute Cell 8 c:\Users\racarla1\Documents\Git\VSCode_Portable\Projects\ESP32_FreeRTOS_Robot-Steps_Identification\analysis\LowPassFilter_Steps.ipynb
Info 09:55:47: Execute Cell 10 c:\Users\racarla1\Documents\Git\VSCode_Portable\Projects\ESP32_FreeRTOS_Robot-Steps_Identification\analysis\LowPassFilter_Steps.ipynb
Info 09:55:47: Execute Cell 11 c:\Users\racarla1\Documents\Git\VSCode_Portable\Projects\ESP32_FreeRTOS_Robot-Steps_Identification\analysis\LowPassFilter_Steps.ipynb
Info 09:55:47: Cell 1 executed with state Success
Info 09:55:47: Cell 3 executed with state Success
Info 09:55:48: Cell 4 executed with state Success
Info 09:55:48: Cell 6 executed with state Success
Info 09:55:48: Cell 8 executed with state Success
Info 09:55:49: Cell 10 executed with state Success
Info 09:55:49: Cell 11 executed with state Idle
Info 09:56:00: Execute Cells request 1, 3, 4, 6, 8, 10, 11
Info 09:56:00: Execute Cell 1 c:\Users\racarla1\Documents\Git\VSCode_Portable\Projects\ESP32_FreeRTOS_Robot-Steps_Identification\analysis\LowPassFilter_Steps.ipynb
Info 09:56:00: Execute Cell 3 c:\Users\racarla1\Documents\Git\VSCode_Portable\Projects\ESP32_FreeRTOS_Robot-Steps_Identification\analysis\LowPassFilter_Steps.ipynb
Info 09:56:00: Execute Cell 4 c:\Users\racarla1\Documents\Git\VSCode_Portable\Projects\ESP32_FreeRTOS_Robot-Steps_Identification\analysis\LowPassFilter_Steps.ipynb
Info 09:56:00: Execute Cell 6 c:\Users\racarla1\Documents\Git\VSCode_Portable\Projects\ESP32_FreeRTOS_Robot-Steps_Identification\analysis\LowPassFilter_Steps.ipynb
Info 09:56:00: Execute Cell 8 c:\Users\racarla1\Documents\Git\VSCode_Portable\Projects\ESP32_FreeRTOS_Robot-Steps_Identification\analysis\LowPassFilter_Steps.ipynb
Info 09:56:00: Execute Cell 10 c:\Users\racarla1\Documents\Git\VSCode_Portable\Projects\ESP32_FreeRTOS_Robot-Steps_Identification\analysis\LowPassFilter_Steps.ipynb
Info 09:56:00: Execute Cell 11 c:\Users\racarla1\Documents\Git\VSCode_Portable\Projects\ESP32_FreeRTOS_Robot-Steps_Identification\analysis\LowPassFilter_Steps.ipynb
Info 09:56:00: Cell 1 executed with state Success
Info 09:56:00: Cell 3 executed with state Success
Info 09:56:01: Cell 4 executed with state Success
Info 09:56:01: Cell 6 executed with state Success
Info 09:56:01: Cell 8 executed with state Success
Info 09:56:02: Cell 10 executed with state Success
Info 09:56:02: Cell 11 executed with state Idle
Info 09:57:12: Creating controller for jupyter-notebook with interpreter C:\ProgramData\Miniconda3\python.exe
Info 09:57:12: Find preferred kernel for c:\Users\racarla1\Documents\Git\VSCode_Portable\Projects\ESP32_FreeRTOS_Robot-Steps_Identification\analysis\LowPassFilter_Steps copy.ipynb with metadata {"kernelspec":{"display_name":"Python 3","language":"python","name":"python3"},"language_info":{"codemirror_mode":{"name":"ipython","version":3},"file_extension":".py","mimetype":"text/x-python","name":"python","nbconvert_exporter":"python","pygments_lexer":"ipython3","version":"3.9.7"}} & preferred interpreter C:\ProgramData\Miniconda3\python.exe
Info 09:57:12: findKernel found Python 3.9.7 64-bit
Info 09:57:12: PreferredConnection: .jvsc74a57bd055e6edab1a59ae4a97c66f3d6cfb332611812d02aad2a23f5e8043bbee13845b.C:\Users\racarla1\AppData\Local\Programs\Python\Python39\python.exe.C:\Users\racarla1\AppData\Local\Programs\Python\Python39\python.exe.-m#ipykernel_launcher found for NotebookDocument: c:\Users\racarla1\Documents\Git\VSCode_Portable\Projects\ESP32_FreeRTOS_Robot-Steps_Identification\analysis\LowPassFilter_Steps copy.ipynb
Info 09:57:12: TargetController found ID: .jvsc74a57bd055e6edab1a59ae4a97c66f3d6cfb332611812d02aad2a23f5e8043bbee13845b.C:\Users\racarla1\AppData\Local\Programs\Python\Python39\python.exe.C:\Users\racarla1\AppData\Local\Programs\Python\Python39\python.exe.-m#ipykernel_launcher for document c:\Users\racarla1\Documents\Git\VSCode_Portable\Projects\ESP32_FreeRTOS_Robot-Steps_Identification\analysis\LowPassFilter_Steps copy.ipynb
Info 09:57:12: Setting controller affinity for c:\Users\racarla1\Documents\Git\VSCode_Portable\Projects\ESP32_FreeRTOS_Robot-Steps_Identification\analysis\LowPassFilter_Steps copy.ipynb .jvsc74a57bd055e6edab1a59ae4a97c66f3d6cfb332611812d02aad2a23f5e8043bbee13845b.C:\Users\racarla1\AppData\Local\Programs\Python\Python39\python.exe.C:\Users\racarla1\AppData\Local\Programs\Python\Python39\python.exe.-m#ipykernel_launcher
Info 09:57:20: Notebook Closed c:\Users\racarla1\Documents\Git\VSCode_Portable\Projects\ESP32_FreeRTOS_Robot-Steps_Identification\analysis\LowPassFilter_Steps copy.ipynb
Info 09:57:20: Creating controller for jupyter-notebook with interpreter C:\ProgramData\Miniconda3\python.exe
Info 09:57:20: Find preferred kernel for c:\Users\racarla1\Documents\Git\VSCode_Portable\Projects\ESP32_FreeRTOS_Robot-Steps_Identification\analysis\LowPassFilter_Batt.ipynb with metadata {"kernelspec":{"display_name":"Python 3","language":"python","name":"python3"},"language_info":{"codemirror_mode":{"name":"ipython","version":3},"file_extension":".py","mimetype":"text/x-python","name":"python","nbconvert_exporter":"python","pygments_lexer":"ipython3","version":"3.9.7"}} & preferred interpreter C:\ProgramData\Miniconda3\python.exe
Info 09:57:20: findKernel found Python 3.9.7 64-bit
Info 09:57:20: PreferredConnection: .jvsc74a57bd055e6edab1a59ae4a97c66f3d6cfb332611812d02aad2a23f5e8043bbee13845b.C:\Users\racarla1\AppData\Local\Programs\Python\Python39\python.exe.C:\Users\racarla1\AppData\Local\Programs\Python\Python39\python.exe.-m#ipykernel_launcher found for NotebookDocument: c:\Users\racarla1\Documents\Git\VSCode_Portable\Projects\ESP32_FreeRTOS_Robot-Steps_Identification\analysis\LowPassFilter_Batt.ipynb
Info 09:57:20: TargetController found ID: .jvsc74a57bd055e6edab1a59ae4a97c66f3d6cfb332611812d02aad2a23f5e8043bbee13845b.C:\Users\racarla1\AppData\Local\Programs\Python\Python39\python.exe.C:\Users\racarla1\AppData\Local\Programs\Python\Python39\python.exe.-m#ipykernel_launcher for document c:\Users\racarla1\Documents\Git\VSCode_Portable\Projects\ESP32_FreeRTOS_Robot-Steps_Identification\analysis\LowPassFilter_Batt.ipynb
Info 09:57:20: Setting controller affinity for c:\Users\racarla1\Documents\Git\VSCode_Portable\Projects\ESP32_FreeRTOS_Robot-Steps_Identification\analysis\LowPassFilter_Batt.ipynb .jvsc74a57bd055e6edab1a59ae4a97c66f3d6cfb332611812d02aad2a23f5e8043bbee13845b.C:\Users\racarla1\AppData\Local\Programs\Python\Python39\python.exe.C:\Users\racarla1\AppData\Local\Programs\Python\Python39\python.exe.-m#ipykernel_launcher
Info 09:57:41: Setting setActiveController for c:\Users\racarla1\Documents\Git\VSCode_Portable\Projects\ESP32_FreeRTOS_Robot-Steps_Identification\analysis\LowPassFilter_Batt.ipynb
Info 09:57:41: Execute Cells request 1, 3, 4, 6, 8, 10, 11
Info 09:57:41: Execute Cell 1 c:\Users\racarla1\Documents\Git\VSCode_Portable\Projects\ESP32_FreeRTOS_Robot-Steps_Identification\analysis\LowPassFilter_Batt.ipynb
Info 09:57:41: Starting Notebook in kernel.ts id = .jvsc74a57bd0ecf5722fdaf1897a315d257d89d94520bfcaa453217d5becf09b39e73618b0de.C:\ProgramData\Miniconda3\python.exe.C:\ProgramData\Miniconda3\python.exe.-m#ipykernel_launcher
Info 09:57:41: Creating raw notebook for c:\Users\racarla1\Documents\Git\VSCode_Portable\Projects\ESP32_FreeRTOS_Robot-Steps_Identification\analysis\LowPassFilter_Batt.ipynb
Info 09:57:41: Getting preferred kernel for c:\Users\racarla1\Documents\Git\VSCode_Portable\Projects\ESP32_FreeRTOS_Robot-Steps_Identification\analysis\LowPassFilter_Batt.ipynb
Info 09:57:41: Computing working directory c:\Users\racarla1\Documents\Git\VSCode_Portable\Projects\ESP32_FreeRTOS_Robot-Steps_Identification\analysis\LowPassFilter_Batt.ipynb
Info 09:57:41: Execute Cell 3 c:\Users\racarla1\Documents\Git\VSCode_Portable\Projects\ESP32_FreeRTOS_Robot-Steps_Identification\analysis\LowPassFilter_Batt.ipynb
Info 09:57:41: Execute Cell 4 c:\Users\racarla1\Documents\Git\VSCode_Portable\Projects\ESP32_FreeRTOS_Robot-Steps_Identification\analysis\LowPassFilter_Batt.ipynb
Info 09:57:41: Execute Cell 6 c:\Users\racarla1\Documents\Git\VSCode_Portable\Projects\ESP32_FreeRTOS_Robot-Steps_Identification\analysis\LowPassFilter_Batt.ipynb
Info 09:57:41: Execute Cell 8 c:\Users\racarla1\Documents\Git\VSCode_Portable\Projects\ESP32_FreeRTOS_Robot-Steps_Identification\analysis\LowPassFilter_Batt.ipynb
Info 09:57:41: Execute Cell 10 c:\Users\racarla1\Documents\Git\VSCode_Portable\Projects\ESP32_FreeRTOS_Robot-Steps_Identification\analysis\LowPassFilter_Batt.ipynb
Info 09:57:41: Execute Cell 11 c:\Users\racarla1\Documents\Git\VSCode_Portable\Projects\ESP32_FreeRTOS_Robot-Steps_Identification\analysis\LowPassFilter_Batt.ipynb
Info 09:57:41: Starting raw kernel base (Python 3.9.5)
Info 09:57:41: installMissingDependencies C:\ProgramData\Miniconda3\python.exe
Info 09:57:41: IPykernel found previously in this enviornment C:\ProgramData\Miniconda3\python.exe
Info 09:57:41: Kernel launching with ports 9005,9006,9007,9008,9009. Start port is 9000
Info 09:57:41: Launching kernel daemon for Python 3.9.5 64-bit ('base': conda) # C:\ProgramData\Miniconda3\python.exe
Info 09:57:41: Creating daemon process for C:\ProgramData\Miniconda3\python.exe with env variables count 78
Info 09:57:41: Process Execution: > C:\ProgramData\Miniconda3\python.exe -m vscode_datascience_helpers.daemon --daemon-module=vscode_datascience_helpers.kernel_launcher_daemon -v
> C:\ProgramData\Miniconda3\python.exe -m vscode_datascience_helpers.daemon --daemon-module=vscode_datascience_helpers.kernel_launcher_daemon -v
Info 09:57:41: KernelProvider switched kernel to id = .jvsc74a57bd0ecf5722fdaf1897a315d257d89d94520bfcaa453217d5becf09b39e73618b0de.C:\ProgramData\Miniconda3\python.exe.C:\ProgramData\Miniconda3\python.exe.-m#ipykernel_launcher
Info 09:57:41: Starting kernel from scratch
Warn 09:57:42: StdErr from Kernel Process C:\ProgramData\Miniconda3\lib\site-packages\traitlets\traitlets.py:2202: FutureWarning: Supporting extra quotes around strings is deprecated in traitlets 5.0. You can use 'hmac-sha256' instead of '"hmac-sha256"' if you require traitlets >=5.

Warn 09:57:42: StdErr from Kernel Process   warn(

Warn 09:57:42: StdErr from Kernel Process C:\ProgramData\Miniconda3\lib\site-packages\traitlets\traitlets.py:2157: FutureWarning: Supporting extra quotes around Bytes is deprecated in traitlets 5.0. Use 'aed7eae2-1c62-4467-8612-1fc6d9ff49c3' instead of 'b"aed7eae2-1c62-4467-8612-1fc6d9ff49c3"'.

Warn 09:57:42: StdErr from Kernel Process   warn(

Info 09:57:43: Raw session started and connected
Started kernel base (Python 3.9.5)
Info 09:57:43: Finished connecting 75ffe204-99ff-4f18-989c-2ab5a9fae68b
Info 09:57:43: UpdateWorkingDirectoryAndPath in Kernel
Info 09:57:43: changeDirectoryIfPossible
Info 09:57:43: Executing (status idle) silently Code = import os\nimport sys\n%cd "c:\Users\racarla1\Documents\Git\VSCode_Portable\Projects\ESP32_FreeRTOS_Ro
Info 09:57:43: Executing silently Code (completed) = import os\nimport sys\n%cd "c:\Users\racarla1\Documents\Git\VSCode_Portable\Projects\ESP32_FreeRTOS_Ro
Info 09:57:43: Executing (status idle) silently Code = %config Completer.use_jedi = False
Info 09:57:43: Executing silently Code (completed) = %config Completer.use_jedi = False
Info 09:57:43: Executing (status idle) silently Code = %config InlineBackend.figure_formats = ['png']
Info 09:57:43: Executing silently Code (completed) = %config InlineBackend.figure_formats = ['png']
Info 09:57:43: Executing (status idle) silently Code = import sys\nprint(sys.executable)
Info 09:57:43: Executing silently Code (completed) = import sys\nprint(sys.executable)
Info 09:57:43: Waiting for idle on (kernel): 02bcc032-ea65-4029-b6fc-ae073084187d -> idle
Info 09:57:43: Finished waiting for idle on (kernel): 02bcc032-ea65-4029-b6fc-ae073084187d -> idle
Info 09:57:43: IPyWidgetScriptSource.initialize
Info 09:57:43: Process Execution: > C:\ProgramData\Miniconda3\python.exe -m pip list
> C:\ProgramData\Miniconda3\python.exe -m pip list
Info 09:57:44: Cell 1 executed with state Success
Info 09:57:44: Cell 3 executed with state Success
Info 09:57:57: Cell 4 executed with state Success
Info 09:57:57: Cell 6 executed with state Success
Info 09:57:57: Cell 8 executed with state Success
Info 09:58:01: Cell 10 executed with state Success
Info 09:58:01: Cell 11 executed with state Idle
Info 09:59:15: Execute Cells request 1, 3, 4, 6, 8, 10, 11
Info 09:59:15: Execute Cell 1 c:\Users\racarla1\Documents\Git\VSCode_Portable\Projects\ESP32_FreeRTOS_Robot-Steps_Identification\analysis\LowPassFilter_Batt.ipynb
Info 09:59:15: Execute Cell 3 c:\Users\racarla1\Documents\Git\VSCode_Portable\Projects\ESP32_FreeRTOS_Robot-Steps_Identification\analysis\LowPassFilter_Batt.ipynb
Info 09:59:15: Execute Cell 4 c:\Users\racarla1\Documents\Git\VSCode_Portable\Projects\ESP32_FreeRTOS_Robot-Steps_Identification\analysis\LowPassFilter_Batt.ipynb
Info 09:59:15: Execute Cell 6 c:\Users\racarla1\Documents\Git\VSCode_Portable\Projects\ESP32_FreeRTOS_Robot-Steps_Identification\analysis\LowPassFilter_Batt.ipynb
Info 09:59:15: Execute Cell 8 c:\Users\racarla1\Documents\Git\VSCode_Portable\Projects\ESP32_FreeRTOS_Robot-Steps_Identification\analysis\LowPassFilter_Batt.ipynb
Info 09:59:15: Execute Cell 10 c:\Users\racarla1\Documents\Git\VSCode_Portable\Projects\ESP32_FreeRTOS_Robot-Steps_Identification\analysis\LowPassFilter_Batt.ipynb
Info 09:59:15: Execute Cell 11 c:\Users\racarla1\Documents\Git\VSCode_Portable\Projects\ESP32_FreeRTOS_Robot-Steps_Identification\analysis\LowPassFilter_Batt.ipynb
Info 09:59:15: Cell 1 executed with state Success
Info 09:59:15: Cell 3 executed with state Success
Info 09:59:16: Cell 4 executed with state Success
Info 09:59:16: Cell 6 executed with state Success
Info 09:59:16: Cell 8 executed with state Success
Info 09:59:17: Cell 10 executed with state Success
Info 09:59:17: Cell 11 executed with state Idle
Info 09:59:32: Execute Cells request 1, 3, 4, 6, 8, 10, 11
Info 09:59:32: Execute Cell 1 c:\Users\racarla1\Documents\Git\VSCode_Portable\Projects\ESP32_FreeRTOS_Robot-Steps_Identification\analysis\LowPassFilter_Batt.ipynb
Info 09:59:32: Execute Cell 3 c:\Users\racarla1\Documents\Git\VSCode_Portable\Projects\ESP32_FreeRTOS_Robot-Steps_Identification\analysis\LowPassFilter_Batt.ipynb
Info 09:59:32: Execute Cell 4 c:\Users\racarla1\Documents\Git\VSCode_Portable\Projects\ESP32_FreeRTOS_Robot-Steps_Identification\analysis\LowPassFilter_Batt.ipynb
Info 09:59:32: Execute Cell 6 c:\Users\racarla1\Documents\Git\VSCode_Portable\Projects\ESP32_FreeRTOS_Robot-Steps_Identification\analysis\LowPassFilter_Batt.ipynb
Info 09:59:32: Execute Cell 8 c:\Users\racarla1\Documents\Git\VSCode_Portable\Projects\ESP32_FreeRTOS_Robot-Steps_Identification\analysis\LowPassFilter_Batt.ipynb
Info 09:59:32: Execute Cell 10 c:\Users\racarla1\Documents\Git\VSCode_Portable\Projects\ESP32_FreeRTOS_Robot-Steps_Identification\analysis\LowPassFilter_Batt.ipynb
Info 09:59:32: Execute Cell 11 c:\Users\racarla1\Documents\Git\VSCode_Portable\Projects\ESP32_FreeRTOS_Robot-Steps_Identification\analysis\LowPassFilter_Batt.ipynb
Info 09:59:32: Cell 1 executed with state Success
Info 09:59:32: Cell 3 executed with state Success
Info 09:59:32: Cell 4 executed with state Success
Info 09:59:34: Cell 6 executed with state Success
Info 09:59:34: Cell 8 executed with state Success
Info 09:59:35: Cell 10 executed with state Success
Info 09:59:35: Cell 11 executed with state Idle
Info 09:59:48: Execute Cells request 1, 3, 4, 6, 8, 10, 11
Info 09:59:48: Execute Cell 1 c:\Users\racarla1\Documents\Git\VSCode_Portable\Projects\ESP32_FreeRTOS_Robot-Steps_Identification\analysis\LowPassFilter_Batt.ipynb
Info 09:59:48: Execute Cell 3 c:\Users\racarla1\Documents\Git\VSCode_Portable\Projects\ESP32_FreeRTOS_Robot-Steps_Identification\analysis\LowPassFilter_Batt.ipynb
Info 09:59:48: Execute Cell 4 c:\Users\racarla1\Documents\Git\VSCode_Portable\Projects\ESP32_FreeRTOS_Robot-Steps_Identification\analysis\LowPassFilter_Batt.ipynb
Info 09:59:48: Execute Cell 6 c:\Users\racarla1\Documents\Git\VSCode_Portable\Projects\ESP32_FreeRTOS_Robot-Steps_Identification\analysis\LowPassFilter_Batt.ipynb
Info 09:59:48: Execute Cell 8 c:\Users\racarla1\Documents\Git\VSCode_Portable\Projects\ESP32_FreeRTOS_Robot-Steps_Identification\analysis\LowPassFilter_Batt.ipynb
Info 09:59:48: Execute Cell 10 c:\Users\racarla1\Documents\Git\VSCode_Portable\Projects\ESP32_FreeRTOS_Robot-Steps_Identification\analysis\LowPassFilter_Batt.ipynb
Info 09:59:48: Execute Cell 11 c:\Users\racarla1\Documents\Git\VSCode_Portable\Projects\ESP32_FreeRTOS_Robot-Steps_Identification\analysis\LowPassFilter_Batt.ipynb
Info 09:59:48: Cell 1 executed with state Success
Info 09:59:48: Cell 3 executed with state Success
Info 09:59:49: Cell 4 executed with state Success
Info 09:59:51: Cell 6 executed with state Success
Info 09:59:52: Cell 8 executed with state Success
Info 09:59:52: Cell 10 executed with state Success
Info 09:59:52: Cell 11 executed with state Idle
Info 10:00:12: Execute Cells request 1, 3, 4, 6, 8, 10, 11
Info 10:00:12: Execute Cell 1 c:\Users\racarla1\Documents\Git\VSCode_Portable\Projects\ESP32_FreeRTOS_Robot-Steps_Identification\analysis\LowPassFilter_Batt.ipynb
Info 10:00:12: Execute Cell 3 c:\Users\racarla1\Documents\Git\VSCode_Portable\Projects\ESP32_FreeRTOS_Robot-Steps_Identification\analysis\LowPassFilter_Batt.ipynb
Info 10:00:12: Execute Cell 4 c:\Users\racarla1\Documents\Git\VSCode_Portable\Projects\ESP32_FreeRTOS_Robot-Steps_Identification\analysis\LowPassFilter_Batt.ipynb
Info 10:00:12: Execute Cell 6 c:\Users\racarla1\Documents\Git\VSCode_Portable\Projects\ESP32_FreeRTOS_Robot-Steps_Identification\analysis\LowPassFilter_Batt.ipynb
Info 10:00:12: Execute Cell 8 c:\Users\racarla1\Documents\Git\VSCode_Portable\Projects\ESP32_FreeRTOS_Robot-Steps_Identification\analysis\LowPassFilter_Batt.ipynb
Info 10:00:12: Execute Cell 10 c:\Users\racarla1\Documents\Git\VSCode_Portable\Projects\ESP32_FreeRTOS_Robot-Steps_Identification\analysis\LowPassFilter_Batt.ipynb
Info 10:00:12: Execute Cell 11 c:\Users\racarla1\Documents\Git\VSCode_Portable\Projects\ESP32_FreeRTOS_Robot-Steps_Identification\analysis\LowPassFilter_Batt.ipynb
Info 10:00:12: Cell 1 executed with state Success
Info 10:00:12: Cell 3 executed with state Success
Info 10:00:12: Cell 4 executed with state Success
Info 10:00:13: Cell 6 executed with state Success
Info 10:00:13: Cell 8 executed with state Success
Info 10:00:14: Cell 10 executed with state Success
Info 10:00:14: Cell 11 executed with state Idle
Info 10:00:25: Execute Cells request 1, 3, 4, 6, 8, 10, 11
Info 10:00:25: Execute Cell 1 c:\Users\racarla1\Documents\Git\VSCode_Portable\Projects\ESP32_FreeRTOS_Robot-Steps_Identification\analysis\LowPassFilter_Batt.ipynb
Info 10:00:25: Execute Cell 3 c:\Users\racarla1\Documents\Git\VSCode_Portable\Projects\ESP32_FreeRTOS_Robot-Steps_Identification\analysis\LowPassFilter_Batt.ipynb
Info 10:00:25: Execute Cell 4 c:\Users\racarla1\Documents\Git\VSCode_Portable\Projects\ESP32_FreeRTOS_Robot-Steps_Identification\analysis\LowPassFilter_Batt.ipynb
Info 10:00:25: Execute Cell 6 c:\Users\racarla1\Documents\Git\VSCode_Portable\Projects\ESP32_FreeRTOS_Robot-Steps_Identification\analysis\LowPassFilter_Batt.ipynb
Info 10:00:25: Execute Cell 8 c:\Users\racarla1\Documents\Git\VSCode_Portable\Projects\ESP32_FreeRTOS_Robot-Steps_Identification\analysis\LowPassFilter_Batt.ipynb
Info 10:00:25: Execute Cell 10 c:\Users\racarla1\Documents\Git\VSCode_Portable\Projects\ESP32_FreeRTOS_Robot-Steps_Identification\analysis\LowPassFilter_Batt.ipynb
Info 10:00:25: Execute Cell 11 c:\Users\racarla1\Documents\Git\VSCode_Portable\Projects\ESP32_FreeRTOS_Robot-Steps_Identification\analysis\LowPassFilter_Batt.ipynb
Info 10:00:25: Cell 1 executed with state Success
Info 10:00:25: Cell 3 executed with state Success
Info 10:00:26: Cell 4 executed with state Success
Info 10:00:26: Cell 6 executed with state Success
Info 10:00:26: Cell 8 executed with state Success
Info 10:00:27: Cell 10 executed with state Success
Info 10:00:27: Cell 11 executed with state Idle
Info 10:21:11: Shutting down notebooks for 75ffe204-99ff-4f18-989c-2ab5a9fae68b
Info 10:21:11: Disposing HostJupyterExecution f5756cea-6891-48a1-a785-e98a144e8b74
Info 10:21:11: Disposing super HostJupyterExecution f5756cea-6891-48a1-a785-e98a144e8b74
Info 10:21:11: Dispose kernel file:///c%3A/Users/racarla1/Documents/Git/VSCode_Portable/Projects/ESP32_FreeRTOS_Robot-Steps_Identification/analysis/LowPassFilter_Steps.ipynb
Info 10:21:11: Dispose Kernel process
Info 10:21:11: kill daemon
Info 10:21:11: Dispose kernel file:///c%3A/Users/racarla1/Documents/Git/VSCode_Portable/Projects/ESP32_FreeRTOS_Robot-Steps_Identification/analysis/LowPassFilter_Batt.ipynb
Info 10:21:11: Dispose Kernel process
Info 10:21:11: kill daemon
Info 10:21:11: Disposing HostJupyterExecution f5756cea-6891-48a1-a785-e98a144e8b74
Info 10:21:11: Finished disposing HostJupyterExecution  f5756cea-6891-48a1-a785-e98a144e8b74
Info 10:21:11: Cleaning up server cache f5756cea-6891-48a1-a785-e98a144e8b74
Info 10:21:11: Finished disposing HostJupyterExecution  f5756cea-6891-48a1-a785-e98a144e8b74
