Experiment 'pythonaa' is active
Experiment 'pythonTensorboardExperiment' is active
Experiment 'PythonPyTorchProfiler' is active
Experiment 'pythonDeprecatePythonPath' is active
Experiment 'pythonRunFailedTestsButtonDisplayed' is active
Experiment 'pythonRefreshTestsButtonDisplayed' is active
Experiment 'pythonRememberDebugConfig' is active
> conda info --json
> "C:\Program Files\Inkscape\bin\python.exe" ~\Documents\Git\VSCode_Portable\VSCode-win32-x64-1.62.3\data\extensions\ms-python.python-2021.11.1422169775\pythonFiles\interpreterInfo.py
> ~\AppData\Local\Programs\Python\Python39\python.exe ~\Documents\Git\VSCode_Portable\VSCode-win32-x64-1.62.3\data\extensions\ms-python.python-2021.11.1422169775\pythonFiles\interpreterInfo.py
Python interpreter path: ~\AppData\Local\Programs\Python\Python39\python.exe
Starting Pylance language server.
> conda --version
> "C:\Program Files\Inkscape\bin\python.exe" -c "import pip"
> .. ~\Documents\Git\VSCode_Portable\VSCode-win32-x64-1.62.3\data\extensions\ms-python.python-2021.11.1422169775\pythonFiles\interpreterInfo.py
> ~\Documents\Git\VSCode_Portable\Projects\python-3.10.1-embed-amd64 -c "import sys;print(sys.executable)"
> ~\Documents\Git\VSCode_Portable\Projects\python-3.10.1-embed-amd64 -c "import sys;print(sys.executable)"
> ~\Documents\Git\VSCode_Portable\Projects\python-3.10.1-embed-amd64 -c "import sys;print(sys.executable)"
> ~\Documents\Git\VSCode_Portable\Projects\python-3.10.1-embed-amd64 -c "import sys;print(sys.executable)"
> ..\python-3.10.1-embed-amd64\ ~\Documents\Git\VSCode_Portable\VSCode-win32-x64-1.62.3\data\extensions\ms-python.python-2021.11.1422169775\pythonFiles\interpreterInfo.py
> ..\python-3.10.1-embed-amd64\ ~\Documents\Git\VSCode_Portable\VSCode-win32-x64-1.62.3\data\extensions\ms-python.python-2021.11.1422169775\pythonFiles\interpreterInfo.py
> ~\Documents\Git\VSCode_Portable\python-3.10.1-embed-amd64\python.exe ~\Documents\Git\VSCode_Portable\VSCode-win32-x64-1.62.3\data\extensions\ms-python.python-2021.11.1422169775\pythonFiles\interpreterInfo.py
Python interpreter path: ~\Documents\Git\VSCode_Portable\python-3.10.1-embed-amd64\python.exe
> ~\Documents\Git\VSCode_Portable\python-3.10.1-embed-amd64\python.exe -c "import pip"
Error 2021-12-08 22:49:51: Error while running worker[Worker 1]. undefined
Error 2021-12-08 22:49:51: Error while running worker[Worker 2]. undefined
