[2021-12-14 11:45:37.983] [exthost] [info] Extension host with pid 5276 started
[2021-12-14 11:45:37.983] [exthost] [info] Skipping acquiring lock for c:\Users\racarla1\Documents\Git\VSCode_Portable\Installation\VSCode-win32-x64-1.63.0\data\user-data\User\workspaceStorage\965c53b565f5f9ea46332f5763d23053.
[2021-12-14 11:45:38.025] [exthost] [info] ExtensionService#_doActivateExtension vscode.microsoft-authentication, startup: false, activationEvent: 'onAuthenticationRequest:microsoft'
[2021-12-14 11:45:38.035] [exthost] [info] ExtensionService#_doActivateExtension vscode.debug-auto-launch, startup: true, activationEvent: '*'
[2021-12-14 11:45:38.041] [exthost] [info] ExtensionService#_doActivateExtension vscode.git-base, startup: true, activationEvent: '*', root cause: vscode.github
[2021-12-14 11:45:38.046] [exthost] [info] ExtensionService#_doActivateExtension DanielLin.auto-header, startup: true, activationEvent: '*'
[2021-12-14 11:45:38.059] [exthost] [info] ExtensionService#_doActivateExtension ms-vscode.cpptools, startup: true, activationEvent: '*', root cause: platformio.platformio-ide
[2021-12-14 11:45:38.162] [exthost] [info] ExtensionService#_doActivateExtension ms-vscode.cmake-tools, startup: true, activationEvent: 'workspaceContains:*/CMakeLists.txt,*/*/CMakeLists.txt,*/*/*/CMakeLists.txt'
[2021-12-14 11:45:38.188] [exthost] [info] ExtensionService#_doActivateExtension vscode.git, startup: true, activationEvent: '*'
[2021-12-14 11:45:38.206] [exthost] [info] ExtensionService#_doActivateExtension vscode.github, startup: true, activationEvent: '*'
[2021-12-14 11:45:38.215] [exthost] [info] ExtensionService#_doActivateExtension platformio.platformio-ide, startup: true, activationEvent: '*'
[2021-12-14 11:45:38.492] [exthost] [info] ExtensionService#_doActivateExtension vscode.github-authentication, startup: false, activationEvent: 'onAuthenticationRequest:github'
[2021-12-14 11:45:38.667] [exthost] [info] Eager extensions activated
[2021-12-14 11:45:38.675] [exthost] [info] ExtensionService#_doActivateExtension vscode.emmet, startup: false, activationEvent: 'onStartupFinished'
[2021-12-14 11:45:38.686] [exthost] [info] ExtensionService#_doActivateExtension vscode.merge-conflict, startup: false, activationEvent: 'onStartupFinished'
[2021-12-14 11:45:38.688] [exthost] [info] ExtensionService#_doActivateExtension ms-vscode-remote.remote-wsl-recommender, startup: false, activationEvent: 'onStartupFinished'
[2021-12-14 11:45:38.903] [exthost] [warning] [Decorations] CAPPING events from decorations provider vscode.git 3729
[2021-12-14 11:45:46.112] [exthost] [info] extension host terminating: renderer closed the socket
[2021-12-14 11:45:46.122] [exthost] [error] ProxyResolver#resolveProxy Canceled: Canceled
	at Object.R [as canceled] (c:\Users\racarla1\Documents\Git\VSCode_Portable\Installation\VSCode-win32-x64-1.63.0\resources\app\out\vs\workbench\services\extensions\node\extensionHostProcess.js:5:1157)
	at t._remoteCall (c:\Users\racarla1\Documents\Git\VSCode_Portable\Installation\VSCode-win32-x64-1.63.0\resources\app\out\vs\workbench\services\extensions\node\extensionHostProcess.js:99:13876)
	at Proxy.O.<computed>.F.charCodeAt.O.<computed> (c:\Users\racarla1\Documents\Git\VSCode_Portable\Installation\VSCode-win32-x64-1.63.0\resources\app\out\vs\workbench\services\extensions\node\extensionHostProcess.js:99:10271)
	at l.resolveProxy (c:\Users\racarla1\Documents\Git\VSCode_Portable\Installation\VSCode-win32-x64-1.63.0\resources\app\out\vs\workbench\services\extensions\node\extensionHostProcess.js:99:39347)
	at Object.resolveProxy (c:\Users\racarla1\Documents\Git\VSCode_Portable\Installation\VSCode-win32-x64-1.63.0\resources\app\out\vs\workbench\services\extensions\node\extensionHostProcess.js:104:59719)
	at useProxySettings (c:\Users\racarla1\Documents\Git\VSCode_Portable\Installation\VSCode-win32-x64-1.63.0\resources\app\node_modules.asar\vscode-proxy-agent\out\index.js:159:16)
	at c:\Users\racarla1\Documents\Git\VSCode_Portable\Installation\VSCode-win32-x64-1.63.0\resources\app\node_modules.asar\vscode-proxy-agent\out\index.js:107:13
	at c:\Users\racarla1\Documents\Git\VSCode_Portable\Installation\VSCode-win32-x64-1.63.0\resources\app\node_modules.asar\vscode-proxy-agent\out\index.js:335:13
	at processTicksAndRejections (internal/process/task_queues.js:93:5) 
[2021-12-14 11:45:46.127] [exthost] [error] ProxyResolver#resolveProxy Canceled: Canceled
	at Object.R [as canceled] (c:\Users\racarla1\Documents\Git\VSCode_Portable\Installation\VSCode-win32-x64-1.63.0\resources\app\out\vs\workbench\services\extensions\node\extensionHostProcess.js:5:1157)
	at t._remoteCall (c:\Users\racarla1\Documents\Git\VSCode_Portable\Installation\VSCode-win32-x64-1.63.0\resources\app\out\vs\workbench\services\extensions\node\extensionHostProcess.js:99:13876)
	at Proxy.O.<computed>.F.charCodeAt.O.<computed> (c:\Users\racarla1\Documents\Git\VSCode_Portable\Installation\VSCode-win32-x64-1.63.0\resources\app\out\vs\workbench\services\extensions\node\extensionHostProcess.js:99:10271)
	at l.resolveProxy (c:\Users\racarla1\Documents\Git\VSCode_Portable\Installation\VSCode-win32-x64-1.63.0\resources\app\out\vs\workbench\services\extensions\node\extensionHostProcess.js:99:39347)
	at Object.resolveProxy (c:\Users\racarla1\Documents\Git\VSCode_Portable\Installation\VSCode-win32-x64-1.63.0\resources\app\out\vs\workbench\services\extensions\node\extensionHostProcess.js:104:59719)
	at useProxySettings (c:\Users\racarla1\Documents\Git\VSCode_Portable\Installation\VSCode-win32-x64-1.63.0\resources\app\node_modules.asar\vscode-proxy-agent\out\index.js:159:16)
	at c:\Users\racarla1\Documents\Git\VSCode_Portable\Installation\VSCode-win32-x64-1.63.0\resources\app\node_modules.asar\vscode-proxy-agent\out\index.js:107:13
	at c:\Users\racarla1\Documents\Git\VSCode_Portable\Installation\VSCode-win32-x64-1.63.0\resources\app\node_modules.asar\vscode-proxy-agent\out\index.js:335:13
	at processTicksAndRejections (internal/process/task_queues.js:93:5) 
[2021-12-14 11:45:46.358] [exthost] [info] Extension host with pid 5276 exiting with code 0
[2021-12-14 11:45:47.159] [exthost] [info] Extension host with pid 2208 started
[2021-12-14 11:45:47.159] [exthost] [info] Skipping acquiring lock for c:\Users\racarla1\Documents\Git\VSCode_Portable\Installation\VSCode-win32-x64-1.63.0\data\user-data\User\workspaceStorage\b9c5b73a130fc4908eaeff245e3a0afb.
[2021-12-14 11:45:47.201] [exthost] [info] ExtensionService#_doActivateExtension vscode.microsoft-authentication, startup: false, activationEvent: 'onAuthenticationRequest:microsoft'
[2021-12-14 11:45:47.208] [exthost] [info] ExtensionService#_doActivateExtension vscode.debug-auto-launch, startup: true, activationEvent: '*'
[2021-12-14 11:45:47.211] [exthost] [info] ExtensionService#_doActivateExtension vscode.git-base, startup: true, activationEvent: '*', root cause: vscode.github
[2021-12-14 11:45:47.214] [exthost] [info] ExtensionService#_doActivateExtension DanielLin.auto-header, startup: true, activationEvent: '*'
[2021-12-14 11:45:47.225] [exthost] [info] ExtensionService#_doActivateExtension ms-vscode.cpptools, startup: true, activationEvent: '*', root cause: platformio.platformio-ide
[2021-12-14 11:45:47.305] [exthost] [info] ExtensionService#_doActivateExtension vscode.git, startup: true, activationEvent: '*'
[2021-12-14 11:45:47.317] [exthost] [info] ExtensionService#_doActivateExtension vscode.github, startup: true, activationEvent: '*'
[2021-12-14 11:45:47.320] [exthost] [info] ExtensionService#_doActivateExtension platformio.platformio-ide, startup: true, activationEvent: '*'
[2021-12-14 11:45:47.750] [exthost] [info] ExtensionService#_doActivateExtension vscode.configuration-editing, startup: false, activationEvent: 'onLanguage:json'
[2021-12-14 11:45:47.774] [exthost] [info] ExtensionService#_doActivateExtension vscode.extension-editing, startup: false, activationEvent: 'onLanguage:json'
[2021-12-14 11:45:47.828] [exthost] [info] ExtensionService#_doActivateExtension vscode.json-language-features, startup: false, activationEvent: 'onLanguage:json'
[2021-12-14 11:45:47.907] [exthost] [info] ExtensionService#_doActivateExtension vscode.npm, startup: false, activationEvent: 'onLanguage:json'
[2021-12-14 11:45:48.003] [exthost] [info] ExtensionService#_doActivateExtension vscode.typescript-language-features, startup: false, activationEvent: 'onLanguage:jsonc'
[2021-12-14 11:45:48.085] [exthost] [info] Eager extensions activated
[2021-12-14 11:45:48.090] [exthost] [info] ExtensionService#_doActivateExtension vscode.github-authentication, startup: false, activationEvent: 'onAuthenticationRequest:github'
[2021-12-14 11:45:48.145] [exthost] [info] ExtensionService#_doActivateExtension vscode.emmet, startup: false, activationEvent: 'onStartupFinished'
[2021-12-14 11:45:48.151] [exthost] [info] ExtensionService#_doActivateExtension vscode.merge-conflict, startup: false, activationEvent: 'onStartupFinished'
[2021-12-14 11:45:48.153] [exthost] [info] ExtensionService#_doActivateExtension ms-vscode-remote.remote-wsl-recommender, startup: false, activationEvent: 'onStartupFinished'
[2021-12-14 11:45:48.485] [exthost] [warning] [Decorations] CAPPING events from decorations provider vscode.git 3772
[2021-12-14 11:45:52.613] [exthost] [warning] [Decorations] CAPPING events from decorations provider vscode.git 3785
[2021-12-14 11:45:57.878] [exthost] [warning] [Decorations] CAPPING events from decorations provider vscode.git 3785
[2021-12-14 11:46:10.615] [exthost] [warning] [Decorations] CAPPING events from decorations provider vscode.git 3785
[2021-12-14 11:46:11.539] [exthost] [info] ExtensionService#_doActivateExtension cschlosser.doxdocgen, startup: false, activationEvent: 'onLanguage:cpp'
[2021-12-14 11:46:15.921] [exthost] [warning] [Decorations] CAPPING events from decorations provider vscode.git 3783
[2021-12-14 11:46:21.176] [exthost] [warning] [Decorations] CAPPING events from decorations provider vscode.git 3784
[2021-12-14 11:46:33.468] [exthost] [warning] [Decorations] CAPPING events from decorations provider vscode.git 3785
[2021-12-14 11:46:49.262] [exthost] [warning] [Decorations] CAPPING events from decorations provider vscode.git 3785
[2021-12-14 11:46:57.785] [exthost] [warning] [Decorations] CAPPING events from decorations provider vscode.git 3786
[2021-12-14 11:47:05.543] [exthost] [warning] [Decorations] CAPPING events from decorations provider vscode.git 3786
[2021-12-14 11:47:21.242] [exthost] [warning] [Decorations] CAPPING events from decorations provider vscode.git 3786
[2021-12-14 11:47:26.516] [exthost] [warning] [Decorations] CAPPING events from decorations provider vscode.git 3786
[2021-12-14 11:47:33.629] [exthost] [warning] [Decorations] CAPPING events from decorations provider vscode.git 3786
[2021-12-14 11:47:54.507] [exthost] [warning] [Decorations] CAPPING events from decorations provider vscode.git 3779
[2021-12-14 11:47:59.777] [exthost] [warning] [Decorations] CAPPING events from decorations provider vscode.git 3780
[2021-12-14 11:48:05.061] [exthost] [warning] [Decorations] CAPPING events from decorations provider vscode.git 3780
[2021-12-14 11:48:15.825] [exthost] [warning] [Decorations] CAPPING events from decorations provider vscode.git 3779
[2021-12-14 11:49:01.080] [exthost] [warning] [Decorations] CAPPING events from decorations provider vscode.git 3779
[2021-12-14 11:49:41.761] [exthost] [warning] [Decorations] CAPPING events from decorations provider vscode.git 3779
[2021-12-14 11:49:54.909] [exthost] [warning] [Decorations] CAPPING events from decorations provider vscode.git 3780
[2021-12-14 11:50:00.173] [exthost] [warning] [Decorations] CAPPING events from decorations provider vscode.git 3780
[2021-12-14 11:50:10.097] [exthost] [warning] [Decorations] CAPPING events from decorations provider vscode.git 3780
[2021-12-14 11:50:16.213] [exthost] [warning] [Decorations] CAPPING events from decorations provider vscode.git 3779
[2021-12-14 11:50:21.484] [exthost] [warning] [Decorations] CAPPING events from decorations provider vscode.git 3779
[2021-12-14 11:50:26.760] [exthost] [warning] [Decorations] CAPPING events from decorations provider vscode.git 3779
[2021-12-14 11:51:19.346] [exthost] [warning] [Decorations] CAPPING events from decorations provider vscode.git 3779
[2021-12-14 11:51:56.531] [exthost] [warning] [Decorations] CAPPING events from decorations provider vscode.git 3779
[2021-12-14 11:52:17.691] [exthost] [warning] [Decorations] CAPPING events from decorations provider vscode.git 3779
[2021-12-14 11:52:59.990] [exthost] [warning] [Decorations] CAPPING events from decorations provider vscode.git 3779
[2021-12-14 11:53:16.594] [exthost] [warning] [Decorations] CAPPING events from decorations provider vscode.git 3779
[2021-12-14 11:54:43.895] [exthost] [warning] [Decorations] CAPPING events from decorations provider vscode.git 3779
[2021-12-14 11:54:59.476] [exthost] [warning] [Decorations] CAPPING events from decorations provider vscode.git 3779
[2021-12-14 11:55:44.842] [exthost] [warning] [Decorations] CAPPING events from decorations provider vscode.git 3779
[2021-12-14 11:55:56.647] [exthost] [warning] [Decorations] CAPPING events from decorations provider vscode.git 3779
[2021-12-14 11:57:04.515] [exthost] [warning] [Decorations] CAPPING events from decorations provider vscode.git 3779
[2021-12-14 11:57:17.416] [exthost] [warning] [Decorations] CAPPING events from decorations provider vscode.git 3779
[2021-12-14 11:57:24.770] [exthost] [warning] [Decorations] CAPPING events from decorations provider vscode.git 3779
[2021-12-14 11:57:30.048] [exthost] [warning] [Decorations] CAPPING events from decorations provider vscode.git 3779
[2021-12-14 11:57:35.324] [exthost] [warning] [Decorations] CAPPING events from decorations provider vscode.git 3779
[2021-12-14 11:57:41.879] [exthost] [warning] [Decorations] CAPPING events from decorations provider vscode.git 3779
[2021-12-14 12:01:14.900] [exthost] [warning] [Decorations] CAPPING events from decorations provider vscode.git 3779
[2021-12-14 12:01:45.483] [exthost] [warning] ms-vscode.cpptools - Code actions of kind 'quickfix 'requested but returned code action is of kind 'refactor.inline'. Code action will be dropped. Please check 'CodeActionContext.only' to only return requested code actions.
[2021-12-14 12:01:53.242] [exthost] [warning] [Decorations] CAPPING events from decorations provider vscode.git 3779
[2021-12-14 12:02:08.347] [exthost] [warning] [Decorations] CAPPING events from decorations provider vscode.git 3779
[2021-12-14 12:03:33.271] [exthost] [warning] [Decorations] CAPPING events from decorations provider vscode.git 3779
[2021-12-14 12:04:05.319] [exthost] [warning] [Decorations] CAPPING events from decorations provider vscode.git 3779
[2021-12-14 12:04:40.122] [exthost] [warning] [Decorations] CAPPING events from decorations provider vscode.git 3779
[2021-12-14 12:04:59.971] [exthost] [warning] [Decorations] CAPPING events from decorations provider vscode.git 3779
[2021-12-14 12:06:29.414] [exthost] [warning] [Decorations] CAPPING events from decorations provider vscode.git 3779
[2021-12-14 12:06:34.864] [exthost] [warning] [Decorations] CAPPING events from decorations provider vscode.git 3779
[2021-12-14 12:06:41.247] [exthost] [warning] [Decorations] CAPPING events from decorations provider vscode.git 3779
[2021-12-14 12:07:29.233] [exthost] [warning] [Decorations] CAPPING events from decorations provider vscode.git 3779
[2021-12-14 12:07:56.088] [exthost] [warning] [Decorations] CAPPING events from decorations provider vscode.git 3779
[2021-12-14 12:08:11.434] [exthost] [warning] [Decorations] CAPPING events from decorations provider vscode.git 3779
[2021-12-14 12:08:33.714] [exthost] [warning] [Decorations] CAPPING events from decorations provider vscode.git 3779
[2021-12-14 12:08:40.396] [exthost] [warning] [Decorations] CAPPING events from decorations provider vscode.git 3779
[2021-12-14 12:08:53.227] [exthost] [warning] [Decorations] CAPPING events from decorations provider vscode.git 3779
[2021-12-14 12:09:08.490] [exthost] [warning] [Decorations] CAPPING events from decorations provider vscode.git 3779
[2021-12-14 12:09:24.055] [exthost] [warning] [Decorations] CAPPING events from decorations provider vscode.git 3779
[2021-12-14 12:09:29.348] [exthost] [warning] [Decorations] CAPPING events from decorations provider vscode.git 3779
[2021-12-14 12:09:51.444] [exthost] [warning] [Decorations] CAPPING events from decorations provider vscode.git 3779
[2021-12-14 12:10:01.973] [exthost] [warning] [Decorations] CAPPING events from decorations provider vscode.git 3779
[2021-12-14 12:10:34.851] [exthost] [warning] [Decorations] CAPPING events from decorations provider vscode.git 3779
[2021-12-14 12:10:40.857] [exthost] [warning] [Decorations] CAPPING events from decorations provider vscode.git 3779
[2021-12-14 12:10:53.570] [exthost] [warning] [Decorations] CAPPING events from decorations provider vscode.git 3779
[2021-12-14 12:11:05.297] [exthost] [warning] [Decorations] CAPPING events from decorations provider vscode.git 3779
[2021-12-14 12:11:10.569] [exthost] [warning] [Decorations] CAPPING events from decorations provider vscode.git 3779
[2021-12-14 12:11:19.578] [exthost] [warning] [Decorations] CAPPING events from decorations provider vscode.git 3779
[2021-12-14 12:11:24.871] [exthost] [warning] [Decorations] CAPPING events from decorations provider vscode.git 3779
[2021-12-14 12:11:57.939] [exthost] [warning] [Decorations] CAPPING events from decorations provider vscode.git 3779
[2021-12-14 12:12:05.514] [exthost] [warning] [Decorations] CAPPING events from decorations provider vscode.git 3779
[2021-12-14 12:12:14.838] [exthost] [warning] [Decorations] CAPPING events from decorations provider vscode.git 3779
[2021-12-14 12:12:30.064] [exthost] [warning] [Decorations] CAPPING events from decorations provider vscode.git 3779
[2021-12-14 12:12:39.790] [exthost] [warning] [Decorations] CAPPING events from decorations provider vscode.git 3779
[2021-12-14 12:13:23.686] [exthost] [warning] [Decorations] CAPPING events from decorations provider vscode.git 3779
[2021-12-14 12:14:02.684] [exthost] [warning] [Decorations] CAPPING events from decorations provider vscode.git 3779
[2021-12-14 12:14:08.390] [exthost] [warning] [Decorations] CAPPING events from decorations provider vscode.git 3779
[2021-12-14 12:14:29.914] [exthost] [warning] [Decorations] CAPPING events from decorations provider vscode.git 3779
[2021-12-14 12:14:37.129] [exthost] [warning] [Decorations] CAPPING events from decorations provider vscode.git 3779
[2021-12-14 12:14:42.413] [exthost] [warning] [Decorations] CAPPING events from decorations provider vscode.git 3779
[2021-12-14 12:14:49.639] [exthost] [warning] [Decorations] CAPPING events from decorations provider vscode.git 3779
[2021-12-14 12:15:23.628] [exthost] [warning] [Decorations] CAPPING events from decorations provider vscode.git 3779
[2021-12-14 12:15:30.892] [exthost] [warning] [Decorations] CAPPING events from decorations provider vscode.git 3779
[2021-12-14 12:15:39.890] [exthost] [warning] [Decorations] CAPPING events from decorations provider vscode.git 3779
[2021-12-14 12:15:49.045] [exthost] [info] ExtensionService#_doActivateExtension vscode.grunt, startup: false, activationEvent: 'onCommand:workbench.action.tasks.runTask'
[2021-12-14 12:15:49.069] [exthost] [info] ExtensionService#_doActivateExtension vscode.gulp, startup: false, activationEvent: 'onCommand:workbench.action.tasks.runTask'
[2021-12-14 12:15:49.085] [exthost] [info] ExtensionService#_doActivateExtension vscode.jake, startup: false, activationEvent: 'onCommand:workbench.action.tasks.runTask'
[2021-12-14 12:15:52.596] [exthost] [warning] [Decorations] CAPPING events from decorations provider vscode.git 3779
[2021-12-14 12:15:59.104] [exthost] [warning] [Decorations] CAPPING events from decorations provider vscode.git 3779
[2021-12-14 12:16:18.434] [exthost] [warning] [Decorations] CAPPING events from decorations provider vscode.git 3779
[2021-12-14 12:16:23.833] [exthost] [warning] [Decorations] CAPPING events from decorations provider vscode.git 3779
[2021-12-14 12:16:29.111] [exthost] [warning] [Decorations] CAPPING events from decorations provider vscode.git 3779
[2021-12-14 12:16:51.496] [exthost] [warning] [Decorations] CAPPING events from decorations provider vscode.git 3779
[2021-12-14 12:17:27.857] [exthost] [warning] [Decorations] CAPPING events from decorations provider vscode.git 3779
[2021-12-14 12:18:43.006] [exthost] [warning] [Decorations] CAPPING events from decorations provider vscode.git 3779
[2021-12-14 12:18:48.296] [exthost] [warning] [Decorations] CAPPING events from decorations provider vscode.git 3779
[2021-12-14 12:19:11.454] [exthost] [warning] [Decorations] CAPPING events from decorations provider vscode.git 3779
[2021-12-14 12:19:51.235] [exthost] [warning] [Decorations] CAPPING events from decorations provider vscode.git 3779
[2021-12-14 12:19:56.523] [exthost] [warning] [Decorations] CAPPING events from decorations provider vscode.git 3779
[2021-12-14 12:20:01.807] [exthost] [warning] [Decorations] CAPPING events from decorations provider vscode.git 3779
[2021-12-14 12:20:13.125] [exthost] [warning] [Decorations] CAPPING events from decorations provider vscode.git 3779
[2021-12-14 12:21:04.119] [exthost] [warning] [Decorations] CAPPING events from decorations provider vscode.git 3779
[2021-12-14 12:21:09.407] [exthost] [warning] [Decorations] CAPPING events from decorations provider vscode.git 3779
[2021-12-14 12:21:14.692] [exthost] [warning] [Decorations] CAPPING events from decorations provider vscode.git 3779
[2021-12-14 12:21:19.971] [exthost] [warning] [Decorations] CAPPING events from decorations provider vscode.git 3779
[2021-12-14 12:22:18.938] [exthost] [warning] [Decorations] CAPPING events from decorations provider vscode.git 3779
[2021-12-14 12:22:30.307] [exthost] [warning] [Decorations] CAPPING events from decorations provider vscode.git 3779
[2021-12-14 12:22:37.145] [exthost] [warning] [Decorations] CAPPING events from decorations provider vscode.git 3779
[2021-12-14 12:22:44.348] [exthost] [warning] [Decorations] CAPPING events from decorations provider vscode.git 3779
[2021-12-14 12:23:51.610] [exthost] [warning] [Decorations] CAPPING events from decorations provider vscode.git 3780
[2021-12-14 12:23:59.339] [exthost] [warning] [Decorations] CAPPING events from decorations provider vscode.git 3780
[2021-12-14 12:24:05.050] [exthost] [warning] [Decorations] CAPPING events from decorations provider vscode.git 3779
[2021-12-14 12:24:20.403] [exthost] [warning] [Decorations] CAPPING events from decorations provider vscode.git 3779
[2021-12-14 12:24:44.320] [exthost] [warning] [Decorations] CAPPING events from decorations provider vscode.git 3779
[2021-12-14 12:24:49.597] [exthost] [warning] [Decorations] CAPPING events from decorations provider vscode.git 3779
[2021-12-14 12:24:54.877] [exthost] [warning] [Decorations] CAPPING events from decorations provider vscode.git 3779
[2021-12-14 12:25:00.155] [exthost] [warning] [Decorations] CAPPING events from decorations provider vscode.git 3779
[2021-12-14 12:25:05.434] [exthost] [warning] [Decorations] CAPPING events from decorations provider vscode.git 3779
[2021-12-14 12:25:23.913] [exthost] [warning] [Decorations] CAPPING events from decorations provider vscode.git 3779
[2021-12-14 12:25:51.580] [exthost] [warning] [Decorations] CAPPING events from decorations provider vscode.git 3779
[2021-12-14 12:25:56.858] [exthost] [warning] [Decorations] CAPPING events from decorations provider vscode.git 3779
[2021-12-14 12:26:10.754] [exthost] [info] ExtensionService#_doActivateExtension vscode.simple-browser, startup: false, activationEvent: 'onOpenExternalUri:https'
[2021-12-14 12:26:44.954] [exthost] [warning] [Decorations] CAPPING events from decorations provider vscode.git 3779
[2021-12-14 12:27:00.444] [exthost] [warning] [Decorations] CAPPING events from decorations provider vscode.git 3779
[2021-12-14 12:27:19.779] [exthost] [warning] [Decorations] CAPPING events from decorations provider vscode.git 3779
[2021-12-14 12:27:25.264] [exthost] [warning] [Decorations] CAPPING events from decorations provider vscode.git 3779
[2021-12-14 12:27:59.708] [exthost] [warning] [Decorations] CAPPING events from decorations provider vscode.git 3779
[2021-12-14 12:28:05.003] [exthost] [warning] [Decorations] CAPPING events from decorations provider vscode.git 3779
[2021-12-14 12:28:23.731] [exthost] [warning] [Decorations] CAPPING events from decorations provider vscode.git 3779
[2021-12-14 12:28:47.641] [exthost] [warning] [Decorations] CAPPING events from decorations provider vscode.git 3779
[2021-12-14 12:28:53.211] [exthost] [warning] [Decorations] CAPPING events from decorations provider vscode.git 3779
[2021-12-14 12:28:58.495] [exthost] [warning] [Decorations] CAPPING events from decorations provider vscode.git 3779
[2021-12-14 12:29:17.038] [exthost] [warning] [Decorations] CAPPING events from decorations provider vscode.git 3779
[2021-12-14 12:29:39.099] [exthost] [warning] [Decorations] CAPPING events from decorations provider vscode.git 3779
[2021-12-14 12:29:46.320] [exthost] [warning] [Decorations] CAPPING events from decorations provider vscode.git 3779
[2021-12-14 12:31:20.962] [exthost] [warning] [Decorations] CAPPING events from decorations provider vscode.git 3779
[2021-12-14 12:31:31.148] [exthost] [warning] [Decorations] CAPPING events from decorations provider vscode.git 3779
[2021-12-14 12:31:36.426] [exthost] [warning] [Decorations] CAPPING events from decorations provider vscode.git 3779
[2021-12-14 12:31:41.706] [exthost] [warning] [Decorations] CAPPING events from decorations provider vscode.git 3779
[2021-12-14 12:32:09.496] [exthost] [warning] [Decorations] CAPPING events from decorations provider vscode.git 3779
[2021-12-14 12:33:02.731] [exthost] [warning] [Decorations] CAPPING events from decorations provider vscode.git 3779
[2021-12-14 12:33:20.773] [exthost] [warning] [Decorations] CAPPING events from decorations provider vscode.git 3779
[2021-12-14 12:33:26.053] [exthost] [warning] [Decorations] CAPPING events from decorations provider vscode.git 3779
[2021-12-14 12:34:01.782] [exthost] [warning] [Decorations] CAPPING events from decorations provider vscode.git 3779
[2021-12-14 12:34:17.245] [exthost] [warning] [Decorations] CAPPING events from decorations provider vscode.git 3779
[2021-12-14 12:34:22.523] [exthost] [warning] [Decorations] CAPPING events from decorations provider vscode.git 3779
[2021-12-14 12:34:27.805] [exthost] [warning] [Decorations] CAPPING events from decorations provider vscode.git 3779
[2021-12-14 12:34:33.099] [exthost] [warning] [Decorations] CAPPING events from decorations provider vscode.git 3779
[2021-12-14 12:34:41.556] [exthost] [warning] [Decorations] CAPPING events from decorations provider vscode.git 3779
[2021-12-14 12:34:46.840] [exthost] [warning] [Decorations] CAPPING events from decorations provider vscode.git 3779
[2021-12-14 12:34:52.125] [exthost] [warning] [Decorations] CAPPING events from decorations provider vscode.git 3779
[2021-12-14 12:35:05.325] [exthost] [warning] [Decorations] CAPPING events from decorations provider vscode.git 3779
[2021-12-14 12:35:43.842] [exthost] [warning] [Decorations] CAPPING events from decorations provider vscode.git 3779
[2021-12-14 12:37:28.297] [exthost] [warning] [Decorations] CAPPING events from decorations provider vscode.git 3779
[2021-12-14 12:38:12.456] [exthost] [warning] [Decorations] CAPPING events from decorations provider vscode.git 3779
[2021-12-14 12:40:40.905] [exthost] [warning] [Decorations] CAPPING events from decorations provider vscode.git 3779
[2021-12-14 12:41:00.911] [exthost] [warning] [Decorations] CAPPING events from decorations provider vscode.git 3779
[2021-12-14 12:41:09.994] [exthost] [warning] [Decorations] CAPPING events from decorations provider vscode.git 3779
[2021-12-14 12:41:19.419] [exthost] [warning] [Decorations] CAPPING events from decorations provider vscode.git 3779
[2021-12-14 12:41:46.058] [exthost] [warning] [Decorations] CAPPING events from decorations provider vscode.git 3779
[2021-12-14 12:41:51.348] [exthost] [warning] [Decorations] CAPPING events from decorations provider vscode.git 3779
[2021-12-14 12:42:01.531] [exthost] [warning] [Decorations] CAPPING events from decorations provider vscode.git 3779
[2021-12-14 12:42:06.809] [exthost] [warning] [Decorations] CAPPING events from decorations provider vscode.git 3779
[2021-12-14 12:42:12.097] [exthost] [warning] [Decorations] CAPPING events from decorations provider vscode.git 3779
[2021-12-14 12:42:46.698] [exthost] [warning] [Decorations] CAPPING events from decorations provider vscode.git 3779
[2021-12-14 12:43:01.608] [exthost] [warning] [Decorations] CAPPING events from decorations provider vscode.git 3779
[2021-12-14 12:43:06.886] [exthost] [warning] [Decorations] CAPPING events from decorations provider vscode.git 3779
[2021-12-14 12:43:12.166] [exthost] [warning] [Decorations] CAPPING events from decorations provider vscode.git 3779
[2021-12-14 12:43:17.455] [exthost] [warning] [Decorations] CAPPING events from decorations provider vscode.git 3779
[2021-12-14 12:43:23.286] [exthost] [warning] [Decorations] CAPPING events from decorations provider vscode.git 3779
[2021-12-14 12:43:28.569] [exthost] [warning] [Decorations] CAPPING events from decorations provider vscode.git 3779
[2021-12-14 12:43:52.183] [exthost] [warning] [Decorations] CAPPING events from decorations provider vscode.git 3779
[2021-12-14 12:43:57.454] [exthost] [warning] [Decorations] CAPPING events from decorations provider vscode.git 3779
[2021-12-14 12:44:02.739] [exthost] [warning] [Decorations] CAPPING events from decorations provider vscode.git 3779
[2021-12-14 12:44:10.988] [exthost] [warning] [Decorations] CAPPING events from decorations provider vscode.git 3779
[2021-12-14 12:44:16.336] [exthost] [warning] [Decorations] CAPPING events from decorations provider vscode.git 3779
[2021-12-14 12:44:21.831] [exthost] [warning] [Decorations] CAPPING events from decorations provider vscode.git 3779
[2021-12-14 12:44:27.110] [exthost] [warning] [Decorations] CAPPING events from decorations provider vscode.git 3779
[2021-12-14 12:44:45.312] [exthost] [warning] [Decorations] CAPPING events from decorations provider vscode.git 3779
[2021-12-14 12:45:04.050] [exthost] [warning] [Decorations] CAPPING events from decorations provider vscode.git 3779
[2021-12-14 12:45:11.971] [exthost] [warning] [Decorations] CAPPING events from decorations provider vscode.git 3779
[2021-12-14 12:45:38.206] [exthost] [warning] [Decorations] CAPPING events from decorations provider vscode.git 3779
[2021-12-14 12:45:46.857] [exthost] [warning] [Decorations] CAPPING events from decorations provider vscode.git 3779
[2021-12-14 12:46:11.677] [exthost] [warning] [Decorations] CAPPING events from decorations provider vscode.git 3784
[2021-12-14 12:46:17.690] [exthost] [warning] [Decorations] CAPPING events from decorations provider vscode.git 3784
[2021-12-14 12:46:22.973] [exthost] [warning] [Decorations] CAPPING events from decorations provider vscode.git 3784
[2021-12-14 12:46:28.253] [exthost] [warning] [Decorations] CAPPING events from decorations provider vscode.git 3784
[2021-12-14 12:46:33.543] [exthost] [warning] [Decorations] CAPPING events from decorations provider vscode.git 3784
[2021-12-14 12:46:57.155] [exthost] [warning] [Decorations] CAPPING events from decorations provider vscode.git 3784
[2021-12-14 12:47:14.142] [exthost] [warning] [Decorations] CAPPING events from decorations provider vscode.git 3784
[2021-12-14 12:47:26.136] [exthost] [warning] [Decorations] CAPPING events from decorations provider vscode.git 3784
[2021-12-14 12:47:31.422] [exthost] [warning] [Decorations] CAPPING events from decorations provider vscode.git 3784
[2021-12-14 12:47:54.978] [exthost] [warning] [Decorations] CAPPING events from decorations provider vscode.git 3784
[2021-12-14 12:49:00.648] [exthost] [warning] [Decorations] CAPPING events from decorations provider vscode.git 3784
[2021-12-14 12:49:11.335] [exthost] [warning] [Decorations] CAPPING events from decorations provider vscode.git 3784
[2021-12-14 12:49:54.959] [exthost] [warning] [Decorations] CAPPING events from decorations provider vscode.git 3784
[2021-12-14 12:50:00.237] [exthost] [warning] [Decorations] CAPPING events from decorations provider vscode.git 3784
[2021-12-14 12:53:42.677] [exthost] [warning] [Decorations] CAPPING events from decorations provider vscode.git 3784
[2021-12-14 12:53:47.956] [exthost] [warning] [Decorations] CAPPING events from decorations provider vscode.git 3784
[2021-12-14 12:55:04.172] [exthost] [warning] [Decorations] CAPPING events from decorations provider vscode.git 3784
[2021-12-14 12:55:10.469] [exthost] [warning] [Decorations] CAPPING events from decorations provider vscode.git 3784
[2021-12-14 12:55:15.752] [exthost] [warning] [Decorations] CAPPING events from decorations provider vscode.git 3784
[2021-12-14 12:55:21.032] [exthost] [warning] [Decorations] CAPPING events from decorations provider vscode.git 3784
[2021-12-14 12:55:28.391] [exthost] [warning] [Decorations] CAPPING events from decorations provider vscode.git 3784
[2021-12-14 12:57:16.366] [exthost] [warning] [Decorations] CAPPING events from decorations provider vscode.git 3784
[2021-12-14 12:57:31.446] [exthost] [warning] [Decorations] CAPPING events from decorations provider vscode.git 3784
[2021-12-14 12:58:20.827] [exthost] [warning] [Decorations] CAPPING events from decorations provider vscode.git 3784
[2021-12-14 12:58:31.025] [exthost] [warning] [Decorations] CAPPING events from decorations provider vscode.git 3784
[2021-12-14 12:58:36.305] [exthost] [warning] [Decorations] CAPPING events from decorations provider vscode.git 3784
[2021-12-14 12:58:56.748] [exthost] [warning] [Decorations] CAPPING events from decorations provider vscode.git 3784
[2021-12-14 13:03:24.921] [exthost] [warning] [Decorations] CAPPING events from decorations provider vscode.git 3784
[2021-12-14 13:03:30.948] [exthost] [warning] [Decorations] CAPPING events from decorations provider vscode.git 3784
[2021-12-14 13:04:52.598] [exthost] [warning] [Decorations] CAPPING events from decorations provider vscode.git 3784
[2021-12-14 13:04:57.894] [exthost] [warning] [Decorations] CAPPING events from decorations provider vscode.git 3784
[2021-12-14 13:40:52.812] [exthost] [warning] [Decorations] CAPPING events from decorations provider vscode.git 3784
[2021-12-14 13:40:58.089] [exthost] [warning] [Decorations] CAPPING events from decorations provider vscode.git 3784
[2021-12-14 13:41:26.081] [exthost] [warning] [Decorations] CAPPING events from decorations provider vscode.git 3784
[2021-12-14 13:41:47.597] [exthost] [warning] [Decorations] CAPPING events from decorations provider vscode.git 3784
[2021-12-14 13:42:35.762] [exthost] [warning] [Decorations] CAPPING events from decorations provider vscode.git 3784
[2021-12-14 13:43:43.912] [exthost] [warning] [Decorations] CAPPING events from decorations provider vscode.git 3784
[2021-12-14 13:50:33.923] [exthost] [warning] [Decorations] CAPPING events from decorations provider vscode.git 3784
[2021-12-14 13:50:39.211] [exthost] [warning] [Decorations] CAPPING events from decorations provider vscode.git 3785
[2021-12-14 13:53:39.839] [exthost] [warning] [Decorations] CAPPING events from decorations provider vscode.git 3785
[2021-12-14 13:54:45.189] [exthost] [warning] [Decorations] CAPPING events from decorations provider vscode.git 3784
[2021-12-14 13:54:52.325] [exthost] [warning] [Decorations] CAPPING events from decorations provider vscode.git 3784
[2021-12-14 13:55:04.430] [exthost] [warning] [Decorations] CAPPING events from decorations provider vscode.git 3784
[2021-12-14 13:55:49.712] [exthost] [warning] [Decorations] CAPPING events from decorations provider vscode.git 3784
[2021-12-14 13:55:54.992] [exthost] [warning] [Decorations] CAPPING events from decorations provider vscode.git 3784
[2021-12-14 13:56:05.082] [exthost] [warning] [Decorations] CAPPING events from decorations provider vscode.git 3784
[2021-12-14 13:56:10.367] [exthost] [warning] [Decorations] CAPPING events from decorations provider vscode.git 3784
[2021-12-14 13:56:19.777] [exthost] [warning] [Decorations] CAPPING events from decorations provider vscode.git 3784
[2021-12-14 13:56:29.305] [exthost] [warning] [Decorations] CAPPING events from decorations provider vscode.git 3784
[2021-12-14 13:57:39.913] [exthost] [warning] [Decorations] CAPPING events from decorations provider vscode.git 3784
[2021-12-14 13:57:52.045] [exthost] [warning] [Decorations] CAPPING events from decorations provider vscode.git 3784
[2021-12-14 13:58:02.282] [exthost] [warning] [Decorations] CAPPING events from decorations provider vscode.git 3784
[2021-12-14 13:58:16.623] [exthost] [warning] [Decorations] CAPPING events from decorations provider vscode.git 3784
[2021-12-14 13:58:21.917] [exthost] [warning] [Decorations] CAPPING events from decorations provider vscode.git 3784
[2021-12-14 13:58:33.883] [exthost] [warning] [Decorations] CAPPING events from decorations provider vscode.git 3784
[2021-12-14 13:58:45.702] [exthost] [warning] [Decorations] CAPPING events from decorations provider vscode.git 3784
[2021-12-14 13:58:50.985] [exthost] [warning] [Decorations] CAPPING events from decorations provider vscode.git 3784
[2021-12-14 13:59:13.967] [exthost] [warning] [Decorations] CAPPING events from decorations provider vscode.git 3784
[2021-12-14 13:59:19.802] [exthost] [warning] [Decorations] CAPPING events from decorations provider vscode.git 3784
[2021-12-14 13:59:36.447] [exthost] [warning] [Decorations] CAPPING events from decorations provider vscode.git 3784
[2021-12-14 13:59:43.440] [exthost] [warning] [Decorations] CAPPING events from decorations provider vscode.git 3784
[2021-12-14 13:59:48.721] [exthost] [warning] [Decorations] CAPPING events from decorations provider vscode.git 3784
[2021-12-14 13:59:55.174] [exthost] [warning] [Decorations] CAPPING events from decorations provider vscode.git 3784
[2021-12-14 14:00:21.093] [exthost] [warning] [Decorations] CAPPING events from decorations provider vscode.git 3784
[2021-12-14 14:01:46.864] [exthost] [warning] [Decorations] CAPPING events from decorations provider vscode.git 3784
[2021-12-14 14:01:59.356] [exthost] [warning] [Decorations] CAPPING events from decorations provider vscode.git 3784
[2021-12-14 14:02:10.702] [exthost] [warning] [Decorations] CAPPING events from decorations provider vscode.git 3784
[2021-12-14 14:02:16.692] [exthost] [warning] [Decorations] CAPPING events from decorations provider vscode.git 3784
[2021-12-14 14:02:45.829] [exthost] [warning] [Decorations] CAPPING events from decorations provider vscode.git 3784
[2021-12-14 14:03:26.168] [exthost] [warning] [Decorations] CAPPING events from decorations provider vscode.git 3784
[2021-12-14 14:03:31.473] [exthost] [warning] [Decorations] CAPPING events from decorations provider vscode.git 3784
[2021-12-14 14:03:36.761] [exthost] [warning] [Decorations] CAPPING events from decorations provider vscode.git 3784
[2021-12-14 14:03:45.567] [exthost] [warning] [Decorations] CAPPING events from decorations provider vscode.git 3784
[2021-12-14 14:03:50.849] [exthost] [warning] [Decorations] CAPPING events from decorations provider vscode.git 3784
[2021-12-14 14:03:56.130] [exthost] [warning] [Decorations] CAPPING events from decorations provider vscode.git 3784
[2021-12-14 14:04:01.410] [exthost] [warning] [Decorations] CAPPING events from decorations provider vscode.git 3784
[2021-12-14 14:04:24.476] [exthost] [warning] [Decorations] CAPPING events from decorations provider vscode.git 3784
[2021-12-14 14:07:44.314] [exthost] [warning] [Decorations] CAPPING events from decorations provider vscode.git 3784
[2021-12-14 14:07:50.159] [exthost] [warning] [Decorations] CAPPING events from decorations provider vscode.git 3784
[2021-12-14 14:08:23.487] [exthost] [warning] [Decorations] CAPPING events from decorations provider vscode.git 3784
[2021-12-14 14:08:31.700] [exthost] [warning] [Decorations] CAPPING events from decorations provider vscode.git 3784
[2021-12-14 14:08:49.530] [exthost] [warning] [Decorations] CAPPING events from decorations provider vscode.git 3784
[2021-12-14 14:08:54.818] [exthost] [warning] [Decorations] CAPPING events from decorations provider vscode.git 3784
[2021-12-14 14:09:06.156] [exthost] [warning] [Decorations] CAPPING events from decorations provider vscode.git 3784
[2021-12-14 14:09:11.444] [exthost] [warning] [Decorations] CAPPING events from decorations provider vscode.git 3784
[2021-12-14 14:09:34.565] [exthost] [warning] [Decorations] CAPPING events from decorations provider vscode.git 3784
[2021-12-14 14:09:40.569] [exthost] [warning] [Decorations] CAPPING events from decorations provider vscode.git 3784
[2021-12-14 14:09:45.854] [exthost] [warning] [Decorations] CAPPING events from decorations provider vscode.git 3784
[2021-12-14 14:09:51.139] [exthost] [warning] [Decorations] CAPPING events from decorations provider vscode.git 3784
[2021-12-14 14:10:16.559] [exthost] [warning] [Decorations] CAPPING events from decorations provider vscode.git 3784
[2021-12-14 14:10:49.178] [exthost] [warning] [Decorations] CAPPING events from decorations provider vscode.git 3784
[2021-12-14 14:10:54.467] [exthost] [warning] [Decorations] CAPPING events from decorations provider vscode.git 3784
[2021-12-14 14:10:59.763] [exthost] [warning] [Decorations] CAPPING events from decorations provider vscode.git 3784
[2021-12-14 14:11:05.048] [exthost] [warning] [Decorations] CAPPING events from decorations provider vscode.git 3784
[2021-12-14 14:11:16.271] [exthost] [warning] [Decorations] CAPPING events from decorations provider vscode.git 3784
[2021-12-14 14:11:21.550] [exthost] [warning] [Decorations] CAPPING events from decorations provider vscode.git 3784
[2021-12-14 14:11:43.421] [exthost] [warning] [Decorations] CAPPING events from decorations provider vscode.git 3784
[2021-12-14 14:12:49.228] [exthost] [warning] [Decorations] CAPPING events from decorations provider vscode.git 3784
[2021-12-14 14:12:55.079] [exthost] [warning] [Decorations] CAPPING events from decorations provider vscode.git 3784
[2021-12-14 14:13:00.359] [exthost] [warning] [Decorations] CAPPING events from decorations provider vscode.git 3784
[2021-12-14 14:13:06.290] [exthost] [warning] [Decorations] CAPPING events from decorations provider vscode.git 3784
[2021-12-14 14:13:12.378] [exthost] [warning] [Decorations] CAPPING events from decorations provider vscode.git 3784
[2021-12-14 14:13:35.057] [exthost] [warning] [Decorations] CAPPING events from decorations provider vscode.git 3784
[2021-12-14 14:17:58.436] [exthost] [warning] [Decorations] CAPPING events from decorations provider vscode.git 3784
[2021-12-14 14:18:44.162] [exthost] [warning] [Decorations] CAPPING events from decorations provider vscode.git 3784
[2021-12-14 14:19:06.951] [exthost] [warning] [Decorations] CAPPING events from decorations provider vscode.git 3784
[2021-12-14 14:19:12.230] [exthost] [warning] [Decorations] CAPPING events from decorations provider vscode.git 3784
[2021-12-14 14:20:07.168] [exthost] [warning] [Decorations] CAPPING events from decorations provider vscode.git 3784
[2021-12-14 14:20:12.460] [exthost] [warning] [Decorations] CAPPING events from decorations provider vscode.git 3784
[2021-12-14 14:20:37.225] [exthost] [warning] [Decorations] CAPPING events from decorations provider vscode.git 3784
[2021-12-14 14:20:49.429] [exthost] [warning] [Decorations] CAPPING events from decorations provider vscode.git 3784
[2021-12-14 14:20:59.122] [exthost] [warning] [Decorations] CAPPING events from decorations provider vscode.git 3784
[2021-12-14 14:21:05.133] [exthost] [warning] [Decorations] CAPPING events from decorations provider vscode.git 3784
[2021-12-14 14:21:19.858] [exthost] [warning] [Decorations] CAPPING events from decorations provider vscode.git 3784
[2021-12-14 14:22:34.645] [exthost] [warning] [Decorations] CAPPING events from decorations provider vscode.git 3784
[2021-12-14 14:22:41.826] [exthost] [warning] [Decorations] CAPPING events from decorations provider vscode.git 3784
[2021-12-14 14:22:59.878] [exthost] [warning] [Decorations] CAPPING events from decorations provider vscode.git 3784
[2021-12-14 14:23:05.159] [exthost] [warning] [Decorations] CAPPING events from decorations provider vscode.git 3784
[2021-12-14 14:23:10.457] [exthost] [warning] [Decorations] CAPPING events from decorations provider vscode.git 3784
[2021-12-14 14:23:15.744] [exthost] [warning] [Decorations] CAPPING events from decorations provider vscode.git 3784
[2021-12-14 14:23:52.768] [exthost] [warning] [Decorations] CAPPING events from decorations provider vscode.git 3784
[2021-12-14 14:24:04.392] [exthost] [warning] [Decorations] CAPPING events from decorations provider vscode.git 3784
[2021-12-14 14:24:09.670] [exthost] [warning] [Decorations] CAPPING events from decorations provider vscode.git 3784
[2021-12-14 14:24:19.632] [exthost] [warning] [Decorations] CAPPING events from decorations provider vscode.git 3784
[2021-12-14 14:24:24.925] [exthost] [warning] [Decorations] CAPPING events from decorations provider vscode.git 3784
[2021-12-14 14:24:30.210] [exthost] [warning] [Decorations] CAPPING events from decorations provider vscode.git 3784
[2021-12-14 14:24:35.506] [exthost] [warning] [Decorations] CAPPING events from decorations provider vscode.git 3784
[2021-12-14 14:24:51.001] [exthost] [warning] [Decorations] CAPPING events from decorations provider vscode.git 3784
