[2021-12-11 19:22:52.245] [exthost] [info] Extension host with pid 15920 started
[2021-12-11 19:22:52.245] [exthost] [info] Skipping acquiring lock for c:\Users\Racarla\Documents\Git\VSCode_Portable\Installation\VSCode-win32-x64-1.63.0\data\user-data\User\workspaceStorage\22681c325140c8b4da308bd885388c76.
[2021-12-11 19:22:52.424] [exthost] [info] ExtensionService#_doActivateExtension vscode.microsoft-authentication, startup: false, activationEvent: 'onAuthenticationRequest:microsoft'
[2021-12-11 19:22:52.436] [exthost] [info] ExtensionService#_doActivateExtension vscode.debug-auto-launch, startup: true, activationEvent: '*'
[2021-12-11 19:22:52.440] [exthost] [info] ExtensionService#_doActivateExtension vscode.git-base, startup: true, activationEvent: '*', root cause: vscode.github
[2021-12-11 19:22:52.445] [exthost] [info] ExtensionService#_doActivateExtension DanielLin.auto-header, startup: true, activationEvent: '*'
[2021-12-11 19:22:52.471] [exthost] [info] ExtensionService#_doActivateExtension ms-vscode.cpptools, startup: true, activationEvent: '*', root cause: platformio.platformio-ide
[2021-12-11 19:22:52.915] [exthost] [info] ExtensionService#_doActivateExtension vscode.git, startup: true, activationEvent: '*'
[2021-12-11 19:22:52.932] [exthost] [info] ExtensionService#_doActivateExtension vscode.github, startup: true, activationEvent: '*'
[2021-12-11 19:22:52.937] [exthost] [info] ExtensionService#_doActivateExtension platformio.platformio-ide, startup: true, activationEvent: '*'
[2021-12-11 19:22:53.615] [exthost] [info] ExtensionService#_doActivateExtension vscode.configuration-editing, startup: false, activationEvent: 'onLanguage:json'
[2021-12-11 19:22:53.621] [exthost] [info] ExtensionService#_doActivateExtension vscode.extension-editing, startup: false, activationEvent: 'onLanguage:json'
[2021-12-11 19:22:53.628] [exthost] [info] ExtensionService#_doActivateExtension vscode.json-language-features, startup: false, activationEvent: 'onLanguage:json'
[2021-12-11 19:22:53.649] [exthost] [info] ExtensionService#_doActivateExtension vscode.npm, startup: false, activationEvent: 'onLanguage:json'
[2021-12-11 19:22:53.659] [exthost] [info] ExtensionService#_doActivateExtension vscode.github-authentication, startup: false, activationEvent: 'onAuthenticationRequest:github'
[2021-12-11 19:22:53.673] [exthost] [info] ExtensionService#_doActivateExtension vscode.typescript-language-features, startup: false, activationEvent: 'onLanguage:jsonc'
[2021-12-11 19:22:53.892] [exthost] [info] Eager extensions activated
[2021-12-11 19:22:53.902] [exthost] [info] ExtensionService#_doActivateExtension vscode.emmet, startup: false, activationEvent: 'onStartupFinished'
[2021-12-11 19:22:53.912] [exthost] [info] ExtensionService#_doActivateExtension vscode.merge-conflict, startup: false, activationEvent: 'onStartupFinished'
[2021-12-11 19:22:53.917] [exthost] [info] ExtensionService#_doActivateExtension ms-vscode-remote.remote-wsl-recommender, startup: false, activationEvent: 'onStartupFinished'
[2021-12-11 19:22:57.888] [exthost] [info] extension host terminating: renderer closed the socket
[2021-12-11 19:22:57.908] [exthost] [error] ProxyResolver#resolveProxy Canceled: Canceled
	at Object.R [as canceled] (c:\Users\Racarla\Documents\Git\VSCode_Portable\Installation\VSCode-win32-x64-1.63.0\resources\app\out\vs\workbench\services\extensions\node\extensionHostProcess.js:5:1157)
	at t._remoteCall (c:\Users\Racarla\Documents\Git\VSCode_Portable\Installation\VSCode-win32-x64-1.63.0\resources\app\out\vs\workbench\services\extensions\node\extensionHostProcess.js:99:13876)
	at Proxy.O.<computed>.F.charCodeAt.O.<computed> (c:\Users\Racarla\Documents\Git\VSCode_Portable\Installation\VSCode-win32-x64-1.63.0\resources\app\out\vs\workbench\services\extensions\node\extensionHostProcess.js:99:10271)
	at l.resolveProxy (c:\Users\Racarla\Documents\Git\VSCode_Portable\Installation\VSCode-win32-x64-1.63.0\resources\app\out\vs\workbench\services\extensions\node\extensionHostProcess.js:99:39347)
	at Object.resolveProxy (c:\Users\Racarla\Documents\Git\VSCode_Portable\Installation\VSCode-win32-x64-1.63.0\resources\app\out\vs\workbench\services\extensions\node\extensionHostProcess.js:104:59719)
	at useProxySettings (c:\Users\Racarla\Documents\Git\VSCode_Portable\Installation\VSCode-win32-x64-1.63.0\resources\app\node_modules.asar\vscode-proxy-agent\out\index.js:159:16)
	at c:\Users\Racarla\Documents\Git\VSCode_Portable\Installation\VSCode-win32-x64-1.63.0\resources\app\node_modules.asar\vscode-proxy-agent\out\index.js:107:13
	at c:\Users\Racarla\Documents\Git\VSCode_Portable\Installation\VSCode-win32-x64-1.63.0\resources\app\node_modules.asar\vscode-proxy-agent\out\index.js:335:13
	at processTicksAndRejections (internal/process/task_queues.js:93:5) 
[2021-12-11 19:22:57.916] [exthost] [error] ProxyResolver#resolveProxy Canceled: Canceled
	at Object.R [as canceled] (c:\Users\Racarla\Documents\Git\VSCode_Portable\Installation\VSCode-win32-x64-1.63.0\resources\app\out\vs\workbench\services\extensions\node\extensionHostProcess.js:5:1157)
	at t._remoteCall (c:\Users\Racarla\Documents\Git\VSCode_Portable\Installation\VSCode-win32-x64-1.63.0\resources\app\out\vs\workbench\services\extensions\node\extensionHostProcess.js:99:13876)
	at Proxy.O.<computed>.F.charCodeAt.O.<computed> (c:\Users\Racarla\Documents\Git\VSCode_Portable\Installation\VSCode-win32-x64-1.63.0\resources\app\out\vs\workbench\services\extensions\node\extensionHostProcess.js:99:10271)
	at l.resolveProxy (c:\Users\Racarla\Documents\Git\VSCode_Portable\Installation\VSCode-win32-x64-1.63.0\resources\app\out\vs\workbench\services\extensions\node\extensionHostProcess.js:99:39347)
	at Object.resolveProxy (c:\Users\Racarla\Documents\Git\VSCode_Portable\Installation\VSCode-win32-x64-1.63.0\resources\app\out\vs\workbench\services\extensions\node\extensionHostProcess.js:104:59719)
	at useProxySettings (c:\Users\Racarla\Documents\Git\VSCode_Portable\Installation\VSCode-win32-x64-1.63.0\resources\app\node_modules.asar\vscode-proxy-agent\out\index.js:159:16)
	at c:\Users\Racarla\Documents\Git\VSCode_Portable\Installation\VSCode-win32-x64-1.63.0\resources\app\node_modules.asar\vscode-proxy-agent\out\index.js:107:13
	at c:\Users\Racarla\Documents\Git\VSCode_Portable\Installation\VSCode-win32-x64-1.63.0\resources\app\node_modules.asar\vscode-proxy-agent\out\index.js:335:13
	at processTicksAndRejections (internal/process/task_queues.js:93:5) 
[2021-12-11 19:22:57.924] [exthost] [info] Extension host with pid 15920 exiting with code 0
[2021-12-11 19:22:59.638] [exthost] [info] Extension host with pid 9748 started
[2021-12-11 19:22:59.638] [exthost] [info] Skipping acquiring lock for c:\Users\Racarla\Documents\Git\VSCode_Portable\Installation\VSCode-win32-x64-1.63.0\data\user-data\User\workspaceStorage\8cd348911f87bff1797e8377a4b2a7b2.
[2021-12-11 19:22:59.754] [exthost] [info] ExtensionService#_doActivateExtension vscode.microsoft-authentication, startup: false, activationEvent: 'onAuthenticationRequest:microsoft'
[2021-12-11 19:22:59.765] [exthost] [info] ExtensionService#_doActivateExtension vscode.debug-auto-launch, startup: true, activationEvent: '*'
[2021-12-11 19:22:59.769] [exthost] [info] ExtensionService#_doActivateExtension vscode.git-base, startup: true, activationEvent: '*', root cause: vscode.github
[2021-12-11 19:22:59.773] [exthost] [info] ExtensionService#_doActivateExtension DanielLin.auto-header, startup: true, activationEvent: '*'
[2021-12-11 19:22:59.796] [exthost] [info] ExtensionService#_doActivateExtension ms-vscode.cpptools, startup: true, activationEvent: '*', root cause: platformio.platformio-ide
[2021-12-11 19:22:59.920] [exthost] [info] ExtensionService#_doActivateExtension vscode.git, startup: true, activationEvent: '*'
[2021-12-11 19:22:59.938] [exthost] [info] ExtensionService#_doActivateExtension vscode.github, startup: true, activationEvent: '*'
[2021-12-11 19:22:59.942] [exthost] [info] ExtensionService#_doActivateExtension platformio.platformio-ide, startup: true, activationEvent: '*'
[2021-12-11 19:23:00.605] [exthost] [info] ExtensionService#_doActivateExtension vscode.configuration-editing, startup: false, activationEvent: 'onLanguage:json'
[2021-12-11 19:23:00.613] [exthost] [info] ExtensionService#_doActivateExtension vscode.extension-editing, startup: false, activationEvent: 'onLanguage:json'
[2021-12-11 19:23:00.621] [exthost] [info] ExtensionService#_doActivateExtension vscode.json-language-features, startup: false, activationEvent: 'onLanguage:json'
[2021-12-11 19:23:00.644] [exthost] [info] ExtensionService#_doActivateExtension vscode.npm, startup: false, activationEvent: 'onLanguage:json'
[2021-12-11 19:23:00.681] [exthost] [info] ExtensionService#_doActivateExtension vscode.typescript-language-features, startup: false, activationEvent: 'onLanguage:jsonc'
[2021-12-11 19:23:00.695] [exthost] [info] ExtensionService#_doActivateExtension vscode.github-authentication, startup: false, activationEvent: 'onAuthenticationRequest:github'
[2021-12-11 19:23:01.045] [exthost] [info] Eager extensions activated
[2021-12-11 19:23:01.049] [exthost] [info] ExtensionService#_doActivateExtension vscode.emmet, startup: false, activationEvent: 'onStartupFinished'
[2021-12-11 19:23:01.057] [exthost] [info] ExtensionService#_doActivateExtension vscode.merge-conflict, startup: false, activationEvent: 'onStartupFinished'
[2021-12-11 19:23:01.060] [exthost] [info] ExtensionService#_doActivateExtension ms-vscode-remote.remote-wsl-recommender, startup: false, activationEvent: 'onStartupFinished'
[2021-12-11 19:23:24.025] [exthost] [info] ExtensionService#_doActivateExtension cschlosser.doxdocgen, startup: false, activationEvent: 'onLanguage:cpp'
[2021-12-11 19:24:15.149] [exthost] [info] ExtensionService#_doActivateExtension vscode.grunt, startup: false, activationEvent: 'onCommand:workbench.action.tasks.runTask'
[2021-12-11 19:24:15.153] [exthost] [info] ExtensionService#_doActivateExtension vscode.gulp, startup: false, activationEvent: 'onCommand:workbench.action.tasks.runTask'
[2021-12-11 19:24:15.157] [exthost] [info] ExtensionService#_doActivateExtension vscode.jake, startup: false, activationEvent: 'onCommand:workbench.action.tasks.runTask'
