[2021-12-15 09:08:07.570] [exthost] [info] Extension host with pid 14748 started
[2021-12-15 09:08:07.570] [exthost] [info] Skipping acquiring lock for c:\Users\racarla1\Documents\Git\VSCode_Portable\Installation\VSCode-win32-x64-1.63.0\data\user-data\User\workspaceStorage\b9c5b73a130fc4908eaeff245e3a0afb.
[2021-12-15 09:08:07.658] [exthost] [info] ExtensionService#_doActivateExtension vscode.microsoft-authentication, startup: false, activationEvent: 'onAuthenticationRequest:microsoft'
[2021-12-15 09:08:07.743] [exthost] [info] ExtensionService#_doActivateExtension cschlosser.doxdocgen, startup: false, activationEvent: 'onLanguage:cpp'
[2021-12-15 09:08:08.486] [exthost] [info] ExtensionService#_doActivateExtension ms-vscode.cpptools, startup: false, activationEvent: 'onLanguage:cpp'
[2021-12-15 09:08:08.695] [exthost] [info] ExtensionService#_doActivateExtension vscode.debug-auto-launch, startup: true, activationEvent: '*'
[2021-12-15 09:08:08.713] [exthost] [info] ExtensionService#_doActivateExtension vscode.git-base, startup: true, activationEvent: '*', root cause: vscode.github
[2021-12-15 09:08:08.730] [exthost] [info] ExtensionService#_doActivateExtension DanielLin.auto-header, startup: true, activationEvent: '*'
[2021-12-15 09:08:08.995] [exthost] [info] ExtensionService#_doActivateExtension vscode.git, startup: true, activationEvent: '*'
[2021-12-15 09:08:09.106] [exthost] [info] ExtensionService#_doActivateExtension vscode.github, startup: true, activationEvent: '*'
[2021-12-15 09:08:09.135] [exthost] [info] ExtensionService#_doActivateExtension platformio.platformio-ide, startup: true, activationEvent: '*'
[2021-12-15 09:08:11.231] [exthost] [info] ExtensionService#_doActivateExtension vscode.github-authentication, startup: false, activationEvent: 'onAuthenticationRequest:github'
[2021-12-15 09:08:11.306] [exthost] [info] Eager extensions activated
[2021-12-15 09:08:11.314] [exthost] [info] ExtensionService#_doActivateExtension vscode.configuration-editing, startup: false, activationEvent: 'onLanguage:json'
[2021-12-15 09:08:11.344] [exthost] [info] ExtensionService#_doActivateExtension vscode.extension-editing, startup: false, activationEvent: 'onLanguage:json'
[2021-12-15 09:08:11.401] [exthost] [info] ExtensionService#_doActivateExtension vscode.json-language-features, startup: false, activationEvent: 'onLanguage:json'
[2021-12-15 09:08:11.484] [exthost] [info] ExtensionService#_doActivateExtension vscode.npm, startup: false, activationEvent: 'onLanguage:json'
[2021-12-15 09:08:11.656] [exthost] [info] ExtensionService#_doActivateExtension vscode.emmet, startup: false, activationEvent: 'onStartupFinished'
[2021-12-15 09:08:11.689] [exthost] [info] ExtensionService#_doActivateExtension vscode.merge-conflict, startup: false, activationEvent: 'onStartupFinished'
[2021-12-15 09:08:11.703] [exthost] [info] ExtensionService#_doActivateExtension ms-vscode-remote.remote-wsl-recommender, startup: false, activationEvent: 'onStartupFinished'
[2021-12-15 09:08:11.732] [exthost] [info] ExtensionService#_doActivateExtension vscode.typescript-language-features, startup: false, activationEvent: 'onLanguage:jsonc'
[2021-12-15 09:08:49.122] [exthost] [warning] [Decorations] CAPPING events from decorations provider vscode.git 255
[2021-12-15 09:08:53.586] [exthost] [info] extension host terminating: renderer closed the socket
[2021-12-15 09:08:53.620] [exthost] [info] Extension host with pid 14748 exiting with code 0
[2021-12-15 09:08:54.850] [exthost] [info] Extension host with pid 11916 started
[2021-12-15 09:08:54.850] [exthost] [info] Skipping acquiring lock for c:\Users\racarla1\Documents\Git\VSCode_Portable\Installation\VSCode-win32-x64-1.63.0\data\user-data\User\workspaceStorage\2f028072f4c7250498b5f9a963d76428.
[2021-12-15 09:08:54.902] [exthost] [info] ExtensionService#_doActivateExtension vscode.microsoft-authentication, startup: false, activationEvent: 'onAuthenticationRequest:microsoft'
[2021-12-15 09:08:54.915] [exthost] [info] ExtensionService#_doActivateExtension vscode.debug-auto-launch, startup: true, activationEvent: '*'
[2021-12-15 09:08:54.921] [exthost] [info] ExtensionService#_doActivateExtension vscode.git-base, startup: true, activationEvent: '*', root cause: vscode.github
[2021-12-15 09:08:54.926] [exthost] [info] ExtensionService#_doActivateExtension DanielLin.auto-header, startup: true, activationEvent: '*'
[2021-12-15 09:08:54.938] [exthost] [info] ExtensionService#_doActivateExtension ms-vscode.cpptools, startup: true, activationEvent: '*', root cause: platformio.platformio-ide
[2021-12-15 09:08:55.049] [exthost] [info] ExtensionService#_doActivateExtension vscode.git, startup: true, activationEvent: '*'
[2021-12-15 09:08:55.065] [exthost] [info] ExtensionService#_doActivateExtension vscode.github, startup: true, activationEvent: '*'
[2021-12-15 09:08:55.071] [exthost] [info] ExtensionService#_doActivateExtension platformio.platformio-ide, startup: true, activationEvent: '*'
[2021-12-15 09:08:55.303] [exthost] [info] ExtensionService#_doActivateExtension vscode.github-authentication, startup: false, activationEvent: 'onAuthenticationRequest:github'
[2021-12-15 09:08:55.353] [exthost] [info] Eager extensions activated
[2021-12-15 09:08:55.361] [exthost] [info] ExtensionService#_doActivateExtension vscode.emmet, startup: false, activationEvent: 'onStartupFinished'
[2021-12-15 09:08:55.368] [exthost] [info] ExtensionService#_doActivateExtension vscode.merge-conflict, startup: false, activationEvent: 'onStartupFinished'
[2021-12-15 09:08:55.370] [exthost] [info] ExtensionService#_doActivateExtension ms-vscode-remote.remote-wsl-recommender, startup: false, activationEvent: 'onStartupFinished'
[2021-12-15 09:08:55.779] [exthost] [warning] [Decorations] CAPPING events from decorations provider vscode.git 267
[2021-12-15 09:09:00.476] [exthost] [warning] [Decorations] CAPPING events from decorations provider vscode.git 277
[2021-12-15 09:09:07.632] [exthost] [warning] [Decorations] CAPPING events from decorations provider vscode.git 278
[2021-12-15 09:10:06.462] [exthost] [warning] [Decorations] CAPPING events from decorations provider vscode.git 280
[2021-12-15 09:10:12.367] [exthost] [warning] [Decorations] CAPPING events from decorations provider vscode.git 279
[2021-12-15 09:10:16.649] [exthost] [info] ExtensionService#_doActivateExtension cschlosser.doxdocgen, startup: false, activationEvent: 'onLanguage:cpp'
[2021-12-15 09:10:16.823] [exthost] [info] ExtensionService#_doActivateExtension vscode.configuration-editing, startup: false, activationEvent: 'onLanguage:json'
[2021-12-15 09:10:16.831] [exthost] [info] ExtensionService#_doActivateExtension vscode.extension-editing, startup: false, activationEvent: 'onLanguage:json'
[2021-12-15 09:10:16.840] [exthost] [info] ExtensionService#_doActivateExtension vscode.json-language-features, startup: false, activationEvent: 'onLanguage:json'
[2021-12-15 09:10:16.858] [exthost] [info] ExtensionService#_doActivateExtension vscode.npm, startup: false, activationEvent: 'onLanguage:json'
[2021-12-15 09:10:59.933] [exthost] [warning] [Decorations] CAPPING events from decorations provider vscode.git 283
[2021-12-15 09:11:36.915] [exthost] [warning] [Decorations] CAPPING events from decorations provider vscode.git 284
[2021-12-15 09:11:37.775] [exthost] [info] ExtensionService#_doActivateExtension vscode.ipynb, startup: false, activationEvent: 'onNotebook:jupyter-notebook}'
[2021-12-15 09:11:37.928] [exthost] [info] ExtensionService#_doActivateExtension ms-toolsai.jupyter, startup: false, activationEvent: 'onNotebook:jupyter-notebook'
[2021-12-15 09:11:38.233] [exthost] [info] ExtensionService#_doActivateExtension ms-toolsai.jupyter-renderers, startup: false, activationEvent: 'onNotebook:*'
[2021-12-15 09:11:38.367] [exthost] [info] ExtensionService#_doActivateExtension ms-python.python, startup: false, activationEvent: 'onLanguage:python', root cause: ms-python.vscode-pylance
[2021-12-15 09:11:38.926] [exthost] [info] ExtensionService#_doActivateExtension ms-python.vscode-pylance, startup: false, activationEvent: 'onLanguage:python'
[2021-12-15 09:11:42.293] [exthost] [warning] [Decorations] CAPPING events from decorations provider vscode.git 303
[2021-12-15 09:11:49.445] [exthost] [warning] [Decorations] CAPPING events from decorations provider vscode.git 339
[2021-12-15 09:12:01.934] [exthost] [warning] [Decorations] CAPPING events from decorations provider vscode.git 360
[2021-12-15 09:12:04.881] [exthost] [error] [ms-toolsai.jupyter] provider FAILED
[2021-12-15 09:12:04.881] [exthost] [error] Canceled: Canceled
	at w.makeCancelError (c:\Users\racarla1\Documents\Git\VSCode_Portable\Installation\VSCode-win32-x64-1.63.0\data\extensions\ms-toolsai.jupyter-2021.11.1001550889\out\client\extension.js:16:176654)
	at w.handleFailedRequest (c:\Users\racarla1\Documents\Git\VSCode_Portable\Installation\VSCode-win32-x64-1.63.0\data\extensions\ms-toolsai.jupyter-2021.11.1001550889\out\client\extension.js:16:176505)
	at c:\Users\racarla1\Documents\Git\VSCode_Portable\Installation\VSCode-win32-x64-1.63.0\data\extensions\ms-toolsai.jupyter-2021.11.1001550889\out\client\extension.js:16:136847
	at async o.provideHover (c:\Users\racarla1\Documents\Git\VSCode_Portable\Installation\VSCode-win32-x64-1.63.0\resources\app\out\vs\workbench\services\extensions\node\extensionHostProcess.js:95:90908)
[2021-12-15 09:13:02.761] [exthost] [warning] [Decorations] CAPPING events from decorations provider vscode.git 360
[2021-12-15 09:13:37.910] [exthost] [warning] [Decorations] CAPPING events from decorations provider vscode.git 360
[2021-12-15 09:14:17.998] [exthost] [warning] [Decorations] CAPPING events from decorations provider vscode.git 359
[2021-12-15 09:14:23.380] [exthost] [warning] [Decorations] CAPPING events from decorations provider vscode.git 359
[2021-12-15 09:14:35.815] [exthost] [warning] [Decorations] CAPPING events from decorations provider vscode.git 359
[2021-12-15 09:14:49.383] [exthost] [warning] [Decorations] CAPPING events from decorations provider vscode.git 360
[2021-12-15 09:15:20.181] [exthost] [warning] [Decorations] CAPPING events from decorations provider vscode.git 360
[2021-12-15 09:15:25.562] [exthost] [warning] [Decorations] CAPPING events from decorations provider vscode.git 360
[2021-12-15 09:15:46.389] [exthost] [warning] [Decorations] CAPPING events from decorations provider vscode.git 360
[2021-12-15 09:16:05.340] [exthost] [warning] [Decorations] CAPPING events from decorations provider vscode.git 360
[2021-12-15 09:16:15.325] [exthost] [warning] [Decorations] CAPPING events from decorations provider vscode.git 360
[2021-12-15 09:21:23.490] [exthost] [info] ExtensionService#_doActivateExtension vscode.typescript-language-features, startup: false, activationEvent: 'onLanguage:jsonc'
[2021-12-15 09:21:24.185] [exthost] [warning] [Decorations] CAPPING events from decorations provider vscode.git 360
[2021-12-15 09:21:35.928] [exthost] [warning] [Decorations] CAPPING events from decorations provider vscode.git 361
[2021-12-15 09:22:23.085] [exthost] [warning] [Decorations] CAPPING events from decorations provider vscode.git 361
[2021-12-15 09:22:32.842] [exthost] [warning] [Decorations] CAPPING events from decorations provider vscode.git 361
[2021-12-15 09:22:39.795] [exthost] [info] ExtensionService#_doActivateExtension vscode.grunt, startup: false, activationEvent: 'onCommand:workbench.action.tasks.runTask'
[2021-12-15 09:22:39.820] [exthost] [info] ExtensionService#_doActivateExtension vscode.gulp, startup: false, activationEvent: 'onCommand:workbench.action.tasks.runTask'
[2021-12-15 09:22:39.837] [exthost] [info] ExtensionService#_doActivateExtension vscode.jake, startup: false, activationEvent: 'onCommand:workbench.action.tasks.runTask'
[2021-12-15 09:22:47.705] [exthost] [warning] [Decorations] CAPPING events from decorations provider vscode.git 361
[2021-12-15 09:22:53.939] [exthost] [warning] [Decorations] CAPPING events from decorations provider vscode.git 361
[2021-12-15 09:22:59.325] [exthost] [warning] [Decorations] CAPPING events from decorations provider vscode.git 361
[2021-12-15 09:23:04.969] [exthost] [warning] [Decorations] CAPPING events from decorations provider vscode.git 361
[2021-12-15 09:23:20.321] [exthost] [warning] [Decorations] CAPPING events from decorations provider vscode.git 361
[2021-12-15 09:24:33.488] [exthost] [warning] [Decorations] CAPPING events from decorations provider vscode.git 361
[2021-12-15 09:25:25.550] [exthost] [warning] [Decorations] CAPPING events from decorations provider vscode.git 361
[2021-12-15 09:26:21.182] [exthost] [warning] [Decorations] CAPPING events from decorations provider vscode.git 362
[2021-12-15 09:26:29.427] [exthost] [warning] [Decorations] CAPPING events from decorations provider vscode.git 362
[2021-12-15 09:27:50.111] [exthost] [warning] [Decorations] CAPPING events from decorations provider vscode.git 362
[2021-12-15 09:27:55.504] [exthost] [warning] [Decorations] CAPPING events from decorations provider vscode.git 362
[2021-12-15 09:28:05.147] [exthost] [warning] [Decorations] CAPPING events from decorations provider vscode.git 362
[2021-12-15 09:28:23.554] [exthost] [warning] [Decorations] CAPPING events from decorations provider vscode.git 362
[2021-12-15 09:28:53.242] [exthost] [warning] [Decorations] CAPPING events from decorations provider vscode.git 362
[2021-12-15 09:30:07.915] [exthost] [warning] [Decorations] CAPPING events from decorations provider vscode.git 362
[2021-12-15 09:30:13.707] [exthost] [warning] [Decorations] CAPPING events from decorations provider vscode.git 362
[2021-12-15 09:30:27.693] [exthost] [warning] [Decorations] CAPPING events from decorations provider vscode.git 362
[2021-12-15 09:31:17.238] [exthost] [warning] [Decorations] CAPPING events from decorations provider vscode.git 362
[2021-12-15 09:31:33.686] [exthost] [warning] [Decorations] CAPPING events from decorations provider vscode.git 362
[2021-12-15 09:32:29.734] [exthost] [warning] [Decorations] CAPPING events from decorations provider vscode.git 362
[2021-12-15 09:32:35.129] [exthost] [warning] [Decorations] CAPPING events from decorations provider vscode.git 362
[2021-12-15 09:32:40.530] [exthost] [warning] [Decorations] CAPPING events from decorations provider vscode.git 362
[2021-12-15 09:32:45.940] [exthost] [warning] [Decorations] CAPPING events from decorations provider vscode.git 362
[2021-12-15 09:32:51.310] [exthost] [warning] [Decorations] CAPPING events from decorations provider vscode.git 362
[2021-12-15 09:33:02.920] [exthost] [warning] [Decorations] CAPPING events from decorations provider vscode.git 362
[2021-12-15 09:33:27.660] [exthost] [warning] [Decorations] CAPPING events from decorations provider vscode.git 362
[2021-12-15 09:36:37.053] [exthost] [warning] [Decorations] CAPPING events from decorations provider vscode.git 363
[2021-12-15 09:37:24.688] [exthost] [warning] [Decorations] CAPPING events from decorations provider vscode.git 363
[2021-12-15 09:37:40.952] [exthost] [warning] [Decorations] CAPPING events from decorations provider vscode.git 363
[2021-12-15 09:40:39.320] [exthost] [info] ExtensionService#_doActivateExtension vscode.markdown-language-features, startup: false, activationEvent: 'onLanguage:markdown'
[2021-12-15 09:40:39.865] [exthost] [info] ExtensionService#_doActivateExtension vscode.markdown-math, startup: false, activationEvent: 'api', root cause: vscode.markdown-language-features
[2021-12-15 09:40:39.912] [exthost] [info] ExtensionService#_doActivateExtension bierner.markdown-checkbox, startup: false, activationEvent: 'api', root cause: vscode.markdown-language-features
[2021-12-15 09:40:39.921] [exthost] [info] ExtensionService#_doActivateExtension bierner.markdown-emoji, startup: false, activationEvent: 'api', root cause: vscode.markdown-language-features
[2021-12-15 09:40:39.933] [exthost] [info] ExtensionService#_doActivateExtension bierner.markdown-yaml-preamble, startup: false, activationEvent: 'api', root cause: vscode.markdown-language-features
[2021-12-15 09:40:42.119] [exthost] [warning] [Decorations] CAPPING events from decorations provider vscode.git 363
[2021-12-15 09:41:44.341] [exthost] [warning] [Decorations] CAPPING events from decorations provider vscode.git 366
[2021-12-15 09:42:50.084] [exthost] [warning] [Decorations] CAPPING events from decorations provider vscode.git 366
[2021-12-15 09:43:02.388] [exthost] [warning] [Decorations] CAPPING events from decorations provider vscode.git 366
[2021-12-15 09:43:09.249] [exthost] [warning] [Decorations] CAPPING events from decorations provider vscode.git 366
[2021-12-15 09:43:22.388] [exthost] [warning] [Decorations] CAPPING events from decorations provider vscode.git 367
[2021-12-15 09:43:33.320] [exthost] [warning] [Decorations] CAPPING events from decorations provider vscode.git 367
[2021-12-15 09:43:43.960] [exthost] [warning] [Decorations] CAPPING events from decorations provider vscode.git 366
[2021-12-15 09:43:52.319] [exthost] [warning] [Decorations] CAPPING events from decorations provider vscode.git 366
[2021-12-15 09:44:28.040] [exthost] [warning] [Decorations] CAPPING events from decorations provider vscode.git 367
[2021-12-15 09:44:40.483] [exthost] [error] [ms-toolsai.jupyter] provider FAILED
[2021-12-15 09:44:40.483] [exthost] [error] Canceled: Canceled
	at w.makeCancelError (c:\Users\racarla1\Documents\Git\VSCode_Portable\Installation\VSCode-win32-x64-1.63.0\data\extensions\ms-toolsai.jupyter-2021.11.1001550889\out\client\extension.js:16:176654)
	at w.handleFailedRequest (c:\Users\racarla1\Documents\Git\VSCode_Portable\Installation\VSCode-win32-x64-1.63.0\data\extensions\ms-toolsai.jupyter-2021.11.1001550889\out\client\extension.js:16:176505)
	at c:\Users\racarla1\Documents\Git\VSCode_Portable\Installation\VSCode-win32-x64-1.63.0\data\extensions\ms-toolsai.jupyter-2021.11.1001550889\out\client\extension.js:16:136847
	at async o.provideHover (c:\Users\racarla1\Documents\Git\VSCode_Portable\Installation\VSCode-win32-x64-1.63.0\resources\app\out\vs\workbench\services\extensions\node\extensionHostProcess.js:95:90908)
[2021-12-15 09:44:48.528] [exthost] [warning] [Decorations] CAPPING events from decorations provider vscode.git 367
[2021-12-15 09:44:56.945] [exthost] [warning] [Decorations] CAPPING events from decorations provider vscode.git 367
[2021-12-15 09:45:37.279] [exthost] [warning] [Decorations] CAPPING events from decorations provider vscode.git 366
[2021-12-15 09:45:44.456] [exthost] [warning] [Decorations] CAPPING events from decorations provider vscode.git 366
[2021-12-15 09:46:03.610] [exthost] [warning] [Decorations] CAPPING events from decorations provider vscode.git 366
[2021-12-15 09:46:11.143] [exthost] [warning] [Decorations] CAPPING events from decorations provider vscode.git 373
[2021-12-15 09:46:16.681] [exthost] [warning] [Decorations] CAPPING events from decorations provider vscode.git 375
[2021-12-15 09:46:22.059] [exthost] [warning] [Decorations] CAPPING events from decorations provider vscode.git 375
[2021-12-15 09:47:03.093] [exthost] [error] [ms-toolsai.jupyter] provider FAILED
[2021-12-15 09:47:03.093] [exthost] [error] Canceled: Canceled
	at w.makeCancelError (c:\Users\racarla1\Documents\Git\VSCode_Portable\Installation\VSCode-win32-x64-1.63.0\data\extensions\ms-toolsai.jupyter-2021.11.1001550889\out\client\extension.js:16:176654)
	at w.handleFailedRequest (c:\Users\racarla1\Documents\Git\VSCode_Portable\Installation\VSCode-win32-x64-1.63.0\data\extensions\ms-toolsai.jupyter-2021.11.1001550889\out\client\extension.js:16:176505)
	at c:\Users\racarla1\Documents\Git\VSCode_Portable\Installation\VSCode-win32-x64-1.63.0\data\extensions\ms-toolsai.jupyter-2021.11.1001550889\out\client\extension.js:16:136847
	at async o.provideHover (c:\Users\racarla1\Documents\Git\VSCode_Portable\Installation\VSCode-win32-x64-1.63.0\resources\app\out\vs\workbench\services\extensions\node\extensionHostProcess.js:95:90908)
[2021-12-15 09:48:04.766] [exthost] [warning] [Decorations] CAPPING events from decorations provider vscode.git 375
[2021-12-15 09:48:10.177] [exthost] [warning] [Decorations] CAPPING events from decorations provider vscode.git 374
[2021-12-15 09:48:15.572] [exthost] [warning] [Decorations] CAPPING events from decorations provider vscode.git 374
[2021-12-15 09:48:27.315] [exthost] [warning] [Decorations] CAPPING events from decorations provider vscode.git 374
[2021-12-15 09:49:13.349] [exthost] [warning] [Decorations] CAPPING events from decorations provider vscode.git 375
[2021-12-15 09:49:36.512] [exthost] [warning] [Decorations] CAPPING events from decorations provider vscode.git 374
[2021-12-15 09:50:01.926] [exthost] [warning] [Decorations] CAPPING events from decorations provider vscode.git 374
[2021-12-15 09:50:19.162] [exthost] [warning] [Decorations] CAPPING events from decorations provider vscode.git 374
[2021-12-15 09:50:24.550] [exthost] [warning] [Decorations] CAPPING events from decorations provider vscode.git 375
[2021-12-15 09:50:32.854] [exthost] [warning] [Decorations] CAPPING events from decorations provider vscode.git 375
[2021-12-15 09:50:53.877] [exthost] [warning] [Decorations] CAPPING events from decorations provider vscode.git 375
[2021-12-15 09:50:59.266] [exthost] [warning] [Decorations] CAPPING events from decorations provider vscode.git 375
[2021-12-15 09:51:27.679] [exthost] [warning] [Decorations] CAPPING events from decorations provider vscode.git 375
[2021-12-15 09:52:13.585] [exthost] [warning] [Decorations] CAPPING events from decorations provider vscode.git 375
[2021-12-15 09:52:21.023] [exthost] [warning] [Decorations] CAPPING events from decorations provider vscode.git 375
[2021-12-15 09:52:44.398] [exthost] [warning] [Decorations] CAPPING events from decorations provider vscode.git 375
[2021-12-15 09:52:49.787] [exthost] [warning] [Decorations] CAPPING events from decorations provider vscode.git 375
[2021-12-15 09:52:55.171] [exthost] [warning] [Decorations] CAPPING events from decorations provider vscode.git 375
[2021-12-15 09:53:00.545] [exthost] [warning] [Decorations] CAPPING events from decorations provider vscode.git 375
[2021-12-15 09:53:43.746] [exthost] [warning] [Decorations] CAPPING events from decorations provider vscode.git 375
[2021-12-15 09:53:49.133] [exthost] [warning] [Decorations] CAPPING events from decorations provider vscode.git 375
[2021-12-15 09:53:54.510] [exthost] [warning] [Decorations] CAPPING events from decorations provider vscode.git 375
[2021-12-15 09:53:59.878] [exthost] [warning] [Decorations] CAPPING events from decorations provider vscode.git 375
[2021-12-15 09:54:23.767] [exthost] [warning] [Decorations] CAPPING events from decorations provider vscode.git 375
[2021-12-15 09:55:33.119] [exthost] [warning] [Decorations] CAPPING events from decorations provider vscode.git 375
[2021-12-15 09:55:41.375] [exthost] [warning] [Decorations] CAPPING events from decorations provider vscode.git 375
[2021-12-15 09:55:47.166] [exthost] [warning] [Decorations] CAPPING events from decorations provider vscode.git 375
[2021-12-15 09:55:52.543] [exthost] [warning] [Decorations] CAPPING events from decorations provider vscode.git 375
[2021-12-15 09:56:04.090] [exthost] [warning] [Decorations] CAPPING events from decorations provider vscode.git 375
[2021-12-15 09:56:32.769] [exthost] [warning] [Decorations] CAPPING events from decorations provider vscode.git 375
[2021-12-15 09:57:04.931] [exthost] [warning] [Decorations] CAPPING events from decorations provider vscode.git 375
[2021-12-15 09:57:13.357] [exthost] [warning] [Decorations] CAPPING events from decorations provider vscode.git 389
[2021-12-15 09:57:22.218] [exthost] [warning] [Decorations] CAPPING events from decorations provider vscode.git 405
[2021-12-15 09:57:31.989] [exthost] [warning] [Decorations] CAPPING events from decorations provider vscode.git 404
[2021-12-15 09:57:46.440] [exthost] [warning] [Decorations] CAPPING events from decorations provider vscode.git 424
[2021-12-15 09:57:59.740] [exthost] [warning] [Decorations] CAPPING events from decorations provider vscode.git 425
[2021-12-15 09:58:05.578] [exthost] [warning] [Decorations] CAPPING events from decorations provider vscode.git 425
[2021-12-15 09:59:19.362] [exthost] [warning] [Decorations] CAPPING events from decorations provider vscode.git 425
[2021-12-15 09:59:34.564] [exthost] [warning] [Decorations] CAPPING events from decorations provider vscode.git 424
[2021-12-15 09:59:39.950] [exthost] [warning] [Decorations] CAPPING events from decorations provider vscode.git 424
[2021-12-15 09:59:51.086] [exthost] [warning] [Decorations] CAPPING events from decorations provider vscode.git 424
[2021-12-15 09:59:56.476] [exthost] [warning] [Decorations] CAPPING events from decorations provider vscode.git 424
[2021-12-15 10:00:01.855] [exthost] [warning] [Decorations] CAPPING events from decorations provider vscode.git 424
[2021-12-15 10:00:15.825] [exthost] [warning] [Decorations] CAPPING events from decorations provider vscode.git 424
[2021-12-15 10:00:29.180] [exthost] [warning] [Decorations] CAPPING events from decorations provider vscode.git 424
[2021-12-15 10:01:20.966] [exthost] [warning] [Decorations] CAPPING events from decorations provider vscode.git 424
[2021-12-15 10:02:18.829] [exthost] [warning] [Decorations] CAPPING events from decorations provider vscode.git 424
[2021-12-15 10:02:54.232] [exthost] [warning] [Decorations] CAPPING events from decorations provider vscode.git 424
[2021-12-15 10:03:35.529] [exthost] [warning] [Decorations] CAPPING events from decorations provider vscode.git 424
[2021-12-15 10:04:15.443] [exthost] [warning] [Decorations] CAPPING events from decorations provider vscode.git 424
[2021-12-15 10:04:56.819] [exthost] [info] ExtensionService#_doActivateExtension vscode.simple-browser, startup: false, activationEvent: 'onOpenExternalUri:https'
[2021-12-15 10:06:38.560] [exthost] [warning] [Decorations] CAPPING events from decorations provider vscode.git 424
[2021-12-15 10:07:20.009] [exthost] [warning] [Decorations] CAPPING events from decorations provider vscode.git 424
[2021-12-15 10:07:34.524] [exthost] [warning] [Decorations] CAPPING events from decorations provider vscode.git 425
[2021-12-15 10:07:39.901] [exthost] [warning] [Decorations] CAPPING events from decorations provider vscode.git 425
[2021-12-15 10:07:45.277] [exthost] [warning] [Decorations] CAPPING events from decorations provider vscode.git 424
[2021-12-15 10:07:50.664] [exthost] [warning] [Decorations] CAPPING events from decorations provider vscode.git 425
[2021-12-15 10:08:18.275] [exthost] [warning] [Decorations] CAPPING events from decorations provider vscode.git 425
[2021-12-15 10:08:52.391] [exthost] [warning] [Decorations] CAPPING events from decorations provider vscode.git 424
[2021-12-15 10:09:03.997] [exthost] [warning] [Decorations] CAPPING events from decorations provider vscode.git 425
[2021-12-15 10:09:15.498] [exthost] [warning] [Decorations] CAPPING events from decorations provider vscode.git 425
[2021-12-15 10:09:20.866] [exthost] [warning] [Decorations] CAPPING events from decorations provider vscode.git 424
[2021-12-15 10:10:10.735] [exthost] [warning] [Decorations] CAPPING events from decorations provider vscode.git 424
[2021-12-15 10:10:21.010] [exthost] [warning] [Decorations] CAPPING events from decorations provider vscode.git 424
[2021-12-15 10:10:44.526] [exthost] [warning] [Decorations] CAPPING events from decorations provider vscode.git 424
[2021-12-15 10:12:13.240] [exthost] [warning] [Decorations] CAPPING events from decorations provider vscode.git 444
[2021-12-15 10:12:27.028] [exthost] [warning] [Decorations] CAPPING events from decorations provider vscode.git 444
[2021-12-15 10:12:39.579] [exthost] [warning] [Decorations] CAPPING events from decorations provider vscode.git 444
[2021-12-15 10:13:03.844] [exthost] [warning] [Decorations] CAPPING events from decorations provider vscode.git 444
[2021-12-15 10:13:09.236] [exthost] [warning] [Decorations] CAPPING events from decorations provider vscode.git 444
[2021-12-15 10:13:19.969] [exthost] [warning] [Decorations] CAPPING events from decorations provider vscode.git 444
[2021-12-15 10:13:29.449] [exthost] [warning] [Decorations] CAPPING events from decorations provider vscode.git 444
[2021-12-15 10:14:29.565] [exthost] [warning] [Decorations] CAPPING events from decorations provider vscode.git 444
[2021-12-15 10:15:00.118] [exthost] [warning] [Decorations] CAPPING events from decorations provider vscode.git 444
[2021-12-15 10:15:05.503] [exthost] [warning] [Decorations] CAPPING events from decorations provider vscode.git 444
[2021-12-15 10:15:10.884] [exthost] [warning] [Decorations] CAPPING events from decorations provider vscode.git 444
[2021-12-15 10:15:26.407] [exthost] [warning] [Decorations] CAPPING events from decorations provider vscode.git 444
[2021-12-15 10:15:31.789] [exthost] [warning] [Decorations] CAPPING events from decorations provider vscode.git 444
[2021-12-15 10:15:40.202] [exthost] [warning] [Decorations] CAPPING events from decorations provider vscode.git 444
[2021-12-15 10:16:05.636] [exthost] [warning] [Decorations] CAPPING events from decorations provider vscode.git 444
[2021-12-15 10:20:09.256] [exthost] [warning] [Decorations] CAPPING events from decorations provider vscode.git 445
[2021-12-15 10:20:52.926] [exthost] [warning] [Decorations] CAPPING events from decorations provider vscode.git 446
[2021-12-15 10:21:00.638] [exthost] [warning] [Decorations] CAPPING events from decorations provider vscode.git 445
[2021-12-15 10:21:11.046] [exthost] [info] extension host terminating: renderer closed the socket
[2021-12-15 10:21:12.075] [exthost] [info] Extension host with pid 11916 exiting with code 0
