[2021-12-15 17:16:04.147] [exthost] [info] Extension host with pid 16892 started
[2021-12-15 17:16:04.208] [exthost] [info] ExtensionService#_doActivateExtension vscode.microsoft-authentication, startup: false, activationEvent: 'onAuthenticationRequest:microsoft'
[2021-12-15 17:16:04.217] [exthost] [info] ExtensionService#_doActivateExtension vscode.debug-auto-launch, startup: true, activationEvent: '*'
[2021-12-15 17:16:04.220] [exthost] [info] ExtensionService#_doActivateExtension vscode.git-base, startup: true, activationEvent: '*', root cause: vscode.github
[2021-12-15 17:16:04.222] [exthost] [info] ExtensionService#_doActivateExtension DanielLin.auto-header, startup: true, activationEvent: '*'
[2021-12-15 17:16:04.234] [exthost] [info] ExtensionService#_doActivateExtension ms-vscode.cpptools, startup: true, activationEvent: '*', root cause: platformio.platformio-ide
[2021-12-15 17:16:04.335] [exthost] [info] ExtensionService#_doActivateExtension vscode.git, startup: true, activationEvent: '*'
[2021-12-15 17:16:04.348] [exthost] [info] ExtensionService#_doActivateExtension vscode.github, startup: true, activationEvent: '*'
[2021-12-15 17:16:04.351] [exthost] [info] ExtensionService#_doActivateExtension platformio.platformio-ide, startup: true, activationEvent: '*'
[2021-12-15 17:16:04.606] [exthost] [info] ExtensionService#_doActivateExtension vscode.github-authentication, startup: false, activationEvent: 'onAuthenticationRequest:github'
[2021-12-15 17:16:04.655] [exthost] [info] Eager extensions activated
[2021-12-15 17:16:04.662] [exthost] [info] ExtensionService#_doActivateExtension vscode.emmet, startup: false, activationEvent: 'onStartupFinished'
[2021-12-15 17:16:04.667] [exthost] [info] ExtensionService#_doActivateExtension vscode.merge-conflict, startup: false, activationEvent: 'onStartupFinished'
[2021-12-15 17:16:04.670] [exthost] [info] ExtensionService#_doActivateExtension ms-vscode-remote.remote-wsl-recommender, startup: false, activationEvent: 'onStartupFinished'
[2021-12-15 17:16:19.507] [exthost] [info] extension host terminating: renderer closed the socket
[2021-12-15 17:16:19.511] [exthost] [info] Extension host with pid 16892 exiting with code 0
[2021-12-15 17:16:20.744] [exthost] [info] Extension host with pid 17988 started
[2021-12-15 17:16:20.744] [exthost] [info] Skipping acquiring lock for c:\Users\racarla1\Documents\Git\VSCode_Portable\Installation\VSCode-win32-x64-1.63.0\data\user-data\User\workspaceStorage\2f028072f4c7250498b5f9a963d76428.
[2021-12-15 17:16:20.823] [exthost] [info] ExtensionService#_doActivateExtension vscode.microsoft-authentication, startup: false, activationEvent: 'onAuthenticationRequest:microsoft'
[2021-12-15 17:16:20.831] [exthost] [info] ExtensionService#_doActivateExtension cschlosser.doxdocgen, startup: false, activationEvent: 'onLanguage:cpp'
[2021-12-15 17:16:20.919] [exthost] [info] ExtensionService#_doActivateExtension ms-vscode.cpptools, startup: false, activationEvent: 'onLanguage:cpp'
[2021-12-15 17:16:20.948] [exthost] [info] ExtensionService#_doActivateExtension vscode.debug-auto-launch, startup: true, activationEvent: '*'
[2021-12-15 17:16:20.951] [exthost] [info] ExtensionService#_doActivateExtension vscode.git-base, startup: true, activationEvent: '*', root cause: vscode.github
[2021-12-15 17:16:20.953] [exthost] [info] ExtensionService#_doActivateExtension DanielLin.auto-header, startup: true, activationEvent: '*'
[2021-12-15 17:16:21.222] [exthost] [info] ExtensionService#_doActivateExtension vscode.git, startup: true, activationEvent: '*'
[2021-12-15 17:16:21.234] [exthost] [info] ExtensionService#_doActivateExtension vscode.github, startup: true, activationEvent: '*'
[2021-12-15 17:16:21.238] [exthost] [info] ExtensionService#_doActivateExtension platformio.platformio-ide, startup: true, activationEvent: '*'
[2021-12-15 17:16:21.496] [exthost] [info] ExtensionService#_doActivateExtension vscode.configuration-editing, startup: false, activationEvent: 'onLanguage:json'
[2021-12-15 17:16:21.499] [exthost] [info] ExtensionService#_doActivateExtension vscode.extension-editing, startup: false, activationEvent: 'onLanguage:json'
[2021-12-15 17:16:21.503] [exthost] [info] ExtensionService#_doActivateExtension vscode.json-language-features, startup: false, activationEvent: 'onLanguage:json'
[2021-12-15 17:16:21.515] [exthost] [info] ExtensionService#_doActivateExtension vscode.npm, startup: false, activationEvent: 'onLanguage:json'
[2021-12-15 17:16:21.541] [exthost] [info] ExtensionService#_doActivateExtension vscode.github-authentication, startup: false, activationEvent: 'onAuthenticationRequest:github'
[2021-12-15 17:16:21.547] [exthost] [info] ExtensionService#_doActivateExtension vscode.typescript-language-features, startup: false, activationEvent: 'onLanguage:jsonc'
[2021-12-15 17:16:21.608] [exthost] [info] Eager extensions activated
[2021-12-15 17:16:21.639] [exthost] [info] ExtensionService#_doActivateExtension vscode.emmet, startup: false, activationEvent: 'onStartupFinished'
[2021-12-15 17:16:21.645] [exthost] [info] ExtensionService#_doActivateExtension vscode.merge-conflict, startup: false, activationEvent: 'onStartupFinished'
[2021-12-15 17:16:21.647] [exthost] [info] ExtensionService#_doActivateExtension ms-vscode-remote.remote-wsl-recommender, startup: false, activationEvent: 'onStartupFinished'
[2021-12-15 17:16:22.165] [exthost] [warning] [Decorations] CAPPING events from decorations provider vscode.git 514
[2021-12-15 17:16:24.255] [exthost] [info] ExtensionService#_doActivateExtension vscode.ipynb, startup: false, activationEvent: 'onNotebook:jupyter-notebook}'
[2021-12-15 17:16:24.335] [exthost] [info] ExtensionService#_doActivateExtension ms-toolsai.jupyter, startup: false, activationEvent: 'onNotebook:jupyter-notebook'
[2021-12-15 17:16:24.409] [exthost] [info] ExtensionService#_doActivateExtension ms-toolsai.jupyter-renderers, startup: false, activationEvent: 'onNotebook:*'
[2021-12-15 17:16:24.480] [exthost] [info] ExtensionService#_doActivateExtension ms-python.python, startup: false, activationEvent: 'onLanguage:python', root cause: ms-python.vscode-pylance
[2021-12-15 17:16:24.891] [exthost] [info] ExtensionService#_doActivateExtension ms-python.vscode-pylance, startup: false, activationEvent: 'onLanguage:python'
[2021-12-15 17:16:26.871] [exthost] [warning] [Decorations] CAPPING events from decorations provider vscode.git 546
[2021-12-15 17:16:30.044] [exthost] [error] [ms-toolsai.jupyter] provider FAILED
[2021-12-15 17:16:30.044] [exthost] [error] Canceled: Canceled
	at w.makeCancelError (c:\Users\racarla1\Documents\Git\VSCode_Portable\Installation\VSCode-win32-x64-1.63.0\data\extensions\ms-toolsai.jupyter-2021.11.1001550889\out\client\extension.js:16:176654)
	at w.handleFailedRequest (c:\Users\racarla1\Documents\Git\VSCode_Portable\Installation\VSCode-win32-x64-1.63.0\data\extensions\ms-toolsai.jupyter-2021.11.1001550889\out\client\extension.js:16:176505)
	at c:\Users\racarla1\Documents\Git\VSCode_Portable\Installation\VSCode-win32-x64-1.63.0\data\extensions\ms-toolsai.jupyter-2021.11.1001550889\out\client\extension.js:16:136847
	at async o.provideHover (c:\Users\racarla1\Documents\Git\VSCode_Portable\Installation\VSCode-win32-x64-1.63.0\resources\app\out\vs\workbench\services\extensions\node\extensionHostProcess.js:95:90908)
[2021-12-15 17:16:32.298] [exthost] [warning] [Decorations] CAPPING events from decorations provider vscode.git 551
[2021-12-15 17:17:44.987] [exthost] [warning] [Decorations] CAPPING events from decorations provider vscode.git 552
[2021-12-15 17:18:00.947] [exthost] [warning] [Decorations] CAPPING events from decorations provider vscode.git 571
[2021-12-15 17:18:06.136] [exthost] [info] extension host terminating: renderer closed the socket
[2021-12-15 17:18:07.153] [exthost] [info] Extension host with pid 17988 exiting with code 0
