[2021-12-15 18:50:56.099] [exthost] [info] Extension host with pid 17684 started
[2021-12-15 18:50:56.143] [exthost] [info] ExtensionService#_doActivateExtension vscode.microsoft-authentication, startup: false, activationEvent: 'onAuthenticationRequest:microsoft'
[2021-12-15 18:50:56.152] [exthost] [info] ExtensionService#_doActivateExtension vscode.debug-auto-launch, startup: true, activationEvent: '*'
[2021-12-15 18:50:56.155] [exthost] [info] ExtensionService#_doActivateExtension vscode.git-base, startup: true, activationEvent: '*', root cause: vscode.github
[2021-12-15 18:50:56.157] [exthost] [info] ExtensionService#_doActivateExtension DanielLin.auto-header, startup: true, activationEvent: '*'
[2021-12-15 18:50:56.170] [exthost] [info] ExtensionService#_doActivateExtension ms-vscode.cpptools, startup: true, activationEvent: '*', root cause: platformio.platformio-ide
[2021-12-15 18:50:56.282] [exthost] [info] ExtensionService#_doActivateExtension vscode.git, startup: true, activationEvent: '*'
[2021-12-15 18:50:56.295] [exthost] [info] ExtensionService#_doActivateExtension vscode.github, startup: true, activationEvent: '*'
[2021-12-15 18:50:56.299] [exthost] [info] ExtensionService#_doActivateExtension platformio.platformio-ide, startup: true, activationEvent: '*'
[2021-12-15 18:50:56.580] [exthost] [info] ExtensionService#_doActivateExtension vscode.github-authentication, startup: false, activationEvent: 'onAuthenticationRequest:github'
[2021-12-15 18:50:56.630] [exthost] [info] Eager extensions activated
[2021-12-15 18:50:56.637] [exthost] [info] ExtensionService#_doActivateExtension vscode.emmet, startup: false, activationEvent: 'onStartupFinished'
[2021-12-15 18:50:56.641] [exthost] [info] ExtensionService#_doActivateExtension vscode.merge-conflict, startup: false, activationEvent: 'onStartupFinished'
[2021-12-15 18:50:56.645] [exthost] [info] ExtensionService#_doActivateExtension ms-vscode-remote.remote-wsl-recommender, startup: false, activationEvent: 'onStartupFinished'
[2021-12-15 18:51:50.624] [exthost] [info] extension host terminating: renderer closed the socket
[2021-12-15 18:51:50.627] [exthost] [info] Extension host with pid 17684 exiting with code 0
[2021-12-15 18:51:51.566] [exthost] [info] Extension host with pid 19984 started
[2021-12-15 18:51:51.566] [exthost] [info] Skipping acquiring lock for c:\Users\racarla1\Documents\Git\VSCode_Portable\Installation\VSCode-win32-x64-1.63.0\data\user-data\User\workspaceStorage\d102d5b5fd7868422a25347c313eceaa.
[2021-12-15 18:51:51.615] [exthost] [info] ExtensionService#_doActivateExtension vscode.microsoft-authentication, startup: false, activationEvent: 'onAuthenticationRequest:microsoft'
[2021-12-15 18:51:51.622] [exthost] [info] ExtensionService#_doActivateExtension vscode.ipynb, startup: false, activationEvent: 'onNotebook:jupyter-notebook}'
[2021-12-15 18:51:51.633] [exthost] [info] ExtensionService#_doActivateExtension vscode.debug-auto-launch, startup: true, activationEvent: '*'
[2021-12-15 18:51:51.636] [exthost] [info] ExtensionService#_doActivateExtension vscode.git-base, startup: true, activationEvent: '*', root cause: vscode.github
[2021-12-15 18:51:51.638] [exthost] [info] ExtensionService#_doActivateExtension DanielLin.auto-header, startup: true, activationEvent: '*'
[2021-12-15 18:51:51.650] [exthost] [info] ExtensionService#_doActivateExtension ms-vscode.cpptools, startup: true, activationEvent: '*', root cause: platformio.platformio-ide
[2021-12-15 18:51:51.808] [exthost] [info] ExtensionService#_doActivateExtension vscode.git, startup: true, activationEvent: '*'
[2021-12-15 18:51:51.821] [exthost] [info] ExtensionService#_doActivateExtension vscode.github, startup: true, activationEvent: '*'
[2021-12-15 18:51:51.825] [exthost] [info] ExtensionService#_doActivateExtension platformio.platformio-ide, startup: true, activationEvent: '*'
[2021-12-15 18:51:52.107] [exthost] [info] ExtensionService#_doActivateExtension vscode.github-authentication, startup: false, activationEvent: 'onAuthenticationRequest:github'
[2021-12-15 18:51:52.134] [exthost] [info] Eager extensions activated
[2021-12-15 18:51:52.158] [exthost] [info] ExtensionService#_doActivateExtension vscode.emmet, startup: false, activationEvent: 'onStartupFinished'
[2021-12-15 18:51:52.163] [exthost] [info] ExtensionService#_doActivateExtension vscode.merge-conflict, startup: false, activationEvent: 'onStartupFinished'
[2021-12-15 18:51:52.165] [exthost] [info] ExtensionService#_doActivateExtension ms-vscode-remote.remote-wsl-recommender, startup: false, activationEvent: 'onStartupFinished'
[2021-12-15 18:51:52.770] [exthost] [warning] [Decorations] CAPPING events from decorations provider vscode.git 586
[2021-12-15 18:51:53.021] [exthost] [info] ExtensionService#_doActivateExtension ms-toolsai.jupyter, startup: false, activationEvent: 'onNotebook:jupyter-notebook'
[2021-12-15 18:51:53.094] [exthost] [info] ExtensionService#_doActivateExtension ms-toolsai.jupyter-renderers, startup: false, activationEvent: 'onNotebook:*'
[2021-12-15 18:51:53.237] [exthost] [info] ExtensionService#_doActivateExtension ms-python.python, startup: false, activationEvent: 'api', root cause: ms-toolsai.jupyter
[2021-12-15 18:51:53.586] [exthost] [info] ExtensionService#_doActivateExtension ms-python.vscode-pylance, startup: false, activationEvent: 'onLanguage:python'
[2021-12-15 18:51:56.084] [exthost] [warning] [Decorations] CAPPING events from decorations provider vscode.git 605
[2021-12-15 18:52:02.399] [exthost] [warning] [Decorations] CAPPING events from decorations provider vscode.git 606
[2021-12-15 18:52:07.986] [exthost] [warning] [Decorations] CAPPING events from decorations provider vscode.git 612
[2021-12-15 18:53:15.058] [exthost] [warning] [Decorations] CAPPING events from decorations provider vscode.git 613
[2021-12-15 18:53:20.649] [exthost] [warning] [Decorations] CAPPING events from decorations provider vscode.git 612
[2021-12-15 18:53:27.306] [exthost] [error] [ms-toolsai.jupyter] provider FAILED
[2021-12-15 18:53:27.306] [exthost] [error] Canceled: Canceled
	at w.makeCancelError (c:\Users\racarla1\Documents\Git\VSCode_Portable\Installation\VSCode-win32-x64-1.63.0\data\extensions\ms-toolsai.jupyter-2021.11.1001550889\out\client\extension.js:16:176654)
	at w.handleFailedRequest (c:\Users\racarla1\Documents\Git\VSCode_Portable\Installation\VSCode-win32-x64-1.63.0\data\extensions\ms-toolsai.jupyter-2021.11.1001550889\out\client\extension.js:16:176505)
	at c:\Users\racarla1\Documents\Git\VSCode_Portable\Installation\VSCode-win32-x64-1.63.0\data\extensions\ms-toolsai.jupyter-2021.11.1001550889\out\client\extension.js:16:136847
	at async o.provideHover (c:\Users\racarla1\Documents\Git\VSCode_Portable\Installation\VSCode-win32-x64-1.63.0\resources\app\out\vs\workbench\services\extensions\node\extensionHostProcess.js:95:90908)
[2021-12-15 18:53:27.626] [exthost] [error] [ms-toolsai.jupyter] provider FAILED
[2021-12-15 18:53:27.626] [exthost] [error] Canceled: Canceled
	at w.makeCancelError (c:\Users\racarla1\Documents\Git\VSCode_Portable\Installation\VSCode-win32-x64-1.63.0\data\extensions\ms-toolsai.jupyter-2021.11.1001550889\out\client\extension.js:16:176654)
	at w.handleFailedRequest (c:\Users\racarla1\Documents\Git\VSCode_Portable\Installation\VSCode-win32-x64-1.63.0\data\extensions\ms-toolsai.jupyter-2021.11.1001550889\out\client\extension.js:16:176505)
	at c:\Users\racarla1\Documents\Git\VSCode_Portable\Installation\VSCode-win32-x64-1.63.0\data\extensions\ms-toolsai.jupyter-2021.11.1001550889\out\client\extension.js:16:136847
	at async o.provideHover (c:\Users\racarla1\Documents\Git\VSCode_Portable\Installation\VSCode-win32-x64-1.63.0\resources\app\out\vs\workbench\services\extensions\node\extensionHostProcess.js:95:90908)
[2021-12-15 18:53:28.398] [exthost] [error] [ms-toolsai.jupyter] provider FAILED
[2021-12-15 18:53:28.399] [exthost] [error] Canceled: Canceled
	at w.makeCancelError (c:\Users\racarla1\Documents\Git\VSCode_Portable\Installation\VSCode-win32-x64-1.63.0\data\extensions\ms-toolsai.jupyter-2021.11.1001550889\out\client\extension.js:16:176654)
	at w.handleFailedRequest (c:\Users\racarla1\Documents\Git\VSCode_Portable\Installation\VSCode-win32-x64-1.63.0\data\extensions\ms-toolsai.jupyter-2021.11.1001550889\out\client\extension.js:16:176505)
	at c:\Users\racarla1\Documents\Git\VSCode_Portable\Installation\VSCode-win32-x64-1.63.0\data\extensions\ms-toolsai.jupyter-2021.11.1001550889\out\client\extension.js:16:136847
	at async o.provideHover (c:\Users\racarla1\Documents\Git\VSCode_Portable\Installation\VSCode-win32-x64-1.63.0\resources\app\out\vs\workbench\services\extensions\node\extensionHostProcess.js:95:90908)
[2021-12-15 18:53:45.890] [exthost] [warning] [Decorations] CAPPING events from decorations provider vscode.git 613
[2021-12-15 18:53:55.699] [exthost] [warning] [Decorations] CAPPING events from decorations provider vscode.git 614
[2021-12-15 18:54:09.466] [exthost] [warning] [Decorations] CAPPING events from decorations provider vscode.git 614
[2021-12-15 18:54:37.956] [exthost] [warning] [Decorations] CAPPING events from decorations provider vscode.git 614
[2021-12-15 18:55:53.941] [exthost] [warning] [Decorations] CAPPING events from decorations provider vscode.git 613
[2021-12-15 18:56:06.379] [exthost] [warning] [Decorations] CAPPING events from decorations provider vscode.git 613
[2021-12-15 18:56:11.959] [exthost] [warning] [Decorations] CAPPING events from decorations provider vscode.git 613
[2021-12-15 18:56:21.246] [exthost] [warning] [Decorations] CAPPING events from decorations provider vscode.git 613
[2021-12-15 18:56:48.647] [exthost] [warning] [Decorations] CAPPING events from decorations provider vscode.git 613
[2021-12-15 18:56:54.220] [exthost] [warning] [Decorations] CAPPING events from decorations provider vscode.git 613
[2021-12-15 18:57:01.310] [exthost] [error] [ms-toolsai.jupyter] provider FAILED
[2021-12-15 18:57:01.310] [exthost] [error] Canceled: Canceled
	at w.makeCancelError (c:\Users\racarla1\Documents\Git\VSCode_Portable\Installation\VSCode-win32-x64-1.63.0\data\extensions\ms-toolsai.jupyter-2021.11.1001550889\out\client\extension.js:16:176654)
	at w.handleFailedRequest (c:\Users\racarla1\Documents\Git\VSCode_Portable\Installation\VSCode-win32-x64-1.63.0\data\extensions\ms-toolsai.jupyter-2021.11.1001550889\out\client\extension.js:16:176505)
	at c:\Users\racarla1\Documents\Git\VSCode_Portable\Installation\VSCode-win32-x64-1.63.0\data\extensions\ms-toolsai.jupyter-2021.11.1001550889\out\client\extension.js:16:136847
	at async o.provideHover (c:\Users\racarla1\Documents\Git\VSCode_Portable\Installation\VSCode-win32-x64-1.63.0\resources\app\out\vs\workbench\services\extensions\node\extensionHostProcess.js:95:90908)
[2021-12-15 18:57:13.368] [exthost] [error] [ms-toolsai.jupyter] provider FAILED
[2021-12-15 18:57:13.368] [exthost] [error] Canceled: Canceled
	at w.makeCancelError (c:\Users\racarla1\Documents\Git\VSCode_Portable\Installation\VSCode-win32-x64-1.63.0\data\extensions\ms-toolsai.jupyter-2021.11.1001550889\out\client\extension.js:16:176654)
	at w.handleFailedRequest (c:\Users\racarla1\Documents\Git\VSCode_Portable\Installation\VSCode-win32-x64-1.63.0\data\extensions\ms-toolsai.jupyter-2021.11.1001550889\out\client\extension.js:16:176505)
	at c:\Users\racarla1\Documents\Git\VSCode_Portable\Installation\VSCode-win32-x64-1.63.0\data\extensions\ms-toolsai.jupyter-2021.11.1001550889\out\client\extension.js:16:136847
	at async o.provideHover (c:\Users\racarla1\Documents\Git\VSCode_Portable\Installation\VSCode-win32-x64-1.63.0\resources\app\out\vs\workbench\services\extensions\node\extensionHostProcess.js:95:90908)
[2021-12-15 18:57:18.413] [exthost] [warning] [Decorations] CAPPING events from decorations provider vscode.git 613
[2021-12-15 18:57:27.442] [exthost] [warning] [Decorations] CAPPING events from decorations provider vscode.git 613
[2021-12-15 18:57:54.583] [exthost] [error] [ms-toolsai.jupyter] provider FAILED
[2021-12-15 18:57:54.583] [exthost] [error] Canceled: Canceled
	at w.makeCancelError (c:\Users\racarla1\Documents\Git\VSCode_Portable\Installation\VSCode-win32-x64-1.63.0\data\extensions\ms-toolsai.jupyter-2021.11.1001550889\out\client\extension.js:16:176654)
	at w.handleFailedRequest (c:\Users\racarla1\Documents\Git\VSCode_Portable\Installation\VSCode-win32-x64-1.63.0\data\extensions\ms-toolsai.jupyter-2021.11.1001550889\out\client\extension.js:16:176505)
	at c:\Users\racarla1\Documents\Git\VSCode_Portable\Installation\VSCode-win32-x64-1.63.0\data\extensions\ms-toolsai.jupyter-2021.11.1001550889\out\client\extension.js:16:136847
	at async o.provideHover (c:\Users\racarla1\Documents\Git\VSCode_Portable\Installation\VSCode-win32-x64-1.63.0\resources\app\out\vs\workbench\services\extensions\node\extensionHostProcess.js:95:90908)
[2021-12-15 18:58:00.794] [exthost] [warning] [Decorations] CAPPING events from decorations provider vscode.git 613
[2021-12-15 18:58:06.371] [exthost] [warning] [Decorations] CAPPING events from decorations provider vscode.git 613
[2021-12-15 18:58:38.269] [exthost] [warning] [Decorations] CAPPING events from decorations provider vscode.git 613
[2021-12-15 18:59:04.793] [exthost] [warning] [Decorations] CAPPING events from decorations provider vscode.git 613
[2021-12-15 18:59:23.485] [exthost] [info] extension host terminating: renderer closed the socket
[2021-12-15 18:59:24.509] [exthost] [info] Extension host with pid 19984 exiting with code 0
