[2022-01-09 21:20:43.798] [renderer3] [error] [Extension Host] (node:1344) [DEP0005] DeprecationWarning: Buffer() is deprecated due to security and usability issues. Please use the Buffer.alloc(), Buffer.allocUnsafe(), or Buffer.from() methods instead.
(Use `Code --trace-deprecation ...` to show where the warning was created)
[2022-01-09 21:32:15.594] [renderer3] [error] [Extension Host] (node:7532) [DEP0005] DeprecationWarning: Buffer() is deprecated due to security and usability issues. Please use the Buffer.alloc(), Buffer.allocUnsafe(), or Buffer.from() methods instead.
(Use `Code --trace-deprecation ...` to show where the warning was created)
[2022-01-09 21:32:19.394] [renderer3] [error] Bad progress location: platformio-ide.projectTasks: Error: Bad progress location: platformio-ide.projectTasks
    at r.withProgress (vscode-file://vscode-app/c:/Users/Racarla/Documents/Git/VSCode_Portable/Installation/VSCode-win32-x64-1.63.0/resources/app/out/vs/workbench/workbench.desktop.main.js:1720:31725)
    at b.$startProgress (vscode-file://vscode-app/c:/Users/Racarla/Documents/Git/VSCode_Portable/Installation/VSCode-win32-x64-1.63.0/resources/app/out/vs/workbench/workbench.desktop.main.js:1499:29066)
    at u._doInvokeHandler (vscode-file://vscode-app/c:/Users/Racarla/Documents/Git/VSCode_Portable/Installation/VSCode-win32-x64-1.63.0/resources/app/out/vs/workbench/workbench.desktop.main.js:1506:13116)
    at u._invokeHandler (vscode-file://vscode-app/c:/Users/Racarla/Documents/Git/VSCode_Portable/Installation/VSCode-win32-x64-1.63.0/resources/app/out/vs/workbench/workbench.desktop.main.js:1506:12800)
    at u._receiveRequest (vscode-file://vscode-app/c:/Users/Racarla/Documents/Git/VSCode_Portable/Installation/VSCode-win32-x64-1.63.0/resources/app/out/vs/workbench/workbench.desktop.main.js:1506:11462)
    at u._receiveOneMessage (vscode-file://vscode-app/c:/Users/Racarla/Documents/Git/VSCode_Portable/Installation/VSCode-win32-x64-1.63.0/resources/app/out/vs/workbench/workbench.desktop.main.js:1506:10140)
    at vscode-file://vscode-app/c:/Users/Racarla/Documents/Git/VSCode_Portable/Installation/VSCode-win32-x64-1.63.0/resources/app/out/vs/workbench/workbench.desktop.main.js:1506:8236
    at a.fire (vscode-file://vscode-app/c:/Users/Racarla/Documents/Git/VSCode_Portable/Installation/VSCode-win32-x64-1.63.0/resources/app/out/vs/workbench/workbench.desktop.main.js:69:1712)
    at o.fire (vscode-file://vscode-app/c:/Users/Racarla/Documents/Git/VSCode_Portable/Installation/VSCode-win32-x64-1.63.0/resources/app/out/vs/workbench/workbench.desktop.main.js:85:19631)
    at d._receiveMessage (vscode-file://vscode-app/c:/Users/Racarla/Documents/Git/VSCode_Portable/Installation/VSCode-win32-x64-1.63.0/resources/app/out/vs/workbench/workbench.desktop.main.js:85:24212)
    at vscode-file://vscode-app/c:/Users/Racarla/Documents/Git/VSCode_Portable/Installation/VSCode-win32-x64-1.63.0/resources/app/out/vs/workbench/workbench.desktop.main.js:85:21746
    at a.fire (vscode-file://vscode-app/c:/Users/Racarla/Documents/Git/VSCode_Portable/Installation/VSCode-win32-x64-1.63.0/resources/app/out/vs/workbench/workbench.desktop.main.js:69:1712)
    at s.acceptChunk (vscode-file://vscode-app/c:/Users/Racarla/Documents/Git/VSCode_Portable/Installation/VSCode-win32-x64-1.63.0/resources/app/out/vs/workbench/workbench.desktop.main.js:85:16459)
    at vscode-file://vscode-app/c:/Users/Racarla/Documents/Git/VSCode_Portable/Installation/VSCode-win32-x64-1.63.0/resources/app/out/vs/workbench/workbench.desktop.main.js:85:15589
    at Socket.O (vscode-file://vscode-app/c:/Users/Racarla/Documents/Git/VSCode_Portable/Installation/VSCode-win32-x64-1.63.0/resources/app/out/vs/workbench/workbench.desktop.main.js:2984:8477)
    at Socket.emit (events.js:315:20)
    at addChunk (internal/streams/readable.js:309:12)
    at readableAddChunk (internal/streams/readable.js:284:9)
    at Socket.Readable.push (internal/streams/readable.js:223:10)
    at Pipe.onStreamRead (internal/stream_base_commons.js:188:23)
[2022-01-09 21:32:49.135] [renderer3] [error] Error: No se puede mover/copiar "c:\Users\Racarla\Documents\Git\VSCode_Portable\Projects\ESP32\ESP32_FreeRTOS_Robot\src\TaskCommon.hpp" porque el destino "c:\Users\Racarla\Documents\Git\VSCode_Portable\Projects\ESP32\ESP32_FreeRTOS_Robot\src\old\TaskCommon.hpp" ya existe en el punto final.
    at Ei.doValidateMoveCopy (vscode-file://vscode-app/c:/Users/Racarla/Documents/Git/VSCode_Portable/Installation/VSCode-win32-x64-1.63.0/resources/app/out/vs/workbench/workbench.desktop.main.js:577:39530)
    at async Ei.doCanMoveCopy (vscode-file://vscode-app/c:/Users/Racarla/Documents/Git/VSCode_Portable/Installation/VSCode-win32-x64-1.63.0/resources/app/out/vs/workbench/workbench.desktop.main.js:577:36971)
    at async n.doMoveOrCopy (vscode-file://vscode-app/c:/Users/Racarla/Documents/Git/VSCode_Portable/Installation/VSCode-win32-x64-1.63.0/resources/app/out/vs/workbench/workbench.desktop.main.js:2363:57390)
    at async ml.perform (vscode-file://vscode-app/c:/Users/Racarla/Documents/Git/VSCode_Portable/Installation/VSCode-win32-x64-1.63.0/resources/app/out/vs/workbench/workbench.desktop.main.js:2369:20958)
    at async r.apply (vscode-file://vscode-app/c:/Users/Racarla/Documents/Git/VSCode_Portable/Installation/VSCode-win32-x64-1.63.0/resources/app/out/vs/workbench/workbench.desktop.main.js:2369:26540)
    at async o._performFileEdits (vscode-file://vscode-app/c:/Users/Racarla/Documents/Git/VSCode_Portable/Installation/VSCode-win32-x64-1.63.0/resources/app/out/vs/workbench/workbench.desktop.main.js:2369:28623)
    at async o.perform (vscode-file://vscode-app/c:/Users/Racarla/Documents/Git/VSCode_Portable/Installation/VSCode-win32-x64-1.63.0/resources/app/out/vs/workbench/workbench.desktop.main.js:2369:28166)
    at async r.apply (vscode-file://vscode-app/c:/Users/Racarla/Documents/Git/VSCode_Portable/Installation/VSCode-win32-x64-1.63.0/resources/app/out/vs/workbench/workbench.desktop.main.js:2369:30428)
    at async vscode-file://vscode-app/c:/Users/Racarla/Documents/Git/VSCode_Portable/Installation/VSCode-win32-x64-1.63.0/resources/app/out/vs/workbench/workbench.desktop.main.js:1506:64020
[2022-01-09 21:32:49.144] [renderer3] [error] No se puede mover/copiar "c:\Users\Racarla\Documents\Git\VSCode_Portable\Projects\ESP32\ESP32_FreeRTOS_Robot\src\TaskCommon.hpp" porque el destino "c:\Users\Racarla\Documents\Git\VSCode_Portable\Projects\ESP32\ESP32_FreeRTOS_Robot\src\old\TaskCommon.hpp" ya existe en el punto final.: Error: No se puede mover/copiar "c:\Users\Racarla\Documents\Git\VSCode_Portable\Projects\ESP32\ESP32_FreeRTOS_Robot\src\TaskCommon.hpp" porque el destino "c:\Users\Racarla\Documents\Git\VSCode_Portable\Projects\ESP32\ESP32_FreeRTOS_Robot\src\old\TaskCommon.hpp" ya existe en el punto final.
    at Ei.doValidateMoveCopy (vscode-file://vscode-app/c:/Users/Racarla/Documents/Git/VSCode_Portable/Installation/VSCode-win32-x64-1.63.0/resources/app/out/vs/workbench/workbench.desktop.main.js:577:39530)
    at async Ei.doCanMoveCopy (vscode-file://vscode-app/c:/Users/Racarla/Documents/Git/VSCode_Portable/Installation/VSCode-win32-x64-1.63.0/resources/app/out/vs/workbench/workbench.desktop.main.js:577:36971)
    at async n.doMoveOrCopy (vscode-file://vscode-app/c:/Users/Racarla/Documents/Git/VSCode_Portable/Installation/VSCode-win32-x64-1.63.0/resources/app/out/vs/workbench/workbench.desktop.main.js:2363:57390)
    at async ml.perform (vscode-file://vscode-app/c:/Users/Racarla/Documents/Git/VSCode_Portable/Installation/VSCode-win32-x64-1.63.0/resources/app/out/vs/workbench/workbench.desktop.main.js:2369:20958)
    at async r.apply (vscode-file://vscode-app/c:/Users/Racarla/Documents/Git/VSCode_Portable/Installation/VSCode-win32-x64-1.63.0/resources/app/out/vs/workbench/workbench.desktop.main.js:2369:26540)
    at async o._performFileEdits (vscode-file://vscode-app/c:/Users/Racarla/Documents/Git/VSCode_Portable/Installation/VSCode-win32-x64-1.63.0/resources/app/out/vs/workbench/workbench.desktop.main.js:2369:28623)
    at async o.perform (vscode-file://vscode-app/c:/Users/Racarla/Documents/Git/VSCode_Portable/Installation/VSCode-win32-x64-1.63.0/resources/app/out/vs/workbench/workbench.desktop.main.js:2369:28166)
    at async r.apply (vscode-file://vscode-app/c:/Users/Racarla/Documents/Git/VSCode_Portable/Installation/VSCode-win32-x64-1.63.0/resources/app/out/vs/workbench/workbench.desktop.main.js:2369:30428)
    at async vscode-file://vscode-app/c:/Users/Racarla/Documents/Git/VSCode_Portable/Installation/VSCode-win32-x64-1.63.0/resources/app/out/vs/workbench/workbench.desktop.main.js:1506:64020
