[2021-12-15 16:22:40.116] [exthost] [info] Extension host with pid 17892 started
[2021-12-15 16:22:40.170] [exthost] [info] ExtensionService#_doActivateExtension vscode.microsoft-authentication, startup: false, activationEvent: 'onAuthenticationRequest:microsoft'
[2021-12-15 16:22:40.178] [exthost] [info] ExtensionService#_doActivateExtension vscode.debug-auto-launch, startup: true, activationEvent: '*'
[2021-12-15 16:22:40.181] [exthost] [info] ExtensionService#_doActivateExtension vscode.git-base, startup: true, activationEvent: '*', root cause: vscode.github
[2021-12-15 16:22:40.183] [exthost] [info] ExtensionService#_doActivateExtension DanielLin.auto-header, startup: true, activationEvent: '*'
[2021-12-15 16:22:40.195] [exthost] [info] ExtensionService#_doActivateExtension ms-vscode.cpptools, startup: true, activationEvent: '*', root cause: platformio.platformio-ide
[2021-12-15 16:22:40.293] [exthost] [info] ExtensionService#_doActivateExtension vscode.git, startup: true, activationEvent: '*'
[2021-12-15 16:22:40.305] [exthost] [info] ExtensionService#_doActivateExtension vscode.github, startup: true, activationEvent: '*'
[2021-12-15 16:22:40.308] [exthost] [info] ExtensionService#_doActivateExtension platformio.platformio-ide, startup: true, activationEvent: '*'
[2021-12-15 16:22:40.566] [exthost] [info] ExtensionService#_doActivateExtension vscode.github-authentication, startup: false, activationEvent: 'onAuthenticationRequest:github'
[2021-12-15 16:22:40.616] [exthost] [info] Eager extensions activated
[2021-12-15 16:22:40.624] [exthost] [info] ExtensionService#_doActivateExtension vscode.emmet, startup: false, activationEvent: 'onStartupFinished'
[2021-12-15 16:22:40.628] [exthost] [info] ExtensionService#_doActivateExtension vscode.merge-conflict, startup: false, activationEvent: 'onStartupFinished'
[2021-12-15 16:22:40.631] [exthost] [info] ExtensionService#_doActivateExtension ms-vscode-remote.remote-wsl-recommender, startup: false, activationEvent: 'onStartupFinished'
[2021-12-15 16:22:52.901] [exthost] [info] extension host terminating: renderer closed the socket
[2021-12-15 16:22:52.905] [exthost] [info] Extension host with pid 17892 exiting with code 0
[2021-12-15 16:22:53.954] [exthost] [info] Extension host with pid 18264 started
[2021-12-15 16:22:53.955] [exthost] [info] Skipping acquiring lock for c:\Users\racarla1\Documents\Git\VSCode_Portable\Installation\VSCode-win32-x64-1.63.0\data\user-data\User\workspaceStorage\3925e85cc6f6a17a6cc3c141fb7950ef.
[2021-12-15 16:22:53.998] [exthost] [info] ExtensionService#_doActivateExtension vscode.microsoft-authentication, startup: false, activationEvent: 'onAuthenticationRequest:microsoft'
[2021-12-15 16:22:54.006] [exthost] [info] ExtensionService#_doActivateExtension vscode.debug-auto-launch, startup: true, activationEvent: '*'
[2021-12-15 16:22:54.008] [exthost] [info] ExtensionService#_doActivateExtension vscode.git-base, startup: true, activationEvent: '*', root cause: vscode.github
[2021-12-15 16:22:54.011] [exthost] [info] ExtensionService#_doActivateExtension DanielLin.auto-header, startup: true, activationEvent: '*'
[2021-12-15 16:22:54.023] [exthost] [info] ExtensionService#_doActivateExtension ms-vscode.cpptools, startup: true, activationEvent: '*', root cause: platformio.platformio-ide
[2021-12-15 16:22:54.227] [exthost] [info] ExtensionService#_doActivateExtension vscode.configuration-editing, startup: false, activationEvent: 'onLanguage:json'
[2021-12-15 16:22:54.231] [exthost] [info] ExtensionService#_doActivateExtension vscode.extension-editing, startup: false, activationEvent: 'onLanguage:json'
[2021-12-15 16:22:54.235] [exthost] [info] ExtensionService#_doActivateExtension vscode.json-language-features, startup: false, activationEvent: 'onLanguage:json'
[2021-12-15 16:22:54.247] [exthost] [info] ExtensionService#_doActivateExtension vscode.npm, startup: false, activationEvent: 'onLanguage:json'
[2021-12-15 16:22:54.272] [exthost] [info] ExtensionService#_doActivateExtension vscode.github-authentication, startup: false, activationEvent: 'onAuthenticationRequest:github'
[2021-12-15 16:22:54.306] [exthost] [info] ExtensionService#_doActivateExtension vscode.typescript-language-features, startup: false, activationEvent: 'onLanguage:jsonc'
[2021-12-15 16:22:54.316] [exthost] [info] ExtensionService#_doActivateExtension vscode.git, startup: true, activationEvent: '*'
[2021-12-15 16:22:54.328] [exthost] [info] ExtensionService#_doActivateExtension vscode.github, startup: true, activationEvent: '*'
[2021-12-15 16:22:54.331] [exthost] [info] ExtensionService#_doActivateExtension platformio.platformio-ide, startup: true, activationEvent: '*'
[2021-12-15 16:22:54.623] [exthost] [info] Eager extensions activated
[2021-12-15 16:22:54.641] [exthost] [info] ExtensionService#_doActivateExtension vscode.emmet, startup: false, activationEvent: 'onStartupFinished'
[2021-12-15 16:22:54.646] [exthost] [info] ExtensionService#_doActivateExtension vscode.merge-conflict, startup: false, activationEvent: 'onStartupFinished'
[2021-12-15 16:22:54.649] [exthost] [info] ExtensionService#_doActivateExtension ms-vscode-remote.remote-wsl-recommender, startup: false, activationEvent: 'onStartupFinished'
[2021-12-15 16:22:55.115] [exthost] [warning] [Decorations] CAPPING events from decorations provider vscode.git 408
[2021-12-15 16:22:58.575] [exthost] [warning] [Decorations] CAPPING events from decorations provider vscode.git 421
[2021-12-15 16:23:00.617] [exthost] [info] ExtensionService#_doActivateExtension cschlosser.doxdocgen, startup: false, activationEvent: 'onLanguage:cpp'
[2021-12-15 16:23:03.969] [exthost] [warning] [Decorations] CAPPING events from decorations provider vscode.git 422
[2021-12-15 16:24:21.102] [exthost] [warning] [Decorations] CAPPING events from decorations provider vscode.git 423
[2021-12-15 16:25:12.497] [exthost] [warning] [Decorations] CAPPING events from decorations provider vscode.git 422
[2021-12-15 16:25:28.339] [exthost] [warning] [Decorations] CAPPING events from decorations provider vscode.git 422
[2021-12-15 16:26:00.907] [exthost] [warning] [Decorations] CAPPING events from decorations provider vscode.git 423
[2021-12-15 16:26:31.852] [exthost] [warning] [Decorations] CAPPING events from decorations provider vscode.git 423
[2021-12-15 16:26:55.952] [exthost] [warning] [Decorations] CAPPING events from decorations provider vscode.git 422
[2021-12-15 16:27:12.609] [exthost] [warning] [Decorations] CAPPING events from decorations provider vscode.git 423
[2021-12-15 16:27:46.421] [exthost] [warning] [Decorations] CAPPING events from decorations provider vscode.git 423
[2021-12-15 16:28:04.444] [exthost] [warning] [Decorations] CAPPING events from decorations provider vscode.git 422
[2021-12-15 16:28:10.114] [exthost] [warning] [Decorations] CAPPING events from decorations provider vscode.git 422
[2021-12-15 16:28:24.335] [exthost] [warning] [Decorations] CAPPING events from decorations provider vscode.git 422
[2021-12-15 16:28:37.502] [exthost] [warning] [Decorations] CAPPING events from decorations provider vscode.git 422
[2021-12-15 16:29:51.061] [exthost] [warning] [Decorations] CAPPING events from decorations provider vscode.git 422
[2021-12-15 16:30:30.545] [exthost] [warning] [Decorations] CAPPING events from decorations provider vscode.git 422
[2021-12-15 16:30:35.456] [exthost] [info] extension host terminating: renderer closed the socket
[2021-12-15 16:30:35.498] [exthost] [info] Extension host with pid 18264 exiting with code 0
[2021-12-15 16:30:36.658] [exthost] [info] Extension host with pid 17160 started
[2021-12-15 16:30:36.658] [exthost] [info] Skipping acquiring lock for c:\Users\racarla1\Documents\Git\VSCode_Portable\Installation\VSCode-win32-x64-1.63.0\data\user-data\User\workspaceStorage\965c53b565f5f9ea46332f5763d23053.
[2021-12-15 16:30:36.729] [exthost] [info] ExtensionService#_doActivateExtension vscode.microsoft-authentication, startup: false, activationEvent: 'onAuthenticationRequest:microsoft'
[2021-12-15 16:30:36.737] [exthost] [info] ExtensionService#_doActivateExtension cschlosser.doxdocgen, startup: false, activationEvent: 'onLanguage:cpp'
[2021-12-15 16:30:36.825] [exthost] [info] ExtensionService#_doActivateExtension ms-vscode.cpptools, startup: false, activationEvent: 'onLanguage:cpp'
[2021-12-15 16:30:36.853] [exthost] [info] ExtensionService#_doActivateExtension vscode.debug-auto-launch, startup: true, activationEvent: '*'
[2021-12-15 16:30:36.856] [exthost] [info] ExtensionService#_doActivateExtension vscode.git-base, startup: true, activationEvent: '*', root cause: vscode.github
[2021-12-15 16:30:36.858] [exthost] [info] ExtensionService#_doActivateExtension DanielLin.auto-header, startup: true, activationEvent: '*'
[2021-12-15 16:30:37.173] [exthost] [info] ExtensionService#_doActivateExtension ms-vscode.cmake-tools, startup: true, activationEvent: 'workspaceContains:*/CMakeLists.txt,*/*/CMakeLists.txt,*/*/*/CMakeLists.txt'
[2021-12-15 16:30:37.237] [exthost] [info] ExtensionService#_doActivateExtension vscode.github-authentication, startup: false, activationEvent: 'onAuthenticationRequest:github'
[2021-12-15 16:30:37.244] [exthost] [info] ExtensionService#_doActivateExtension vscode.git, startup: true, activationEvent: '*'
[2021-12-15 16:30:37.256] [exthost] [info] ExtensionService#_doActivateExtension vscode.github, startup: true, activationEvent: '*'
[2021-12-15 16:30:37.259] [exthost] [info] ExtensionService#_doActivateExtension platformio.platformio-ide, startup: true, activationEvent: '*'
[2021-12-15 16:30:37.724] [exthost] [info] Eager extensions activated
[2021-12-15 16:30:37.739] [exthost] [info] ExtensionService#_doActivateExtension vscode.emmet, startup: false, activationEvent: 'onStartupFinished'
[2021-12-15 16:30:37.744] [exthost] [info] ExtensionService#_doActivateExtension vscode.merge-conflict, startup: false, activationEvent: 'onStartupFinished'
[2021-12-15 16:30:37.747] [exthost] [info] ExtensionService#_doActivateExtension ms-vscode-remote.remote-wsl-recommender, startup: false, activationEvent: 'onStartupFinished'
[2021-12-15 16:30:38.093] [exthost] [warning] [Decorations] CAPPING events from decorations provider vscode.git 429
[2021-12-15 16:30:43.749] [exthost] [warning] [Decorations] CAPPING events from decorations provider vscode.git 429
[2021-12-15 16:30:49.132] [exthost] [warning] [Decorations] CAPPING events from decorations provider vscode.git 452
[2021-12-15 16:31:14.773] [exthost] [warning] [Decorations] CAPPING events from decorations provider vscode.git 444
[2021-12-15 16:32:03.470] [exthost] [warning] [Decorations] CAPPING events from decorations provider vscode.git 444
[2021-12-15 16:35:39.753] [exthost] [warning] [Decorations] CAPPING events from decorations provider vscode.git 444
[2021-12-15 16:35:45.147] [exthost] [warning] [Decorations] CAPPING events from decorations provider vscode.git 444
[2021-12-15 16:40:16.670] [exthost] [info] extension host terminating: renderer closed the socket
[2021-12-15 16:40:16.693] [exthost] [info] Extension host with pid 17160 exiting with code 0
