La validación encontró Git en: C:\Program Files\Git\cmd\git.exe
Usando GIT 2.29.2.windows.3 desde C:\Program Files\Git\cmd\git.exe
> git rev-parse --git-dir
Open repository: c:\Users\racarla1\Documents\Git\VSCode_Portable
> git status -z -u
> git show --textconv :Projects/ESP32_FREERTOS_Example_1/src/main.c
> git ls-files --stage -- C:\Users\racarla1\Documents\Git\VSCode_Portable\Projects\ESP32_FREERTOS_Example_1\src\main.c
> git check-ignore -v -z --stdin
> git show --textconv :Projects/ESP32_FREERTOS_Example_1/src/main.c
> git ls-files --stage -- C:\Users\racarla1\Documents\Git\VSCode_Portable\Projects\ESP32_FREERTOS_Example_1\src\main.c
> git ls-files --stage -- C:\Users\racarla1\Documents\Git\VSCode_Portable\Projects\ESP32_FREERTOS_Example_1\src\main.c
> git show --textconv :Projects/ESP32_FREERTOS_Example_1/src/main.c
> git symbolic-ref --short HEAD
> git for-each-ref --format=%(refname)%00%(upstream:short)%00%(objectname)%00%(upstream:track) refs/heads/main refs/remotes/main
> git for-each-ref --sort -committerdate --format %(refname) %(objectname) %(*objectname)
> git remote --verbose
> git config --get commit.template
> git check-ignore -v -z --stdin
> git check-ignore -v -z --stdin
> git check-ignore -v -z --stdin
> git check-ignore -v -z --stdin
> git check-ignore -v -z --stdin
> git check-ignore -v -z --stdin
> git show --textconv :Projects/ESP32_FREERTOS_Example_1/lib/scheduler/library.json
> git ls-files --stage -- C:\Users\racarla1\Documents\Git\VSCode_Portable\Projects\ESP32_FREERTOS_Example_1\lib\scheduler\library.json
> git show --textconv :Projects/ESP32_FREERTOS_Example_1/CMakeLists.txt
> git ls-files --stage -- C:\Users\racarla1\Documents\Git\VSCode_Portable\Projects\ESP32_FREERTOS_Example_1\CMakeLists.txt
> git check-ignore -v -z --stdin
> git show --textconv :Projects/ESP32_FREERTOS_Example_1/test/README
> git ls-files --stage -- C:\Users\racarla1\Documents\Git\VSCode_Portable\Projects\ESP32_FREERTOS_Example_1\test\README
> git show --textconv :Projects/ESP32_FREERTOS_Example_1/CMakeLists.txt
> git ls-files --stage -- C:\Users\racarla1\Documents\Git\VSCode_Portable\Projects\ESP32_FREERTOS_Example_1\CMakeLists.txt
> git show --textconv :Projects/ESP32_FREERTOS_Example_1/src/CMakeLists.txt
> git ls-files --stage -- C:\Users\racarla1\Documents\Git\VSCode_Portable\Projects\ESP32_FREERTOS_Example_1\src\CMakeLists.txt
> git show --textconv :Projects/ESP32_FREERTOS_Example_1/CMakeLists.txt
> git ls-files --stage -- C:\Users\racarla1\Documents\Git\VSCode_Portable\Projects\ESP32_FREERTOS_Example_1\CMakeLists.txt
> git show --textconv :Projects/ESP32_FREERTOS_Example_1/src/CMakeLists.txt
> git ls-files --stage -- C:\Users\racarla1\Documents\Git\VSCode_Portable\Projects\ESP32_FREERTOS_Example_1\src\CMakeLists.txt
> git show --textconv :Projects/ESP32_FREERTOS_Example_1/test/README
> git ls-files --stage -- C:\Users\racarla1\Documents\Git\VSCode_Portable\Projects\ESP32_FREERTOS_Example_1\test\README
> git show --textconv :Projects/ESP32_FREERTOS_Example_1/lib/scheduler/library.json
> git ls-files --stage -- C:\Users\racarla1\Documents\Git\VSCode_Portable\Projects\ESP32_FREERTOS_Example_1\lib\scheduler\library.json
> git show --textconv :Projects/ESP32_FREERTOS_Example_1/src/main.c
> git ls-files --stage -- C:\Users\racarla1\Documents\Git\VSCode_Portable\Projects\ESP32_FREERTOS_Example_1\src\main.c
> git show --textconv :Projects/ESP32_FREERTOS_Example_1/lib/scheduler/CMakeLists.txt
> git ls-files --stage -- C:\Users\racarla1\Documents\Git\VSCode_Portable\Projects\ESP32_FREERTOS_Example_1\lib\scheduler\CMakeLists.txt
> git check-ignore -v -z --stdin
> git show --textconv :Projects/ESP32_FREERTOS_Example_1/src/CMakeLists.txt
> git ls-files --stage -- C:\Users\racarla1\Documents\Git\VSCode_Portable\Projects\ESP32_FREERTOS_Example_1\src\CMakeLists.txt
> git show --textconv :Projects/ESP32_FREERTOS_Example_1/src/main.c
> git ls-files --stage -- C:\Users\racarla1\Documents\Git\VSCode_Portable\Projects\ESP32_FREERTOS_Example_1\src\main.c
> git ls-files --stage -- C:\Users\racarla1\Documents\Git\VSCode_Portable\Projects\ESP32_FREERTOS_Example_1\src\main.c
> git show --textconv :Projects/ESP32_FREERTOS_Example_1/src/main.c
> git check-ignore -v -z --stdin
> git show --textconv :Projects/ESP32_FREERTOS_Example_1/lib/scheduler/src/scheduler.c
> git ls-files --stage -- C:\Users\racarla1\Documents\Git\VSCode_Portable\Projects\ESP32_FREERTOS_Example_1\lib\scheduler\src\scheduler.c
> git check-ignore -v -z --stdin
> git show --textconv :Projects/ESP32_FREERTOS_Example_1/lib/scheduler/include/scheduler.h
> git ls-files --stage -- C:\Users\racarla1\Documents\Git\VSCode_Portable\Projects\ESP32_FREERTOS_Example_1\lib\scheduler\include\scheduler.h
> git show --textconv :Projects/ESP32_FREERTOS_Example_1/src/main.c
> git ls-files --stage -- C:\Users\racarla1\Documents\Git\VSCode_Portable\Projects\ESP32_FREERTOS_Example_1\src\main.c
> git show --textconv :Projects/ESP32_FREERTOS_Example_1/lib/scheduler/src/scheduler.c
> git ls-files --stage -- C:\Users\racarla1\Documents\Git\VSCode_Portable\Projects\ESP32_FREERTOS_Example_1\lib\scheduler\src\scheduler.c
> git show --textconv :Projects/ESP32_FREERTOS_Example_1/lib/scheduler/include/scheduler.h
> git ls-files --stage -- C:\Users\racarla1\Documents\Git\VSCode_Portable\Projects\ESP32_FREERTOS_Example_1\lib\scheduler\include\scheduler.h
> git show --textconv :Projects/ESP32_FREERTOS_Example_1/lib/scheduler/src/scheduler.c
> git ls-files --stage -- C:\Users\racarla1\Documents\Git\VSCode_Portable\Projects\ESP32_FREERTOS_Example_1\lib\scheduler\src\scheduler.c
> git show --textconv :Projects/ESP32_FREERTOS_Example_1/lib/scheduler/include/scheduler.h
> git ls-files --stage -- C:\Users\racarla1\Documents\Git\VSCode_Portable\Projects\ESP32_FREERTOS_Example_1\lib\scheduler\include\scheduler.h
> git show --textconv :Projects/ESP32_FREERTOS_Example_1/lib/scheduler/src/scheduler.c
> git ls-files --stage -- C:\Users\racarla1\Documents\Git\VSCode_Portable\Projects\ESP32_FREERTOS_Example_1\lib\scheduler\src\scheduler.c
> git show --textconv :Projects/ESP32_FREERTOS_Example_1/lib/scheduler/README.MD
> git ls-files --stage -- C:\Users\racarla1\Documents\Git\VSCode_Portable\Projects\ESP32_FREERTOS_Example_1\lib\scheduler\README.MD
> git check-ignore -v -z --stdin
> git show --textconv :Projects/ESP32_FREERTOS_Example_1/lib/scheduler/src/scheduler.c
> git ls-files --stage -- C:\Users\racarla1\Documents\Git\VSCode_Portable\Projects\ESP32_FREERTOS_Example_1\lib\scheduler\src\scheduler.c
> git show --textconv :Projects/ESP32_FREERTOS_Example_1/lib/scheduler/include/scheduler.h
> git ls-files --stage -- C:\Users\racarla1\Documents\Git\VSCode_Portable\Projects\ESP32_FREERTOS_Example_1\lib\scheduler\include\scheduler.h
> git show --textconv :Projects/ESP32_FREERTOS_Example_1/lib/scheduler/src/scheduler.c
> git ls-files --stage -- C:\Users\racarla1\Documents\Git\VSCode_Portable\Projects\ESP32_FREERTOS_Example_1\lib\scheduler\src\scheduler.c
> git show --textconv :Projects/ESP32_FREERTOS_Example_1/lib/scheduler/include/scheduler.h
> git ls-files --stage -- C:\Users\racarla1\Documents\Git\VSCode_Portable\Projects\ESP32_FREERTOS_Example_1\lib\scheduler\include\scheduler.h
> git show --textconv :Projects/ESP32_FREERTOS_Example_1/lib/scheduler/src/scheduler.c
> git ls-files --stage -- C:\Users\racarla1\Documents\Git\VSCode_Portable\Projects\ESP32_FREERTOS_Example_1\lib\scheduler\src\scheduler.c
> git show --textconv :Projects/ESP32_FREERTOS_Example_1/lib/scheduler/include/scheduler.h
> git ls-files --stage -- C:\Users\racarla1\Documents\Git\VSCode_Portable\Projects\ESP32_FREERTOS_Example_1\lib\scheduler\include\scheduler.h
> git show --textconv :Projects/ESP32_FREERTOS_Example_1/lib/scheduler/src/scheduler.c
> git ls-files --stage -- C:\Users\racarla1\Documents\Git\VSCode_Portable\Projects\ESP32_FREERTOS_Example_1\lib\scheduler\src\scheduler.c
> git show --textconv :Projects/ESP32_FREERTOS_Example_1/lib/scheduler/include/scheduler.h
> git ls-files --stage -- C:\Users\racarla1\Documents\Git\VSCode_Portable\Projects\ESP32_FREERTOS_Example_1\lib\scheduler\include\scheduler.h
> git show --textconv :Projects/ESP32_FREERTOS_Example_1/lib/scheduler/src/scheduler.c
> git ls-files --stage -- C:\Users\racarla1\Documents\Git\VSCode_Portable\Projects\ESP32_FREERTOS_Example_1\lib\scheduler\src\scheduler.c
> git show --textconv :Projects/ESP32_FREERTOS_Example_1/lib/scheduler/library.json
> git ls-files --stage -- C:\Users\racarla1\Documents\Git\VSCode_Portable\Projects\ESP32_FREERTOS_Example_1\lib\scheduler\library.json
> git show --textconv :Projects/ESP32_FREERTOS_Example_1/lib/scheduler/src/scheduler.c
> git ls-files --stage -- C:\Users\racarla1\Documents\Git\VSCode_Portable\Projects\ESP32_FREERTOS_Example_1\lib\scheduler\src\scheduler.c
> git show --textconv :Projects/ESP32_FREERTOS_Example_1/lib/ESFree_scheduler/src/scheduler.c
> git ls-files --stage -- C:\Users\racarla1\Documents\Git\VSCode_Portable\Projects\ESP32_FREERTOS_Example_1\lib\ESFree_scheduler\src\scheduler.c
> git check-ignore -v -z --stdin
> git show --textconv :Projects/ESP32_FREERTOS_Example_1/src/main.c
> git ls-files --stage -- C:\Users\racarla1\Documents\Git\VSCode_Portable\Projects\ESP32_FREERTOS_Example_1\src\main.c
> git show --textconv :Projects/ESP32_FREERTOS_Example_1/lib/ESFree_scheduler/CMakeLists.txt
> git ls-files --stage -- C:\Users\racarla1\Documents\Git\VSCode_Portable\Projects\ESP32_FREERTOS_Example_1\lib\ESFree_scheduler\CMakeLists.txt
> git show --textconv :Projects/ESP32_FREERTOS_Example_1/lib/ESFree_scheduler/src/scheduler.c
> git ls-files --stage -- C:\Users\racarla1\Documents\Git\VSCode_Portable\Projects\ESP32_FREERTOS_Example_1\lib\ESFree_scheduler\src\scheduler.c
> git show --textconv :Projects/ESP32_FREERTOS_Example_1/lib/ESFree_scheduler/src/ESFree_scheduler.c
> git ls-files --stage -- C:\Users\racarla1\Documents\Git\VSCode_Portable\Projects\ESP32_FREERTOS_Example_1\lib\ESFree_scheduler\src\ESFree_scheduler.c
> git check-ignore -v -z --stdin
> git show --textconv :Projects/ESP32_FREERTOS_Example_1/lib/ESFree_scheduler/include/scheduler.h
> git ls-files --stage -- C:\Users\racarla1\Documents\Git\VSCode_Portable\Projects\ESP32_FREERTOS_Example_1\lib\ESFree_scheduler\include\scheduler.h
> git show --textconv :Projects/ESP32_FREERTOS_Example_1/lib/ESFree_scheduler/include/ESFree_scheduler.h
> git ls-files --stage -- C:\Users\racarla1\Documents\Git\VSCode_Portable\Projects\ESP32_FREERTOS_Example_1\lib\ESFree_scheduler\include\ESFree_scheduler.h
> git check-ignore -v -z --stdin
> git show --textconv :Projects/ESP32_FREERTOS_Example_1/lib/ESFree_scheduler/src/ESFree_scheduler.c
> git ls-files --stage -- C:\Users\racarla1\Documents\Git\VSCode_Portable\Projects\ESP32_FREERTOS_Example_1\lib\ESFree_scheduler\src\ESFree_scheduler.c
> git show --textconv :Projects/ESP32_FREERTOS_Example_1/src/main.c
> git ls-files --stage -- C:\Users\racarla1\Documents\Git\VSCode_Portable\Projects\ESP32_FREERTOS_Example_1\src\main.c
> git show --textconv :Projects/ESP32_FREERTOS_Example_1/lib/ESFree_scheduler/CMakeLists.txt
> git ls-files --stage -- C:\Users\racarla1\Documents\Git\VSCode_Portable\Projects\ESP32_FREERTOS_Example_1\lib\ESFree_scheduler\CMakeLists.txt
> git show --textconv :Projects/ESP32_FREERTOS_Example_1/lib/ESFree_scheduler/library.json
> git ls-files --stage -- C:\Users\racarla1\Documents\Git\VSCode_Portable\Projects\ESP32_FREERTOS_Example_1\lib\ESFree_scheduler\library.json
> git show --textconv :Projects/ESP32_FREERTOS_Example_1/lib/ESFree_scheduler/README.MD
> git ls-files --stage -- C:\Users\racarla1\Documents\Git\VSCode_Portable\Projects\ESP32_FREERTOS_Example_1\lib\ESFree_scheduler\README.MD
> git show --textconv :Projects/ESP32_FREERTOS_Example_1/lib/ESFree_scheduler/INFO.MD
> git ls-files --stage -- C:\Users\racarla1\Documents\Git\VSCode_Portable\Projects\ESP32_FREERTOS_Example_1\lib\ESFree_scheduler\INFO.MD
> git check-ignore -v -z --stdin
> git show --textconv :Projects/ESP32_FREERTOS_Example_1/lib/ESFree_scheduler/CMakeLists.txt
> git ls-files --stage -- C:\Users\racarla1\Documents\Git\VSCode_Portable\Projects\ESP32_FREERTOS_Example_1\lib\ESFree_scheduler\CMakeLists.txt
> git show --textconv :Projects/ESP32_FREERTOS_Example_1/lib/ESFree_scheduler/include/ESFree_scheduler.h
> git ls-files --stage -- C:\Users\racarla1\Documents\Git\VSCode_Portable\Projects\ESP32_FREERTOS_Example_1\lib\ESFree_scheduler\include\ESFree_scheduler.h
> git show --textconv :Projects/ESP32_FREERTOS_Example_1/lib/ESFree_scheduler/src/ESFree_scheduler.c
> git ls-files --stage -- C:\Users\racarla1\Documents\Git\VSCode_Portable\Projects\ESP32_FREERTOS_Example_1\lib\ESFree_scheduler\src\ESFree_scheduler.c
> git show --textconv :Projects/ESP32_FREERTOS_Example_1/lib/ESFree_scheduler/include/ESFree_scheduler.h
> git ls-files --stage -- C:\Users\racarla1\Documents\Git\VSCode_Portable\Projects\ESP32_FREERTOS_Example_1\lib\ESFree_scheduler\include\ESFree_scheduler.h
> git show --textconv :Projects/ESP32_FREERTOS_Example_1/lib/ESFree_scheduler/src/ESFree_scheduler.c
> git ls-files --stage -- C:\Users\racarla1\Documents\Git\VSCode_Portable\Projects\ESP32_FREERTOS_Example_1\lib\ESFree_scheduler\src\ESFree_scheduler.c
> git show --textconv :Projects/ESP32_FREERTOS_Example_1/lib/ESFree_scheduler/include/ESFree_scheduler.h
> git ls-files --stage -- C:\Users\racarla1\Documents\Git\VSCode_Portable\Projects\ESP32_FREERTOS_Example_1\lib\ESFree_scheduler\include\ESFree_scheduler.h
> git show --textconv :Projects/ESP32_FREERTOS_Example_1/lib/ESFree_scheduler/src/ESFree_scheduler.c
> git ls-files --stage -- C:\Users\racarla1\Documents\Git\VSCode_Portable\Projects\ESP32_FREERTOS_Example_1\lib\ESFree_scheduler\src\ESFree_scheduler.c
> git show --textconv :Projects/ESP32_FREERTOS_Example_1/lib/ESFree_scheduler/include/ESFree_scheduler.h
> git ls-files --stage -- C:\Users\racarla1\Documents\Git\VSCode_Portable\Projects\ESP32_FREERTOS_Example_1\lib\ESFree_scheduler\include\ESFree_scheduler.h
> git show --textconv :Projects/ESP32_FREERTOS_Example_1/lib/ESFree_scheduler/src/ESFree_scheduler.c
> git ls-files --stage -- C:\Users\racarla1\Documents\Git\VSCode_Portable\Projects\ESP32_FREERTOS_Example_1\lib\ESFree_scheduler\src\ESFree_scheduler.c
> git show --textconv :Projects/ESP32_FREERTOS_Example_1/lib/ESFree_scheduler/include/ESFree_scheduler.h
> git ls-files --stage -- C:\Users\racarla1\Documents\Git\VSCode_Portable\Projects\ESP32_FREERTOS_Example_1\lib\ESFree_scheduler\include\ESFree_scheduler.h
> git show --textconv :Projects/ESP32_FREERTOS_Example_1/lib/ESFree_scheduler/src/ESFree_scheduler.c
> git ls-files --stage -- C:\Users\racarla1\Documents\Git\VSCode_Portable\Projects\ESP32_FREERTOS_Example_1\lib\ESFree_scheduler\src\ESFree_scheduler.c
Opening repository for path='c:\Users\racarla1\.platformio\packages\framework-espidf\components\esp_common\src' failed; ex=Failed to execute git {
  "exitCode": 128,
  "gitErrorCode": "NotAGitRepository",
  "gitCommand": "rev-parse",
  "stdout": "",
  "stderr": "fatal: not a git repository (or any of the parent directories): .git\n"
}
> git show --textconv :Projects/ESP32_FREERTOS_Example_1/lib/ESFree_scheduler/src/ESFree_scheduler.c
> git ls-files --stage -- C:\Users\racarla1\Documents\Git\VSCode_Portable\Projects\ESP32_FREERTOS_Example_1\lib\ESFree_scheduler\src\ESFree_scheduler.c
Opening repository for path='c:\Users\racarla1\.platformio\packages\framework-espidf\components\esp_common\src' failed; ex=Failed to execute git {
  "exitCode": 128,
  "gitErrorCode": "NotAGitRepository",
  "gitCommand": "rev-parse",
  "stdout": "",
  "stderr": "fatal: not a git repository (or any of the parent directories): .git\n"
}
> git show --textconv :Projects/ESP32_FREERTOS_Example_1/lib/ESFree_scheduler/src/ESFree_scheduler.c
> git ls-files --stage -- C:\Users\racarla1\Documents\Git\VSCode_Portable\Projects\ESP32_FREERTOS_Example_1\lib\ESFree_scheduler\src\ESFree_scheduler.c
Opening repository for path='c:\Users\racarla1\.platformio\packages\framework-espidf\components\esp_common\src' failed; ex=Failed to execute git {
  "exitCode": 128,
  "gitErrorCode": "NotAGitRepository",
  "gitCommand": "rev-parse",
  "stdout": "",
  "stderr": "fatal: not a git repository (or any of the parent directories): .git\n"
}
> git show --textconv :Projects/ESP32_FREERTOS_Example_1/lib/ESFree_scheduler/src/ESFree_scheduler.c
> git ls-files --stage -- C:\Users\racarla1\Documents\Git\VSCode_Portable\Projects\ESP32_FREERTOS_Example_1\lib\ESFree_scheduler\src\ESFree_scheduler.c
> git check-ignore -v -z --stdin
