La validación encontró Git en: C:\Program Files\Git\cmd\git.exe
Usando GIT 2.29.2.windows.3 desde C:\Program Files\Git\cmd\git.exe
> git rev-parse --git-dir
Open repository: c:\Users\racarla1\Documents\Git\VSCode_Portable
> git status -z -u
> git symbolic-ref --short HEAD
> git for-each-ref --format=%(refname)%00%(upstream:short)%00%(objectname)%00%(upstream:track) refs/heads/main refs/remotes/main
> git for-each-ref --sort -committerdate --format %(refname) %(objectname) %(*objectname)
> git remote --verbose
> git config --get commit.template
> git check-ignore -v -z --stdin
> git status -z -u
> git symbolic-ref --short HEAD
> git for-each-ref --format=%(refname)%00%(upstream:short)%00%(objectname)%00%(upstream:track) refs/heads/main refs/remotes/main
> git for-each-ref --sort -committerdate --format %(refname) %(objectname) %(*objectname)
> git remote --verbose
> git config --get commit.template
> git status -z -u
> git symbolic-ref --short HEAD
> git for-each-ref --format=%(refname)%00%(upstream:short)%00%(objectname)%00%(upstream:track) refs/heads/main refs/remotes/main
> git for-each-ref --sort -committerdate --format %(refname) %(objectname) %(*objectname)
> git remote --verbose
> git config --get commit.template
> git check-ignore -v -z --stdin
> git status -z -u
> git symbolic-ref --short HEAD
> git for-each-ref --format=%(refname)%00%(upstream:short)%00%(objectname)%00%(upstream:track) refs/heads/main refs/remotes/main
> git for-each-ref --sort -committerdate --format %(refname) %(objectname) %(*objectname)
> git remote --verbose
> git config --get commit.template
> git check-ignore -v -z --stdin
> git check-ignore -v -z --stdin
> git show --textconv :Projects/ESP32_FreeRTOS_Robot__/src/DiscreteLowPassFilter.h
> git ls-files --stage -- C:\Users\racarla1\Documents\Git\VSCode_Portable\Projects\ESP32_FreeRTOS_Robot__\src\DiscreteLowPassFilter.h
> git show --textconv :Projects/ESP32_FreeRTOS_Robot__/src/SLHRobot.h
> git ls-files --stage -- C:\Users\racarla1\Documents\Git\VSCode_Portable\Projects\ESP32_FreeRTOS_Robot__\src\SLHRobot.h
> git check-ignore -v -z --stdin
> git check-ignore -v -z --stdin
> git status -z -u
> git symbolic-ref --short HEAD
> git for-each-ref --format=%(refname)%00%(upstream:short)%00%(objectname)%00%(upstream:track) refs/heads/main refs/remotes/main
> git for-each-ref --sort -committerdate --format %(refname) %(objectname) %(*objectname)
> git remote --verbose
> git config --get commit.template
> git status -z -u
> git symbolic-ref --short HEAD
> git for-each-ref --format=%(refname)%00%(upstream:short)%00%(objectname)%00%(upstream:track) refs/heads/main refs/remotes/main
> git for-each-ref --sort -committerdate --format %(refname) %(objectname) %(*objectname)
> git remote --verbose
> git config --get commit.template
> git check-ignore -v -z --stdin
> git check-ignore -v -z --stdin
> git show --textconv :Projects/ESP32_FreeRTOS_Robot-Steps_Identification/src/AbstractCommon.h
> git ls-files --stage -- C:\Users\racarla1\Documents\Git\VSCode_Portable\Projects\ESP32_FreeRTOS_Robot-Steps_Identification\src\AbstractCommon.h
> git cat-file -s 9d626797b8609aa16ce80d42070366ff73c0fcda
> git show --textconv :Projects/ESP32_FreeRTOS_Robot-Steps_Identification/src/DiscreteLowPassFilter.h
> git ls-files --stage -- C:\Users\racarla1\Documents\Git\VSCode_Portable\Projects\ESP32_FreeRTOS_Robot-Steps_Identification\src\DiscreteLowPassFilter.h
> git cat-file -s 1646c3d5def27548b38b3f2b5f22ba47bb725fcf
> git show --textconv :Projects/ESP32_FreeRTOS_Robot-Steps_Identification/src/AbstractCommon.h
> git ls-files --stage -- C:\Users\racarla1\Documents\Git\VSCode_Portable\Projects\ESP32_FreeRTOS_Robot-Steps_Identification\src\AbstractCommon.h
> git cat-file -s 9d626797b8609aa16ce80d42070366ff73c0fcda
> git show --textconv :Projects/ESP32_FreeRTOS_Robot-Steps_Identification/src/SLHRobot.h
> git ls-files --stage -- C:\Users\racarla1\Documents\Git\VSCode_Portable\Projects\ESP32_FreeRTOS_Robot-Steps_Identification\src\SLHRobot.h
> git cat-file -s 7ec86a3599d7ada24f2a587a97916a7d6a0d947c
> git show --textconv :Projects/ESP32_FreeRTOS_Robot-Steps_Identification/src/AbstractCommon.h
> git ls-files --stage -- C:\Users\racarla1\Documents\Git\VSCode_Portable\Projects\ESP32_FreeRTOS_Robot-Steps_Identification\src\AbstractCommon.h
> git cat-file -s 9d626797b8609aa16ce80d42070366ff73c0fcda
> git show --textconv :Projects/ESP32_FreeRTOS_Robot-Steps_Identification/src/RM_AbstractCommon.h
> git ls-files --stage -- C:\Users\racarla1\Documents\Git\VSCode_Portable\Projects\ESP32_FreeRTOS_Robot-Steps_Identification\src\RM_AbstractCommon.h
> git check-ignore -v -z --stdin
> git status -z -u
> git symbolic-ref --short HEAD
> git for-each-ref --format=%(refname)%00%(upstream:short)%00%(objectname)%00%(upstream:track) refs/heads/main refs/remotes/main
> git for-each-ref --sort -committerdate --format %(refname) %(objectname) %(*objectname)
> git remote --verbose
> git config --get commit.template
> git show --textconv :Projects/ESP32_FreeRTOS_Robot-Steps_Identification/src/SLHRobot.h
> git ls-files --stage -- C:\Users\racarla1\Documents\Git\VSCode_Portable\Projects\ESP32_FreeRTOS_Robot-Steps_Identification\src\SLHRobot.h
> git cat-file -s 7ec86a3599d7ada24f2a587a97916a7d6a0d947c
> git show --textconv :Projects/ESP32_FreeRTOS_Robot-Steps_Identification/src/RM_AbstractCommon.h
> git ls-files --stage -- C:\Users\racarla1\Documents\Git\VSCode_Portable\Projects\ESP32_FreeRTOS_Robot-Steps_Identification\src\RM_AbstractCommon.h
> git show --textconv :Projects/ESP32_FreeRTOS_Robot-Steps_Identification/src/SLHRobot.h
> git ls-files --stage -- C:\Users\racarla1\Documents\Git\VSCode_Portable\Projects\ESP32_FreeRTOS_Robot-Steps_Identification\src\SLHRobot.h
> git cat-file -s 7ec86a3599d7ada24f2a587a97916a7d6a0d947c
> git show --textconv :Projects/ESP32_FreeRTOS_Robot-Steps_Identification/src/RM_AbstractCommon.h
> git ls-files --stage -- C:\Users\racarla1\Documents\Git\VSCode_Portable\Projects\ESP32_FreeRTOS_Robot-Steps_Identification\src\RM_AbstractCommon.h
> git show --textconv :Projects/ESP32_FreeRTOS_Robot-Steps_Identification/src/SLHRobot.h
> git ls-files --stage -- C:\Users\racarla1\Documents\Git\VSCode_Portable\Projects\ESP32_FreeRTOS_Robot-Steps_Identification\src\SLHRobot.h
> git cat-file -s 7ec86a3599d7ada24f2a587a97916a7d6a0d947c
> git show --textconv :Projects/ESP32_FreeRTOS_Robot-Steps_Identification/src/RM_CH.h
> git ls-files --stage -- C:\Users\racarla1\Documents\Git\VSCode_Portable\Projects\ESP32_FreeRTOS_Robot-Steps_Identification\src\RM_CH.h
> git check-ignore -v -z --stdin
> git status -z -u
> git symbolic-ref --short HEAD
> git for-each-ref --format=%(refname)%00%(upstream:short)%00%(objectname)%00%(upstream:track) refs/heads/main refs/remotes/main
> git for-each-ref --sort -committerdate --format %(refname) %(objectname) %(*objectname)
> git remote --verbose
> git config --get commit.template
> git status -z -u
> git symbolic-ref --short HEAD
> git for-each-ref --format=%(refname)%00%(upstream:short)%00%(objectname)%00%(upstream:track) refs/heads/main refs/remotes/main
> git for-each-ref --sort -committerdate --format %(refname) %(objectname) %(*objectname)
> git remote --verbose
> git config --get commit.template
> git status -z -u
> git symbolic-ref --short HEAD
> git for-each-ref --format=%(refname)%00%(upstream:short)%00%(objectname)%00%(upstream:track) refs/heads/main refs/remotes/main
> git for-each-ref --sort -committerdate --format %(refname) %(objectname) %(*objectname)
> git remote --verbose
> git config --get commit.template
> git status -z -u
> git symbolic-ref --short HEAD
> git for-each-ref --format=%(refname)%00%(upstream:short)%00%(objectname)%00%(upstream:track) refs/heads/main refs/remotes/main
> git for-each-ref --sort -committerdate --format %(refname) %(objectname) %(*objectname)
> git remote --verbose
> git config --get commit.template
> git show --textconv :Projects/ESP32_FreeRTOS_Robot-Steps_Identification/src/RM_AbstractCommon.h
> git ls-files --stage -- C:\Users\racarla1\Documents\Git\VSCode_Portable\Projects\ESP32_FreeRTOS_Robot-Steps_Identification\src\RM_AbstractCommon.h
> git show --textconv :Projects/ESP32_FreeRTOS_Robot-Steps_Identification/src/AbstractDCMotorDriver.h
> git ls-files --stage -- C:\Users\racarla1\Documents\Git\VSCode_Portable\Projects\ESP32_FreeRTOS_Robot-Steps_Identification\src\AbstractDCMotorDriver.h
> git cat-file -s 33ddbfa8266ea5d3766f5e0dc4e533c17bfd2f63
> git show --textconv :Projects/ESP32_FreeRTOS_Robot-Steps_Identification/src/RM_AbstractDCMotorDriver.h
> git ls-files --stage -- C:\Users\racarla1\Documents\Git\VSCode_Portable\Projects\ESP32_FreeRTOS_Robot-Steps_Identification\src\RM_AbstractDCMotorDriver.h
> git check-ignore -v -z --stdin
> git status -z -u
> git symbolic-ref --short HEAD
> git for-each-ref --format=%(refname)%00%(upstream:short)%00%(objectname)%00%(upstream:track) refs/heads/main refs/remotes/main
> git for-each-ref --sort -committerdate --format %(refname) %(objectname) %(*objectname)
> git remote --verbose
> git config --get commit.template
> git check-ignore -v -z --stdin
> git status -z -u
> git symbolic-ref --short HEAD
> git for-each-ref --format=%(refname)%00%(upstream:short)%00%(objectname)%00%(upstream:track) refs/heads/main refs/remotes/main
> git for-each-ref --sort -committerdate --format %(refname) %(objectname) %(*objectname)
> git remote --verbose
> git config --get commit.template
> git check-ignore -v -z --stdin
> git status -z -u
> git symbolic-ref --short HEAD
> git for-each-ref --format=%(refname)%00%(upstream:short)%00%(objectname)%00%(upstream:track) refs/heads/main refs/remotes/main
> git for-each-ref --sort -committerdate --format %(refname) %(objectname) %(*objectname)
> git remote --verbose
> git config --get commit.template
> git check-ignore -v -z --stdin
> git status -z -u
> git symbolic-ref --short HEAD
> git for-each-ref --format=%(refname)%00%(upstream:short)%00%(objectname)%00%(upstream:track) refs/heads/main refs/remotes/main
> git for-each-ref --sort -committerdate --format %(refname) %(objectname) %(*objectname)
> git remote --verbose
> git config --get commit.template
> git check-ignore -v -z --stdin
> git status -z -u
> git symbolic-ref --short HEAD
> git for-each-ref --format=%(refname)%00%(upstream:short)%00%(objectname)%00%(upstream:track) refs/heads/main refs/remotes/main
> git for-each-ref --sort -committerdate --format %(refname) %(objectname) %(*objectname)
> git remote --verbose
> git config --get commit.template
> git check-ignore -v -z --stdin
> git status -z -u
> git symbolic-ref --short HEAD
> git for-each-ref --format=%(refname)%00%(upstream:short)%00%(objectname)%00%(upstream:track) refs/heads/main refs/remotes/main
> git for-each-ref --sort -committerdate --format %(refname) %(objectname) %(*objectname)
> git remote --verbose
> git config --get commit.template
> git show --textconv :Projects/ESP32_FreeRTOS_Robot-Steps_Identification/src/RM_DiscreteLowPassFilter.h
> git ls-files --stage -- C:\Users\racarla1\Documents\Git\VSCode_Portable\Projects\ESP32_FreeRTOS_Robot-Steps_Identification\src\RM_DiscreteLowPassFilter.h
> git show --textconv :Projects/ESP32_FreeRTOS_Robot-Steps_Identification/src/RM_CH.h
> git ls-files --stage -- C:\Users\racarla1\Documents\Git\VSCode_Portable\Projects\ESP32_FreeRTOS_Robot-Steps_Identification\src\RM_CH.h
> git status -z -u
> git symbolic-ref --short HEAD
> git for-each-ref --format=%(refname)%00%(upstream:short)%00%(objectname)%00%(upstream:track) refs/heads/main refs/remotes/main
> git for-each-ref --sort -committerdate --format %(refname) %(objectname) %(*objectname)
> git remote --verbose
> git config --get commit.template
> git show --textconv :Projects/ESP32_FreeRTOS_Robot-Steps_Identification/src/RM_AbstractDCMotorDriver.h
> git ls-files --stage -- C:\Users\racarla1\Documents\Git\VSCode_Portable\Projects\ESP32_FreeRTOS_Robot-Steps_Identification\src\RM_AbstractDCMotorDriver.h
> git show --textconv :Projects/ESP32_FreeRTOS_Robot-Steps_Identification/src/RM_DiscreteLowPassFilter.h
> git ls-files --stage -- C:\Users\racarla1\Documents\Git\VSCode_Portable\Projects\ESP32_FreeRTOS_Robot-Steps_Identification\src\RM_DiscreteLowPassFilter.h
> git show --textconv :Projects/ESP32_FreeRTOS_Robot-Steps_Identification/src/RM_AbstractDCMotorDriver.h
> git ls-files --stage -- C:\Users\racarla1\Documents\Git\VSCode_Portable\Projects\ESP32_FreeRTOS_Robot-Steps_Identification\src\RM_AbstractDCMotorDriver.h
> git status -z -u
> git symbolic-ref --short HEAD
> git for-each-ref --format=%(refname)%00%(upstream:short)%00%(objectname)%00%(upstream:track) refs/heads/main refs/remotes/main
> git for-each-ref --sort -committerdate --format %(refname) %(objectname) %(*objectname)
> git remote --verbose
> git config --get commit.template
> git status -z -u
> git symbolic-ref --short HEAD
> git for-each-ref --format=%(refname)%00%(upstream:short)%00%(objectname)%00%(upstream:track) refs/heads/main refs/remotes/main
> git for-each-ref --sort -committerdate --format %(refname) %(objectname) %(*objectname)
> git remote --verbose
> git config --get commit.template
> git status -z -u
> git symbolic-ref --short HEAD
> git for-each-ref --format=%(refname)%00%(upstream:short)%00%(objectname)%00%(upstream:track) refs/heads/main refs/remotes/main
> git for-each-ref --sort -committerdate --format %(refname) %(objectname) %(*objectname)
> git remote --verbose
> git config --get commit.template
> git show --textconv :Projects/ESP32_FreeRTOS_Robot-Steps_Identification/src/RM_AbstractCommon.h
> git ls-files --stage -- C:\Users\racarla1\Documents\Git\VSCode_Portable\Projects\ESP32_FreeRTOS_Robot-Steps_Identification\src\RM_AbstractCommon.h
> git status -z -u
> git symbolic-ref --short HEAD
> git for-each-ref --format=%(refname)%00%(upstream:short)%00%(objectname)%00%(upstream:track) refs/heads/main refs/remotes/main
> git for-each-ref --sort -committerdate --format %(refname) %(objectname) %(*objectname)
> git remote --verbose
> git config --get commit.template
> git show --textconv :Projects/ESP32_FreeRTOS_Robot-Steps_Identification/src/RM_AbstractDCMotorDriver.h
> git ls-files --stage -- C:\Users\racarla1\Documents\Git\VSCode_Portable\Projects\ESP32_FreeRTOS_Robot-Steps_Identification\src\RM_AbstractDCMotorDriver.h
> git status -z -u
> git symbolic-ref --short HEAD
> git for-each-ref --format=%(refname)%00%(upstream:short)%00%(objectname)%00%(upstream:track) refs/heads/main refs/remotes/main
> git for-each-ref --sort -committerdate --format %(refname) %(objectname) %(*objectname)
> git remote --verbose
> git config --get commit.template
> git show --textconv :Projects/ESP32_FreeRTOS_Robot-Steps_Identification/src/RM_AbstractDCMotorPlant.h
> git ls-files --stage -- C:\Users\racarla1\Documents\Git\VSCode_Portable\Projects\ESP32_FreeRTOS_Robot-Steps_Identification\src\RM_AbstractDCMotorPlant.h
> git status -z -u
> git symbolic-ref --short HEAD
> git for-each-ref --format=%(refname)%00%(upstream:short)%00%(objectname)%00%(upstream:track) refs/heads/main refs/remotes/main
> git for-each-ref --sort -committerdate --format %(refname) %(objectname) %(*objectname)
> git remote --verbose
> git config --get commit.template
> git show --textconv :Projects/ESP32_FreeRTOS_Robot-Steps_Identification/src/RM_AbstractDCMotorPosSensor.h
> git ls-files --stage -- C:\Users\racarla1\Documents\Git\VSCode_Portable\Projects\ESP32_FreeRTOS_Robot-Steps_Identification\src\RM_AbstractDCMotorPosSensor.h
> git status -z -u
> git symbolic-ref --short HEAD
> git for-each-ref --format=%(refname)%00%(upstream:short)%00%(objectname)%00%(upstream:track) refs/heads/main refs/remotes/main
> git for-each-ref --sort -committerdate --format %(refname) %(objectname) %(*objectname)
> git remote --verbose
> git config --get commit.template
> git show --textconv :Projects/ESP32_FreeRTOS_Robot-Steps_Identification/src/RM_CH.h
> git ls-files --stage -- C:\Users\racarla1\Documents\Git\VSCode_Portable\Projects\ESP32_FreeRTOS_Robot-Steps_Identification\src\RM_CH.h
> git status -z -u
> git symbolic-ref --short HEAD
> git for-each-ref --format=%(refname)%00%(upstream:short)%00%(objectname)%00%(upstream:track) refs/heads/main refs/remotes/main
> git for-each-ref --sort -committerdate --format %(refname) %(objectname) %(*objectname)
> git remote --verbose
> git config --get commit.template
> git show --textconv :Projects/ESP32_FreeRTOS_Robot-Steps_Identification/src/RM_DCMotorDriverImpl.h
> git ls-files --stage -- C:\Users\racarla1\Documents\Git\VSCode_Portable\Projects\ESP32_FreeRTOS_Robot-Steps_Identification\src\RM_DCMotorDriverImpl.h
> git status -z -u
> git symbolic-ref --short HEAD
> git for-each-ref --format=%(refname)%00%(upstream:short)%00%(objectname)%00%(upstream:track) refs/heads/main refs/remotes/main
> git for-each-ref --sort -committerdate --format %(refname) %(objectname) %(*objectname)
> git remote --verbose
> git config --get commit.template
> git show --textconv :Projects/ESP32_FreeRTOS_Robot-Steps_Identification/src/RM_DCMotorPosSensorImpl.h
> git ls-files --stage -- C:\Users\racarla1\Documents\Git\VSCode_Portable\Projects\ESP32_FreeRTOS_Robot-Steps_Identification\src\RM_DCMotorPosSensorImpl.h
> git status -z -u
> git symbolic-ref --short HEAD
> git for-each-ref --format=%(refname)%00%(upstream:short)%00%(objectname)%00%(upstream:track) refs/heads/main refs/remotes/main
> git for-each-ref --sort -committerdate --format %(refname) %(objectname) %(*objectname)
> git remote --verbose
> git config --get commit.template
> git show --textconv :Projects/ESP32_FreeRTOS_Robot-Steps_Identification/src/RM_DiscreteLowPassFilter.h
> git ls-files --stage -- C:\Users\racarla1\Documents\Git\VSCode_Portable\Projects\ESP32_FreeRTOS_Robot-Steps_Identification\src\RM_DiscreteLowPassFilter.h
> git status -z -u
> git symbolic-ref --short HEAD
> git for-each-ref --format=%(refname)%00%(upstream:short)%00%(objectname)%00%(upstream:track) refs/heads/main refs/remotes/main
> git for-each-ref --sort -committerdate --format %(refname) %(objectname) %(*objectname)
> git remote --verbose
> git config --get commit.template
> git show --textconv :Projects/ESP32_FreeRTOS_Robot-Steps_Identification/src/RM_DCMotorPosSensorImpl.h
> git ls-files --stage -- C:\Users\racarla1\Documents\Git\VSCode_Portable\Projects\ESP32_FreeRTOS_Robot-Steps_Identification\src\RM_DCMotorPosSensorImpl.h
> git show --textconv :Projects/ESP32_FreeRTOS_Robot-Steps_Identification/src/RM_CH.h
> git ls-files --stage -- C:\Users\racarla1\Documents\Git\VSCode_Portable\Projects\ESP32_FreeRTOS_Robot-Steps_Identification\src\RM_CH.h
> git show --textconv :Projects/ESP32_FreeRTOS_Robot-Steps_Identification/src/RM_DCMotorPosSensorImpl.h
> git ls-files --stage -- C:\Users\racarla1\Documents\Git\VSCode_Portable\Projects\ESP32_FreeRTOS_Robot-Steps_Identification\src\RM_DCMotorPosSensorImpl.h
> git status -z -u
> git symbolic-ref --short HEAD
> git for-each-ref --format=%(refname)%00%(upstream:short)%00%(objectname)%00%(upstream:track) refs/heads/main refs/remotes/main
> git for-each-ref --sort -committerdate --format %(refname) %(objectname) %(*objectname)
> git remote --verbose
> git config --get commit.template
> git show --textconv :Projects/ESP32_FreeRTOS_Robot-Steps_Identification/src/RM_DCMotorDriverImpl.h
> git ls-files --stage -- C:\Users\racarla1\Documents\Git\VSCode_Portable\Projects\ESP32_FreeRTOS_Robot-Steps_Identification\src\RM_DCMotorDriverImpl.h
> git status -z -u
> git symbolic-ref --short HEAD
> git for-each-ref --format=%(refname)%00%(upstream:short)%00%(objectname)%00%(upstream:track) refs/heads/main refs/remotes/main
> git for-each-ref --sort -committerdate --format %(refname) %(objectname) %(*objectname)
> git remote --verbose
> git config --get commit.template
> git show --textconv :Projects/ESP32_FreeRTOS_Robot-Steps_Identification/src/RM_DCMotorPosSensorImpl.h
> git ls-files --stage -- C:\Users\racarla1\Documents\Git\VSCode_Portable\Projects\ESP32_FreeRTOS_Robot-Steps_Identification\src\RM_DCMotorPosSensorImpl.h
> git show --textconv :Projects/ESP32_FreeRTOS_Robot-Steps_Identification/src/RM_DCMotorDriverImpl.h
> git ls-files --stage -- C:\Users\racarla1\Documents\Git\VSCode_Portable\Projects\ESP32_FreeRTOS_Robot-Steps_Identification\src\RM_DCMotorDriverImpl.h
> git status -z -u
> git symbolic-ref --short HEAD
> git for-each-ref --format=%(refname)%00%(upstream:short)%00%(objectname)%00%(upstream:track) refs/heads/main refs/remotes/main
> git for-each-ref --sort -committerdate --format %(refname) %(objectname) %(*objectname)
> git remote --verbose
> git config --get commit.template
> git show --textconv :Projects/ESP32_FreeRTOS_Robot-Steps_Identification/src/RM_DCMotorPosSensorImpl.h
> git ls-files --stage -- C:\Users\racarla1\Documents\Git\VSCode_Portable\Projects\ESP32_FreeRTOS_Robot-Steps_Identification\src\RM_DCMotorPosSensorImpl.h
> git show --textconv :Projects/ESP32_FreeRTOS_Robot-Steps_Identification/src/RM_CH.h
> git ls-files --stage -- C:\Users\racarla1\Documents\Git\VSCode_Portable\Projects\ESP32_FreeRTOS_Robot-Steps_Identification\src\RM_CH.h
> git status -z -u
> git symbolic-ref --short HEAD
> git for-each-ref --format=%(refname)%00%(upstream:short)%00%(objectname)%00%(upstream:track) refs/heads/main refs/remotes/main
> git for-each-ref --sort -committerdate --format %(refname) %(objectname) %(*objectname)
> git remote --verbose
> git config --get commit.template
> git show --textconv :Projects/ESP32_FreeRTOS_Robot-Steps_Identification/src/RM_DCMotorPosSensorImpl.h
> git ls-files --stage -- C:\Users\racarla1\Documents\Git\VSCode_Portable\Projects\ESP32_FreeRTOS_Robot-Steps_Identification\src\RM_DCMotorPosSensorImpl.h
> git show --textconv :Projects/ESP32_FreeRTOS_Robot-Steps_Identification/src/RM_DCMotorDriverImpl.h
> git ls-files --stage -- C:\Users\racarla1\Documents\Git\VSCode_Portable\Projects\ESP32_FreeRTOS_Robot-Steps_Identification\src\RM_DCMotorDriverImpl.h
> git show --textconv :Projects/ESP32_FreeRTOS_Robot-Steps_Identification/src/RM_DiscreteLowPassFilter.h
> git ls-files --stage -- C:\Users\racarla1\Documents\Git\VSCode_Portable\Projects\ESP32_FreeRTOS_Robot-Steps_Identification\src\RM_DiscreteLowPassFilter.h
> git show --textconv :Projects/ESP32_FreeRTOS_Robot-Steps_Identification/src/RM_DCMotorPosSensorImpl.h
> git ls-files --stage -- C:\Users\racarla1\Documents\Git\VSCode_Portable\Projects\ESP32_FreeRTOS_Robot-Steps_Identification\src\RM_DCMotorPosSensorImpl.h
> git show --textconv :Projects/ESP32_FreeRTOS_Robot-Steps_Identification/src/RM_DCMotorDriverImpl.h
> git ls-files --stage -- C:\Users\racarla1\Documents\Git\VSCode_Portable\Projects\ESP32_FreeRTOS_Robot-Steps_Identification\src\RM_DCMotorDriverImpl.h
> git show --textconv :Projects/ESP32_FreeRTOS_Robot-Steps_Identification/src/RM_DCMotorPosSensorImpl.h
> git ls-files --stage -- C:\Users\racarla1\Documents\Git\VSCode_Portable\Projects\ESP32_FreeRTOS_Robot-Steps_Identification\src\RM_DCMotorPosSensorImpl.h
> git show --textconv :Projects/ESP32_FreeRTOS_Robot-Steps_Identification/src/RM_DiscreteLowPassFilter.h
> git ls-files --stage -- C:\Users\racarla1\Documents\Git\VSCode_Portable\Projects\ESP32_FreeRTOS_Robot-Steps_Identification\src\RM_DiscreteLowPassFilter.h
> git show --textconv :Projects/ESP32_FreeRTOS_Robot-Steps_Identification/src/RM_DCMotorPosSensorImpl.h
> git ls-files --stage -- C:\Users\racarla1\Documents\Git\VSCode_Portable\Projects\ESP32_FreeRTOS_Robot-Steps_Identification\src\RM_DCMotorPosSensorImpl.h
> git show --textconv :Projects/ESP32_FreeRTOS_Robot-Steps_Identification/src/RM_DCMotorDriverImpl.h
> git ls-files --stage -- C:\Users\racarla1\Documents\Git\VSCode_Portable\Projects\ESP32_FreeRTOS_Robot-Steps_Identification\src\RM_DCMotorDriverImpl.h
> git show --textconv :Projects/ESP32_FreeRTOS_Robot-Steps_Identification/src/RM_CH.h
> git ls-files --stage -- C:\Users\racarla1\Documents\Git\VSCode_Portable\Projects\ESP32_FreeRTOS_Robot-Steps_Identification\src\RM_CH.h
> git show --textconv :Projects/ESP32_FreeRTOS_Robot-Steps_Identification/src/RM_AbstractDCMotorPosSensor.h
> git ls-files --stage -- C:\Users\racarla1\Documents\Git\VSCode_Portable\Projects\ESP32_FreeRTOS_Robot-Steps_Identification\src\RM_AbstractDCMotorPosSensor.h
> git status -z -u
> git symbolic-ref --short HEAD
> git for-each-ref --format=%(refname)%00%(upstream:short)%00%(objectname)%00%(upstream:track) refs/heads/main refs/remotes/main
> git for-each-ref --sort -committerdate --format %(refname) %(objectname) %(*objectname)
> git remote --verbose
> git config --get commit.template
> git show --textconv :Projects/ESP32_FreeRTOS_Robot-Steps_Identification/src/RM_AbstractDCMotorPlant.h
> git ls-files --stage -- C:\Users\racarla1\Documents\Git\VSCode_Portable\Projects\ESP32_FreeRTOS_Robot-Steps_Identification\src\RM_AbstractDCMotorPlant.h
> git show --textconv :Projects/ESP32_FreeRTOS_Robot-Steps_Identification/src/RM_AbstractDCMotorDriver.h
> git ls-files --stage -- C:\Users\racarla1\Documents\Git\VSCode_Portable\Projects\ESP32_FreeRTOS_Robot-Steps_Identification\src\RM_AbstractDCMotorDriver.h
> git status -z -u
> git symbolic-ref --short HEAD
> git for-each-ref --format=%(refname)%00%(upstream:short)%00%(objectname)%00%(upstream:track) refs/heads/main refs/remotes/main
> git for-each-ref --sort -committerdate --format %(refname) %(objectname) %(*objectname)
> git remote --verbose
> git config --get commit.template
> git status -z -u
> git symbolic-ref --short HEAD
> git for-each-ref --format=%(refname)%00%(upstream:short)%00%(objectname)%00%(upstream:track) refs/heads/main refs/remotes/main
> git for-each-ref --sort -committerdate --format %(refname) %(objectname) %(*objectname)
> git remote --verbose
> git config --get commit.template
> git show --textconv :Projects/ESP32_FreeRTOS_Robot-Steps_Identification/src/RM_AbstractCommon.h
> git ls-files --stage -- C:\Users\racarla1\Documents\Git\VSCode_Portable\Projects\ESP32_FreeRTOS_Robot-Steps_Identification\src\RM_AbstractCommon.h
> git status -z -u
> git symbolic-ref --short HEAD
> git for-each-ref --format=%(refname)%00%(upstream:short)%00%(objectname)%00%(upstream:track) refs/heads/main refs/remotes/main
> git for-each-ref --sort -committerdate --format %(refname) %(objectname) %(*objectname)
> git remote --verbose
> git config --get commit.template
> git show --textconv :Projects/ESP32_FreeRTOS_Robot-Steps_Identification/src/main.cpp
> git ls-files --stage -- C:\Users\racarla1\Documents\Git\VSCode_Portable\Projects\ESP32_FreeRTOS_Robot-Steps_Identification\src\main.cpp
> git cat-file -s b82ae193b4f1309034ea2db5301fca726a7f4c47
> git status -z -u
> git symbolic-ref --short HEAD
> git for-each-ref --format=%(refname)%00%(upstream:short)%00%(objectname)%00%(upstream:track) refs/heads/main refs/remotes/main
> git for-each-ref --sort -committerdate --format %(refname) %(objectname) %(*objectname)
> git remote --verbose
> git config --get commit.template
> git show --textconv :Projects/ESP32_FreeRTOS_Robot-Steps_Identification/src/RM_DCMotorDriverImpl.h
> git ls-files --stage -- C:\Users\racarla1\Documents\Git\VSCode_Portable\Projects\ESP32_FreeRTOS_Robot-Steps_Identification\src\RM_DCMotorDriverImpl.h
> git status -z -u
> git symbolic-ref --short HEAD
> git for-each-ref --format=%(refname)%00%(upstream:short)%00%(objectname)%00%(upstream:track) refs/heads/main refs/remotes/main
> git for-each-ref --sort -committerdate --format %(refname) %(objectname) %(*objectname)
> git remote --verbose
> git config --get commit.template
> git show --textconv :Projects/ESP32_FreeRTOS_Robot-Steps_Identification/src/RM_CH.h
> git ls-files --stage -- C:\Users\racarla1\Documents\Git\VSCode_Portable\Projects\ESP32_FreeRTOS_Robot-Steps_Identification\src\RM_CH.h
> git show --textconv :Projects/ESP32_FreeRTOS_Robot-Steps_Identification/src/RM_DCMotorDriverImpl.h
> git ls-files --stage -- C:\Users\racarla1\Documents\Git\VSCode_Portable\Projects\ESP32_FreeRTOS_Robot-Steps_Identification\src\RM_DCMotorDriverImpl.h
> git show --textconv :Projects/ESP32_FreeRTOS_Robot-Steps_Identification/platformio.ini
> git ls-files --stage -- C:\Users\racarla1\Documents\Git\VSCode_Portable\Projects\ESP32_FreeRTOS_Robot-Steps_Identification\platformio.ini
> git cat-file -s 946128118fe3b1505c33326ebde1df32ad4d3308
> git show --textconv :Projects/ESP32_FreeRTOS_Robot-Steps_Identification/src/RM_AbstractCommon.h
> git ls-files --stage -- C:\Users\racarla1\Documents\Git\VSCode_Portable\Projects\ESP32_FreeRTOS_Robot-Steps_Identification\src\RM_AbstractCommon.h
> git show --textconv :Projects/ESP32_FreeRTOS_Robot-Steps_Identification/src/RM_AbstractDCMotorDriver.h
> git ls-files --stage -- C:\Users\racarla1\Documents\Git\VSCode_Portable\Projects\ESP32_FreeRTOS_Robot-Steps_Identification\src\RM_AbstractDCMotorDriver.h
> git show --textconv :Projects/ESP32_FreeRTOS_Robot-Steps_Identification/src/RM_AbstractDCMotorPlant.h
> git ls-files --stage -- C:\Users\racarla1\Documents\Git\VSCode_Portable\Projects\ESP32_FreeRTOS_Robot-Steps_Identification\src\RM_AbstractDCMotorPlant.h
> git show --textconv :Projects/ESP32_FreeRTOS_Robot-Steps_Identification/src/RM_DCMotorDriverImpl.h
> git ls-files --stage -- C:\Users\racarla1\Documents\Git\VSCode_Portable\Projects\ESP32_FreeRTOS_Robot-Steps_Identification\src\RM_DCMotorDriverImpl.h
> git show --textconv :Projects/ESP32_FreeRTOS_Robot-Steps_Identification/src/RM_DiscreteLowPassFilter.h
> git ls-files --stage -- C:\Users\racarla1\Documents\Git\VSCode_Portable\Projects\ESP32_FreeRTOS_Robot-Steps_Identification\src\RM_DiscreteLowPassFilter.h
> git check-ignore -v -z --stdin
> git show --textconv :Projects/ESP32_FreeRTOS_Robot/src/main copy.cpp
> git ls-files --stage -- C:\Users\racarla1\Documents\Git\VSCode_Portable\Projects\ESP32_FreeRTOS_Robot\src\main copy.cpp
> git check-ignore -v -z --stdin
> git status -z -u
> git symbolic-ref --short HEAD
> git for-each-ref --format=%(refname)%00%(upstream:short)%00%(objectname)%00%(upstream:track) refs/heads/main refs/remotes/main
> git for-each-ref --sort -committerdate --format %(refname) %(objectname) %(*objectname)
> git remote --verbose
> git config --get commit.template
> git show --textconv :Projects/ESP32_FreeRTOS_Robot-Steps_Identification/src/RM_DiscreteLowPassFilter.h
> git ls-files --stage -- C:\Users\racarla1\Documents\Git\VSCode_Portable\Projects\ESP32_FreeRTOS_Robot-Steps_Identification\src\RM_DiscreteLowPassFilter.h
> git show --textconv :Projects/ESP32_FreeRTOS_Robot-Steps_Identification/src/RM_DCMotorPosSensorImpl.h
> git ls-files --stage -- C:\Users\racarla1\Documents\Git\VSCode_Portable\Projects\ESP32_FreeRTOS_Robot-Steps_Identification\src\RM_DCMotorPosSensorImpl.h
> git check-ignore -v -z --stdin
> git status -z -u
> git symbolic-ref --short HEAD
> git for-each-ref --format=%(refname)%00%(upstream:short)%00%(objectname)%00%(upstream:track) refs/heads/main refs/remotes/main
> git for-each-ref --sort -committerdate --format %(refname) %(objectname) %(*objectname)
> git remote --verbose
> git config --get commit.template
> git show --textconv :Projects/ESP32_FreeRTOS_Robot-Steps_Identification/src/main.cpp
> git ls-files --stage -- C:\Users\racarla1\Documents\Git\VSCode_Portable\Projects\ESP32_FreeRTOS_Robot-Steps_Identification\src\main.cpp
> git cat-file -s b82ae193b4f1309034ea2db5301fca726a7f4c47
> git show --textconv :Projects/ESP32_FreeRTOS_Robot-Steps_Identification/src/RM_AbstractCommon.h
> git ls-files --stage -- C:\Users\racarla1\Documents\Git\VSCode_Portable\Projects\ESP32_FreeRTOS_Robot-Steps_Identification\src\RM_AbstractCommon.h
> git show --textconv :Projects/ESP32_FreeRTOS_Robot-Steps_Identification/src/RM_AbstractDCMotorDriver.h
> git ls-files --stage -- C:\Users\racarla1\Documents\Git\VSCode_Portable\Projects\ESP32_FreeRTOS_Robot-Steps_Identification\src\RM_AbstractDCMotorDriver.h
> git show --textconv :Projects/ESP32_FreeRTOS_Robot-Steps_Identification/src/RM_AbstractDCMotorPlant.h
> git ls-files --stage -- C:\Users\racarla1\Documents\Git\VSCode_Portable\Projects\ESP32_FreeRTOS_Robot-Steps_Identification\src\RM_AbstractDCMotorPlant.h
> git show --textconv :Projects/ESP32_FreeRTOS_Robot-Steps_Identification/src/RM_AbstractDCMotorPosSensor.h
> git ls-files --stage -- C:\Users\racarla1\Documents\Git\VSCode_Portable\Projects\ESP32_FreeRTOS_Robot-Steps_Identification\src\RM_AbstractDCMotorPosSensor.h
> git show --textconv :Projects/ESP32_FreeRTOS_Robot-Steps_Identification/src/RM_CH.h
> git ls-files --stage -- C:\Users\racarla1\Documents\Git\VSCode_Portable\Projects\ESP32_FreeRTOS_Robot-Steps_Identification\src\RM_CH.h
> git show --textconv :Projects/ESP32_FreeRTOS_Robot-Steps_Identification/src/RM_DCMotorPosSensorImpl.h
> git ls-files --stage -- C:\Users\racarla1\Documents\Git\VSCode_Portable\Projects\ESP32_FreeRTOS_Robot-Steps_Identification\src\RM_DCMotorPosSensorImpl.h
> git show --textconv :Projects/ESP32_FreeRTOS_Robot-Steps_Identification/src/RM_CH.h
> git ls-files --stage -- C:\Users\racarla1\Documents\Git\VSCode_Portable\Projects\ESP32_FreeRTOS_Robot-Steps_Identification\src\RM_CH.h
> git show --textconv :Projects/ESP32_FreeRTOS_Robot-Steps_Identification/src/RM_DiscreteLowPassFilter.h
> git ls-files --stage -- C:\Users\racarla1\Documents\Git\VSCode_Portable\Projects\ESP32_FreeRTOS_Robot-Steps_Identification\src\RM_DiscreteLowPassFilter.h
