[2021-12-13 11:35:12.930] [exthost] [info] Extension host with pid 6244 started
[2021-12-13 11:35:12.931] [exthost] [info] Skipping acquiring lock for c:\Users\Racarla\Documents\Git\VSCode_Portable\Installation\VSCode-win32-x64-1.63.0\data\user-data\User\workspaceStorage\22681c325140c8b4da308bd885388c76.
[2021-12-13 11:35:13.128] [exthost] [info] ExtensionService#_doActivateExtension vscode.microsoft-authentication, startup: false, activationEvent: 'onAuthenticationRequest:microsoft'
[2021-12-13 11:35:13.143] [exthost] [info] ExtensionService#_doActivateExtension cschlosser.doxdocgen, startup: false, activationEvent: 'onLanguage:cpp'
[2021-12-13 11:35:13.376] [exthost] [info] ExtensionService#_doActivateExtension ms-vscode.cpptools, startup: false, activationEvent: 'onLanguage:cpp'
[2021-12-13 11:35:13.433] [exthost] [info] ExtensionService#_doActivateExtension vscode.debug-auto-launch, startup: true, activationEvent: '*'
[2021-12-13 11:35:13.439] [exthost] [info] ExtensionService#_doActivateExtension vscode.git-base, startup: true, activationEvent: '*', root cause: vscode.github
[2021-12-13 11:35:13.445] [exthost] [info] ExtensionService#_doActivateExtension DanielLin.auto-header, startup: true, activationEvent: '*'
[2021-12-13 11:35:13.919] [exthost] [info] ExtensionService#_doActivateExtension vscode.git, startup: true, activationEvent: '*'
[2021-12-13 11:35:13.943] [exthost] [info] ExtensionService#_doActivateExtension vscode.github, startup: true, activationEvent: '*'
[2021-12-13 11:35:13.952] [exthost] [info] ExtensionService#_doActivateExtension platformio.platformio-ide, startup: true, activationEvent: '*'
[2021-12-13 11:35:14.751] [exthost] [info] ExtensionService#_doActivateExtension vscode.configuration-editing, startup: false, activationEvent: 'onLanguage:json'
[2021-12-13 11:35:14.757] [exthost] [info] ExtensionService#_doActivateExtension vscode.extension-editing, startup: false, activationEvent: 'onLanguage:json'
[2021-12-13 11:35:14.765] [exthost] [info] ExtensionService#_doActivateExtension vscode.json-language-features, startup: false, activationEvent: 'onLanguage:json'
[2021-12-13 11:35:14.783] [exthost] [info] ExtensionService#_doActivateExtension vscode.npm, startup: false, activationEvent: 'onLanguage:json'
[2021-12-13 11:35:14.851] [exthost] [info] ExtensionService#_doActivateExtension vscode.typescript-language-features, startup: false, activationEvent: 'onLanguage:jsonc'
[2021-12-13 11:35:14.865] [exthost] [info] ExtensionService#_doActivateExtension vscode.github-authentication, startup: false, activationEvent: 'onAuthenticationRequest:github'
[2021-12-13 11:35:15.150] [exthost] [info] Eager extensions activated
[2021-12-13 11:35:15.164] [exthost] [info] ExtensionService#_doActivateExtension vscode.emmet, startup: false, activationEvent: 'onStartupFinished'
[2021-12-13 11:35:15.172] [exthost] [info] ExtensionService#_doActivateExtension vscode.merge-conflict, startup: false, activationEvent: 'onStartupFinished'
[2021-12-13 11:35:15.175] [exthost] [info] ExtensionService#_doActivateExtension ms-vscode-remote.remote-wsl-recommender, startup: false, activationEvent: 'onStartupFinished'
[2021-12-13 11:35:26.506] [exthost] [info] ExtensionService#_doActivateExtension vscode.grunt, startup: false, activationEvent: 'onCommand:workbench.action.tasks.runTask'
[2021-12-13 11:35:26.510] [exthost] [info] ExtensionService#_doActivateExtension vscode.gulp, startup: false, activationEvent: 'onCommand:workbench.action.tasks.runTask'
[2021-12-13 11:35:26.514] [exthost] [info] ExtensionService#_doActivateExtension vscode.jake, startup: false, activationEvent: 'onCommand:workbench.action.tasks.runTask'
[2021-12-13 12:32:23.557] [exthost] [info] extension host terminating: renderer closed the socket
[2021-12-13 12:32:23.661] [exthost] [info] Extension host with pid 6244 exiting with code 0
