[2021-12-10 15:05:47.258] [main] [info] update#setState idle
[2021-12-10 15:05:47.304] [main] [info] ExtensionHostStarterWorker created
[2021-12-10 15:05:48.123] [main] [info] Starting extension host with pid 7300 (fork() took 9 ms).
[2021-12-10 15:06:17.262] [main] [info] update#setState checking for updates
[2021-12-10 15:06:17.327] [main] [info] update#setState idle
[2021-12-10 15:09:27.544] [main] [info] Starting extension host with pid 16336 (fork() took 6 ms).
[2021-12-10 15:09:45.802] [main] [info] Extension host with pid 16336 exited with code: 0, signal: null.
[2021-12-10 15:09:46.444] [main] [info] Starting extension host with pid 12356 (fork() took 7 ms).
[2021-12-10 15:30:36.882] [main] [info] Extension host with pid 7300 exited with code: 0, signal: null.
[2021-12-10 15:30:37.456] [main] [info] Starting extension host with pid 10908 (fork() took 7 ms).
[2021-12-10 16:06:17.296] [main] [info] update#setState checking for updates
[2021-12-10 16:06:17.606] [main] [info] update#setState idle
[2021-12-10 16:53:45.122] [main] [info] Extension host with pid 12356 exited with code: 0, signal: null.
[2021-12-10 17:06:17.333] [main] [info] update#setState checking for updates
[2021-12-10 17:06:17.577] [main] [info] update#setState idle
[2021-12-10 17:28:13.253] [main] [info] Extension host with pid 10908 exited with code: 0, signal: null.
[2021-12-10 17:28:13.875] [main] [info] Starting extension host with pid 5712 (fork() took 7 ms).
[2021-12-10 17:28:27.774] [main] [info] Extension host with pid 5712 exited with code: 0, signal: null.
[2021-12-10 17:28:28.238] [main] [info] Starting extension host with pid 4688 (fork() took 8 ms).
[2021-12-10 17:28:59.055] [main] [info] Starting extension host with pid 18152 (fork() took 7 ms).
[2021-12-10 17:29:07.433] [main] [info] Extension host with pid 18152 exited with code: 0, signal: null.
[2021-12-10 17:29:08.154] [main] [info] Starting extension host with pid 18256 (fork() took 7 ms).
[2021-12-10 17:37:16.578] [main] [info] Extension host with pid 18256 exited with code: 0, signal: null.
[2021-12-10 18:06:17.367] [main] [info] update#setState checking for updates
[2021-12-10 18:06:17.764] [main] [info] update#setState idle
[2021-12-10 18:10:41.696] [main] [info] Waiting for extension host with pid 4688 to exit.
[2021-12-10 18:10:41.752] [main] [info] Extension host with pid 4688 exited with code: 0, signal: null.
