[2021-12-08 22:57:01.677] [exthost] [info] Extension host with pid 14596 started
[2021-12-08 22:57:01.677] [exthost] [info] Skipping acquiring lock for c:\Users\Racarla\Documents\Git\VSCode_Portable\VSCode-win32-x64-1.62.3\data\user-data\User\workspaceStorage\1477bad2d70f40d1cddc8d8d10b3b643.
[2021-12-08 22:57:01.766] [exthost] [info] ExtensionService#_doActivateExtension vscode.microsoft-authentication, startup: false, activationEvent: 'onAuthenticationRequest:microsoft'
[2021-12-08 22:57:01.777] [exthost] [info] ExtensionService#_doActivateExtension vscode.ipynb, startup: false, activationEvent: 'onNotebook:jupyter-notebook}'
[2021-12-08 22:57:01.781] [exthost] [info] ExtensionService#_doActivateExtension vscode.debug-auto-launch, startup: true, activationEvent: '*'
[2021-12-08 22:57:01.786] [exthost] [info] ExtensionService#_doActivateExtension vscode.git, startup: true, activationEvent: '*', root cause: vscode.github
[2021-12-08 22:57:01.803] [exthost] [info] ExtensionService#_doActivateExtension ms-vscode.cpptools, startup: true, activationEvent: '*', root cause: platformio.platformio-ide
[2021-12-08 22:57:02.089] [exthost] [info] ExtensionService#_doActivateExtension vscode.github, startup: true, activationEvent: '*'
[2021-12-08 22:57:02.095] [exthost] [info] ExtensionService#_doActivateExtension platformio.platformio-ide, startup: true, activationEvent: '*'
[2021-12-08 22:57:02.650] [exthost] [info] ExtensionService#_doActivateExtension ms-toolsai.jupyter, startup: false, activationEvent: 'onNotebook:jupyter-notebook'
[2021-12-08 22:57:02.818] [exthost] [info] ExtensionService#_doActivateExtension ms-toolsai.jupyter-renderers, startup: false, activationEvent: 'onNotebook:*'
[2021-12-08 22:57:02.825] [exthost] [info] ExtensionService#_doActivateExtension vscode.github-authentication, startup: false, activationEvent: 'onAuthenticationRequest:github'
[2021-12-08 22:57:02.958] [exthost] [info] ExtensionService#_doActivateExtension ms-python.python, startup: false, activationEvent: 'onLanguage:python', root cause: ms-python.vscode-pylance
[2021-12-08 22:57:03.180] [exthost] [info] Eager extensions activated
[2021-12-08 22:57:03.216] [exthost] [info] ExtensionService#_doActivateExtension vscode.merge-conflict, startup: false, activationEvent: 'onStartupFinished'
[2021-12-08 22:57:03.222] [exthost] [info] ExtensionService#_doActivateExtension ms-vscode-remote.remote-wsl-recommender, startup: false, activationEvent: 'onStartupFinished'
[2021-12-08 22:57:03.910] [exthost] [info] ExtensionService#_doActivateExtension ms-python.vscode-pylance, startup: false, activationEvent: 'onLanguage:python'
[2021-12-08 23:21:30.969] [exthost] [error] [ms-toolsai.jupyter] provider FAILED
[2021-12-08 23:21:30.969] [exthost] [error] Canceled: Canceled
	at w.makeCancelError (c:\Users\Racarla\Documents\Git\VSCode_Portable\VSCode-win32-x64-1.62.3\data\extensions\ms-toolsai.jupyter-2021.10.1101450599\out\client\extension.js:16:170296)
	at w.handleFailedRequest (c:\Users\Racarla\Documents\Git\VSCode_Portable\VSCode-win32-x64-1.62.3\data\extensions\ms-toolsai.jupyter-2021.10.1101450599\out\client\extension.js:16:170147)
	at c:\Users\Racarla\Documents\Git\VSCode_Portable\VSCode-win32-x64-1.62.3\data\extensions\ms-toolsai.jupyter-2021.10.1101450599\out\client\extension.js:16:134081
	at async m.provideDocumentHighlights (c:\Users\Racarla\Documents\Git\VSCode_Portable\VSCode-win32-x64-1.62.3\resources\app\out\vs\workbench\services\extensions\node\extensionHostProcess.js:94:171454)
[2021-12-08 23:28:18.729] [exthost] [info] extension host terminating: renderer closed the socket
[2021-12-08 23:28:18.932] [exthost] [error] TypeError: Cannot read property 'timeTelemetryCollector' of undefined
	at Object.deactivate (c:\Users\Racarla\Documents\Git\VSCode_Portable\VSCode-win32-x64-1.62.3\data\extensions\ms-vscode.cpptools-1.7.1\dist\main.js:49395:13)
	at Object.deactivate (c:\Users\Racarla\Documents\Git\VSCode_Portable\VSCode-win32-x64-1.62.3\data\extensions\ms-vscode.cpptools-1.7.1\dist\main.js:54453:27)
	at w._deactivate (c:\Users\Racarla\Documents\Git\VSCode_Portable\VSCode-win32-x64-1.62.3\resources\app\out\vs\workbench\services\extensions\node\extensionHostProcess.js:99:11449)
	at c:\Users\Racarla\Documents\Git\VSCode_Portable\VSCode-win32-x64-1.62.3\resources\app\out\vs\workbench\services\extensions\node\extensionHostProcess.js:99:9997
	at Array.map (<anonymous>)
	at w.deactivateAll (c:\Users\Racarla\Documents\Git\VSCode_Portable\VSCode-win32-x64-1.62.3\resources\app\out\vs\workbench\services\extensions\node\extensionHostProcess.js:99:9985)
	at b.terminate (c:\Users\Racarla\Documents\Git\VSCode_Portable\VSCode-win32-x64-1.62.3\resources\app\out\vs\workbench\services\extensions\node\extensionHostProcess.js:103:735)
	at o (c:\Users\Racarla\Documents\Git\VSCode_Portable\VSCode-win32-x64-1.62.3\resources\app\out\vs\workbench\services\extensions\node\extensionHostProcess.js:113:32681)
	at Socket.<anonymous> (c:\Users\Racarla\Documents\Git\VSCode_Portable\VSCode-win32-x64-1.62.3\resources\app\out\vs\workbench\services\extensions\node\extensionHostProcess.js:113:30296)
	at Socket.emit (events.js:327:22)
	at Socket.EventEmitter.emit (domain.js:467:12)
	at Pipe.<anonymous> (net.js:673:12)
[2021-12-08 23:28:18.934] [exthost] [error] Error: EPIPE: broken pipe, write
	at Socket._write (internal/net.js:54:25)
	at writeOrBuffer (internal/streams/writable.js:358:12)
	at Socket.Writable.write (internal/streams/writable.js:303:10)
	at execSync (child_process.js:667:20)
	at electron/js2c/asar_bundle.js:5:12288
	at Function.kill (c:\Users\Racarla\Documents\Git\VSCode_Portable\VSCode-win32-x64-1.62.3\data\extensions\ms-toolsai.jupyter-2021.10.1101450599\out\client\extension.js:38:84986)
	at Object.dispose (c:\Users\Racarla\Documents\Git\VSCode_Portable\VSCode-win32-x64-1.62.3\data\extensions\ms-toolsai.jupyter-2021.10.1101450599\out\client\extension.js:38:85307)
	at c:\Users\Racarla\Documents\Git\VSCode_Portable\VSCode-win32-x64-1.62.3\data\extensions\ms-toolsai.jupyter-2021.10.1101450599\out\client\extension.js:38:85117
	at Set.forEach (<anonymous>)
	at u.dispose (c:\Users\Racarla\Documents\Git\VSCode_Portable\VSCode-win32-x64-1.62.3\data\extensions\ms-toolsai.jupyter-2021.10.1101450599\out\client\extension.js:38:85099)
	at h (c:\Users\Racarla\Documents\Git\VSCode_Portable\VSCode-win32-x64-1.62.3\resources\app\out\vs\workbench\services\extensions\node\extensionHostProcess.js:14:4961)
	at w._deactivate (c:\Users\Racarla\Documents\Git\VSCode_Portable\VSCode-win32-x64-1.62.3\resources\app\out\vs\workbench\services\extensions\node\extensionHostProcess.js:99:11584)
	at c:\Users\Racarla\Documents\Git\VSCode_Portable\VSCode-win32-x64-1.62.3\resources\app\out\vs\workbench\services\extensions\node\extensionHostProcess.js:99:9997
	at Array.map (<anonymous>)
	at w.deactivateAll (c:\Users\Racarla\Documents\Git\VSCode_Portable\VSCode-win32-x64-1.62.3\resources\app\out\vs\workbench\services\extensions\node\extensionHostProcess.js:99:9985)
	at b.terminate (c:\Users\Racarla\Documents\Git\VSCode_Portable\VSCode-win32-x64-1.62.3\resources\app\out\vs\workbench\services\extensions\node\extensionHostProcess.js:103:735)
	at o (c:\Users\Racarla\Documents\Git\VSCode_Portable\VSCode-win32-x64-1.62.3\resources\app\out\vs\workbench\services\extensions\node\extensionHostProcess.js:113:32681)
	at Socket.<anonymous> (c:\Users\Racarla\Documents\Git\VSCode_Portable\VSCode-win32-x64-1.62.3\resources\app\out\vs\workbench\services\extensions\node\extensionHostProcess.js:113:30296)
	at Socket.emit (events.js:327:22)
	at Socket.EventEmitter.emit (domain.js:467:12)
	at Pipe.<anonymous> (net.js:673:12)
[2021-12-08 23:28:19.946] [exthost] [info] Extension host with pid 14596 exiting with code 0
