La validación encontró Git en: C:\Program Files\Git\cmd\git.exe
Usando GIT 2.29.2.windows.3 desde C:\Program Files\Git\cmd\git.exe
> git rev-parse --git-dir
Open repository: c:\Users\racarla1\Documents\Git\VSCode_Portable
> git status -z -u
> git check-ignore -v -z --stdin
> git symbolic-ref --short HEAD
> git for-each-ref --format=%(refname)%00%(upstream:short)%00%(objectname)%00%(upstream:track) refs/heads/main refs/remotes/main
> git for-each-ref --sort -committerdate --format %(refname) %(objectname) %(*objectname)
> git remote --verbose
> git config --get commit.template
> git show --textconv :Projects/ESP32_FreeRTOS_Robot/src/DC_Motor_Plant.h
> git ls-files --stage -- C:\Users\racarla1\Documents\Git\VSCode_Portable\Projects\ESP32_FreeRTOS_Robot\src\DC_Motor_Plant.h
> git ls-files --stage -- C:\Users\racarla1\Documents\Git\VSCode_Portable\Projects\ESP32_FreeRTOS_Robot\src\DC_Motor_Plant.h
> git show --textconv :Projects/ESP32_FreeRTOS_Robot/src/DC_Motor_Plant.h
> git show --textconv :Projects/ESP32_FreeRTOS_Robot/src/DC_Motor_Plant.h
> git ls-files --stage -- C:\Users\racarla1\Documents\Git\VSCode_Portable\Projects\ESP32_FreeRTOS_Robot\src\DC_Motor_Plant.h
> git check-ignore -v -z --stdin
> git check-ignore -v -z --stdin
> git check-ignore -v -z --stdin
> git show --textconv :Projects/ESP32_FreeRTOS_Robot/lib/Adafruit_Motor_Shield_V2_Library-1.0.11/Adafruit_MotorShield.h
> git ls-files --stage -- C:\Users\racarla1\Documents\Git\VSCode_Portable\Projects\ESP32_FreeRTOS_Robot\lib\Adafruit_Motor_Shield_V2_Library-1.0.11\Adafruit_MotorShield.h
> git show --textconv :Projects/ESP32_FreeRTOS_Robot/src/DRV_MotorShield_V2.h
> git ls-files --stage -- C:\Users\racarla1\Documents\Git\VSCode_Portable\Projects\ESP32_FreeRTOS_Robot\src\DRV_MotorShield_V2.h
> git check-ignore -v -z --stdin
> git show --textconv :Projects/ESP32_FreeRTOS_Robot/src/DRV_DC_Motor.h
> git ls-files --stage -- C:\Users\racarla1\Documents\Git\VSCode_Portable\Projects\ESP32_FreeRTOS_Robot\src\DRV_DC_Motor.h
> git check-ignore -v -z --stdin
> git show --textconv :Projects/ESP32_FreeRTOS_Robot/src/DC_Motor_Plant.h
> git ls-files --stage -- C:\Users\racarla1\Documents\Git\VSCode_Portable\Projects\ESP32_FreeRTOS_Robot\src\DC_Motor_Plant.h
> git ls-files --stage -- C:\Users\racarla1\Documents\Git\VSCode_Portable\Projects\ESP32_FreeRTOS_Robot\src\DC_Motor_Plant.h
> git show --textconv :Projects/ESP32_FreeRTOS_Robot/src/DC_Motor_Plant.h
> git show --textconv :Projects/ESP32_FreeRTOS_Robot/src/DRV_DC_Motor.h
> git ls-files --stage -- C:\Users\racarla1\Documents\Git\VSCode_Portable\Projects\ESP32_FreeRTOS_Robot\src\DRV_DC_Motor.h
> git show --textconv :Projects/ESP32_FreeRTOS_Robot/platformio.ini
> git ls-files --stage -- C:\Users\racarla1\Documents\Git\VSCode_Portable\Projects\ESP32_FreeRTOS_Robot\platformio.ini
> git show --textconv :Projects/ESP32_FreeRTOS_Robot/lib/Adafruit_Motor_Shield_V2_Library-1.0.11/Adafruit_MotorShield.h
> git ls-files --stage -- C:\Users\racarla1\Documents\Git\VSCode_Portable\Projects\ESP32_FreeRTOS_Robot\lib\Adafruit_Motor_Shield_V2_Library-1.0.11\Adafruit_MotorShield.h
> git show --textconv :Projects/ESP32_FreeRTOS_Robot/src/DC_Motor_Plant.h
> git ls-files --stage -- C:\Users\racarla1\Documents\Git\VSCode_Portable\Projects\ESP32_FreeRTOS_Robot\src\DC_Motor_Plant.h
> git show --textconv :Projects/ESP32_FreeRTOS_Robot/lib/Adafruit_Motor_Shield_V2_Library-1.0.11/Adafruit_MotorShield.h
> git ls-files --stage -- C:\Users\racarla1\Documents\Git\VSCode_Portable\Projects\ESP32_FreeRTOS_Robot\lib\Adafruit_Motor_Shield_V2_Library-1.0.11\Adafruit_MotorShield.h
> git show --textconv :Projects/ESP32_FreeRTOS_Robot/src/DRV_DC_Motor.h
> git ls-files --stage -- C:\Users\racarla1\Documents\Git\VSCode_Portable\Projects\ESP32_FreeRTOS_Robot\src\DRV_DC_Motor.h
> git ls-files --stage -- C:\Users\racarla1\Documents\Git\VSCode_Portable\Projects\ESP32_FreeRTOS_Robot\src\DRV_DC_Motor.h
> git show --textconv :Projects/ESP32_FreeRTOS_Robot/src/DRV_DC_Motor.h
