[2021-12-16 17:01:08.866] [exthost] [info] Extension host with pid 12844 started
[2021-12-16 17:01:08.866] [exthost] [info] Skipping acquiring lock for c:\Users\racarla1\Documents\Git\VSCode_Portable\Installation\VSCode-win32-x64-1.63.0\data\user-data\User\workspaceStorage\d102d5b5fd7868422a25347c313eceaa.
[2021-12-16 17:01:08.910] [exthost] [info] ExtensionService#_doActivateExtension vscode.microsoft-authentication, startup: false, activationEvent: 'onAuthenticationRequest:microsoft'
[2021-12-16 17:01:08.917] [exthost] [info] ExtensionService#_doActivateExtension vscode.ipynb, startup: false, activationEvent: 'onNotebook:jupyter-notebook}'
[2021-12-16 17:01:08.928] [exthost] [info] ExtensionService#_doActivateExtension vscode.debug-auto-launch, startup: true, activationEvent: '*'
[2021-12-16 17:01:08.931] [exthost] [info] ExtensionService#_doActivateExtension vscode.git-base, startup: true, activationEvent: '*', root cause: vscode.github
[2021-12-16 17:01:08.933] [exthost] [info] ExtensionService#_doActivateExtension DanielLin.auto-header, startup: true, activationEvent: '*'
[2021-12-16 17:01:08.944] [exthost] [info] ExtensionService#_doActivateExtension ms-vscode.cpptools, startup: true, activationEvent: '*', root cause: platformio.platformio-ide
[2021-12-16 17:01:09.025] [exthost] [info] ExtensionService#_doActivateExtension vscode.git, startup: true, activationEvent: '*'
[2021-12-16 17:01:09.037] [exthost] [info] ExtensionService#_doActivateExtension vscode.github, startup: true, activationEvent: '*'
[2021-12-16 17:01:09.040] [exthost] [info] ExtensionService#_doActivateExtension platformio.platformio-ide, startup: true, activationEvent: '*'
[2021-12-16 17:01:09.337] [exthost] [info] ExtensionService#_doActivateExtension ms-toolsai.jupyter, startup: false, activationEvent: 'onNotebook:jupyter-notebook'
[2021-12-16 17:01:09.406] [exthost] [info] ExtensionService#_doActivateExtension ms-toolsai.jupyter-renderers, startup: false, activationEvent: 'onNotebook:*'
[2021-12-16 17:01:09.422] [exthost] [info] Eager extensions activated
[2021-12-16 17:01:09.423] [exthost] [info] ExtensionService#_doActivateExtension vscode.github-authentication, startup: false, activationEvent: 'onAuthenticationRequest:github'
[2021-12-16 17:01:09.436] [exthost] [info] ExtensionService#_doActivateExtension vscode.emmet, startup: false, activationEvent: 'onStartupFinished'
[2021-12-16 17:01:09.441] [exthost] [info] ExtensionService#_doActivateExtension vscode.merge-conflict, startup: false, activationEvent: 'onStartupFinished'
[2021-12-16 17:01:09.444] [exthost] [info] ExtensionService#_doActivateExtension ms-vscode-remote.remote-wsl-recommender, startup: false, activationEvent: 'onStartupFinished'
[2021-12-16 17:01:09.692] [exthost] [info] ExtensionService#_doActivateExtension ms-python.python, startup: false, activationEvent: 'api', root cause: ms-toolsai.jupyter
[2021-12-16 17:01:10.053] [exthost] [info] ExtensionService#_doActivateExtension ms-python.vscode-pylance, startup: false, activationEvent: 'onLanguage:python'
[2021-12-16 17:01:10.320] [exthost] [warning] [Decorations] CAPPING events from decorations provider vscode.git 350
[2021-12-16 17:01:12.875] [exthost] [warning] [Decorations] CAPPING events from decorations provider vscode.git 355
[2021-12-16 17:01:23.063] [exthost] [info] extension host terminating: renderer closed the socket
[2021-12-16 17:01:23.149] [exthost] [error] ProxyResolver#resolveProxy Canceled: Canceled
	at Object.R [as canceled] (c:\Users\racarla1\Documents\Git\VSCode_Portable\Installation\VSCode-win32-x64-1.63.0\resources\app\out\vs\workbench\services\extensions\node\extensionHostProcess.js:5:1157)
	at t._remoteCall (c:\Users\racarla1\Documents\Git\VSCode_Portable\Installation\VSCode-win32-x64-1.63.0\resources\app\out\vs\workbench\services\extensions\node\extensionHostProcess.js:99:13876)
	at Proxy.O.<computed>.F.charCodeAt.O.<computed> (c:\Users\racarla1\Documents\Git\VSCode_Portable\Installation\VSCode-win32-x64-1.63.0\resources\app\out\vs\workbench\services\extensions\node\extensionHostProcess.js:99:10271)
	at l.resolveProxy (c:\Users\racarla1\Documents\Git\VSCode_Portable\Installation\VSCode-win32-x64-1.63.0\resources\app\out\vs\workbench\services\extensions\node\extensionHostProcess.js:99:39347)
	at Object.resolveProxy (c:\Users\racarla1\Documents\Git\VSCode_Portable\Installation\VSCode-win32-x64-1.63.0\resources\app\out\vs\workbench\services\extensions\node\extensionHostProcess.js:104:59719)
	at useProxySettings (c:\Users\racarla1\Documents\Git\VSCode_Portable\Installation\VSCode-win32-x64-1.63.0\resources\app\node_modules.asar\vscode-proxy-agent\out\index.js:159:16)
	at c:\Users\racarla1\Documents\Git\VSCode_Portable\Installation\VSCode-win32-x64-1.63.0\resources\app\node_modules.asar\vscode-proxy-agent\out\index.js:107:13
	at c:\Users\racarla1\Documents\Git\VSCode_Portable\Installation\VSCode-win32-x64-1.63.0\resources\app\node_modules.asar\vscode-proxy-agent\out\index.js:335:13
	at runMicrotasks (<anonymous>)
	at processTicksAndRejections (internal/process/task_queues.js:93:5) 
[2021-12-16 17:01:24.080] [exthost] [info] Extension host with pid 12844 exiting with code 0
[2021-12-16 17:01:24.381] [exthost] [info] Extension host with pid 15772 started
[2021-12-16 17:01:24.381] [exthost] [info] Skipping acquiring lock for c:\Users\racarla1\Documents\Git\VSCode_Portable\Installation\VSCode-win32-x64-1.63.0\data\user-data\User\workspaceStorage\4b7adacbe36082a839a8d81b0fd8bd33.
[2021-12-16 17:01:24.561] [exthost] [info] ExtensionService#_doActivateExtension vscode.microsoft-authentication, startup: false, activationEvent: 'onAuthenticationRequest:microsoft'
[2021-12-16 17:01:24.570] [exthost] [info] ExtensionService#_doActivateExtension cschlosser.doxdocgen, startup: false, activationEvent: 'onLanguage:cpp'
[2021-12-16 17:01:24.664] [exthost] [info] ExtensionService#_doActivateExtension ms-vscode.cpptools, startup: false, activationEvent: 'onLanguage:cpp'
[2021-12-16 17:01:24.692] [exthost] [info] ExtensionService#_doActivateExtension vscode.debug-auto-launch, startup: true, activationEvent: '*'
[2021-12-16 17:01:24.695] [exthost] [info] ExtensionService#_doActivateExtension vscode.git-base, startup: true, activationEvent: '*', root cause: vscode.github
[2021-12-16 17:01:24.697] [exthost] [info] ExtensionService#_doActivateExtension DanielLin.auto-header, startup: true, activationEvent: '*'
[2021-12-16 17:01:24.986] [exthost] [info] ExtensionService#_doActivateExtension vscode.git, startup: true, activationEvent: '*'
[2021-12-16 17:01:24.998] [exthost] [info] ExtensionService#_doActivateExtension vscode.github, startup: true, activationEvent: '*'
[2021-12-16 17:01:25.001] [exthost] [info] ExtensionService#_doActivateExtension platformio.platformio-ide, startup: true, activationEvent: '*'
[2021-12-16 17:01:25.300] [exthost] [info] Eager extensions activated
[2021-12-16 17:01:25.359] [exthost] [info] ExtensionService#_doActivateExtension vscode.configuration-editing, startup: false, activationEvent: 'onLanguage:json'
[2021-12-16 17:01:25.363] [exthost] [info] ExtensionService#_doActivateExtension vscode.extension-editing, startup: false, activationEvent: 'onLanguage:json'
[2021-12-16 17:01:25.369] [exthost] [info] ExtensionService#_doActivateExtension vscode.json-language-features, startup: false, activationEvent: 'onLanguage:json'
[2021-12-16 17:01:25.383] [exthost] [info] ExtensionService#_doActivateExtension vscode.npm, startup: false, activationEvent: 'onLanguage:json'
[2021-12-16 17:01:25.409] [exthost] [info] ExtensionService#_doActivateExtension vscode.github-authentication, startup: false, activationEvent: 'onAuthenticationRequest:github'
[2021-12-16 17:01:25.415] [exthost] [info] ExtensionService#_doActivateExtension vscode.emmet, startup: false, activationEvent: 'onStartupFinished'
[2021-12-16 17:01:25.422] [exthost] [info] ExtensionService#_doActivateExtension vscode.merge-conflict, startup: false, activationEvent: 'onStartupFinished'
[2021-12-16 17:01:25.424] [exthost] [info] ExtensionService#_doActivateExtension ms-vscode-remote.remote-wsl-recommender, startup: false, activationEvent: 'onStartupFinished'
[2021-12-16 17:01:25.437] [exthost] [info] ExtensionService#_doActivateExtension vscode.typescript-language-features, startup: false, activationEvent: 'onLanguage:jsonc'
[2021-12-16 17:01:26.061] [exthost] [warning] [Decorations] CAPPING events from decorations provider vscode.git 381
[2021-12-16 17:01:29.523] [exthost] [warning] [Decorations] CAPPING events from decorations provider vscode.git 394
[2021-12-16 17:01:35.082] [exthost] [warning] [Decorations] CAPPING events from decorations provider vscode.git 394
[2021-12-16 17:02:06.196] [exthost] [warning] [Decorations] CAPPING events from decorations provider vscode.git 395
[2021-12-16 17:02:12.314] [exthost] [warning] [Decorations] CAPPING events from decorations provider vscode.git 392
[2021-12-16 17:02:17.872] [exthost] [warning] [Decorations] CAPPING events from decorations provider vscode.git 394
[2021-12-16 17:02:24.203] [exthost] [warning] [Decorations] CAPPING events from decorations provider vscode.git 396
[2021-12-16 17:02:29.757] [exthost] [warning] [Decorations] CAPPING events from decorations provider vscode.git 396
[2021-12-16 17:02:35.306] [exthost] [warning] [Decorations] CAPPING events from decorations provider vscode.git 396
[2021-12-16 17:08:24.007] [exthost] [warning] [Decorations] CAPPING events from decorations provider vscode.git 396
[2021-12-16 17:11:08.168] [exthost] [warning] [Decorations] CAPPING events from decorations provider vscode.git 397
[2021-12-16 17:12:25.158] [exthost] [warning] [Decorations] CAPPING events from decorations provider vscode.git 397
[2021-12-16 17:12:58.141] [exthost] [warning] [Decorations] CAPPING events from decorations provider vscode.git 397
[2021-12-16 17:13:03.693] [exthost] [warning] [Decorations] CAPPING events from decorations provider vscode.git 398
[2021-12-16 17:13:12.005] [exthost] [warning] [Decorations] CAPPING events from decorations provider vscode.git 398
[2021-12-16 17:13:39.545] [exthost] [warning] [Decorations] CAPPING events from decorations provider vscode.git 397
[2021-12-16 17:14:33.935] [exthost] [warning] [Decorations] CAPPING events from decorations provider vscode.git 397
[2021-12-16 17:14:57.430] [exthost] [warning] [Decorations] CAPPING events from decorations provider vscode.git 397
[2021-12-16 17:15:53.948] [exthost] [warning] [Decorations] CAPPING events from decorations provider vscode.git 397
[2021-12-16 17:17:06.126] [exthost] [warning] [Decorations] CAPPING events from decorations provider vscode.git 397
[2021-12-16 17:17:16.757] [exthost] [warning] [Decorations] CAPPING events from decorations provider vscode.git 397
[2021-12-16 17:17:32.375] [exthost] [warning] [Decorations] CAPPING events from decorations provider vscode.git 397
[2021-12-16 17:19:28.956] [exthost] [warning] [Decorations] CAPPING events from decorations provider vscode.git 397
[2021-12-16 17:19:39.414] [exthost] [warning] [Decorations] CAPPING events from decorations provider vscode.git 397
[2021-12-16 17:20:31.609] [exthost] [warning] [Decorations] CAPPING events from decorations provider vscode.git 397
[2021-12-16 17:20:50.856] [exthost] [warning] [Decorations] CAPPING events from decorations provider vscode.git 397
[2021-12-16 17:21:33.788] [exthost] [warning] [Decorations] CAPPING events from decorations provider vscode.git 397
[2021-12-16 17:22:17.053] [exthost] [warning] [Decorations] CAPPING events from decorations provider vscode.git 397
[2021-12-16 17:22:32.668] [exthost] [warning] [Decorations] CAPPING events from decorations provider vscode.git 397
[2021-12-16 17:23:08.221] [exthost] [warning] [Decorations] CAPPING events from decorations provider vscode.git 397
[2021-12-16 17:23:19.028] [exthost] [warning] [Decorations] CAPPING events from decorations provider vscode.git 397
[2021-12-16 17:23:49.308] [exthost] [warning] [Decorations] CAPPING events from decorations provider vscode.git 397
[2021-12-16 17:24:33.476] [exthost] [warning] [Decorations] CAPPING events from decorations provider vscode.git 397
[2021-12-16 17:24:46.689] [exthost] [warning] [Decorations] CAPPING events from decorations provider vscode.git 397
[2021-12-16 17:25:51.516] [exthost] [warning] [Decorations] CAPPING events from decorations provider vscode.git 397
[2021-12-16 17:27:30.007] [exthost] [info] ExtensionService#_doActivateExtension vscode.grunt, startup: false, activationEvent: 'onCommand:workbench.action.tasks.runTask'
[2021-12-16 17:27:30.031] [exthost] [info] ExtensionService#_doActivateExtension vscode.gulp, startup: false, activationEvent: 'onCommand:workbench.action.tasks.runTask'
[2021-12-16 17:27:30.045] [exthost] [info] ExtensionService#_doActivateExtension vscode.jake, startup: false, activationEvent: 'onCommand:workbench.action.tasks.runTask'
[2021-12-16 17:27:37.920] [exthost] [warning] [Decorations] CAPPING events from decorations provider vscode.git 397
[2021-12-16 17:27:43.476] [exthost] [warning] [Decorations] CAPPING events from decorations provider vscode.git 397
[2021-12-16 17:27:54.547] [exthost] [warning] [Decorations] CAPPING events from decorations provider vscode.git 397
[2021-12-16 17:28:33.830] [exthost] [warning] [Decorations] CAPPING events from decorations provider vscode.git 397
[2021-12-16 17:28:39.370] [exthost] [warning] [Decorations] CAPPING events from decorations provider vscode.git 397
[2021-12-16 17:28:44.921] [exthost] [warning] [Decorations] CAPPING events from decorations provider vscode.git 397
[2021-12-16 17:28:51.436] [exthost] [warning] [Decorations] CAPPING events from decorations provider vscode.git 397
[2021-12-16 17:29:22.915] [exthost] [warning] [Decorations] CAPPING events from decorations provider vscode.git 397
[2021-12-16 17:29:28.489] [exthost] [warning] [Decorations] CAPPING events from decorations provider vscode.git 397
[2021-12-16 17:29:38.804] [exthost] [warning] [Decorations] CAPPING events from decorations provider vscode.git 397
[2021-12-16 17:30:35.796] [exthost] [warning] [Decorations] CAPPING events from decorations provider vscode.git 397
[2021-12-16 17:30:41.341] [exthost] [warning] [Decorations] CAPPING events from decorations provider vscode.git 397
[2021-12-16 17:31:11.444] [exthost] [warning] [Decorations] CAPPING events from decorations provider vscode.git 397
[2021-12-16 17:31:22.913] [exthost] [warning] [Decorations] CAPPING events from decorations provider vscode.git 397
[2021-12-16 17:32:11.624] [exthost] [warning] [Decorations] CAPPING events from decorations provider vscode.git 397
[2021-12-16 17:32:17.197] [exthost] [warning] [Decorations] CAPPING events from decorations provider vscode.git 397
[2021-12-16 17:32:22.777] [exthost] [warning] [Decorations] CAPPING events from decorations provider vscode.git 397
[2021-12-16 17:32:31.874] [exthost] [warning] [Decorations] CAPPING events from decorations provider vscode.git 397
[2021-12-16 17:34:22.485] [exthost] [warning] [Decorations] CAPPING events from decorations provider vscode.git 397
[2021-12-16 17:34:28.039] [exthost] [warning] [Decorations] CAPPING events from decorations provider vscode.git 397
[2021-12-16 17:34:35.298] [exthost] [warning] [Decorations] CAPPING events from decorations provider vscode.git 397
[2021-12-16 17:34:48.120] [exthost] [warning] [Decorations] CAPPING events from decorations provider vscode.git 397
[2021-12-16 17:35:02.335] [exthost] [warning] [Decorations] CAPPING events from decorations provider vscode.git 397
[2021-12-16 17:35:35.172] [exthost] [warning] [Decorations] CAPPING events from decorations provider vscode.git 397
[2021-12-16 17:36:15.367] [exthost] [warning] [Decorations] CAPPING events from decorations provider vscode.git 397
[2021-12-16 17:36:20.915] [exthost] [warning] [Decorations] CAPPING events from decorations provider vscode.git 397
[2021-12-16 17:36:26.465] [exthost] [warning] [Decorations] CAPPING events from decorations provider vscode.git 397
[2021-12-16 17:36:35.023] [exthost] [warning] [Decorations] CAPPING events from decorations provider vscode.git 397
[2021-12-16 17:36:40.884] [exthost] [warning] [Decorations] CAPPING events from decorations provider vscode.git 397
[2021-12-16 17:37:30.894] [exthost] [warning] [Decorations] CAPPING events from decorations provider vscode.git 397
[2021-12-16 17:37:43.996] [exthost] [warning] [Decorations] CAPPING events from decorations provider vscode.git 397
[2021-12-16 17:37:58.784] [exthost] [warning] [Decorations] CAPPING events from decorations provider vscode.git 397
[2021-12-16 17:38:07.606] [exthost] [warning] [Decorations] CAPPING events from decorations provider vscode.git 397
[2021-12-16 17:38:13.160] [exthost] [warning] [Decorations] CAPPING events from decorations provider vscode.git 397
[2021-12-16 17:38:24.149] [exthost] [warning] [Decorations] CAPPING events from decorations provider vscode.git 397
[2021-12-16 17:39:03.327] [exthost] [warning] [Decorations] CAPPING events from decorations provider vscode.git 397
[2021-12-16 17:40:29.859] [exthost] [warning] [Decorations] CAPPING events from decorations provider vscode.git 397
[2021-12-16 17:41:00.342] [exthost] [warning] [Decorations] CAPPING events from decorations provider vscode.git 397
[2021-12-16 17:41:05.898] [exthost] [warning] [Decorations] CAPPING events from decorations provider vscode.git 397
[2021-12-16 17:41:16.931] [exthost] [warning] [Decorations] CAPPING events from decorations provider vscode.git 397
[2021-12-16 17:41:45.279] [exthost] [warning] [Decorations] CAPPING events from decorations provider vscode.git 397
[2021-12-16 17:44:32.586] [exthost] [warning] [Decorations] CAPPING events from decorations provider vscode.git 398
[2021-12-16 17:44:49.253] [exthost] [warning] [Decorations] CAPPING events from decorations provider vscode.git 399
[2021-12-16 17:56:14.014] [exthost] [info] extension host terminating: renderer closed the socket
[2021-12-16 17:56:14.065] [exthost] [info] Extension host with pid 15772 exiting with code 0
[2021-12-16 17:56:15.270] [exthost] [info] Extension host with pid 6780 started
[2021-12-16 17:56:15.270] [exthost] [info] Skipping acquiring lock for c:\Users\racarla1\Documents\Git\VSCode_Portable\Installation\VSCode-win32-x64-1.63.0\data\user-data\User\workspaceStorage\b9c5b73a130fc4908eaeff245e3a0afb.
[2021-12-16 17:56:15.378] [exthost] [info] ExtensionService#_doActivateExtension vscode.microsoft-authentication, startup: false, activationEvent: 'onAuthenticationRequest:microsoft'
[2021-12-16 17:56:15.387] [exthost] [info] ExtensionService#_doActivateExtension cschlosser.doxdocgen, startup: false, activationEvent: 'onLanguage:cpp'
[2021-12-16 17:56:15.482] [exthost] [info] ExtensionService#_doActivateExtension ms-vscode.cpptools, startup: false, activationEvent: 'onLanguage:cpp'
[2021-12-16 17:56:15.509] [exthost] [info] ExtensionService#_doActivateExtension vscode.debug-auto-launch, startup: true, activationEvent: '*'
[2021-12-16 17:56:15.511] [exthost] [info] ExtensionService#_doActivateExtension vscode.git-base, startup: true, activationEvent: '*', root cause: vscode.github
[2021-12-16 17:56:15.513] [exthost] [info] ExtensionService#_doActivateExtension DanielLin.auto-header, startup: true, activationEvent: '*'
[2021-12-16 17:56:15.814] [exthost] [info] ExtensionService#_doActivateExtension vscode.git, startup: true, activationEvent: '*'
[2021-12-16 17:56:15.826] [exthost] [info] ExtensionService#_doActivateExtension vscode.github, startup: true, activationEvent: '*'
[2021-12-16 17:56:15.829] [exthost] [info] ExtensionService#_doActivateExtension platformio.platformio-ide, startup: true, activationEvent: '*'
[2021-12-16 17:56:16.097] [exthost] [info] ExtensionService#_doActivateExtension vscode.configuration-editing, startup: false, activationEvent: 'onLanguage:json'
[2021-12-16 17:56:16.101] [exthost] [info] ExtensionService#_doActivateExtension vscode.extension-editing, startup: false, activationEvent: 'onLanguage:json'
[2021-12-16 17:56:16.104] [exthost] [info] ExtensionService#_doActivateExtension vscode.json-language-features, startup: false, activationEvent: 'onLanguage:json'
[2021-12-16 17:56:16.116] [exthost] [info] ExtensionService#_doActivateExtension vscode.npm, startup: false, activationEvent: 'onLanguage:json'
[2021-12-16 17:56:16.139] [exthost] [info] ExtensionService#_doActivateExtension vscode.github-authentication, startup: false, activationEvent: 'onAuthenticationRequest:github'
[2021-12-16 17:56:16.160] [exthost] [info] ExtensionService#_doActivateExtension vscode.typescript-language-features, startup: false, activationEvent: 'onLanguage:jsonc'
[2021-12-16 17:56:16.188] [exthost] [info] Eager extensions activated
[2021-12-16 17:56:16.219] [exthost] [info] ExtensionService#_doActivateExtension vscode.emmet, startup: false, activationEvent: 'onStartupFinished'
[2021-12-16 17:56:16.225] [exthost] [info] ExtensionService#_doActivateExtension vscode.merge-conflict, startup: false, activationEvent: 'onStartupFinished'
[2021-12-16 17:56:16.227] [exthost] [info] ExtensionService#_doActivateExtension ms-vscode-remote.remote-wsl-recommender, startup: false, activationEvent: 'onStartupFinished'
[2021-12-16 17:56:16.894] [exthost] [warning] [Decorations] CAPPING events from decorations provider vscode.git 403
[2021-12-16 17:56:18.965] [exthost] [info] ExtensionService#_doActivateExtension vscode.grunt, startup: false, activationEvent: 'onCommand:workbench.action.tasks.runTask'
[2021-12-16 17:56:18.968] [exthost] [info] ExtensionService#_doActivateExtension vscode.gulp, startup: false, activationEvent: 'onCommand:workbench.action.tasks.runTask'
[2021-12-16 17:56:18.969] [exthost] [info] ExtensionService#_doActivateExtension vscode.jake, startup: false, activationEvent: 'onCommand:workbench.action.tasks.runTask'
[2021-12-16 17:56:20.146] [exthost] [warning] [Decorations] CAPPING events from decorations provider vscode.git 457
[2021-12-16 17:56:25.701] [exthost] [warning] [Decorations] CAPPING events from decorations provider vscode.git 458
[2021-12-16 17:56:42.024] [exthost] [warning] [Decorations] CAPPING events from decorations provider vscode.git 458
[2021-12-16 17:57:16.293] [exthost] [warning] [Decorations] CAPPING events from decorations provider vscode.git 458
[2021-12-16 18:12:12.918] [exthost] [warning] [Decorations] CAPPING events from decorations provider vscode.git 2711
[2021-12-16 18:12:18.573] [exthost] [warning] [Decorations] CAPPING events from decorations provider vscode.git 2705
[2021-12-16 18:12:43.740] [exthost] [info] extension host terminating: renderer closed the socket
[2021-12-16 18:12:43.781] [exthost] [info] Extension host with pid 6780 exiting with code 0
[2021-12-16 18:12:44.961] [exthost] [info] Extension host with pid 8440 started
[2021-12-16 18:12:44.961] [exthost] [info] Skipping acquiring lock for c:\Users\racarla1\Documents\Git\VSCode_Portable\Installation\VSCode-win32-x64-1.63.0\data\user-data\User\workspaceStorage\4b7adacbe36082a839a8d81b0fd8bd33.
[2021-12-16 18:12:45.025] [exthost] [info] ExtensionService#_doActivateExtension vscode.microsoft-authentication, startup: false, activationEvent: 'onAuthenticationRequest:microsoft'
[2021-12-16 18:12:45.033] [exthost] [info] ExtensionService#_doActivateExtension cschlosser.doxdocgen, startup: false, activationEvent: 'onLanguage:cpp'
[2021-12-16 18:12:45.127] [exthost] [info] ExtensionService#_doActivateExtension ms-vscode.cpptools, startup: false, activationEvent: 'onLanguage:cpp'
[2021-12-16 18:12:45.155] [exthost] [info] ExtensionService#_doActivateExtension vscode.debug-auto-launch, startup: true, activationEvent: '*'
[2021-12-16 18:12:45.158] [exthost] [info] ExtensionService#_doActivateExtension vscode.git-base, startup: true, activationEvent: '*', root cause: vscode.github
[2021-12-16 18:12:45.160] [exthost] [info] ExtensionService#_doActivateExtension DanielLin.auto-header, startup: true, activationEvent: '*'
[2021-12-16 18:12:45.527] [exthost] [info] ExtensionService#_doActivateExtension vscode.git, startup: true, activationEvent: '*'
[2021-12-16 18:12:45.539] [exthost] [info] ExtensionService#_doActivateExtension vscode.github, startup: true, activationEvent: '*'
[2021-12-16 18:12:45.543] [exthost] [info] ExtensionService#_doActivateExtension platformio.platformio-ide, startup: true, activationEvent: '*'
[2021-12-16 18:12:45.844] [exthost] [info] ExtensionService#_doActivateExtension vscode.configuration-editing, startup: false, activationEvent: 'onLanguage:json'
[2021-12-16 18:12:45.848] [exthost] [info] ExtensionService#_doActivateExtension vscode.extension-editing, startup: false, activationEvent: 'onLanguage:json'
[2021-12-16 18:12:45.853] [exthost] [info] ExtensionService#_doActivateExtension vscode.json-language-features, startup: false, activationEvent: 'onLanguage:json'
[2021-12-16 18:12:45.864] [exthost] [info] ExtensionService#_doActivateExtension vscode.npm, startup: false, activationEvent: 'onLanguage:json'
[2021-12-16 18:12:45.886] [exthost] [info] ExtensionService#_doActivateExtension vscode.github-authentication, startup: false, activationEvent: 'onAuthenticationRequest:github'
[2021-12-16 18:12:45.911] [exthost] [info] ExtensionService#_doActivateExtension vscode.typescript-language-features, startup: false, activationEvent: 'onLanguage:jsonc'
[2021-12-16 18:12:45.942] [exthost] [info] Eager extensions activated
[2021-12-16 18:12:45.979] [exthost] [info] ExtensionService#_doActivateExtension vscode.emmet, startup: false, activationEvent: 'onStartupFinished'
[2021-12-16 18:12:45.984] [exthost] [info] ExtensionService#_doActivateExtension vscode.merge-conflict, startup: false, activationEvent: 'onStartupFinished'
[2021-12-16 18:12:45.986] [exthost] [info] ExtensionService#_doActivateExtension ms-vscode-remote.remote-wsl-recommender, startup: false, activationEvent: 'onStartupFinished'
[2021-12-16 18:12:46.720] [exthost] [warning] [Decorations] CAPPING events from decorations provider vscode.git 2710
[2021-12-16 18:12:50.346] [exthost] [warning] [Decorations] CAPPING events from decorations provider vscode.git 2722
[2021-12-16 18:12:55.953] [exthost] [warning] [Decorations] CAPPING events from decorations provider vscode.git 2724
[2021-12-16 18:13:01.572] [exthost] [warning] [Decorations] CAPPING events from decorations provider vscode.git 2725
[2021-12-16 18:13:07.181] [exthost] [warning] [Decorations] CAPPING events from decorations provider vscode.git 2724
[2021-12-16 18:13:24.196] [exthost] [warning] [Decorations] CAPPING events from decorations provider vscode.git 2724
[2021-12-16 18:13:37.660] [exthost] [warning] [Decorations] CAPPING events from decorations provider vscode.git 2723
[2021-12-16 18:14:47.301] [exthost] [warning] [Decorations] CAPPING events from decorations provider vscode.git 2722
[2021-12-16 18:57:00.726] [exthost] [warning] [Decorations] CAPPING events from decorations provider vscode.git 2729
[2021-12-16 19:02:10.185] [exthost] [warning] [Decorations] CAPPING events from decorations provider vscode.git 2723
[2021-12-16 19:02:15.788] [exthost] [warning] [Decorations] CAPPING events from decorations provider vscode.git 2722
[2021-12-16 19:02:38.319] [exthost] [warning] [Decorations] CAPPING events from decorations provider vscode.git 2722
[2021-12-16 19:02:41.400] [exthost] [info] extension host terminating: renderer closed the socket
[2021-12-16 19:02:41.462] [exthost] [info] Extension host with pid 8440 exiting with code 0
