La validación encontró Git en: C:\Program Files\Git\cmd\git.exe
Usando GIT 2.29.2.windows.3 desde C:\Program Files\Git\cmd\git.exe
> git rev-parse --git-dir
Open repository: c:\Users\racarla1\Documents\Git\VSCode_Portable
> git status -z -u
> git log --format=%H%n%aN%n%aE%n%at%n%ct%n%P%n%B -z -n21 -- c:\Users\racarla1\Documents\Git\VSCode_Portable\Projects\ESP32_FreeRTOS_Robot-WiFi\src\main.cpp
> git log --format=%H%n%aN%n%aE%n%at%n%ct%n%P%n%B -z -n41 -- c:\Users\racarla1\Documents\Git\VSCode_Portable\Projects\ESP32_FreeRTOS_Robot-WiFi\src\main.cpp
> git symbolic-ref --short HEAD
> git for-each-ref --format=%(refname)%00%(upstream:short)%00%(objectname)%00%(upstream:track) refs/heads/main refs/remotes/main
> git for-each-ref --sort -committerdate --format %(refname) %(objectname) %(*objectname)
> git remote --verbose
> git config --get commit.template
> git check-ignore -v -z --stdin
> git show --textconv :Projects/ESP32_FreeRTOS_Robot-WiFi/src/main.cpp
> git ls-files --stage -- C:\Users\racarla1\Documents\Git\VSCode_Portable\Projects\ESP32_FreeRTOS_Robot-WiFi\src\main.cpp
> git cat-file -s 2e830d28bb12a522f5a5f6c4b0456aac1f540866
> git rev-list --count fc55ad54f1f30ddc150c740b8544ecb7e67232fc.. -- c:\Users\racarla1\Documents\Git\VSCode_Portable\Projects\ESP32_FreeRTOS_Robot-WiFi\src\main.cpp
> git log --format=%H%n%aN%n%aE%n%at%n%ct%n%P%n%B -z -n2 -- c:\Users\racarla1\Documents\Git\VSCode_Portable\Projects\ESP32_FreeRTOS_Robot-WiFi\src\main.cpp
> git log --format=%H%n%aN%n%aE%n%at%n%ct%n%P%n%B -z -n21 -- c:\Users\racarla1\Documents\Git\VSCode_Portable\Projects\ESP32_FreeRTOS_Robot-WiFi\src\main.cpp
> git show --textconv :Projects/ESP32_FreeRTOS_Robot-WiFi/src/main.cpp
> git ls-files --stage -- C:\Users\racarla1\Documents\Git\VSCode_Portable\Projects\ESP32_FreeRTOS_Robot-WiFi\src\main.cpp
> git cat-file -s 2e830d28bb12a522f5a5f6c4b0456aac1f540866
> git status -z -u
> git symbolic-ref --short HEAD
> git for-each-ref --format=%(refname)%00%(upstream:short)%00%(objectname)%00%(upstream:track) refs/heads/main refs/remotes/main
> git for-each-ref --sort -committerdate --format %(refname) %(objectname) %(*objectname)
> git remote --verbose
> git config --get commit.template
> git rev-list --count fc55ad54f1f30ddc150c740b8544ecb7e67232fc.. -- c:\Users\racarla1\Documents\Git\VSCode_Portable\Projects\ESP32_FreeRTOS_Robot-WiFi\src\main.cpp
> git log --format=%H%n%aN%n%aE%n%at%n%ct%n%P%n%B -z -n2 -- c:\Users\racarla1\Documents\Git\VSCode_Portable\Projects\ESP32_FreeRTOS_Robot-WiFi\src\main.cpp
> git status -z -u
> git symbolic-ref --short HEAD
> git for-each-ref --format=%(refname)%00%(upstream:short)%00%(objectname)%00%(upstream:track) refs/heads/main refs/remotes/main
> git for-each-ref --sort -committerdate --format %(refname) %(objectname) %(*objectname)
> git remote --verbose
> git config --get commit.template
> git rev-list --count fc55ad54f1f30ddc150c740b8544ecb7e67232fc.. -- c:\Users\racarla1\Documents\Git\VSCode_Portable\Projects\ESP32_FreeRTOS_Robot-WiFi\src\main.cpp
> git log --format=%H%n%aN%n%aE%n%at%n%ct%n%P%n%B -z -n2 -- c:\Users\racarla1\Documents\Git\VSCode_Portable\Projects\ESP32_FreeRTOS_Robot-WiFi\src\main.cpp
> git status -z -u
> git symbolic-ref --short HEAD
> git for-each-ref --format=%(refname)%00%(upstream:short)%00%(objectname)%00%(upstream:track) refs/heads/main refs/remotes/main
> git for-each-ref --sort -committerdate --format %(refname) %(objectname) %(*objectname)
> git remote --verbose
> git config --get commit.template
> git rev-list --count fc55ad54f1f30ddc150c740b8544ecb7e67232fc.. -- c:\Users\racarla1\Documents\Git\VSCode_Portable\Projects\ESP32_FreeRTOS_Robot-WiFi\src\main.cpp
> git log --format=%H%n%aN%n%aE%n%at%n%ct%n%P%n%B -z -n2 -- c:\Users\racarla1\Documents\Git\VSCode_Portable\Projects\ESP32_FreeRTOS_Robot-WiFi\src\main.cpp
> git log --format=%H%n%aN%n%aE%n%at%n%ct%n%P%n%B -z -n21 -- c:\Users\racarla1\Documents\Git\VSCode_Portable\Projects\ESP32_FreeRTOS_Robot-WiFi\src\WiFiTask.h
> git show --textconv :Projects/ESP32_FreeRTOS_Robot-WiFi/src/WiFiTask.h
> git ls-files --stage -- C:\Users\racarla1\Documents\Git\VSCode_Portable\Projects\ESP32_FreeRTOS_Robot-WiFi\src\WiFiTask.h
> git cat-file -s c3ae01d411f0cf064972954ed1964af68729c36f
> git log --format=%H%n%aN%n%aE%n%at%n%ct%n%P%n%B -z -n21 -- c:\Users\racarla1\Documents\Git\VSCode_Portable\Projects\ESP32_FreeRTOS_Robot-WiFi\src\main.cpp
> git show --textconv :Projects/ESP32_FreeRTOS_Robot-WiFi/src/main.cpp
> git ls-files --stage -- C:\Users\racarla1\Documents\Git\VSCode_Portable\Projects\ESP32_FreeRTOS_Robot-WiFi\src\main.cpp
> git cat-file -s 2e830d28bb12a522f5a5f6c4b0456aac1f540866
> git status -z -u
> git symbolic-ref --short HEAD
> git for-each-ref --format=%(refname)%00%(upstream:short)%00%(objectname)%00%(upstream:track) refs/heads/main refs/remotes/main
> git for-each-ref --sort -committerdate --format %(refname) %(objectname) %(*objectname)
> git remote --verbose
> git config --get commit.template
> git rev-list --count fc55ad54f1f30ddc150c740b8544ecb7e67232fc.. -- c:\Users\racarla1\Documents\Git\VSCode_Portable\Projects\ESP32_FreeRTOS_Robot-WiFi\src\main.cpp
> git log --format=%H%n%aN%n%aE%n%at%n%ct%n%P%n%B -z -n2 -- c:\Users\racarla1\Documents\Git\VSCode_Portable\Projects\ESP32_FreeRTOS_Robot-WiFi\src\main.cpp
> git status -z -u
> git symbolic-ref --short HEAD
> git for-each-ref --format=%(refname)%00%(upstream:short)%00%(objectname)%00%(upstream:track) refs/heads/main refs/remotes/main
> git for-each-ref --sort -committerdate --format %(refname) %(objectname) %(*objectname)
> git remote --verbose
> git config --get commit.template
> git rev-list --count fc55ad54f1f30ddc150c740b8544ecb7e67232fc.. -- c:\Users\racarla1\Documents\Git\VSCode_Portable\Projects\ESP32_FreeRTOS_Robot-WiFi\src\main.cpp
> git log --format=%H%n%aN%n%aE%n%at%n%ct%n%P%n%B -z -n2 -- c:\Users\racarla1\Documents\Git\VSCode_Portable\Projects\ESP32_FreeRTOS_Robot-WiFi\src\main.cpp
